[0.016s] Invoking command in '/home/liker/Desktop/camera1/c_ws/src/build/vision_detector': AMENT_PREFIX_PATH=/home/liker/Desktop/camera1/c_ws/src/install/rm_interfaces:${AMENT_PREFIX_PATH} CMAKE_PREFIX_PATH=/home/liker/Desktop/camera1/c_ws/src/install/rm_interfaces:/opt/ros/humble LD_LIBRARY_PATH=/home/liker/Desktop/camera1/c_ws/src/install/rm_interfaces/lib:${LD_LIBRARY_PATH} PYTHONPATH=/home/liker/Desktop/camera1/c_ws/src/install/rm_interfaces/local/lib/python3.10/dist-packages:${PYTHONPATH} /usr/local/bin/cmake --build /home/liker/Desktop/camera1/c_ws/src/build/vision_detector -- -j32 -l32
[0.065s] [ 25%] [32mBuilding CXX object CMakeFiles/vision_detector.dir/src/pinhole_camera.cpp.o[0m
[1.189s] [ 50%] [32m[1mLinking CXX executable vision_detector[0m
[1.356s] /usr/bin/ld: warning: libopencv_imgproc.so.4.5d, needed by /opt/ros/humble/lib/libcv_bridge.so, may conflict with libopencv_imgproc.so.405
[1.356s] /usr/bin/ld: warning: libopencv_core.so.4.5d, needed by /opt/ros/humble/lib/libcv_bridge.so, may conflict with libopencv_core.so.405
[1.728s] [100%] Built target vision_detector
[1.737s] Invoked command in '/home/liker/Desktop/camera1/c_ws/src/build/vision_detector' returned '0': AMENT_PREFIX_PATH=/home/liker/Desktop/camera1/c_ws/src/install/rm_interfaces:${AMENT_PREFIX_PATH} CMAKE_PREFIX_PATH=/home/liker/Desktop/camera1/c_ws/src/install/rm_interfaces:/opt/ros/humble LD_LIBRARY_PATH=/home/liker/Desktop/camera1/c_ws/src/install/rm_interfaces/lib:${LD_LIBRARY_PATH} PYTHONPATH=/home/liker/Desktop/camera1/c_ws/src/install/rm_interfaces/local/lib/python3.10/dist-packages:${PYTHONPATH} /usr/local/bin/cmake --build /home/liker/Desktop/camera1/c_ws/src/build/vision_detector -- -j32 -l32
[1.743s] Invoking command in '/home/liker/Desktop/camera1/c_ws/src/build/vision_detector': AMENT_PREFIX_PATH=/home/liker/Desktop/camera1/c_ws/src/install/rm_interfaces:${AMENT_PREFIX_PATH} CMAKE_PREFIX_PATH=/home/liker/Desktop/camera1/c_ws/src/install/rm_interfaces:/opt/ros/humble LD_LIBRARY_PATH=/home/liker/Desktop/camera1/c_ws/src/install/rm_interfaces/lib:${LD_LIBRARY_PATH} PYTHONPATH=/home/liker/Desktop/camera1/c_ws/src/install/rm_interfaces/local/lib/python3.10/dist-packages:${PYTHONPATH} /usr/local/bin/cmake --install /home/liker/Desktop/camera1/c_ws/src/build/vision_detector
[1.746s] -- Install configuration: ""
[1.746s] -- Installing: /home/liker/Desktop/camera1/c_ws/src/install/vision_detector/lib/vision_detector/vision_detector
[1.752s] -- Set non-toolchain portion of runtime path of "/home/liker/Desktop/camera1/c_ws/src/install/vision_detector/lib/vision_detector/vision_detector" to ""
[1.753s] -- Up-to-date: /home/liker/Desktop/camera1/c_ws/src/install/vision_detector/share/ament_index/resource_index/package_run_dependencies/vision_detector
[1.753s] -- Up-to-date: /home/liker/Desktop/camera1/c_ws/src/install/vision_detector/share/ament_index/resource_index/parent_prefix_path/vision_detector
[1.753s] -- Up-to-date: /home/liker/Desktop/camera1/c_ws/src/install/vision_detector/share/vision_detector/environment/ament_prefix_path.sh
[1.753s] -- Up-to-date: /home/liker/Desktop/camera1/c_ws/src/install/vision_detector/share/vision_detector/environment/ament_prefix_path.dsv
[1.754s] -- Up-to-date: /home/liker/Desktop/camera1/c_ws/src/install/vision_detector/share/vision_detector/environment/path.sh
[1.754s] -- Up-to-date: /home/liker/Desktop/camera1/c_ws/src/install/vision_detector/share/vision_detector/environment/path.dsv
[1.754s] -- Up-to-date: /home/liker/Desktop/camera1/c_ws/src/install/vision_detector/share/vision_detector/local_setup.bash
[1.754s] -- Up-to-date: /home/liker/Desktop/camera1/c_ws/src/install/vision_detector/share/vision_detector/local_setup.sh
[1.754s] -- Up-to-date: /home/liker/Desktop/camera1/c_ws/src/install/vision_detector/share/vision_detector/local_setup.zsh
[1.754s] -- Up-to-date: /home/liker/Desktop/camera1/c_ws/src/install/vision_detector/share/vision_detector/local_setup.dsv
[1.754s] -- Installing: /home/liker/Desktop/camera1/c_ws/src/install/vision_detector/share/vision_detector/package.dsv
[1.755s] -- Up-to-date: /home/liker/Desktop/camera1/c_ws/src/install/vision_detector/share/ament_index/resource_index/packages/vision_detector
[1.755s] -- Up-to-date: /home/liker/Desktop/camera1/c_ws/src/install/vision_detector/share/vision_detector/cmake/vision_detectorConfig.cmake
[1.756s] -- Up-to-date: /home/liker/Desktop/camera1/c_ws/src/install/vision_detector/share/vision_detector/cmake/vision_detectorConfig-version.cmake
[1.757s] -- Up-to-date: /home/liker/Desktop/camera1/c_ws/src/install/vision_detector/share/vision_detector/package.xml
[1.758s] Invoked command in '/home/liker/Desktop/camera1/c_ws/src/build/vision_detector' returned '0': AMENT_PREFIX_PATH=/home/liker/Desktop/camera1/c_ws/src/install/rm_interfaces:${AMENT_PREFIX_PATH} CMAKE_PREFIX_PATH=/home/liker/Desktop/camera1/c_ws/src/install/rm_interfaces:/opt/ros/humble LD_LIBRARY_PATH=/home/liker/Desktop/camera1/c_ws/src/install/rm_interfaces/lib:${LD_LIBRARY_PATH} PYTHONPATH=/home/liker/Desktop/camera1/c_ws/src/install/rm_interfaces/local/lib/python3.10/dist-packages:${PYTHONPATH} /usr/local/bin/cmake --install /home/liker/Desktop/camera1/c_ws/src/build/vision_detector
