[0.230s] DEBUG:colcon:Command line arguments: ['/usr/bin/colcon', 'build']
[0.230s] DEBUG:colcon:Parsed command line arguments: Namespace(log_base=None, log_level=None, verb_name='build', build_base='build', install_base='install', merge_install=False, symlink_install=False, test_result_base=None, continue_on_error=False, executor='parallel', parallel_workers=32, event_handlers=None, ignore_user_meta=False, metas=['./colcon.meta'], base_paths=['.'], packages_ignore=None, packages_ignore_regex=None, paths=None, packages_up_to=None, packages_up_to_regex=None, packages_above=None, packages_above_and_dependencies=None, packages_above_depth=None, packages_select_by_dep=None, packages_skip_by_dep=None, packages_skip_up_to=None, packages_select_build_failed=False, packages_skip_build_finished=False, packages_select_test_failures=False, packages_skip_test_passed=False, packages_select=None, packages_skip=None, packages_select_regex=None, packages_skip_regex=None, packages_start=None, packages_end=None, allow_overriding=[], cmake_args=None, cmake_target=None, cmake_target_skip_unavailable=False, cmake_clean_cache=False, cmake_clean_first=False, cmake_force_configure=False, ament_cmake_args=None, catkin_cmake_args=None, catkin_skip_building_tests=False, verb_parser=<colcon_defaults.argument_parser.defaults.DefaultArgumentsDecorator object at 0x7ca19129f400>, verb_extension=<colcon_core.verb.build.BuildVerb object at 0x7ca1914d4a00>, main=<bound method BuildVerb.main of <colcon_core.verb.build.BuildVerb object at 0x7ca1914d4a00>>)
[0.468s] Level 1:colcon.colcon_core.package_discovery:discover_packages(colcon_meta) check parameters
[0.468s] Level 1:colcon.colcon_core.package_discovery:discover_packages(recursive) check parameters
[0.468s] Level 1:colcon.colcon_core.package_discovery:discover_packages(ignore) check parameters
[0.468s] Level 1:colcon.colcon_core.package_discovery:discover_packages(path) check parameters
[0.468s] Level 1:colcon.colcon_core.package_discovery:discover_packages(colcon_meta) discover
[0.468s] Level 1:colcon.colcon_core.package_discovery:discover_packages(recursive) discover
[0.468s] INFO:colcon.colcon_core.package_discovery:Crawling recursively for packages in '/home/liker/Desktop/camera1/c_ws/src'
[0.468s] Level 1:colcon.colcon_core.package_identification:_identify(.) by extensions ['ignore', 'ignore_ament_install']
[0.469s] Level 1:colcon.colcon_core.package_identification:_identify(.) by extension 'ignore'
[0.469s] Level 1:colcon.colcon_core.package_identification:_identify(.) by extension 'ignore_ament_install'
[0.469s] Level 1:colcon.colcon_core.package_identification:_identify(.) by extensions ['colcon_pkg']
[0.469s] Level 1:colcon.colcon_core.package_identification:_identify(.) by extension 'colcon_pkg'
[0.469s] Level 1:colcon.colcon_core.package_identification:_identify(.) by extensions ['colcon_meta']
[0.469s] Level 1:colcon.colcon_core.package_identification:_identify(.) by extension 'colcon_meta'
[0.469s] Level 1:colcon.colcon_core.package_identification:_identify(.) by extensions ['ros']
[0.469s] Level 1:colcon.colcon_core.package_identification:_identify(.) by extension 'ros'
[0.497s] Level 1:colcon.colcon_core.package_identification:_identify(.) by extensions ['cmake', 'python']
[0.497s] Level 1:colcon.colcon_core.package_identification:_identify(.) by extension 'cmake'
[0.497s] Level 1:colcon.colcon_core.package_identification:_identify(.) by extension 'python'
[0.498s] Level 1:colcon.colcon_core.package_identification:_identify(.) by extensions ['python_setup_py']
[0.498s] Level 1:colcon.colcon_core.package_identification:_identify(.) by extension 'python_setup_py'
[0.498s] Level 1:colcon.colcon_core.package_identification:_identify(build) by extensions ['ignore', 'ignore_ament_install']
[0.498s] Level 1:colcon.colcon_core.package_identification:_identify(build) by extension 'ignore'
[0.498s] Level 1:colcon.colcon_core.package_identification:_identify(build) ignored
[0.499s] Level 1:colcon.colcon_core.package_identification:_identify(camera_publish) by extensions ['ignore', 'ignore_ament_install']
[0.499s] Level 1:colcon.colcon_core.package_identification:_identify(camera_publish) by extension 'ignore'
[0.499s] Level 1:colcon.colcon_core.package_identification:_identify(camera_publish) by extension 'ignore_ament_install'
[0.499s] Level 1:colcon.colcon_core.package_identification:_identify(camera_publish) by extensions ['colcon_pkg']
[0.499s] Level 1:colcon.colcon_core.package_identification:_identify(camera_publish) by extension 'colcon_pkg'
[0.499s] Level 1:colcon.colcon_core.package_identification:_identify(camera_publish) by extensions ['colcon_meta']
[0.499s] Level 1:colcon.colcon_core.package_identification:_identify(camera_publish) by extension 'colcon_meta'
[0.499s] Level 1:colcon.colcon_core.package_identification:_identify(camera_publish) by extensions ['ros']
[0.499s] Level 1:colcon.colcon_core.package_identification:_identify(camera_publish) by extension 'ros'
[0.504s] DEBUG:colcon.colcon_core.package_identification:Package 'camera_publish' with type 'ros.ament_cmake' and name 'camera_publish'
[0.505s] Level 1:colcon.colcon_core.package_identification:_identify(install) by extensions ['ignore', 'ignore_ament_install']
[0.505s] Level 1:colcon.colcon_core.package_identification:_identify(install) by extension 'ignore'
[0.505s] Level 1:colcon.colcon_core.package_identification:_identify(install) ignored
[0.505s] Level 1:colcon.colcon_core.package_identification:_identify(log) by extensions ['ignore', 'ignore_ament_install']
[0.505s] Level 1:colcon.colcon_core.package_identification:_identify(log) by extension 'ignore'
[0.505s] Level 1:colcon.colcon_core.package_identification:_identify(log) ignored
[0.506s] Level 1:colcon.colcon_core.package_identification:_identify(my_launch) by extensions ['ignore', 'ignore_ament_install']
[0.506s] Level 1:colcon.colcon_core.package_identification:_identify(my_launch) by extension 'ignore'
[0.506s] Level 1:colcon.colcon_core.package_identification:_identify(my_launch) by extension 'ignore_ament_install'
[0.506s] Level 1:colcon.colcon_core.package_identification:_identify(my_launch) by extensions ['colcon_pkg']
[0.506s] Level 1:colcon.colcon_core.package_identification:_identify(my_launch) by extension 'colcon_pkg'
[0.506s] Level 1:colcon.colcon_core.package_identification:_identify(my_launch) by extensions ['colcon_meta']
[0.506s] Level 1:colcon.colcon_core.package_identification:_identify(my_launch) by extension 'colcon_meta'
[0.506s] Level 1:colcon.colcon_core.package_identification:_identify(my_launch) by extensions ['ros']
[0.506s] Level 1:colcon.colcon_core.package_identification:_identify(my_launch) by extension 'ros'
[0.507s] DEBUG:colcon.colcon_core.package_identification:Package 'my_launch' with type 'ros.ament_cmake' and name 'my_launch'
[0.507s] Level 1:colcon.colcon_core.package_identification:_identify(rm_interfaces) by extensions ['ignore', 'ignore_ament_install']
[0.508s] Level 1:colcon.colcon_core.package_identification:_identify(rm_interfaces) by extension 'ignore'
[0.508s] Level 1:colcon.colcon_core.package_identification:_identify(rm_interfaces) by extension 'ignore_ament_install'
[0.508s] Level 1:colcon.colcon_core.package_identification:_identify(rm_interfaces) by extensions ['colcon_pkg']
[0.508s] Level 1:colcon.colcon_core.package_identification:_identify(rm_interfaces) by extension 'colcon_pkg'
[0.508s] Level 1:colcon.colcon_core.package_identification:_identify(rm_interfaces) by extensions ['colcon_meta']
[0.508s] Level 1:colcon.colcon_core.package_identification:_identify(rm_interfaces) by extension 'colcon_meta'
[0.508s] Level 1:colcon.colcon_core.package_identification:_identify(rm_interfaces) by extensions ['ros']
[0.508s] Level 1:colcon.colcon_core.package_identification:_identify(rm_interfaces) by extension 'ros'
[0.509s] DEBUG:colcon.colcon_core.package_identification:Package 'rm_interfaces' with type 'ros.ament_cmake' and name 'rm_interfaces'
[0.509s] Level 1:colcon.colcon_core.package_identification:_identify(tf2_node) by extensions ['ignore', 'ignore_ament_install']
[0.509s] Level 1:colcon.colcon_core.package_identification:_identify(tf2_node) by extension 'ignore'
[0.509s] Level 1:colcon.colcon_core.package_identification:_identify(tf2_node) by extension 'ignore_ament_install'
[0.510s] Level 1:colcon.colcon_core.package_identification:_identify(tf2_node) by extensions ['colcon_pkg']
[0.510s] Level 1:colcon.colcon_core.package_identification:_identify(tf2_node) by extension 'colcon_pkg'
[0.510s] Level 1:colcon.colcon_core.package_identification:_identify(tf2_node) by extensions ['colcon_meta']
[0.510s] Level 1:colcon.colcon_core.package_identification:_identify(tf2_node) by extension 'colcon_meta'
[0.510s] Level 1:colcon.colcon_core.package_identification:_identify(tf2_node) by extensions ['ros']
[0.510s] Level 1:colcon.colcon_core.package_identification:_identify(tf2_node) by extension 'ros'
[0.511s] DEBUG:colcon.colcon_core.package_identification:Package 'tf2_node' with type 'ros.ament_cmake' and name 'tf2_node'
[0.511s] Level 1:colcon.colcon_core.package_identification:_identify(vision_detector) by extensions ['ignore', 'ignore_ament_install']
[0.511s] Level 1:colcon.colcon_core.package_identification:_identify(vision_detector) by extension 'ignore'
[0.511s] Level 1:colcon.colcon_core.package_identification:_identify(vision_detector) by extension 'ignore_ament_install'
[0.511s] Level 1:colcon.colcon_core.package_identification:_identify(vision_detector) by extensions ['colcon_pkg']
[0.511s] Level 1:colcon.colcon_core.package_identification:_identify(vision_detector) by extension 'colcon_pkg'
[0.511s] Level 1:colcon.colcon_core.package_identification:_identify(vision_detector) by extensions ['colcon_meta']
[0.511s] Level 1:colcon.colcon_core.package_identification:_identify(vision_detector) by extension 'colcon_meta'
[0.511s] Level 1:colcon.colcon_core.package_identification:_identify(vision_detector) by extensions ['ros']
[0.511s] Level 1:colcon.colcon_core.package_identification:_identify(vision_detector) by extension 'ros'
[0.512s] DEBUG:colcon.colcon_core.package_identification:Package 'vision_detector' with type 'ros.ament_cmake' and name 'vision_detector'
[0.513s] Level 1:colcon.colcon_core.package_discovery:discover_packages(recursive) using defaults
[0.513s] Level 1:colcon.colcon_core.package_discovery:discover_packages(ignore) discover
[0.513s] Level 1:colcon.colcon_core.package_discovery:discover_packages(ignore) using defaults
[0.513s] Level 1:colcon.colcon_core.package_discovery:discover_packages(path) discover
[0.513s] Level 1:colcon.colcon_core.package_discovery:discover_packages(path) using defaults
[0.558s] Level 1:colcon.colcon_core.package_discovery:discover_packages(prefix_path) check parameters
[0.558s] Level 1:colcon.colcon_core.package_discovery:discover_packages(prefix_path) discover
[0.563s] DEBUG:colcon.colcon_installed_package_information.package_discovery:Found 271 installed packages in /opt/ros/humble
[0.566s] Level 1:colcon.colcon_core.package_discovery:discover_packages(prefix_path) using defaults
[0.652s] Level 5:colcon.colcon_core.verb:set package 'camera_publish' build argument 'cmake_args' from command line to 'None'
[0.652s] Level 5:colcon.colcon_core.verb:set package 'camera_publish' build argument 'cmake_target' from command line to 'None'
[0.652s] Level 5:colcon.colcon_core.verb:set package 'camera_publish' build argument 'cmake_target_skip_unavailable' from command line to 'False'
[0.652s] Level 5:colcon.colcon_core.verb:set package 'camera_publish' build argument 'cmake_clean_cache' from command line to 'False'
[0.652s] Level 5:colcon.colcon_core.verb:set package 'camera_publish' build argument 'cmake_clean_first' from command line to 'False'
[0.652s] Level 5:colcon.colcon_core.verb:set package 'camera_publish' build argument 'cmake_force_configure' from command line to 'False'
[0.653s] Level 5:colcon.colcon_core.verb:set package 'camera_publish' build argument 'ament_cmake_args' from command line to 'None'
[0.653s] Level 5:colcon.colcon_core.verb:set package 'camera_publish' build argument 'catkin_cmake_args' from command line to 'None'
[0.653s] Level 5:colcon.colcon_core.verb:set package 'camera_publish' build argument 'catkin_skip_building_tests' from command line to 'False'
[0.653s] DEBUG:colcon.colcon_core.verb:Building package 'camera_publish' with the following arguments: {'ament_cmake_args': None, 'build_base': '/home/liker/Desktop/camera1/c_ws/src/build/camera_publish', 'catkin_cmake_args': None, 'catkin_skip_building_tests': False, 'cmake_args': None, 'cmake_clean_cache': False, 'cmake_clean_first': False, 'cmake_force_configure': False, 'cmake_target': None, 'cmake_target_skip_unavailable': False, 'install_base': '/home/liker/Desktop/camera1/c_ws/src/install/camera_publish', 'merge_install': False, 'path': '/home/liker/Desktop/camera1/c_ws/src/camera_publish', 'symlink_install': False, 'test_result_base': None}
[0.653s] Level 5:colcon.colcon_core.verb:set package 'my_launch' build argument 'cmake_args' from command line to 'None'
[0.653s] Level 5:colcon.colcon_core.verb:set package 'my_launch' build argument 'cmake_target' from command line to 'None'
[0.653s] Level 5:colcon.colcon_core.verb:set package 'my_launch' build argument 'cmake_target_skip_unavailable' from command line to 'False'
[0.653s] Level 5:colcon.colcon_core.verb:set package 'my_launch' build argument 'cmake_clean_cache' from command line to 'False'
[0.654s] Level 5:colcon.colcon_core.verb:set package 'my_launch' build argument 'cmake_clean_first' from command line to 'False'
[0.654s] Level 5:colcon.colcon_core.verb:set package 'my_launch' build argument 'cmake_force_configure' from command line to 'False'
[0.654s] Level 5:colcon.colcon_core.verb:set package 'my_launch' build argument 'ament_cmake_args' from command line to 'None'
[0.654s] Level 5:colcon.colcon_core.verb:set package 'my_launch' build argument 'catkin_cmake_args' from command line to 'None'
[0.654s] Level 5:colcon.colcon_core.verb:set package 'my_launch' build argument 'catkin_skip_building_tests' from command line to 'False'
[0.654s] DEBUG:colcon.colcon_core.verb:Building package 'my_launch' with the following arguments: {'ament_cmake_args': None, 'build_base': '/home/liker/Desktop/camera1/c_ws/src/build/my_launch', 'catkin_cmake_args': None, 'catkin_skip_building_tests': False, 'cmake_args': None, 'cmake_clean_cache': False, 'cmake_clean_first': False, 'cmake_force_configure': False, 'cmake_target': None, 'cmake_target_skip_unavailable': False, 'install_base': '/home/liker/Desktop/camera1/c_ws/src/install/my_launch', 'merge_install': False, 'path': '/home/liker/Desktop/camera1/c_ws/src/my_launch', 'symlink_install': False, 'test_result_base': None}
[0.654s] Level 5:colcon.colcon_core.verb:set package 'rm_interfaces' build argument 'cmake_args' from command line to 'None'
[0.655s] Level 5:colcon.colcon_core.verb:set package 'rm_interfaces' build argument 'cmake_target' from command line to 'None'
[0.655s] Level 5:colcon.colcon_core.verb:set package 'rm_interfaces' build argument 'cmake_target_skip_unavailable' from command line to 'False'
[0.655s] Level 5:colcon.colcon_core.verb:set package 'rm_interfaces' build argument 'cmake_clean_cache' from command line to 'False'
[0.655s] Level 5:colcon.colcon_core.verb:set package 'rm_interfaces' build argument 'cmake_clean_first' from command line to 'False'
[0.655s] Level 5:colcon.colcon_core.verb:set package 'rm_interfaces' build argument 'cmake_force_configure' from command line to 'False'
[0.655s] Level 5:colcon.colcon_core.verb:set package 'rm_interfaces' build argument 'ament_cmake_args' from command line to 'None'
[0.655s] Level 5:colcon.colcon_core.verb:set package 'rm_interfaces' build argument 'catkin_cmake_args' from command line to 'None'
[0.655s] Level 5:colcon.colcon_core.verb:set package 'rm_interfaces' build argument 'catkin_skip_building_tests' from command line to 'False'
[0.655s] DEBUG:colcon.colcon_core.verb:Building package 'rm_interfaces' with the following arguments: {'ament_cmake_args': None, 'build_base': '/home/liker/Desktop/camera1/c_ws/src/build/rm_interfaces', 'catkin_cmake_args': None, 'catkin_skip_building_tests': False, 'cmake_args': None, 'cmake_clean_cache': False, 'cmake_clean_first': False, 'cmake_force_configure': False, 'cmake_target': None, 'cmake_target_skip_unavailable': False, 'install_base': '/home/liker/Desktop/camera1/c_ws/src/install/rm_interfaces', 'merge_install': False, 'path': '/home/liker/Desktop/camera1/c_ws/src/rm_interfaces', 'symlink_install': False, 'test_result_base': None}
[0.656s] Level 5:colcon.colcon_core.verb:set package 'tf2_node' build argument 'cmake_args' from command line to 'None'
[0.656s] Level 5:colcon.colcon_core.verb:set package 'tf2_node' build argument 'cmake_target' from command line to 'None'
[0.656s] Level 5:colcon.colcon_core.verb:set package 'tf2_node' build argument 'cmake_target_skip_unavailable' from command line to 'False'
[0.656s] Level 5:colcon.colcon_core.verb:set package 'tf2_node' build argument 'cmake_clean_cache' from command line to 'False'
[0.656s] Level 5:colcon.colcon_core.verb:set package 'tf2_node' build argument 'cmake_clean_first' from command line to 'False'
[0.656s] Level 5:colcon.colcon_core.verb:set package 'tf2_node' build argument 'cmake_force_configure' from command line to 'False'
[0.656s] Level 5:colcon.colcon_core.verb:set package 'tf2_node' build argument 'ament_cmake_args' from command line to 'None'
[0.656s] Level 5:colcon.colcon_core.verb:set package 'tf2_node' build argument 'catkin_cmake_args' from command line to 'None'
[0.656s] Level 5:colcon.colcon_core.verb:set package 'tf2_node' build argument 'catkin_skip_building_tests' from command line to 'False'
[0.656s] DEBUG:colcon.colcon_core.verb:Building package 'tf2_node' with the following arguments: {'ament_cmake_args': None, 'build_base': '/home/liker/Desktop/camera1/c_ws/src/build/tf2_node', 'catkin_cmake_args': None, 'catkin_skip_building_tests': False, 'cmake_args': None, 'cmake_clean_cache': False, 'cmake_clean_first': False, 'cmake_force_configure': False, 'cmake_target': None, 'cmake_target_skip_unavailable': False, 'install_base': '/home/liker/Desktop/camera1/c_ws/src/install/tf2_node', 'merge_install': False, 'path': '/home/liker/Desktop/camera1/c_ws/src/tf2_node', 'symlink_install': False, 'test_result_base': None}
[0.657s] Level 5:colcon.colcon_core.verb:set package 'vision_detector' build argument 'cmake_args' from command line to 'None'
[0.657s] Level 5:colcon.colcon_core.verb:set package 'vision_detector' build argument 'cmake_target' from command line to 'None'
[0.657s] Level 5:colcon.colcon_core.verb:set package 'vision_detector' build argument 'cmake_target_skip_unavailable' from command line to 'False'
[0.657s] Level 5:colcon.colcon_core.verb:set package 'vision_detector' build argument 'cmake_clean_cache' from command line to 'False'
[0.657s] Level 5:colcon.colcon_core.verb:set package 'vision_detector' build argument 'cmake_clean_first' from command line to 'False'
[0.657s] Level 5:colcon.colcon_core.verb:set package 'vision_detector' build argument 'cmake_force_configure' from command line to 'False'
[0.657s] Level 5:colcon.colcon_core.verb:set package 'vision_detector' build argument 'ament_cmake_args' from command line to 'None'
[0.657s] Level 5:colcon.colcon_core.verb:set package 'vision_detector' build argument 'catkin_cmake_args' from command line to 'None'
[0.657s] Level 5:colcon.colcon_core.verb:set package 'vision_detector' build argument 'catkin_skip_building_tests' from command line to 'False'
[0.657s] DEBUG:colcon.colcon_core.verb:Building package 'vision_detector' with the following arguments: {'ament_cmake_args': None, 'build_base': '/home/liker/Desktop/camera1/c_ws/src/build/vision_detector', 'catkin_cmake_args': None, 'catkin_skip_building_tests': False, 'cmake_args': None, 'cmake_clean_cache': False, 'cmake_clean_first': False, 'cmake_force_configure': False, 'cmake_target': None, 'cmake_target_skip_unavailable': False, 'install_base': '/home/liker/Desktop/camera1/c_ws/src/install/vision_detector', 'merge_install': False, 'path': '/home/liker/Desktop/camera1/c_ws/src/vision_detector', 'symlink_install': False, 'test_result_base': None}
[0.657s] INFO:colcon.colcon_core.executor:Executing jobs using 'parallel' executor
[0.660s] DEBUG:colcon.colcon_parallel_executor.executor.parallel:run_until_complete
[0.660s] INFO:colcon.colcon_ros.task.ament_cmake.build:Building ROS package in '/home/liker/Desktop/camera1/c_ws/src/rm_interfaces' with build type 'ament_cmake'
[0.661s] INFO:colcon.colcon_cmake.task.cmake.build:Building CMake package in '/home/liker/Desktop/camera1/c_ws/src/rm_interfaces'
[0.664s] INFO:colcon.colcon_core.plugin_system:Skipping extension 'colcon_core.shell.bat': Not used on non-Windows systems
[0.664s] INFO:colcon.colcon_core.shell:Skip shell extension 'powershell' for command environment: Not usable outside of PowerShell
[0.664s] DEBUG:colcon.colcon_core.shell:Skip shell extension 'dsv' for command environment
[0.672s] INFO:colcon.colcon_ros.task.ament_cmake.build:Building ROS package in '/home/liker/Desktop/camera1/c_ws/src/camera_publish' with build type 'ament_cmake'
[0.672s] INFO:colcon.colcon_cmake.task.cmake.build:Building CMake package in '/home/liker/Desktop/camera1/c_ws/src/camera_publish'
[0.673s] INFO:colcon.colcon_core.shell:Skip shell extension 'powershell' for command environment: Not usable outside of PowerShell
[0.673s] DEBUG:colcon.colcon_core.shell:Skip shell extension 'dsv' for command environment
[0.688s] INFO:colcon.colcon_ros.task.ament_cmake.build:Building ROS package in '/home/liker/Desktop/camera1/c_ws/src/my_launch' with build type 'ament_cmake'
[0.689s] INFO:colcon.colcon_cmake.task.cmake.build:Building CMake package in '/home/liker/Desktop/camera1/c_ws/src/my_launch'
[0.689s] INFO:colcon.colcon_core.shell:Skip shell extension 'powershell' for command environment: Not usable outside of PowerShell
[0.689s] DEBUG:colcon.colcon_core.shell:Skip shell extension 'dsv' for command environment
[0.724s] DEBUG:colcon.colcon_core.event_handler.log_command:Invoking command in '/home/liker/Desktop/camera1/c_ws/src/build/rm_interfaces': CMAKE_PREFIX_PATH=/opt/ros/humble /usr/local/bin/cmake --build /home/liker/Desktop/camera1/c_ws/src/build/rm_interfaces -- -j32 -l32
[0.741s] DEBUG:colcon.colcon_core.event_handler.log_command:Invoking command in '/home/liker/Desktop/camera1/c_ws/src/build/camera_publish': CMAKE_PREFIX_PATH=/opt/ros/humble /usr/local/bin/cmake --build /home/liker/Desktop/camera1/c_ws/src/build/camera_publish -- -j32 -l32
[0.756s] DEBUG:colcon.colcon_core.event_handler.log_command:Invoking command in '/home/liker/Desktop/camera1/c_ws/src/build/my_launch': CMAKE_PREFIX_PATH=/opt/ros/humble /usr/local/bin/cmake --build /home/liker/Desktop/camera1/c_ws/src/build/my_launch -- -j32 -l32
[0.849s] DEBUG:colcon.colcon_core.event_handler.log_command:Invoked command in '/home/liker/Desktop/camera1/c_ws/src/build/my_launch' returned '0': CMAKE_PREFIX_PATH=/opt/ros/humble /usr/local/bin/cmake --build /home/liker/Desktop/camera1/c_ws/src/build/my_launch -- -j32 -l32
[0.874s] DEBUG:colcon.colcon_core.event_handler.log_command:Invoking command in '/home/liker/Desktop/camera1/c_ws/src/build/my_launch': CMAKE_PREFIX_PATH=/opt/ros/humble /usr/local/bin/cmake --install /home/liker/Desktop/camera1/c_ws/src/build/my_launch
[0.893s] Level 1:colcon.colcon_core.environment:create_environment_scripts_only(my_launch)
[0.895s] DEBUG:colcon.colcon_core.event_handler.log_command:Invoked command in '/home/liker/Desktop/camera1/c_ws/src/build/my_launch' returned '0': CMAKE_PREFIX_PATH=/opt/ros/humble /usr/local/bin/cmake --install /home/liker/Desktop/camera1/c_ws/src/build/my_launch
[0.901s] Level 1:colcon.colcon_core.environment:checking '/home/liker/Desktop/camera1/c_ws/src/install/my_launch' for CMake module files
[0.902s] Level 1:colcon.colcon_core.environment:checking '/home/liker/Desktop/camera1/c_ws/src/install/my_launch' for CMake config files
[0.903s] Level 1:colcon.colcon_core.shell:create_environment_hook('my_launch', 'cmake_prefix_path')
[0.904s] INFO:colcon.colcon_core.shell:Creating environment hook '/home/liker/Desktop/camera1/c_ws/src/install/my_launch/share/my_launch/hook/cmake_prefix_path.ps1'
[0.905s] INFO:colcon.colcon_core.shell:Creating environment descriptor '/home/liker/Desktop/camera1/c_ws/src/install/my_launch/share/my_launch/hook/cmake_prefix_path.dsv'
[0.907s] INFO:colcon.colcon_core.shell:Creating environment hook '/home/liker/Desktop/camera1/c_ws/src/install/my_launch/share/my_launch/hook/cmake_prefix_path.sh'
[0.908s] Level 1:colcon.colcon_core.environment:checking '/home/liker/Desktop/camera1/c_ws/src/install/my_launch/bin'
[0.908s] Level 1:colcon.colcon_core.environment:checking '/home/liker/Desktop/camera1/c_ws/src/install/my_launch/lib/pkgconfig/my_launch.pc'
[0.908s] Level 1:colcon.colcon_core.environment:checking '/home/liker/Desktop/camera1/c_ws/src/install/my_launch/lib/python3.10/site-packages'
[0.909s] Level 1:colcon.colcon_core.environment:checking '/home/liker/Desktop/camera1/c_ws/src/install/my_launch/bin'
[0.909s] INFO:colcon.colcon_core.shell:Creating package script '/home/liker/Desktop/camera1/c_ws/src/install/my_launch/share/my_launch/package.ps1'
[0.911s] INFO:colcon.colcon_core.shell:Creating package descriptor '/home/liker/Desktop/camera1/c_ws/src/install/my_launch/share/my_launch/package.dsv'
[0.911s] INFO:colcon.colcon_core.shell:Creating package script '/home/liker/Desktop/camera1/c_ws/src/install/my_launch/share/my_launch/package.sh'
[0.914s] INFO:colcon.colcon_core.shell:Creating package script '/home/liker/Desktop/camera1/c_ws/src/install/my_launch/share/my_launch/package.bash'
[0.917s] INFO:colcon.colcon_core.shell:Creating package script '/home/liker/Desktop/camera1/c_ws/src/install/my_launch/share/my_launch/package.zsh'
[0.919s] Level 1:colcon.colcon_core.environment:create_file_with_runtime_dependencies(/home/liker/Desktop/camera1/c_ws/src/install/my_launch/share/colcon-core/packages/my_launch)
[0.921s] Level 1:colcon.colcon_core.environment:create_environment_scripts_only(my_launch)
[0.921s] Level 1:colcon.colcon_core.environment:checking '/home/liker/Desktop/camera1/c_ws/src/install/my_launch' for CMake module files
[0.923s] Level 1:colcon.colcon_core.environment:checking '/home/liker/Desktop/camera1/c_ws/src/install/my_launch' for CMake config files
[0.923s] Level 1:colcon.colcon_core.shell:create_environment_hook('my_launch', 'cmake_prefix_path')
[0.924s] INFO:colcon.colcon_core.shell:Creating environment hook '/home/liker/Desktop/camera1/c_ws/src/install/my_launch/share/my_launch/hook/cmake_prefix_path.ps1'
[0.925s] INFO:colcon.colcon_core.shell:Creating environment descriptor '/home/liker/Desktop/camera1/c_ws/src/install/my_launch/share/my_launch/hook/cmake_prefix_path.dsv'
[0.925s] INFO:colcon.colcon_core.shell:Creating environment hook '/home/liker/Desktop/camera1/c_ws/src/install/my_launch/share/my_launch/hook/cmake_prefix_path.sh'
[0.926s] Level 1:colcon.colcon_core.environment:checking '/home/liker/Desktop/camera1/c_ws/src/install/my_launch/bin'
[0.926s] Level 1:colcon.colcon_core.environment:checking '/home/liker/Desktop/camera1/c_ws/src/install/my_launch/lib/pkgconfig/my_launch.pc'
[0.926s] Level 1:colcon.colcon_core.environment:checking '/home/liker/Desktop/camera1/c_ws/src/install/my_launch/lib/python3.10/site-packages'
[0.927s] Level 1:colcon.colcon_core.environment:checking '/home/liker/Desktop/camera1/c_ws/src/install/my_launch/bin'
[0.927s] INFO:colcon.colcon_core.shell:Creating package script '/home/liker/Desktop/camera1/c_ws/src/install/my_launch/share/my_launch/package.ps1'
[0.928s] INFO:colcon.colcon_core.shell:Creating package descriptor '/home/liker/Desktop/camera1/c_ws/src/install/my_launch/share/my_launch/package.dsv'
[0.928s] INFO:colcon.colcon_core.shell:Creating package script '/home/liker/Desktop/camera1/c_ws/src/install/my_launch/share/my_launch/package.sh'
[0.929s] INFO:colcon.colcon_core.shell:Creating package script '/home/liker/Desktop/camera1/c_ws/src/install/my_launch/share/my_launch/package.bash'
[0.929s] INFO:colcon.colcon_core.shell:Creating package script '/home/liker/Desktop/camera1/c_ws/src/install/my_launch/share/my_launch/package.zsh'
[0.930s] Level 1:colcon.colcon_core.environment:create_file_with_runtime_dependencies(/home/liker/Desktop/camera1/c_ws/src/install/my_launch/share/colcon-core/packages/my_launch)
[0.944s] DEBUG:colcon.colcon_core.event_handler.log_command:Invoked command in '/home/liker/Desktop/camera1/c_ws/src/build/camera_publish' returned '0': CMAKE_PREFIX_PATH=/opt/ros/humble /usr/local/bin/cmake --build /home/liker/Desktop/camera1/c_ws/src/build/camera_publish -- -j32 -l32
[0.945s] DEBUG:colcon.colcon_core.event_handler.log_command:Invoking command in '/home/liker/Desktop/camera1/c_ws/src/build/camera_publish': CMAKE_PREFIX_PATH=/opt/ros/humble /usr/local/bin/cmake --install /home/liker/Desktop/camera1/c_ws/src/build/camera_publish
[0.956s] Level 1:colcon.colcon_core.environment:create_environment_scripts_only(camera_publish)
[0.957s] DEBUG:colcon.colcon_core.event_handler.log_command:Invoked command in '/home/liker/Desktop/camera1/c_ws/src/build/camera_publish' returned '0': CMAKE_PREFIX_PATH=/opt/ros/humble /usr/local/bin/cmake --install /home/liker/Desktop/camera1/c_ws/src/build/camera_publish
[0.957s] Level 1:colcon.colcon_core.environment:checking '/home/liker/Desktop/camera1/c_ws/src/install/camera_publish' for CMake module files
[0.959s] Level 1:colcon.colcon_core.environment:checking '/home/liker/Desktop/camera1/c_ws/src/install/camera_publish' for CMake config files
[0.960s] Level 1:colcon.colcon_core.shell:create_environment_hook('camera_publish', 'cmake_prefix_path')
[0.961s] INFO:colcon.colcon_core.shell:Creating environment hook '/home/liker/Desktop/camera1/c_ws/src/install/camera_publish/share/camera_publish/hook/cmake_prefix_path.ps1'
[0.963s] INFO:colcon.colcon_core.shell:Creating environment descriptor '/home/liker/Desktop/camera1/c_ws/src/install/camera_publish/share/camera_publish/hook/cmake_prefix_path.dsv'
[0.964s] INFO:colcon.colcon_core.shell:Creating environment hook '/home/liker/Desktop/camera1/c_ws/src/install/camera_publish/share/camera_publish/hook/cmake_prefix_path.sh'
[0.965s] Level 1:colcon.colcon_core.environment:checking '/home/liker/Desktop/camera1/c_ws/src/install/camera_publish/lib'
[0.965s] Level 1:colcon.colcon_core.environment:checking '/home/liker/Desktop/camera1/c_ws/src/install/camera_publish/bin'
[0.965s] Level 1:colcon.colcon_core.environment:checking '/home/liker/Desktop/camera1/c_ws/src/install/camera_publish/lib/pkgconfig/camera_publish.pc'
[0.966s] Level 1:colcon.colcon_core.environment:checking '/home/liker/Desktop/camera1/c_ws/src/install/camera_publish/lib/python3.10/site-packages'
[0.966s] Level 1:colcon.colcon_core.environment:checking '/home/liker/Desktop/camera1/c_ws/src/install/camera_publish/bin'
[0.967s] INFO:colcon.colcon_core.shell:Creating package script '/home/liker/Desktop/camera1/c_ws/src/install/camera_publish/share/camera_publish/package.ps1'
[0.968s] INFO:colcon.colcon_core.shell:Creating package descriptor '/home/liker/Desktop/camera1/c_ws/src/install/camera_publish/share/camera_publish/package.dsv'
[0.969s] INFO:colcon.colcon_core.shell:Creating package script '/home/liker/Desktop/camera1/c_ws/src/install/camera_publish/share/camera_publish/package.sh'
[0.970s] INFO:colcon.colcon_core.shell:Creating package script '/home/liker/Desktop/camera1/c_ws/src/install/camera_publish/share/camera_publish/package.bash'
[0.970s] INFO:colcon.colcon_core.shell:Creating package script '/home/liker/Desktop/camera1/c_ws/src/install/camera_publish/share/camera_publish/package.zsh'
[0.971s] Level 1:colcon.colcon_core.environment:create_file_with_runtime_dependencies(/home/liker/Desktop/camera1/c_ws/src/install/camera_publish/share/colcon-core/packages/camera_publish)
[0.972s] Level 1:colcon.colcon_core.environment:create_environment_scripts_only(camera_publish)
[0.972s] Level 1:colcon.colcon_core.environment:checking '/home/liker/Desktop/camera1/c_ws/src/install/camera_publish' for CMake module files
[0.973s] Level 1:colcon.colcon_core.environment:checking '/home/liker/Desktop/camera1/c_ws/src/install/camera_publish' for CMake config files
[0.973s] Level 1:colcon.colcon_core.shell:create_environment_hook('camera_publish', 'cmake_prefix_path')
[0.974s] INFO:colcon.colcon_core.shell:Creating environment hook '/home/liker/Desktop/camera1/c_ws/src/install/camera_publish/share/camera_publish/hook/cmake_prefix_path.ps1'
[0.974s] INFO:colcon.colcon_core.shell:Creating environment descriptor '/home/liker/Desktop/camera1/c_ws/src/install/camera_publish/share/camera_publish/hook/cmake_prefix_path.dsv'
[0.975s] INFO:colcon.colcon_core.shell:Creating environment hook '/home/liker/Desktop/camera1/c_ws/src/install/camera_publish/share/camera_publish/hook/cmake_prefix_path.sh'
[0.976s] Level 1:colcon.colcon_core.environment:checking '/home/liker/Desktop/camera1/c_ws/src/install/camera_publish/lib'
[0.976s] Level 1:colcon.colcon_core.environment:checking '/home/liker/Desktop/camera1/c_ws/src/install/camera_publish/bin'
[0.976s] Level 1:colcon.colcon_core.environment:checking '/home/liker/Desktop/camera1/c_ws/src/install/camera_publish/lib/pkgconfig/camera_publish.pc'
[0.976s] Level 1:colcon.colcon_core.environment:checking '/home/liker/Desktop/camera1/c_ws/src/install/camera_publish/lib/python3.10/site-packages'
[0.977s] Level 1:colcon.colcon_core.environment:checking '/home/liker/Desktop/camera1/c_ws/src/install/camera_publish/bin'
[0.977s] INFO:colcon.colcon_core.shell:Creating package script '/home/liker/Desktop/camera1/c_ws/src/install/camera_publish/share/camera_publish/package.ps1'
[0.977s] INFO:colcon.colcon_core.shell:Creating package descriptor '/home/liker/Desktop/camera1/c_ws/src/install/camera_publish/share/camera_publish/package.dsv'
[0.978s] INFO:colcon.colcon_core.shell:Creating package script '/home/liker/Desktop/camera1/c_ws/src/install/camera_publish/share/camera_publish/package.sh'
[0.979s] INFO:colcon.colcon_core.shell:Creating package script '/home/liker/Desktop/camera1/c_ws/src/install/camera_publish/share/camera_publish/package.bash'
[0.979s] INFO:colcon.colcon_core.shell:Creating package script '/home/liker/Desktop/camera1/c_ws/src/install/camera_publish/share/camera_publish/package.zsh'
[0.980s] Level 1:colcon.colcon_core.environment:create_file_with_runtime_dependencies(/home/liker/Desktop/camera1/c_ws/src/install/camera_publish/share/colcon-core/packages/camera_publish)
[1.320s] DEBUG:colcon.colcon_core.event_handler.log_command:Invoked command in '/home/liker/Desktop/camera1/c_ws/src/build/rm_interfaces' returned '0': CMAKE_PREFIX_PATH=/opt/ros/humble /usr/local/bin/cmake --build /home/liker/Desktop/camera1/c_ws/src/build/rm_interfaces -- -j32 -l32
[1.325s] DEBUG:colcon.colcon_core.event_handler.log_command:Invoking command in '/home/liker/Desktop/camera1/c_ws/src/build/rm_interfaces': CMAKE_PREFIX_PATH=/opt/ros/humble /usr/local/bin/cmake --install /home/liker/Desktop/camera1/c_ws/src/build/rm_interfaces
[1.439s] Level 1:colcon.colcon_core.environment:create_environment_scripts_only(rm_interfaces)
[1.439s] Level 1:colcon.colcon_core.environment:checking '/home/liker/Desktop/camera1/c_ws/src/install/rm_interfaces' for CMake module files
[1.440s] DEBUG:colcon.colcon_core.event_handler.log_command:Invoked command in '/home/liker/Desktop/camera1/c_ws/src/build/rm_interfaces' returned '0': CMAKE_PREFIX_PATH=/opt/ros/humble /usr/local/bin/cmake --install /home/liker/Desktop/camera1/c_ws/src/build/rm_interfaces
[1.441s] Level 1:colcon.colcon_core.environment:checking '/home/liker/Desktop/camera1/c_ws/src/install/rm_interfaces' for CMake config files
[1.443s] Level 1:colcon.colcon_core.shell:create_environment_hook('rm_interfaces', 'cmake_prefix_path')
[1.443s] INFO:colcon.colcon_core.shell:Creating environment hook '/home/liker/Desktop/camera1/c_ws/src/install/rm_interfaces/share/rm_interfaces/hook/cmake_prefix_path.ps1'
[1.444s] INFO:colcon.colcon_core.shell:Creating environment descriptor '/home/liker/Desktop/camera1/c_ws/src/install/rm_interfaces/share/rm_interfaces/hook/cmake_prefix_path.dsv'
[1.445s] INFO:colcon.colcon_core.shell:Creating environment hook '/home/liker/Desktop/camera1/c_ws/src/install/rm_interfaces/share/rm_interfaces/hook/cmake_prefix_path.sh'
[1.446s] Level 1:colcon.colcon_core.environment:checking '/home/liker/Desktop/camera1/c_ws/src/install/rm_interfaces/lib'
[1.446s] Level 1:colcon.colcon_core.shell:create_environment_hook('rm_interfaces', 'ld_library_path_lib')
[1.446s] INFO:colcon.colcon_core.shell:Creating environment hook '/home/liker/Desktop/camera1/c_ws/src/install/rm_interfaces/share/rm_interfaces/hook/ld_library_path_lib.ps1'
[1.447s] INFO:colcon.colcon_core.shell:Creating environment descriptor '/home/liker/Desktop/camera1/c_ws/src/install/rm_interfaces/share/rm_interfaces/hook/ld_library_path_lib.dsv'
[1.448s] INFO:colcon.colcon_core.shell:Creating environment hook '/home/liker/Desktop/camera1/c_ws/src/install/rm_interfaces/share/rm_interfaces/hook/ld_library_path_lib.sh'
[1.448s] Level 1:colcon.colcon_core.environment:checking '/home/liker/Desktop/camera1/c_ws/src/install/rm_interfaces/bin'
[1.448s] Level 1:colcon.colcon_core.environment:checking '/home/liker/Desktop/camera1/c_ws/src/install/rm_interfaces/lib/pkgconfig/rm_interfaces.pc'
[1.449s] Level 1:colcon.colcon_core.environment:checking '/home/liker/Desktop/camera1/c_ws/src/install/rm_interfaces/lib/python3.10/site-packages'
[1.449s] Level 1:colcon.colcon_core.environment:checking '/home/liker/Desktop/camera1/c_ws/src/install/rm_interfaces/bin'
[1.449s] INFO:colcon.colcon_core.shell:Creating package script '/home/liker/Desktop/camera1/c_ws/src/install/rm_interfaces/share/rm_interfaces/package.ps1'
[1.450s] INFO:colcon.colcon_core.shell:Creating package descriptor '/home/liker/Desktop/camera1/c_ws/src/install/rm_interfaces/share/rm_interfaces/package.dsv'
[1.450s] INFO:colcon.colcon_core.shell:Creating package script '/home/liker/Desktop/camera1/c_ws/src/install/rm_interfaces/share/rm_interfaces/package.sh'
[1.451s] INFO:colcon.colcon_core.shell:Creating package script '/home/liker/Desktop/camera1/c_ws/src/install/rm_interfaces/share/rm_interfaces/package.bash'
[1.452s] INFO:colcon.colcon_core.shell:Creating package script '/home/liker/Desktop/camera1/c_ws/src/install/rm_interfaces/share/rm_interfaces/package.zsh'
[1.452s] Level 1:colcon.colcon_core.environment:create_file_with_runtime_dependencies(/home/liker/Desktop/camera1/c_ws/src/install/rm_interfaces/share/colcon-core/packages/rm_interfaces)
[1.453s] Level 1:colcon.colcon_core.environment:create_environment_scripts_only(rm_interfaces)
[1.453s] Level 1:colcon.colcon_core.environment:checking '/home/liker/Desktop/camera1/c_ws/src/install/rm_interfaces' for CMake module files
[1.453s] Level 1:colcon.colcon_core.environment:checking '/home/liker/Desktop/camera1/c_ws/src/install/rm_interfaces' for CMake config files
[1.454s] Level 1:colcon.colcon_core.shell:create_environment_hook('rm_interfaces', 'cmake_prefix_path')
[1.454s] INFO:colcon.colcon_core.shell:Creating environment hook '/home/liker/Desktop/camera1/c_ws/src/install/rm_interfaces/share/rm_interfaces/hook/cmake_prefix_path.ps1'
[1.455s] INFO:colcon.colcon_core.shell:Creating environment descriptor '/home/liker/Desktop/camera1/c_ws/src/install/rm_interfaces/share/rm_interfaces/hook/cmake_prefix_path.dsv'
[1.455s] INFO:colcon.colcon_core.shell:Creating environment hook '/home/liker/Desktop/camera1/c_ws/src/install/rm_interfaces/share/rm_interfaces/hook/cmake_prefix_path.sh'
[1.456s] Level 1:colcon.colcon_core.environment:checking '/home/liker/Desktop/camera1/c_ws/src/install/rm_interfaces/lib'
[1.456s] Level 1:colcon.colcon_core.shell:create_environment_hook('rm_interfaces', 'ld_library_path_lib')
[1.456s] INFO:colcon.colcon_core.shell:Creating environment hook '/home/liker/Desktop/camera1/c_ws/src/install/rm_interfaces/share/rm_interfaces/hook/ld_library_path_lib.ps1'
[1.457s] INFO:colcon.colcon_core.shell:Creating environment descriptor '/home/liker/Desktop/camera1/c_ws/src/install/rm_interfaces/share/rm_interfaces/hook/ld_library_path_lib.dsv'
[1.457s] INFO:colcon.colcon_core.shell:Creating environment hook '/home/liker/Desktop/camera1/c_ws/src/install/rm_interfaces/share/rm_interfaces/hook/ld_library_path_lib.sh'
[1.458s] Level 1:colcon.colcon_core.environment:checking '/home/liker/Desktop/camera1/c_ws/src/install/rm_interfaces/bin'
[1.458s] Level 1:colcon.colcon_core.environment:checking '/home/liker/Desktop/camera1/c_ws/src/install/rm_interfaces/lib/pkgconfig/rm_interfaces.pc'
[1.458s] Level 1:colcon.colcon_core.environment:checking '/home/liker/Desktop/camera1/c_ws/src/install/rm_interfaces/lib/python3.10/site-packages'
[1.458s] Level 1:colcon.colcon_core.environment:checking '/home/liker/Desktop/camera1/c_ws/src/install/rm_interfaces/bin'
[1.459s] INFO:colcon.colcon_core.shell:Creating package script '/home/liker/Desktop/camera1/c_ws/src/install/rm_interfaces/share/rm_interfaces/package.ps1'
[1.459s] INFO:colcon.colcon_core.shell:Creating package descriptor '/home/liker/Desktop/camera1/c_ws/src/install/rm_interfaces/share/rm_interfaces/package.dsv'
[1.460s] INFO:colcon.colcon_core.shell:Creating package script '/home/liker/Desktop/camera1/c_ws/src/install/rm_interfaces/share/rm_interfaces/package.sh'
[1.460s] INFO:colcon.colcon_core.shell:Creating package script '/home/liker/Desktop/camera1/c_ws/src/install/rm_interfaces/share/rm_interfaces/package.bash'
[1.461s] INFO:colcon.colcon_core.shell:Creating package script '/home/liker/Desktop/camera1/c_ws/src/install/rm_interfaces/share/rm_interfaces/package.zsh'
[1.461s] Level 1:colcon.colcon_core.environment:create_file_with_runtime_dependencies(/home/liker/Desktop/camera1/c_ws/src/install/rm_interfaces/share/colcon-core/packages/rm_interfaces)
[1.462s] INFO:colcon.colcon_ros.task.ament_cmake.build:Building ROS package in '/home/liker/Desktop/camera1/c_ws/src/tf2_node' with build type 'ament_cmake'
[1.462s] INFO:colcon.colcon_cmake.task.cmake.build:Building CMake package in '/home/liker/Desktop/camera1/c_ws/src/tf2_node'
[1.463s] INFO:colcon.colcon_core.shell:Skip shell extension 'powershell' for command environment: Not usable outside of PowerShell
[1.463s] DEBUG:colcon.colcon_core.shell:Skip shell extension 'dsv' for command environment
[1.469s] INFO:colcon.colcon_ros.task.ament_cmake.build:Building ROS package in '/home/liker/Desktop/camera1/c_ws/src/vision_detector' with build type 'ament_cmake'
[1.469s] INFO:colcon.colcon_cmake.task.cmake.build:Building CMake package in '/home/liker/Desktop/camera1/c_ws/src/vision_detector'
[1.469s] INFO:colcon.colcon_core.shell:Skip shell extension 'powershell' for command environment: Not usable outside of PowerShell
[1.469s] DEBUG:colcon.colcon_core.shell:Skip shell extension 'dsv' for command environment
[1.489s] DEBUG:colcon.colcon_core.event_handler.log_command:Invoking command in '/home/liker/Desktop/camera1/c_ws/src/build/tf2_node': AMENT_PREFIX_PATH=/home/liker/Desktop/camera1/c_ws/src/install/rm_interfaces:${AMENT_PREFIX_PATH} CMAKE_PREFIX_PATH=/home/liker/Desktop/camera1/c_ws/src/install/rm_interfaces:/opt/ros/humble LD_LIBRARY_PATH=/home/liker/Desktop/camera1/c_ws/src/install/rm_interfaces/lib:${LD_LIBRARY_PATH} PYTHONPATH=/home/liker/Desktop/camera1/c_ws/src/install/rm_interfaces/local/lib/python3.10/dist-packages:${PYTHONPATH} /usr/local/bin/cmake /home/liker/Desktop/camera1/c_ws/src/tf2_node -DCMAKE_INSTALL_PREFIX=/home/liker/Desktop/camera1/c_ws/src/install/tf2_node
[1.498s] DEBUG:colcon.colcon_core.event_handler.log_command:Invoking command in '/home/liker/Desktop/camera1/c_ws/src/build/vision_detector': AMENT_PREFIX_PATH=/home/liker/Desktop/camera1/c_ws/src/install/rm_interfaces:${AMENT_PREFIX_PATH} CMAKE_PREFIX_PATH=/home/liker/Desktop/camera1/c_ws/src/install/rm_interfaces:/opt/ros/humble LD_LIBRARY_PATH=/home/liker/Desktop/camera1/c_ws/src/install/rm_interfaces/lib:${LD_LIBRARY_PATH} PYTHONPATH=/home/liker/Desktop/camera1/c_ws/src/install/rm_interfaces/local/lib/python3.10/dist-packages:${PYTHONPATH} /usr/local/bin/cmake --build /home/liker/Desktop/camera1/c_ws/src/build/vision_detector -- -j32 -l32
[2.287s] DEBUG:colcon.colcon_core.event_handler.log_command:Invoked command in '/home/liker/Desktop/camera1/c_ws/src/build/tf2_node' returned '1': AMENT_PREFIX_PATH=/home/liker/Desktop/camera1/c_ws/src/install/rm_interfaces:${AMENT_PREFIX_PATH} CMAKE_PREFIX_PATH=/home/liker/Desktop/camera1/c_ws/src/install/rm_interfaces:/opt/ros/humble LD_LIBRARY_PATH=/home/liker/Desktop/camera1/c_ws/src/install/rm_interfaces/lib:${LD_LIBRARY_PATH} PYTHONPATH=/home/liker/Desktop/camera1/c_ws/src/install/rm_interfaces/local/lib/python3.10/dist-packages:${PYTHONPATH} /usr/local/bin/cmake /home/liker/Desktop/camera1/c_ws/src/tf2_node -DCMAKE_INSTALL_PREFIX=/home/liker/Desktop/camera1/c_ws/src/install/tf2_node
[2.290s] DEBUG:colcon.colcon_core.event_handler.log_command:Invoked command in '/home/liker/Desktop/camera1/c_ws/src/build/vision_detector' returned '2': AMENT_PREFIX_PATH=/home/liker/Desktop/camera1/c_ws/src/install/rm_interfaces:${AMENT_PREFIX_PATH} CMAKE_PREFIX_PATH=/home/liker/Desktop/camera1/c_ws/src/install/rm_interfaces:/opt/ros/humble LD_LIBRARY_PATH=/home/liker/Desktop/camera1/c_ws/src/install/rm_interfaces/lib:${LD_LIBRARY_PATH} PYTHONPATH=/home/liker/Desktop/camera1/c_ws/src/install/rm_interfaces/local/lib/python3.10/dist-packages:${PYTHONPATH} /usr/local/bin/cmake --build /home/liker/Desktop/camera1/c_ws/src/build/vision_detector -- -j32 -l32
[2.291s] Level 1:colcon.colcon_core.environment:create_environment_scripts_only(vision_detector)
[2.292s] Level 1:colcon.colcon_core.environment:checking '/home/liker/Desktop/camera1/c_ws/src/install/vision_detector' for CMake module files
[2.293s] Level 1:colcon.colcon_core.environment:checking '/home/liker/Desktop/camera1/c_ws/src/install/vision_detector' for CMake config files
[2.293s] Level 1:colcon.colcon_core.shell:create_environment_hook('vision_detector', 'cmake_prefix_path')
[2.294s] INFO:colcon.colcon_core.shell:Creating environment hook '/home/liker/Desktop/camera1/c_ws/src/install/vision_detector/share/vision_detector/hook/cmake_prefix_path.ps1'
[2.295s] INFO:colcon.colcon_core.shell:Creating environment descriptor '/home/liker/Desktop/camera1/c_ws/src/install/vision_detector/share/vision_detector/hook/cmake_prefix_path.dsv'
[2.295s] INFO:colcon.colcon_core.shell:Creating environment hook '/home/liker/Desktop/camera1/c_ws/src/install/vision_detector/share/vision_detector/hook/cmake_prefix_path.sh'
[2.296s] Level 1:colcon.colcon_core.environment:checking '/home/liker/Desktop/camera1/c_ws/src/install/vision_detector/lib'
[2.297s] Level 1:colcon.colcon_core.environment:checking '/home/liker/Desktop/camera1/c_ws/src/install/vision_detector/bin'
[2.297s] Level 1:colcon.colcon_core.environment:checking '/home/liker/Desktop/camera1/c_ws/src/install/vision_detector/lib/pkgconfig/vision_detector.pc'
[2.297s] Level 1:colcon.colcon_core.environment:checking '/home/liker/Desktop/camera1/c_ws/src/install/vision_detector/lib/python3.10/site-packages'
[2.297s] Level 1:colcon.colcon_core.environment:checking '/home/liker/Desktop/camera1/c_ws/src/install/vision_detector/bin'
[2.298s] INFO:colcon.colcon_core.shell:Creating package script '/home/liker/Desktop/camera1/c_ws/src/install/vision_detector/share/vision_detector/package.ps1'
[2.298s] INFO:colcon.colcon_core.shell:Creating package descriptor '/home/liker/Desktop/camera1/c_ws/src/install/vision_detector/share/vision_detector/package.dsv'
[2.299s] INFO:colcon.colcon_core.shell:Creating package script '/home/liker/Desktop/camera1/c_ws/src/install/vision_detector/share/vision_detector/package.sh'
[2.300s] INFO:colcon.colcon_core.shell:Creating package script '/home/liker/Desktop/camera1/c_ws/src/install/vision_detector/share/vision_detector/package.bash'
[2.301s] INFO:colcon.colcon_core.shell:Creating package script '/home/liker/Desktop/camera1/c_ws/src/install/vision_detector/share/vision_detector/package.zsh'
[2.301s] Level 1:colcon.colcon_core.environment:create_file_with_runtime_dependencies(/home/liker/Desktop/camera1/c_ws/src/install/vision_detector/share/colcon-core/packages/vision_detector)
[2.313s] DEBUG:colcon.colcon_parallel_executor.executor.parallel:closing loop
[2.314s] DEBUG:colcon.colcon_parallel_executor.executor.parallel:loop closed
[2.314s] DEBUG:colcon.colcon_parallel_executor.executor.parallel:run_until_complete finished with '2'
[2.314s] DEBUG:colcon.colcon_core.event_reactor:joining thread
[2.325s] INFO:colcon.colcon_core.plugin_system:Skipping extension 'colcon_notification.desktop_notification.terminal_notifier': Not used on non-Darwin systems
[2.325s] INFO:colcon.colcon_core.plugin_system:Skipping extension 'colcon_notification.desktop_notification.win32': Not used on non-Windows systems
[2.325s] INFO:colcon.colcon_notification.desktop_notification:Sending desktop notification using 'notify2'
[2.405s] DEBUG:colcon.colcon_core.event_reactor:joined thread
[2.405s] INFO:colcon.colcon_core.shell:Creating prefix script '/home/liker/Desktop/camera1/c_ws/src/install/local_setup.ps1'
[2.407s] INFO:colcon.colcon_core.shell:Creating prefix util module '/home/liker/Desktop/camera1/c_ws/src/install/_local_setup_util_ps1.py'
[2.409s] INFO:colcon.colcon_core.shell:Creating prefix chain script '/home/liker/Desktop/camera1/c_ws/src/install/setup.ps1'
[2.410s] INFO:colcon.colcon_core.shell:Creating prefix script '/home/liker/Desktop/camera1/c_ws/src/install/local_setup.sh'
[2.411s] INFO:colcon.colcon_core.shell:Creating prefix util module '/home/liker/Desktop/camera1/c_ws/src/install/_local_setup_util_sh.py'
[2.412s] INFO:colcon.colcon_core.shell:Creating prefix chain script '/home/liker/Desktop/camera1/c_ws/src/install/setup.sh'
[2.413s] INFO:colcon.colcon_core.shell:Creating prefix script '/home/liker/Desktop/camera1/c_ws/src/install/local_setup.bash'
[2.414s] INFO:colcon.colcon_core.shell:Creating prefix chain script '/home/liker/Desktop/camera1/c_ws/src/install/setup.bash'
[2.415s] INFO:colcon.colcon_core.shell:Creating prefix script '/home/liker/Desktop/camera1/c_ws/src/install/local_setup.zsh'
[2.416s] INFO:colcon.colcon_core.shell:Creating prefix chain script '/home/liker/Desktop/camera1/c_ws/src/install/setup.zsh'
