-- Install configuration: ""
-- Up-to-date: /home/liker/Desktop/camera1/c_ws/src/install/my_launch/share/my_launch/config
-- Up-to-date: /home/liker/Desktop/camera1/c_ws/src/install/my_launch/share/my_launch/config/image_processed.rviz
-- Up-to-date: /home/liker/Desktop/camera1/c_ws/src/install/my_launch/share/my_launch/launch
-- Up-to-date: /home/liker/Desktop/camera1/c_ws/src/install/my_launch/share/my_launch/launch/camera_detector.launch.py
-- Up-to-date: /home/liker/Desktop/camera1/c_ws/src/install/my_launch/share/ament_index/resource_index/package_run_dependencies/my_launch
-- Up-to-date: /home/liker/Desktop/camera1/c_ws/src/install/my_launch/share/ament_index/resource_index/parent_prefix_path/my_launch
-- Up-to-date: /home/liker/Desktop/camera1/c_ws/src/install/my_launch/share/my_launch/environment/ament_prefix_path.sh
-- Up-to-date: /home/liker/Desktop/camera1/c_ws/src/install/my_launch/share/my_launch/environment/ament_prefix_path.dsv
-- Up-to-date: /home/liker/Desktop/camera1/c_ws/src/install/my_launch/share/my_launch/environment/path.sh
-- Up-to-date: /home/liker/Desktop/camera1/c_ws/src/install/my_launch/share/my_launch/environment/path.dsv
-- Up-to-date: /home/liker/Desktop/camera1/c_ws/src/install/my_launch/share/my_launch/local_setup.bash
-- Up-to-date: /home/liker/Desktop/camera1/c_ws/src/install/my_launch/share/my_launch/local_setup.sh
-- Up-to-date: /home/liker/Desktop/camera1/c_ws/src/install/my_launch/share/my_launch/local_setup.zsh
-- Up-to-date: /home/liker/Desktop/camera1/c_ws/src/install/my_launch/share/my_launch/local_setup.dsv
-- Up-to-date: /home/liker/Desktop/camera1/c_ws/src/install/my_launch/share/my_launch/package.dsv
-- Up-to-date: /home/liker/Desktop/camera1/c_ws/src/install/my_launch/share/ament_index/resource_index/packages/my_launch
-- Up-to-date: /home/liker/Desktop/camera1/c_ws/src/install/my_launch/share/my_launch/cmake/my_launchConfig.cmake
-- Up-to-date: /home/liker/Desktop/camera1/c_ws/src/install/my_launch/share/my_launch/cmake/my_launchConfig-version.cmake
-- Up-to-date: /home/liker/Desktop/camera1/c_ws/src/install/my_launch/share/my_launch/package.xml
