[0.015s] Invoking command in '/home/liker/Desktop/camera1/c_ws/build/my_launch': /usr/local/bin/cmake /home/liker/Desktop/camera1/c_ws/src/my_launch -DCMAKE_INSTALL_PREFIX=/home/liker/Desktop/camera1/c_ws/install/my_launch
[0.018s] [0mCMake Deprecation Warning at CMakeLists.txt:1 (cmake_minimum_required):
[0.018s]   Compatibility with CMake < 3.10 will be removed from a future version of
[0.018s]   CMake.
[0.018s] 
[0.018s]   Update the VERSION argument <min> value.  Or, use the <min>...<max> syntax
[0.018s]   to tell CMake that the project requires at least <min> but has been updated
[0.018s]   to work with policies introduced by <max> or earlier.
[0.018s] 
[0.018s] [0m
[0.110s] -- The C compiler identification is GNU 11.4.0
[0.177s] -- The CXX compiler identification is GNU 11.4.0
[0.197s] -- Detecting C compiler ABI info
[0.269s] -- Detecting C compiler ABI info - done
[0.284s] -- Check for working C compiler: /usr/bin/cc - skipped
[0.284s] -- Detecting C compile features
[0.285s] -- Detecting C compile features - done
[0.302s] -- Detecting CXX compiler ABI info
[0.374s] -- Detecting CXX compiler ABI info - done
[0.386s] -- Check for working CXX compiler: /usr/bin/c++ - skipped
[0.387s] -- Detecting CXX compile features
[0.387s] -- Detecting CXX compile features - done
[0.404s] [31mCMake Error at CMakeLists.txt:9 (find_package):
[0.404s]   By not providing "Findament_cmake.cmake" in CMAKE_MODULE_PATH this project
[0.404s]   has asked CMake to find a package configuration file provided by
[0.404s]   "ament_cmake", but CMake did not find one.
[0.404s] 
[0.404s]   Could not find a package configuration file provided by "ament_cmake" with
[0.404s]   any of the following names:
[0.404s] 
[0.404s]     ament_cmakeConfig.cmake
[0.404s]     ament_cmake-config.cmake
[0.404s] 
[0.404s]   Add the installation prefix of "ament_cmake" to CMAKE_PREFIX_PATH or set
[0.404s]   "ament_cmake_DIR" to a directory containing one of the above files.  If
[0.404s]   "ament_cmake" provides a separate development package or SDK, be sure it
[0.404s]   has been installed.
[0.404s] 
[0.404s] [0m
[0.404s] -- Configuring incomplete, errors occurred!
[0.411s] Invoked command in '/home/liker/Desktop/camera1/c_ws/build/my_launch' returned '1': /usr/local/bin/cmake /home/liker/Desktop/camera1/c_ws/src/my_launch -DCMAKE_INSTALL_PREFIX=/home/liker/Desktop/camera1/c_ws/install/my_launch
