[0.047s] Invoking command in '/home/liker/Desktop/camera1/c_ws/src/build/tf2_node': AMENT_PREFIX_PATH=/home/liker/Desktop/camera1/c_ws/src/install/rm_interfaces:${AMENT_PREFIX_PATH} CMAKE_PREFIX_PATH=/home/liker/Desktop/camera1/c_ws/src/install/rm_interfaces:/opt/ros/humble LD_LIBRARY_PATH=/home/liker/Desktop/camera1/c_ws/src/install/rm_interfaces/lib:${LD_LIBRARY_PATH} PYTHONPATH=/home/liker/Desktop/camera1/c_ws/src/install/rm_interfaces/local/lib/python3.10/dist-packages:${PYTHONPATH} /usr/local/bin/cmake /home/liker/Desktop/camera1/c_ws/src/tf2_node -DCMAKE_INSTALL_PREFIX=/home/liker/Desktop/camera1/c_ws/src/install/tf2_node
[0.061s] [0mCMake Deprecation Warning at CMakeLists.txt:1 (cmake_minimum_required):
[0.061s]   Compatibility with CMake < 3.10 will be removed from a future version of
[0.061s]   CMake.
[0.061s] 
[0.061s]   Update the VERSION argument <min> value.  Or, use the <min>...<max> syntax
[0.061s]   to tell CMake that the project requires at least <min> but has been updated
[0.062s]   to work with policies introduced by <max> or earlier.
[0.062s] 
[0.062s] [0m
[0.075s] -- Found ament_cmake: 1.3.12 (/opt/ros/humble/share/ament_cmake/cmake)
[0.276s] -- Found rclcpp: 16.0.16 (/opt/ros/humble/share/rclcpp/cmake)
[0.313s] -- Found rosidl_generator_c: 3.1.7 (/opt/ros/humble/share/rosidl_generator_c/cmake)
[0.317s] -- Found rosidl_adapter: 3.1.7 (/opt/ros/humble/share/rosidl_adapter/cmake)
[0.324s] -- Found rosidl_generator_cpp: 3.1.7 (/opt/ros/humble/share/rosidl_generator_cpp/cmake)
[0.337s] -- Using all available rosidl_typesupport_c: rosidl_typesupport_fastrtps_c;rosidl_typesupport_introspection_c
[0.353s] -- Using all available rosidl_typesupport_cpp: rosidl_typesupport_fastrtps_cpp;rosidl_typesupport_introspection_cpp
[0.395s] -- Found rmw_implementation_cmake: 6.1.2 (/opt/ros/humble/share/rmw_implementation_cmake/cmake)
[0.396s] -- Found rmw_fastrtps_cpp: 6.2.9 (/opt/ros/humble/share/rmw_fastrtps_cpp/cmake)
[0.511s] -- Using RMW implementation 'rmw_fastrtps_cpp' as default
[0.577s] -- Found tf2_ros: 0.25.17 (/opt/ros/humble/share/tf2_ros/cmake)
[0.717s] -- Found tf2_geometry_msgs: 0.25.17 (/opt/ros/humble/share/tf2_geometry_msgs/cmake)
[0.753s] -- Found eigen3_cmake_module: 0.1.1 (/opt/ros/humble/share/eigen3_cmake_module/cmake)
[0.756s] -- Found Eigen3: TRUE (found version "3.4.0")
[0.756s] -- Ensuring Eigen3 include directory is part of orocos-kdl CMake target
[0.759s] -- Found rm_interfaces: 0.0.0 (/home/liker/Desktop/camera1/c_ws/src/install/rm_interfaces/share/rm_interfaces/cmake)
[0.771s] -- Found ament_lint_auto: 0.12.14 (/opt/ros/humble/share/ament_lint_auto/cmake)
[0.870s] -- Added test 'cppcheck' to perform static code analysis on C / C++ code
[0.870s] -- Configured cppcheck include dirs: 
[0.870s] -- Configured cppcheck exclude dirs and/or files: 
[0.871s] -- Added test 'lint_cmake' to check CMake code style
[0.873s] -- Added test 'uncrustify' to check C / C++ code style
[0.873s] -- Configured uncrustify additional arguments: 
[0.873s] -- Added test 'xmllint' to check XML markup files
[0.876s] -- Configuring done (0.8s)
[0.883s] [31mCMake Error at CMakeLists.txt:28 (add_executable):
[0.883s]   Cannot find source file:
[0.884s] 
[0.884s]     static_tf_publish.cpp
[0.884s] 
[0.884s]   Tried extensions .c .C .c++ .cc .cpp .cxx .cu .mpp .m .M .mm .ixx .cppm
[0.884s]   .ccm .cxxm .c++m .h .hh .h++ .hm .hpp .hxx .in .txx .f .F .for .f77 .f90
[0.884s]   .f95 .f03 .hip .ispc
[0.884s] 
[0.884s] [0m
[0.886s] [31mCMake Error at CMakeLists.txt:34 (add_executable):
[0.887s]   Cannot find source file:
[0.887s] 
[0.887s]     TFListener.cpp
[0.887s] 
[0.887s]   Tried extensions .c .C .c++ .cc .cpp .cxx .cu .mpp .m .M .mm .ixx .cppm
[0.887s]   .ccm .cxxm .c++m .h .hh .h++ .hm .hpp .hxx .in .txx .f .F .for .f77 .f90
[0.887s]   .f95 .f03 .hip .ispc
[0.887s] 
[0.887s] [0m
[0.889s] [31mCMake Error at CMakeLists.txt:28 (add_executable):
[0.889s]   No SOURCES given to target: static_tf_publish
[0.889s] 
[0.889s] [0m
[0.889s] [31mCMake Error at CMakeLists.txt:34 (add_executable):
[0.889s]   No SOURCES given to target: TFListener
[0.889s] 
[0.889s] [0m
[0.889s] [0mCMake Generate step failed.  Build files cannot be regenerated correctly.[0m
[0.903s] Invoked command in '/home/liker/Desktop/camera1/c_ws/src/build/tf2_node' returned '1': AMENT_PREFIX_PATH=/home/liker/Desktop/camera1/c_ws/src/install/rm_interfaces:${AMENT_PREFIX_PATH} CMAKE_PREFIX_PATH=/home/liker/Desktop/camera1/c_ws/src/install/rm_interfaces:/opt/ros/humble LD_LIBRARY_PATH=/home/liker/Desktop/camera1/c_ws/src/install/rm_interfaces/lib:${LD_LIBRARY_PATH} PYTHONPATH=/home/liker/Desktop/camera1/c_ws/src/install/rm_interfaces/local/lib/python3.10/dist-packages:${PYTHONPATH} /usr/local/bin/cmake /home/liker/Desktop/camera1/c_ws/src/tf2_node -DCMAKE_INSTALL_PREFIX=/home/liker/Desktop/camera1/c_ws/src/install/tf2_node
