[0.000000] (-) TimerEvent: {}
[0.000340] (camera_publish) JobQueued: {'identifier': 'camera_publish', 'dependencies': OrderedDict()}
[0.000405] (my_launch) JobQueued: {'identifier': 'my_launch', 'dependencies': OrderedDict()}
[0.000467] (rm_interfaces) JobQueued: {'identifier': 'rm_interfaces', 'dependencies': OrderedDict()}
[0.000896] (tf2_node) JobQueued: {'identifier': 'tf2_node', 'dependencies': OrderedDict([('rm_interfaces', '/home/liker/Desktop/camera1/c_ws/install/rm_interfaces')])}
[0.001011] (vision_detector) JobQueued: {'identifier': 'vision_detector', 'dependencies': OrderedDict([('rm_interfaces', '/home/liker/Desktop/camera1/c_ws/install/rm_interfaces')])}
[0.001062] (rm_interfaces) JobStarted: {'identifier': 'rm_interfaces'}
[0.003977] (camera_publish) JobStarted: {'identifier': 'camera_publish'}
[0.005520] (my_launch) JobStarted: {'identifier': 'my_launch'}
[0.008822] (rm_interfaces) JobProgress: {'identifier': 'rm_interfaces', 'progress': 'cmake'}
[0.011143] (rm_interfaces) Command: {'cmd': ['/usr/local/bin/cmake', '/home/liker/Desktop/camera1/c_ws/src/rm_interfaces', '-DCMAKE_INSTALL_PREFIX=/home/liker/Desktop/camera1/c_ws/install/rm_interfaces'], 'cwd': '/home/liker/Desktop/camera1/c_ws/build/rm_interfaces', 'env': OrderedDict([('LANGUAGE', 'en_US:'), ('USER', 'liker'), ('LC_TIME', 'zh_CN.UTF-8'), ('XDG_SESSION_TYPE', 'wayland'), ('HOME', '/home/liker'), ('OLDPWD', '/home/liker/Desktop/camera1/c_ws/scripts'), ('DESKTOP_SESSION', 'ubuntu'), ('GTK_MODULES', 'gail:atk-bridge'), ('GNOME_SHELL_SESSION_MODE', 'ubuntu'), ('LC_MONETARY', 'zh_CN.UTF-8'), ('SYSTEMD_EXEC_PID', '1691'), ('DBUS_SESSION_BUS_ADDRESS', 'unix:path=/run/user/1000/bus,guid=98f95ca7946eb74339853bd7697d67ec'), ('DBUS_STARTER_BUS_TYPE', 'session'), ('COLORTERM', 'truecolor'), ('WAYLAND_DISPLAY', 'wayland-0'), ('IM_CONFIG_PHASE', '1'), ('LOGNAME', 'liker'), ('_', '/usr/bin/gnome-session'), ('XDG_SESSION_CLASS', 'user'), ('USERNAME', 'liker'), ('TERM', 'xterm-256color'), ('GNOME_DESKTOP_SESSION_ID', 'this-is-deprecated'), ('PATH', '/usr/local/sbin:/usr/local/bin:/usr/sbin:/usr/bin:/sbin:/bin:/usr/games:/usr/local/games:/snap/bin:/snap/bin'), ('SESSION_MANAGER', 'local/liker-virtual-machine:@/tmp/.ICE-unix/1691,unix/liker-virtual-machine:/tmp/.ICE-unix/1691'), ('GNOME_TERMINAL_SCREEN', '/org/gnome/Terminal/screen/2c44560e_c2ec_4c79_b760_6bd8c2503ce4'), ('XDG_MENU_PREFIX', 'gnome-'), ('GNOME_SETUP_DISPLAY', ':1'), ('XDG_RUNTIME_DIR', '/run/user/1000'), ('LC_ADDRESS', 'zh_CN.UTF-8'), ('DISPLAY', ':0'), ('LANG', 'en_US.UTF-8'), ('XDG_CURRENT_DESKTOP', 'ubuntu:GNOME'), ('LC_TELEPHONE', 'zh_CN.UTF-8'), ('XDG_SESSION_DESKTOP', 'ubuntu'), ('GNOME_TERMINAL_SERVICE', ':1.213'), ('XMODIFIERS', '@im=ibus'), ('XAUTHORITY', '/run/user/1000/.mutter-Xwaylandauth.OH8RJ3'), ('SSH_AUTH_SOCK', '/run/user/1000/keyring/ssh'), ('SSH_AGENT_LAUNCHER', 'gnome-keyring'), ('SHELL', '/bin/bash'), ('LC_NAME', 'zh_CN.UTF-8'), ('QT_ACCESSIBILITY', '1'), ('GDMSESSION', 'ubuntu'), ('LC_MEASUREMENT', 'zh_CN.UTF-8'), ('LC_IDENTIFICATION', 'zh_CN.UTF-8'), ('QT_IM_MODULE', 'ibus'), ('PWD', '/home/liker/Desktop/camera1/c_ws/build/rm_interfaces'), ('XDG_CONFIG_DIRS', '/etc/xdg/xdg-ubuntu:/etc/xdg'), ('XDG_DATA_DIRS', '/usr/share/ubuntu:/usr/local/share/:/usr/share/:/var/lib/snapd/desktop'), ('DBUS_STARTER_ADDRESS', 'unix:path=/run/user/1000/bus,guid=98f95ca7946eb74339853bd7697d67ec'), ('LC_NUMERIC', 'zh_CN.UTF-8'), ('LC_PAPER', 'zh_CN.UTF-8'), ('COLCON', '1'), ('VTE_VERSION', '6800')]), 'shell': False}
[0.012366] (camera_publish) JobProgress: {'identifier': 'camera_publish', 'progress': 'cmake'}
[0.013979] (camera_publish) Command: {'cmd': ['/usr/local/bin/cmake', '/home/liker/Desktop/camera1/c_ws/src/camera_publish', '-DCMAKE_INSTALL_PREFIX=/home/liker/Desktop/camera1/c_ws/install/camera_publish'], 'cwd': '/home/liker/Desktop/camera1/c_ws/build/camera_publish', 'env': OrderedDict([('LANGUAGE', 'en_US:'), ('USER', 'liker'), ('LC_TIME', 'zh_CN.UTF-8'), ('XDG_SESSION_TYPE', 'wayland'), ('HOME', '/home/liker'), ('OLDPWD', '/home/liker/Desktop/camera1/c_ws/scripts'), ('DESKTOP_SESSION', 'ubuntu'), ('GTK_MODULES', 'gail:atk-bridge'), ('GNOME_SHELL_SESSION_MODE', 'ubuntu'), ('LC_MONETARY', 'zh_CN.UTF-8'), ('SYSTEMD_EXEC_PID', '1691'), ('DBUS_SESSION_BUS_ADDRESS', 'unix:path=/run/user/1000/bus,guid=98f95ca7946eb74339853bd7697d67ec'), ('DBUS_STARTER_BUS_TYPE', 'session'), ('COLORTERM', 'truecolor'), ('WAYLAND_DISPLAY', 'wayland-0'), ('IM_CONFIG_PHASE', '1'), ('LOGNAME', 'liker'), ('_', '/usr/bin/gnome-session'), ('XDG_SESSION_CLASS', 'user'), ('USERNAME', 'liker'), ('TERM', 'xterm-256color'), ('GNOME_DESKTOP_SESSION_ID', 'this-is-deprecated'), ('PATH', '/usr/local/sbin:/usr/local/bin:/usr/sbin:/usr/bin:/sbin:/bin:/usr/games:/usr/local/games:/snap/bin:/snap/bin'), ('SESSION_MANAGER', 'local/liker-virtual-machine:@/tmp/.ICE-unix/1691,unix/liker-virtual-machine:/tmp/.ICE-unix/1691'), ('GNOME_TERMINAL_SCREEN', '/org/gnome/Terminal/screen/2c44560e_c2ec_4c79_b760_6bd8c2503ce4'), ('XDG_MENU_PREFIX', 'gnome-'), ('GNOME_SETUP_DISPLAY', ':1'), ('XDG_RUNTIME_DIR', '/run/user/1000'), ('LC_ADDRESS', 'zh_CN.UTF-8'), ('DISPLAY', ':0'), ('LANG', 'en_US.UTF-8'), ('XDG_CURRENT_DESKTOP', 'ubuntu:GNOME'), ('LC_TELEPHONE', 'zh_CN.UTF-8'), ('XDG_SESSION_DESKTOP', 'ubuntu'), ('GNOME_TERMINAL_SERVICE', ':1.213'), ('XMODIFIERS', '@im=ibus'), ('XAUTHORITY', '/run/user/1000/.mutter-Xwaylandauth.OH8RJ3'), ('SSH_AUTH_SOCK', '/run/user/1000/keyring/ssh'), ('SSH_AGENT_LAUNCHER', 'gnome-keyring'), ('SHELL', '/bin/bash'), ('LC_NAME', 'zh_CN.UTF-8'), ('QT_ACCESSIBILITY', '1'), ('GDMSESSION', 'ubuntu'), ('LC_MEASUREMENT', 'zh_CN.UTF-8'), ('LC_IDENTIFICATION', 'zh_CN.UTF-8'), ('QT_IM_MODULE', 'ibus'), ('PWD', '/home/liker/Desktop/camera1/c_ws/build/camera_publish'), ('XDG_CONFIG_DIRS', '/etc/xdg/xdg-ubuntu:/etc/xdg'), ('XDG_DATA_DIRS', '/usr/share/ubuntu:/usr/local/share/:/usr/share/:/var/lib/snapd/desktop'), ('DBUS_STARTER_ADDRESS', 'unix:path=/run/user/1000/bus,guid=98f95ca7946eb74339853bd7697d67ec'), ('LC_NUMERIC', 'zh_CN.UTF-8'), ('LC_PAPER', 'zh_CN.UTF-8'), ('COLCON', '1'), ('VTE_VERSION', '6800')]), 'shell': False}
[0.015856] (rm_interfaces) StderrLine: {'line': b'\x1b[0mCMake Deprecation Warning at CMakeLists.txt:1 (cmake_minimum_required):\n'}
[0.017251] (rm_interfaces) StderrLine: {'line': b'  Compatibility with CMake < 3.10 will be removed from a future version of\n'}
[0.017609] (rm_interfaces) StderrLine: {'line': b'  CMake.\n'}
[0.017844] (rm_interfaces) StderrLine: {'line': b'\n'}
[0.018300] (rm_interfaces) StderrLine: {'line': b'  Update the VERSION argument <min> value.  Or, use the <min>...<max> syntax\n'}
[0.018471] (rm_interfaces) StderrLine: {'line': b'  to tell CMake that the project requires at least <min> but has been updated\n'}
[0.018516] (rm_interfaces) StderrLine: {'line': b'  to work with policies introduced by <max> or earlier.\n'}
[0.018551] (rm_interfaces) StderrLine: {'line': b'\n'}
[0.020869] (rm_interfaces) StderrLine: {'line': b'\x1b[0m\n'}
[0.021445] (camera_publish) StderrLine: {'line': b'\x1b[0mCMake Deprecation Warning at CMakeLists.txt:1 (cmake_minimum_required):\n'}
[0.021555] (camera_publish) StderrLine: {'line': b'  Compatibility with CMake < 3.10 will be removed from a future version of\n'}
[0.021597] (camera_publish) StderrLine: {'line': b'  CMake.\n'}
[0.021629] (camera_publish) StderrLine: {'line': b'\n'}
[0.021660] (camera_publish) StderrLine: {'line': b'  Update the VERSION argument <min> value.  Or, use the <min>...<max> syntax\n'}
[0.021690] (camera_publish) StderrLine: {'line': b'  to tell CMake that the project requires at least <min> but has been updated\n'}
[0.021719] (camera_publish) StderrLine: {'line': b'  to work with policies introduced by <max> or earlier.\n'}
[0.021746] (camera_publish) StderrLine: {'line': b'\n'}
[0.021773] (camera_publish) StderrLine: {'line': b'\x1b[0m\n'}
[0.021802] (my_launch) JobProgress: {'identifier': 'my_launch', 'progress': 'cmake'}
[0.021814] (my_launch) Command: {'cmd': ['/usr/local/bin/cmake', '/home/liker/Desktop/camera1/c_ws/src/my_launch', '-DCMAKE_INSTALL_PREFIX=/home/liker/Desktop/camera1/c_ws/install/my_launch'], 'cwd': '/home/liker/Desktop/camera1/c_ws/build/my_launch', 'env': OrderedDict([('LANGUAGE', 'en_US:'), ('USER', 'liker'), ('LC_TIME', 'zh_CN.UTF-8'), ('XDG_SESSION_TYPE', 'wayland'), ('HOME', '/home/liker'), ('OLDPWD', '/home/liker/Desktop/camera1/c_ws/scripts'), ('DESKTOP_SESSION', 'ubuntu'), ('GTK_MODULES', 'gail:atk-bridge'), ('GNOME_SHELL_SESSION_MODE', 'ubuntu'), ('LC_MONETARY', 'zh_CN.UTF-8'), ('SYSTEMD_EXEC_PID', '1691'), ('DBUS_SESSION_BUS_ADDRESS', 'unix:path=/run/user/1000/bus,guid=98f95ca7946eb74339853bd7697d67ec'), ('DBUS_STARTER_BUS_TYPE', 'session'), ('COLORTERM', 'truecolor'), ('WAYLAND_DISPLAY', 'wayland-0'), ('IM_CONFIG_PHASE', '1'), ('LOGNAME', 'liker'), ('_', '/usr/bin/gnome-session'), ('XDG_SESSION_CLASS', 'user'), ('USERNAME', 'liker'), ('TERM', 'xterm-256color'), ('GNOME_DESKTOP_SESSION_ID', 'this-is-deprecated'), ('PATH', '/usr/local/sbin:/usr/local/bin:/usr/sbin:/usr/bin:/sbin:/bin:/usr/games:/usr/local/games:/snap/bin:/snap/bin'), ('SESSION_MANAGER', 'local/liker-virtual-machine:@/tmp/.ICE-unix/1691,unix/liker-virtual-machine:/tmp/.ICE-unix/1691'), ('GNOME_TERMINAL_SCREEN', '/org/gnome/Terminal/screen/2c44560e_c2ec_4c79_b760_6bd8c2503ce4'), ('XDG_MENU_PREFIX', 'gnome-'), ('GNOME_SETUP_DISPLAY', ':1'), ('XDG_RUNTIME_DIR', '/run/user/1000'), ('LC_ADDRESS', 'zh_CN.UTF-8'), ('DISPLAY', ':0'), ('LANG', 'en_US.UTF-8'), ('XDG_CURRENT_DESKTOP', 'ubuntu:GNOME'), ('LC_TELEPHONE', 'zh_CN.UTF-8'), ('XDG_SESSION_DESKTOP', 'ubuntu'), ('GNOME_TERMINAL_SERVICE', ':1.213'), ('XMODIFIERS', '@im=ibus'), ('XAUTHORITY', '/run/user/1000/.mutter-Xwaylandauth.OH8RJ3'), ('SSH_AUTH_SOCK', '/run/user/1000/keyring/ssh'), ('SSH_AGENT_LAUNCHER', 'gnome-keyring'), ('SHELL', '/bin/bash'), ('LC_NAME', 'zh_CN.UTF-8'), ('QT_ACCESSIBILITY', '1'), ('GDMSESSION', 'ubuntu'), ('LC_MEASUREMENT', 'zh_CN.UTF-8'), ('LC_IDENTIFICATION', 'zh_CN.UTF-8'), ('QT_IM_MODULE', 'ibus'), ('PWD', '/home/liker/Desktop/camera1/c_ws/build/my_launch'), ('XDG_CONFIG_DIRS', '/etc/xdg/xdg-ubuntu:/etc/xdg'), ('XDG_DATA_DIRS', '/usr/share/ubuntu:/usr/local/share/:/usr/share/:/var/lib/snapd/desktop'), ('DBUS_STARTER_ADDRESS', 'unix:path=/run/user/1000/bus,guid=98f95ca7946eb74339853bd7697d67ec'), ('LC_NUMERIC', 'zh_CN.UTF-8'), ('LC_PAPER', 'zh_CN.UTF-8'), ('COLCON', '1'), ('VTE_VERSION', '6800')]), 'shell': False}
[0.024229] (my_launch) StderrLine: {'line': b'\x1b[0mCMake Deprecation Warning at CMakeLists.txt:1 (cmake_minimum_required):\n'}
[0.024351] (my_launch) StderrLine: {'line': b'  Compatibility with CMake < 3.10 will be removed from a future version of\n'}
[0.024392] (my_launch) StderrLine: {'line': b'  CMake.\n'}
[0.024425] (my_launch) StderrLine: {'line': b'\n'}
[0.024454] (my_launch) StderrLine: {'line': b'  Update the VERSION argument <min> value.  Or, use the <min>...<max> syntax\n'}
[0.024483] (my_launch) StderrLine: {'line': b'  to tell CMake that the project requires at least <min> but has been updated\n'}
[0.024510] (my_launch) StderrLine: {'line': b'  to work with policies introduced by <max> or earlier.\n'}
[0.024537] (my_launch) StderrLine: {'line': b'\n'}
[0.024669] (my_launch) StderrLine: {'line': b'\x1b[0m\n'}
[0.026867] (rm_interfaces) StderrLine: {'line': b'\x1b[31mCMake Error at CMakeLists.txt:9 (find_package):\n'}
[0.027199] (rm_interfaces) StderrLine: {'line': b'  By not providing "Findament_cmake.cmake" in CMAKE_MODULE_PATH this project\n'}
[0.027380] (rm_interfaces) StderrLine: {'line': b'  has asked CMake to find a package configuration file provided by\n'}
[0.027480] (rm_interfaces) StderrLine: {'line': b'  "ament_cmake", but CMake did not find one.\n'}
[0.027912] (rm_interfaces) StderrLine: {'line': b'\n'}
[0.027976] (rm_interfaces) StderrLine: {'line': b'  Could not find a package configuration file provided by "ament_cmake" with\n'}
[0.028015] (rm_interfaces) StderrLine: {'line': b'  any of the following names:\n'}
[0.028081] (rm_interfaces) StderrLine: {'line': b'\n'}
[0.028733] (rm_interfaces) StderrLine: {'line': b'    ament_cmakeConfig.cmake\n'}
[0.029221] (rm_interfaces) StderrLine: {'line': b'    ament_cmake-config.cmake\n'}
[0.030679] (rm_interfaces) StderrLine: {'line': b'\n'}
[0.030856] (rm_interfaces) StderrLine: {'line': b'  Add the installation prefix of "ament_cmake" to CMAKE_PREFIX_PATH or set\n'}
[0.030902] (rm_interfaces) StderrLine: {'line': b'  "ament_cmake_DIR" to a directory containing one of the above files.  If\n'}
[0.030934] (rm_interfaces) StderrLine: {'line': b'  "ament_cmake" provides a separate development package or SDK, be sure it\n'}
[0.033866] (rm_interfaces) StderrLine: {'line': b'  has been installed.\n'}
[0.034010] (rm_interfaces) StderrLine: {'line': b'\n'}
[0.034061] (rm_interfaces) StderrLine: {'line': b'\x1b[0m\n'}
[0.034099] (rm_interfaces) StdoutLine: {'line': b'-- Configuring incomplete, errors occurred!\n'}
[0.034153] (camera_publish) StdoutLine: {'line': b'-- Configuring incomplete, errors occurred!\n'}
[0.034200] (camera_publish) StderrLine: {'line': b'\x1b[31mCMake Error at CMakeLists.txt:9 (find_package):\n'}
[0.034746] (camera_publish) StderrLine: {'line': b'  By not providing "Findament_cmake.cmake" in CMAKE_MODULE_PATH this project\n'}
[0.034907] (camera_publish) StderrLine: {'line': b'  has asked CMake to find a package configuration file provided by\n'}
[0.034949] (camera_publish) StderrLine: {'line': b'  "ament_cmake", but CMake did not find one.\n'}
[0.037921] (camera_publish) StderrLine: {'line': b'\n'}
[0.038662] (camera_publish) StderrLine: {'line': b'  Could not find a package configuration file provided by "ament_cmake" with\n'}
[0.039047] (camera_publish) StderrLine: {'line': b'  any of the following names:\n'}
[0.039094] (camera_publish) StderrLine: {'line': b'\n'}
[0.041448] (camera_publish) StderrLine: {'line': b'    ament_cmakeConfig.cmake\n'}
[0.041540] (camera_publish) StderrLine: {'line': b'    ament_cmake-config.cmake\n'}
[0.041666] (camera_publish) StderrLine: {'line': b'\n'}
[0.041736] (camera_publish) StderrLine: {'line': b'  Add the installation prefix of "ament_cmake" to CMAKE_PREFIX_PATH or set\n'}
[0.044031] (camera_publish) StderrLine: {'line': b'  "ament_cmake_DIR" to a directory containing one of the above files.  If\n'}
[0.044147] (camera_publish) StderrLine: {'line': b'  "ament_cmake" provides a separate development package or SDK, be sure it\n'}
[0.044189] (camera_publish) StderrLine: {'line': b'  has been installed.\n'}
[0.044251] (camera_publish) StderrLine: {'line': b'\n'}
[0.044294] (camera_publish) StderrLine: {'line': b'\x1b[0m\n'}
[0.044329] (rm_interfaces) CommandEnded: {'returncode': 1}
[0.044554] (camera_publish) CommandEnded: {'returncode': 1}
[0.044909] (my_launch) StdoutLine: {'line': b'-- Configuring incomplete, errors occurred!\n'}
[0.045576] (my_launch) StderrLine: {'line': b'\x1b[31mCMake Error at CMakeLists.txt:9 (find_package):\n'}
[0.045727] (my_launch) StderrLine: {'line': b'  By not providing "Findament_cmake.cmake" in CMAKE_MODULE_PATH this project\n'}
[0.045849] (my_launch) StderrLine: {'line': b'  has asked CMake to find a package configuration file provided by\n'}
[0.045897] (my_launch) StderrLine: {'line': b'  "ament_cmake", but CMake did not find one.\n'}
[0.045974] (my_launch) StderrLine: {'line': b'\n'}
[0.046156] (my_launch) StderrLine: {'line': b'  Could not find a package configuration file provided by "ament_cmake" with\n'}
[0.046238] (my_launch) StderrLine: {'line': b'  any of the following names:\n'}
[0.046276] (my_launch) StderrLine: {'line': b'\n'}
[0.046308] (my_launch) StderrLine: {'line': b'    ament_cmakeConfig.cmake\n'}
[0.046370] (my_launch) StderrLine: {'line': b'    ament_cmake-config.cmake\n'}
[0.046409] (my_launch) StderrLine: {'line': b'\n'}
[0.046441] (my_launch) StderrLine: {'line': b'  Add the installation prefix of "ament_cmake" to CMAKE_PREFIX_PATH or set\n'}
[0.046510] (my_launch) StderrLine: {'line': b'  "ament_cmake_DIR" to a directory containing one of the above files.  If\n'}
[0.046551] (my_launch) StderrLine: {'line': b'  "ament_cmake" provides a separate development package or SDK, be sure it\n'}
[0.046620] (my_launch) StderrLine: {'line': b'  has been installed.\n'}
[0.046741] (my_launch) StderrLine: {'line': b'\n'}
[0.046842] (my_launch) StderrLine: {'line': b'\x1b[0m\n'}
[0.046892] (my_launch) CommandEnded: {'returncode': 1}
[0.055129] (rm_interfaces) JobEnded: {'identifier': 'rm_interfaces', 'rc': 1}
[0.056177] (my_launch) JobEnded: {'identifier': 'my_launch', 'rc': 'SIGINT'}
[0.056703] (camera_publish) JobEnded: {'identifier': 'camera_publish', 'rc': 'SIGINT'}
[0.066426] (tf2_node) JobSkipped: {'identifier': 'tf2_node'}
[0.066669] (vision_detector) JobSkipped: {'identifier': 'vision_detector'}
[0.066737] (-) EventReactorShutdown: {}
