[ 66%] Built target qtdispaly
[ 66%] Built target TFListener
[100%] Built target static_tf_publish
-- Install configuration: ""
-- Up-to-date: /home/liker/Desktop/camera1/c_ws/src/install/tf2_node/lib/tf2_node/static_tf_publish
-- Up-to-date: /home/liker/Desktop/camera1/c_ws/src/install/tf2_node/lib/tf2_node/TFListener
-- Up-to-date: /home/liker/Desktop/camera1/c_ws/src/install/tf2_node/lib/tf2_node/qtdispaly
-- Up-to-date: /home/liker/Desktop/camera1/c_ws/src/install/tf2_node/share/ament_index/resource_index/package_run_dependencies/tf2_node
-- Up-to-date: /home/liker/Desktop/camera1/c_ws/src/install/tf2_node/share/ament_index/resource_index/parent_prefix_path/tf2_node
-- Up-to-date: /home/liker/Desktop/camera1/c_ws/src/install/tf2_node/share/tf2_node/environment/ament_prefix_path.sh
-- Up-to-date: /home/liker/Desktop/camera1/c_ws/src/install/tf2_node/share/tf2_node/environment/ament_prefix_path.dsv
-- Up-to-date: /home/liker/Desktop/camera1/c_ws/src/install/tf2_node/share/tf2_node/environment/path.sh
-- Up-to-date: /home/liker/Desktop/camera1/c_ws/src/install/tf2_node/share/tf2_node/environment/path.dsv
-- Up-to-date: /home/liker/Desktop/camera1/c_ws/src/install/tf2_node/share/tf2_node/local_setup.bash
-- Up-to-date: /home/liker/Desktop/camera1/c_ws/src/install/tf2_node/share/tf2_node/local_setup.sh
-- Up-to-date: /home/liker/Desktop/camera1/c_ws/src/install/tf2_node/share/tf2_node/local_setup.zsh
-- Up-to-date: /home/liker/Desktop/camera1/c_ws/src/install/tf2_node/share/tf2_node/local_setup.dsv
-- Installing: /home/liker/Desktop/camera1/c_ws/src/install/tf2_node/share/tf2_node/package.dsv
-- Up-to-date: /home/liker/Desktop/camera1/c_ws/src/install/tf2_node/share/ament_index/resource_index/packages/tf2_node
-- Up-to-date: /home/liker/Desktop/camera1/c_ws/src/install/tf2_node/share/tf2_node/cmake/tf2_nodeConfig.cmake
-- Up-to-date: /home/liker/Desktop/camera1/c_ws/src/install/tf2_node/share/tf2_node/cmake/tf2_nodeConfig-version.cmake
-- Up-to-date: /home/liker/Desktop/camera1/c_ws/src/install/tf2_node/share/tf2_node/package.xml
