[0.016s] Invoking command in '/home/liker/Desktop/camera1/c_ws/src/build/tf2_node': CMAKE_PREFIX_PATH=/home/liker/Desktop/camera1/c_ws/src/install/rm_interfaces:/home/liker/Desktop/camera1/c_ws/src/install/vision_detector:/home/liker/Desktop/camera1/c_ws/src/install/tf2_node:/home/liker/Desktop/camera1/c_ws/src/install/my_launch:/home/liker/Desktop/camera1/c_ws/src/install/camera_publish:/opt/ros/humble /usr/local/bin/cmake --build /home/liker/Desktop/camera1/c_ws/src/build/tf2_node -- -j32 -l32
[0.055s] [ 66%] Built target qtdispaly
[0.055s] [ 66%] Built target TFListener
[0.065s] [100%] Built target static_tf_publish
[0.074s] Invoked command in '/home/liker/Desktop/camera1/c_ws/src/build/tf2_node' returned '0': CMAKE_PREFIX_PATH=/home/liker/Desktop/camera1/c_ws/src/install/rm_interfaces:/home/liker/Desktop/camera1/c_ws/src/install/vision_detector:/home/liker/Desktop/camera1/c_ws/src/install/tf2_node:/home/liker/Desktop/camera1/c_ws/src/install/my_launch:/home/liker/Desktop/camera1/c_ws/src/install/camera_publish:/opt/ros/humble /usr/local/bin/cmake --build /home/liker/Desktop/camera1/c_ws/src/build/tf2_node -- -j32 -l32
[0.075s] Invoking command in '/home/liker/Desktop/camera1/c_ws/src/build/tf2_node': CMAKE_PREFIX_PATH=/home/liker/Desktop/camera1/c_ws/src/install/rm_interfaces:/home/liker/Desktop/camera1/c_ws/src/install/vision_detector:/home/liker/Desktop/camera1/c_ws/src/install/tf2_node:/home/liker/Desktop/camera1/c_ws/src/install/my_launch:/home/liker/Desktop/camera1/c_ws/src/install/camera_publish:/opt/ros/humble /usr/local/bin/cmake --install /home/liker/Desktop/camera1/c_ws/src/build/tf2_node
[0.078s] -- Install configuration: ""
[0.078s] -- Up-to-date: /home/liker/Desktop/camera1/c_ws/src/install/tf2_node/lib/tf2_node/static_tf_publish
[0.079s] -- Up-to-date: /home/liker/Desktop/camera1/c_ws/src/install/tf2_node/lib/tf2_node/TFListener
[0.079s] -- Up-to-date: /home/liker/Desktop/camera1/c_ws/src/install/tf2_node/lib/tf2_node/qtdispaly
[0.080s] -- Up-to-date: /home/liker/Desktop/camera1/c_ws/src/install/tf2_node/share/ament_index/resource_index/package_run_dependencies/tf2_node
[0.080s] -- Up-to-date: /home/liker/Desktop/camera1/c_ws/src/install/tf2_node/share/ament_index/resource_index/parent_prefix_path/tf2_node
[0.080s] -- Up-to-date: /home/liker/Desktop/camera1/c_ws/src/install/tf2_node/share/tf2_node/environment/ament_prefix_path.sh
[0.080s] -- Up-to-date: /home/liker/Desktop/camera1/c_ws/src/install/tf2_node/share/tf2_node/environment/ament_prefix_path.dsv
[0.080s] -- Up-to-date: /home/liker/Desktop/camera1/c_ws/src/install/tf2_node/share/tf2_node/environment/path.sh
[0.080s] -- Up-to-date: /home/liker/Desktop/camera1/c_ws/src/install/tf2_node/share/tf2_node/environment/path.dsv
[0.081s] -- Up-to-date: /home/liker/Desktop/camera1/c_ws/src/install/tf2_node/share/tf2_node/local_setup.bash
[0.081s] -- Up-to-date: /home/liker/Desktop/camera1/c_ws/src/install/tf2_node/share/tf2_node/local_setup.sh
[0.081s] -- Up-to-date: /home/liker/Desktop/camera1/c_ws/src/install/tf2_node/share/tf2_node/local_setup.zsh
[0.081s] -- Up-to-date: /home/liker/Desktop/camera1/c_ws/src/install/tf2_node/share/tf2_node/local_setup.dsv
[0.081s] -- Installing: /home/liker/Desktop/camera1/c_ws/src/install/tf2_node/share/tf2_node/package.dsv
[0.081s] -- Up-to-date: /home/liker/Desktop/camera1/c_ws/src/install/tf2_node/share/ament_index/resource_index/packages/tf2_node
[0.081s] -- Up-to-date: /home/liker/Desktop/camera1/c_ws/src/install/tf2_node/share/tf2_node/cmake/tf2_nodeConfig.cmake
[0.081s] -- Up-to-date: /home/liker/Desktop/camera1/c_ws/src/install/tf2_node/share/tf2_node/cmake/tf2_nodeConfig-version.cmake
[0.081s] -- Up-to-date: /home/liker/Desktop/camera1/c_ws/src/install/tf2_node/share/tf2_node/package.xml
[0.082s] Invoked command in '/home/liker/Desktop/camera1/c_ws/src/build/tf2_node' returned '0': CMAKE_PREFIX_PATH=/home/liker/Desktop/camera1/c_ws/src/install/rm_interfaces:/home/liker/Desktop/camera1/c_ws/src/install/vision_detector:/home/liker/Desktop/camera1/c_ws/src/install/tf2_node:/home/liker/Desktop/camera1/c_ws/src/install/my_launch:/home/liker/Desktop/camera1/c_ws/src/install/camera_publish:/opt/ros/humble /usr/local/bin/cmake --install /home/liker/Desktop/camera1/c_ws/src/build/tf2_node
