[0.017s] Invoking command in '/home/liker/Desktop/camera1/c_ws/src/build/tf2_node': AMENT_PREFIX_PATH=/home/liker/Desktop/camera1/c_ws/src/install/rm_interfaces:${AMENT_PREFIX_PATH} CMAKE_PREFIX_PATH=/home/liker/Desktop/camera1/c_ws/src/install/rm_interfaces:/opt/ros/humble LD_LIBRARY_PATH=/home/liker/Desktop/camera1/c_ws/src/install/rm_interfaces/lib:${LD_LIBRARY_PATH} PYTHONPATH=/home/liker/Desktop/camera1/c_ws/src/install/rm_interfaces/local/lib/python3.10/dist-packages:${PYTHONPATH} /usr/local/bin/cmake --build /home/liker/Desktop/camera1/c_ws/src/build/tf2_node -- -j32 -l32
[0.061s] [ 16%] [32mBuilding CXX object CMakeFiles/static_tf_publish.dir/src/static_tf_publish.cpp.o[0m
[0.066s] [ 50%] Built target qtdispaly
[0.077s] [ 83%] Built target TFListener
[3.021s] [100%] [32m[1mLinking CXX executable static_tf_publish[0m
[3.162s] [100%] Built target static_tf_publish
[3.169s] Invoked command in '/home/liker/Desktop/camera1/c_ws/src/build/tf2_node' returned '0': AMENT_PREFIX_PATH=/home/liker/Desktop/camera1/c_ws/src/install/rm_interfaces:${AMENT_PREFIX_PATH} CMAKE_PREFIX_PATH=/home/liker/Desktop/camera1/c_ws/src/install/rm_interfaces:/opt/ros/humble LD_LIBRARY_PATH=/home/liker/Desktop/camera1/c_ws/src/install/rm_interfaces/lib:${LD_LIBRARY_PATH} PYTHONPATH=/home/liker/Desktop/camera1/c_ws/src/install/rm_interfaces/local/lib/python3.10/dist-packages:${PYTHONPATH} /usr/local/bin/cmake --build /home/liker/Desktop/camera1/c_ws/src/build/tf2_node -- -j32 -l32
[3.171s] Invoking command in '/home/liker/Desktop/camera1/c_ws/src/build/tf2_node': AMENT_PREFIX_PATH=/home/liker/Desktop/camera1/c_ws/src/install/rm_interfaces:${AMENT_PREFIX_PATH} CMAKE_PREFIX_PATH=/home/liker/Desktop/camera1/c_ws/src/install/rm_interfaces:/opt/ros/humble LD_LIBRARY_PATH=/home/liker/Desktop/camera1/c_ws/src/install/rm_interfaces/lib:${LD_LIBRARY_PATH} PYTHONPATH=/home/liker/Desktop/camera1/c_ws/src/install/rm_interfaces/local/lib/python3.10/dist-packages:${PYTHONPATH} /usr/local/bin/cmake --install /home/liker/Desktop/camera1/c_ws/src/build/tf2_node
[3.174s] -- Install configuration: ""
[3.175s] -- Installing: /home/liker/Desktop/camera1/c_ws/src/install/tf2_node/lib/tf2_node/static_tf_publish
[3.176s] -- Set non-toolchain portion of runtime path of "/home/liker/Desktop/camera1/c_ws/src/install/tf2_node/lib/tf2_node/static_tf_publish" to ""
[3.177s] -- Up-to-date: /home/liker/Desktop/camera1/c_ws/src/install/tf2_node/lib/tf2_node/TFListener
[3.177s] -- Up-to-date: /home/liker/Desktop/camera1/c_ws/src/install/tf2_node/lib/tf2_node/qtdispaly
[3.178s] -- Up-to-date: /home/liker/Desktop/camera1/c_ws/src/install/tf2_node/share/ament_index/resource_index/package_run_dependencies/tf2_node
[3.178s] -- Up-to-date: /home/liker/Desktop/camera1/c_ws/src/install/tf2_node/share/ament_index/resource_index/parent_prefix_path/tf2_node
[3.178s] -- Up-to-date: /home/liker/Desktop/camera1/c_ws/src/install/tf2_node/share/tf2_node/environment/ament_prefix_path.sh
[3.178s] -- Up-to-date: /home/liker/Desktop/camera1/c_ws/src/install/tf2_node/share/tf2_node/environment/ament_prefix_path.dsv
[3.179s] -- Up-to-date: /home/liker/Desktop/camera1/c_ws/src/install/tf2_node/share/tf2_node/environment/path.sh
[3.179s] -- Up-to-date: /home/liker/Desktop/camera1/c_ws/src/install/tf2_node/share/tf2_node/environment/path.dsv
[3.179s] -- Up-to-date: /home/liker/Desktop/camera1/c_ws/src/install/tf2_node/share/tf2_node/local_setup.bash
[3.179s] -- Up-to-date: /home/liker/Desktop/camera1/c_ws/src/install/tf2_node/share/tf2_node/local_setup.sh
[3.179s] -- Up-to-date: /home/liker/Desktop/camera1/c_ws/src/install/tf2_node/share/tf2_node/local_setup.zsh
[3.179s] -- Up-to-date: /home/liker/Desktop/camera1/c_ws/src/install/tf2_node/share/tf2_node/local_setup.dsv
[3.179s] -- Installing: /home/liker/Desktop/camera1/c_ws/src/install/tf2_node/share/tf2_node/package.dsv
[3.180s] -- Up-to-date: /home/liker/Desktop/camera1/c_ws/src/install/tf2_node/share/ament_index/resource_index/packages/tf2_node
[3.180s] -- Up-to-date: /home/liker/Desktop/camera1/c_ws/src/install/tf2_node/share/tf2_node/cmake/tf2_nodeConfig.cmake
[3.180s] -- Up-to-date: /home/liker/Desktop/camera1/c_ws/src/install/tf2_node/share/tf2_node/cmake/tf2_nodeConfig-version.cmake
[3.181s] -- Up-to-date: /home/liker/Desktop/camera1/c_ws/src/install/tf2_node/share/tf2_node/package.xml
[3.182s] Invoked command in '/home/liker/Desktop/camera1/c_ws/src/build/tf2_node' returned '0': AMENT_PREFIX_PATH=/home/liker/Desktop/camera1/c_ws/src/install/rm_interfaces:${AMENT_PREFIX_PATH} CMAKE_PREFIX_PATH=/home/liker/Desktop/camera1/c_ws/src/install/rm_interfaces:/opt/ros/humble LD_LIBRARY_PATH=/home/liker/Desktop/camera1/c_ws/src/install/rm_interfaces/lib:${LD_LIBRARY_PATH} PYTHONPATH=/home/liker/Desktop/camera1/c_ws/src/install/rm_interfaces/local/lib/python3.10/dist-packages:${PYTHONPATH} /usr/local/bin/cmake --install /home/liker/Desktop/camera1/c_ws/src/build/tf2_node
