[0.012s] Invoking command in '/home/liker/Desktop/camera1/c_ws/src/build/tf2_node': AMENT_PREFIX_PATH=/home/liker/Desktop/camera1/c_ws/src/install/rm_interfaces:${AMENT_PREFIX_PATH} CMAKE_PREFIX_PATH=/home/liker/Desktop/camera1/c_ws/src/install/rm_interfaces:/opt/ros/humble LD_LIBRARY_PATH=/home/liker/Desktop/camera1/c_ws/src/install/rm_interfaces/lib:${LD_LIBRARY_PATH} PYTHONPATH=/home/liker/Desktop/camera1/c_ws/src/install/rm_interfaces/local/lib/python3.10/dist-packages:${PYTHONPATH} /usr/local/bin/cmake --build /home/liker/Desktop/camera1/c_ws/src/build/tf2_node -- -j32 -l32
[0.052s] [ 33%] Built target static_tf_publish
[0.053s] [ 66%] Built target TFListener
[0.060s] [ 83%] [32mBuilding CXX object CMakeFiles/qtdispaly.dir/src/qtdispaly.cpp.o[0m
[6.353s] [100%] [32m[1mLinking CXX executable qtdispaly[0m
[6.897s] [100%] Built target qtdispaly
[6.905s] Invoked command in '/home/liker/Desktop/camera1/c_ws/src/build/tf2_node' returned '0': AMENT_PREFIX_PATH=/home/liker/Desktop/camera1/c_ws/src/install/rm_interfaces:${AMENT_PREFIX_PATH} CMAKE_PREFIX_PATH=/home/liker/Desktop/camera1/c_ws/src/install/rm_interfaces:/opt/ros/humble LD_LIBRARY_PATH=/home/liker/Desktop/camera1/c_ws/src/install/rm_interfaces/lib:${LD_LIBRARY_PATH} PYTHONPATH=/home/liker/Desktop/camera1/c_ws/src/install/rm_interfaces/local/lib/python3.10/dist-packages:${PYTHONPATH} /usr/local/bin/cmake --build /home/liker/Desktop/camera1/c_ws/src/build/tf2_node -- -j32 -l32
[6.911s] Invoking command in '/home/liker/Desktop/camera1/c_ws/src/build/tf2_node': AMENT_PREFIX_PATH=/home/liker/Desktop/camera1/c_ws/src/install/rm_interfaces:${AMENT_PREFIX_PATH} CMAKE_PREFIX_PATH=/home/liker/Desktop/camera1/c_ws/src/install/rm_interfaces:/opt/ros/humble LD_LIBRARY_PATH=/home/liker/Desktop/camera1/c_ws/src/install/rm_interfaces/lib:${LD_LIBRARY_PATH} PYTHONPATH=/home/liker/Desktop/camera1/c_ws/src/install/rm_interfaces/local/lib/python3.10/dist-packages:${PYTHONPATH} /usr/local/bin/cmake --install /home/liker/Desktop/camera1/c_ws/src/build/tf2_node
[6.914s] -- Install configuration: ""
[6.914s] -- Up-to-date: /home/liker/Desktop/camera1/c_ws/src/install/tf2_node/lib/tf2_node/static_tf_publish
[6.915s] -- Up-to-date: /home/liker/Desktop/camera1/c_ws/src/install/tf2_node/lib/tf2_node/TFListener
[6.915s] -- Installing: /home/liker/Desktop/camera1/c_ws/src/install/tf2_node/lib/tf2_node/qtdispaly
[6.922s] -- Set non-toolchain portion of runtime path of "/home/liker/Desktop/camera1/c_ws/src/install/tf2_node/lib/tf2_node/qtdispaly" to ""
[6.922s] -- Up-to-date: /home/liker/Desktop/camera1/c_ws/src/install/tf2_node/share/ament_index/resource_index/package_run_dependencies/tf2_node
[6.922s] -- Up-to-date: /home/liker/Desktop/camera1/c_ws/src/install/tf2_node/share/ament_index/resource_index/parent_prefix_path/tf2_node
[6.922s] -- Up-to-date: /home/liker/Desktop/camera1/c_ws/src/install/tf2_node/share/tf2_node/environment/ament_prefix_path.sh
[6.922s] -- Up-to-date: /home/liker/Desktop/camera1/c_ws/src/install/tf2_node/share/tf2_node/environment/ament_prefix_path.dsv
[6.922s] -- Up-to-date: /home/liker/Desktop/camera1/c_ws/src/install/tf2_node/share/tf2_node/environment/path.sh
[6.922s] -- Up-to-date: /home/liker/Desktop/camera1/c_ws/src/install/tf2_node/share/tf2_node/environment/path.dsv
[6.922s] -- Up-to-date: /home/liker/Desktop/camera1/c_ws/src/install/tf2_node/share/tf2_node/local_setup.bash
[6.922s] -- Up-to-date: /home/liker/Desktop/camera1/c_ws/src/install/tf2_node/share/tf2_node/local_setup.sh
[6.923s] -- Up-to-date: /home/liker/Desktop/camera1/c_ws/src/install/tf2_node/share/tf2_node/local_setup.zsh
[6.923s] -- Up-to-date: /home/liker/Desktop/camera1/c_ws/src/install/tf2_node/share/tf2_node/local_setup.dsv
[6.923s] -- Installing: /home/liker/Desktop/camera1/c_ws/src/install/tf2_node/share/tf2_node/package.dsv
[6.923s] -- Up-to-date: /home/liker/Desktop/camera1/c_ws/src/install/tf2_node/share/ament_index/resource_index/packages/tf2_node
[6.923s] -- Up-to-date: /home/liker/Desktop/camera1/c_ws/src/install/tf2_node/share/tf2_node/cmake/tf2_nodeConfig.cmake
[6.923s] -- Up-to-date: /home/liker/Desktop/camera1/c_ws/src/install/tf2_node/share/tf2_node/cmake/tf2_nodeConfig-version.cmake
[6.923s] -- Up-to-date: /home/liker/Desktop/camera1/c_ws/src/install/tf2_node/share/tf2_node/package.xml
[6.926s] Invoked command in '/home/liker/Desktop/camera1/c_ws/src/build/tf2_node' returned '0': AMENT_PREFIX_PATH=/home/liker/Desktop/camera1/c_ws/src/install/rm_interfaces:${AMENT_PREFIX_PATH} CMAKE_PREFIX_PATH=/home/liker/Desktop/camera1/c_ws/src/install/rm_interfaces:/opt/ros/humble LD_LIBRARY_PATH=/home/liker/Desktop/camera1/c_ws/src/install/rm_interfaces/lib:${LD_LIBRARY_PATH} PYTHONPATH=/home/liker/Desktop/camera1/c_ws/src/install/rm_interfaces/local/lib/python3.10/dist-packages:${PYTHONPATH} /usr/local/bin/cmake --install /home/liker/Desktop/camera1/c_ws/src/build/tf2_node
