[0.000000] (-) TimerEvent: {}
[0.000759] (camera_publish) JobQueued: {'identifier': 'camera_publish', 'dependencies': OrderedDict()}
[0.000804] (my_launch) JobQueued: {'identifier': 'my_launch', 'dependencies': OrderedDict()}
[0.000819] (rm_interfaces) JobQueued: {'identifier': 'rm_interfaces', 'dependencies': OrderedDict()}
[0.000828] (tf2_node) JobQueued: {'identifier': 'tf2_node', 'dependencies': OrderedDict([('rm_interfaces', '/home/liker/Desktop/camera1/c_ws/src/install/rm_interfaces')])}
[0.000838] (vision_detector) JobQueued: {'identifier': 'vision_detector', 'dependencies': OrderedDict([('rm_interfaces', '/home/liker/Desktop/camera1/c_ws/src/install/rm_interfaces')])}
[0.001355] (rm_interfaces) JobStarted: {'identifier': 'rm_interfaces'}
[0.005668] (camera_publish) JobStarted: {'identifier': 'camera_publish'}
[0.009269] (my_launch) JobStarted: {'identifier': 'my_launch'}
[0.012792] (rm_interfaces) JobProgress: {'identifier': 'rm_interfaces', 'progress': 'cmake'}
[0.015061] (rm_interfaces) JobProgress: {'identifier': 'rm_interfaces', 'progress': 'build'}
[0.015128] (rm_interfaces) Command: {'cmd': ['/usr/local/bin/cmake', '--build', '/home/liker/Desktop/camera1/c_ws/src/build/rm_interfaces', '--', '-j32', '-l32'], 'cwd': '/home/liker/Desktop/camera1/c_ws/src/build/rm_interfaces', 'env': OrderedDict([('LANGUAGE', 'en_US:'), ('USER', 'liker'), ('LC_TIME', 'zh_CN.UTF-8'), ('XDG_SESSION_TYPE', 'wayland'), ('SHLVL', '1'), ('LD_LIBRARY_PATH', '/opt/ros/humble/opt/rviz_ogre_vendor/lib:/opt/ros/humble/lib/x86_64-linux-gnu:/opt/ros/humble/lib'), ('HOME', '/home/liker'), ('OLDPWD', '/home/liker/Desktop/camera1/c_ws/scripts'), ('DESKTOP_SESSION', 'ubuntu'), ('ROS_PYTHON_VERSION', '3'), ('GNOME_SHELL_SESSION_MODE', 'ubuntu'), ('GTK_MODULES', 'gail:atk-bridge'), ('LC_MONETARY', 'zh_CN.UTF-8'), ('DBUS_STARTER_BUS_TYPE', 'session'), ('SYSTEMD_EXEC_PID', '1691'), ('DBUS_SESSION_BUS_ADDRESS', 'unix:path=/run/user/1000/bus,guid=98f95ca7946eb74339853bd7697d67ec'), ('COLORTERM', 'truecolor'), ('IM_CONFIG_PHASE', '1'), ('WAYLAND_DISPLAY', 'wayland-0'), ('COLCON_PREFIX_PATH', '/home/liker/Desktop/camera1/c_ws/install'), ('ROS_DISTRO', 'humble'), ('LOGNAME', 'liker'), ('_', '/usr/bin/colcon'), ('ROS_VERSION', '2'), ('XDG_SESSION_CLASS', 'user'), ('USERNAME', 'liker'), ('TERM', 'xterm-256color'), ('GNOME_DESKTOP_SESSION_ID', 'this-is-deprecated'), ('ROS_LOCALHOST_ONLY', '0'), ('PATH', '/opt/ros/humble/bin:/usr/local/sbin:/usr/local/bin:/usr/sbin:/usr/bin:/sbin:/bin:/usr/games:/usr/local/games:/snap/bin:/snap/bin'), ('SESSION_MANAGER', 'local/liker-virtual-machine:@/tmp/.ICE-unix/1691,unix/liker-virtual-machine:/tmp/.ICE-unix/1691'), ('XDG_MENU_PREFIX', 'gnome-'), ('LC_ADDRESS', 'zh_CN.UTF-8'), ('GNOME_TERMINAL_SCREEN', '/org/gnome/Terminal/screen/b9be49ba_d19f_4394_aaeb_259e5609c0c1'), ('GNOME_SETUP_DISPLAY', ':1'), ('XDG_RUNTIME_DIR', '/run/user/1000'), ('DISPLAY', ':0'), ('LANG', 'en_US.UTF-8'), ('XDG_CURRENT_DESKTOP', 'ubuntu:GNOME'), ('LC_TELEPHONE', 'zh_CN.UTF-8'), ('XMODIFIERS', '@im=ibus'), ('XDG_SESSION_DESKTOP', 'ubuntu'), ('XAUTHORITY', '/run/user/1000/.mutter-Xwaylandauth.OH8RJ3'), ('GNOME_TERMINAL_SERVICE', ':1.213'), ('SSH_AGENT_LAUNCHER', 'gnome-keyring'), ('SSH_AUTH_SOCK', '/run/user/1000/keyring/ssh'), ('AMENT_PREFIX_PATH', '/opt/ros/humble'), ('SHELL', '/bin/bash'), ('LC_NAME', 'zh_CN.UTF-8'), ('QT_ACCESSIBILITY', '1'), ('GDMSESSION', 'ubuntu'), ('LC_MEASUREMENT', 'zh_CN.UTF-8'), ('LC_IDENTIFICATION', 'zh_CN.UTF-8'), ('QT_IM_MODULE', 'ibus'), ('PWD', '/home/liker/Desktop/camera1/c_ws/src/build/rm_interfaces'), ('XDG_CONFIG_DIRS', '/etc/xdg/xdg-ubuntu:/etc/xdg'), ('DBUS_STARTER_ADDRESS', 'unix:path=/run/user/1000/bus,guid=98f95ca7946eb74339853bd7697d67ec'), ('XDG_DATA_DIRS', '/usr/share/ubuntu:/usr/local/share/:/usr/share/:/var/lib/snapd/desktop'), ('PYTHONPATH', '/opt/ros/humble/lib/python3.10/site-packages:/opt/ros/humble/local/lib/python3.10/dist-packages'), ('LC_NUMERIC', 'zh_CN.UTF-8'), ('LC_PAPER', 'zh_CN.UTF-8'), ('COLCON', '1'), ('VTE_VERSION', '6800'), ('CMAKE_PREFIX_PATH', '/opt/ros/humble')]), 'shell': False}
[0.018052] (camera_publish) JobProgress: {'identifier': 'camera_publish', 'progress': 'cmake'}
[0.019796] (camera_publish) JobProgress: {'identifier': 'camera_publish', 'progress': 'build'}
[0.020396] (camera_publish) Command: {'cmd': ['/usr/local/bin/cmake', '--build', '/home/liker/Desktop/camera1/c_ws/src/build/camera_publish', '--', '-j32', '-l32'], 'cwd': '/home/liker/Desktop/camera1/c_ws/src/build/camera_publish', 'env': OrderedDict([('LANGUAGE', 'en_US:'), ('USER', 'liker'), ('LC_TIME', 'zh_CN.UTF-8'), ('XDG_SESSION_TYPE', 'wayland'), ('SHLVL', '1'), ('LD_LIBRARY_PATH', '/opt/ros/humble/opt/rviz_ogre_vendor/lib:/opt/ros/humble/lib/x86_64-linux-gnu:/opt/ros/humble/lib'), ('HOME', '/home/liker'), ('OLDPWD', '/home/liker/Desktop/camera1/c_ws/scripts'), ('DESKTOP_SESSION', 'ubuntu'), ('ROS_PYTHON_VERSION', '3'), ('GNOME_SHELL_SESSION_MODE', 'ubuntu'), ('GTK_MODULES', 'gail:atk-bridge'), ('LC_MONETARY', 'zh_CN.UTF-8'), ('DBUS_STARTER_BUS_TYPE', 'session'), ('SYSTEMD_EXEC_PID', '1691'), ('DBUS_SESSION_BUS_ADDRESS', 'unix:path=/run/user/1000/bus,guid=98f95ca7946eb74339853bd7697d67ec'), ('COLORTERM', 'truecolor'), ('IM_CONFIG_PHASE', '1'), ('WAYLAND_DISPLAY', 'wayland-0'), ('COLCON_PREFIX_PATH', '/home/liker/Desktop/camera1/c_ws/install'), ('ROS_DISTRO', 'humble'), ('LOGNAME', 'liker'), ('_', '/usr/bin/colcon'), ('ROS_VERSION', '2'), ('XDG_SESSION_CLASS', 'user'), ('USERNAME', 'liker'), ('TERM', 'xterm-256color'), ('GNOME_DESKTOP_SESSION_ID', 'this-is-deprecated'), ('ROS_LOCALHOST_ONLY', '0'), ('PATH', '/opt/ros/humble/bin:/usr/local/sbin:/usr/local/bin:/usr/sbin:/usr/bin:/sbin:/bin:/usr/games:/usr/local/games:/snap/bin:/snap/bin'), ('SESSION_MANAGER', 'local/liker-virtual-machine:@/tmp/.ICE-unix/1691,unix/liker-virtual-machine:/tmp/.ICE-unix/1691'), ('XDG_MENU_PREFIX', 'gnome-'), ('LC_ADDRESS', 'zh_CN.UTF-8'), ('GNOME_TERMINAL_SCREEN', '/org/gnome/Terminal/screen/b9be49ba_d19f_4394_aaeb_259e5609c0c1'), ('GNOME_SETUP_DISPLAY', ':1'), ('XDG_RUNTIME_DIR', '/run/user/1000'), ('DISPLAY', ':0'), ('LANG', 'en_US.UTF-8'), ('XDG_CURRENT_DESKTOP', 'ubuntu:GNOME'), ('LC_TELEPHONE', 'zh_CN.UTF-8'), ('XMODIFIERS', '@im=ibus'), ('XDG_SESSION_DESKTOP', 'ubuntu'), ('XAUTHORITY', '/run/user/1000/.mutter-Xwaylandauth.OH8RJ3'), ('GNOME_TERMINAL_SERVICE', ':1.213'), ('SSH_AGENT_LAUNCHER', 'gnome-keyring'), ('SSH_AUTH_SOCK', '/run/user/1000/keyring/ssh'), ('AMENT_PREFIX_PATH', '/opt/ros/humble'), ('SHELL', '/bin/bash'), ('LC_NAME', 'zh_CN.UTF-8'), ('QT_ACCESSIBILITY', '1'), ('GDMSESSION', 'ubuntu'), ('LC_MEASUREMENT', 'zh_CN.UTF-8'), ('LC_IDENTIFICATION', 'zh_CN.UTF-8'), ('QT_IM_MODULE', 'ibus'), ('PWD', '/home/liker/Desktop/camera1/c_ws/src/build/camera_publish'), ('XDG_CONFIG_DIRS', '/etc/xdg/xdg-ubuntu:/etc/xdg'), ('DBUS_STARTER_ADDRESS', 'unix:path=/run/user/1000/bus,guid=98f95ca7946eb74339853bd7697d67ec'), ('XDG_DATA_DIRS', '/usr/share/ubuntu:/usr/local/share/:/usr/share/:/var/lib/snapd/desktop'), ('PYTHONPATH', '/opt/ros/humble/lib/python3.10/site-packages:/opt/ros/humble/local/lib/python3.10/dist-packages'), ('LC_NUMERIC', 'zh_CN.UTF-8'), ('LC_PAPER', 'zh_CN.UTF-8'), ('COLCON', '1'), ('VTE_VERSION', '6800'), ('CMAKE_PREFIX_PATH', '/opt/ros/humble')]), 'shell': False}
[0.022633] (my_launch) JobProgress: {'identifier': 'my_launch', 'progress': 'cmake'}
[0.025954] (my_launch) JobProgress: {'identifier': 'my_launch', 'progress': 'build'}
[0.026028] (my_launch) Command: {'cmd': ['/usr/local/bin/cmake', '--build', '/home/liker/Desktop/camera1/c_ws/src/build/my_launch', '--', '-j32', '-l32'], 'cwd': '/home/liker/Desktop/camera1/c_ws/src/build/my_launch', 'env': OrderedDict([('LANGUAGE', 'en_US:'), ('USER', 'liker'), ('LC_TIME', 'zh_CN.UTF-8'), ('XDG_SESSION_TYPE', 'wayland'), ('SHLVL', '1'), ('LD_LIBRARY_PATH', '/opt/ros/humble/opt/rviz_ogre_vendor/lib:/opt/ros/humble/lib/x86_64-linux-gnu:/opt/ros/humble/lib'), ('HOME', '/home/liker'), ('OLDPWD', '/home/liker/Desktop/camera1/c_ws/scripts'), ('DESKTOP_SESSION', 'ubuntu'), ('ROS_PYTHON_VERSION', '3'), ('GNOME_SHELL_SESSION_MODE', 'ubuntu'), ('GTK_MODULES', 'gail:atk-bridge'), ('LC_MONETARY', 'zh_CN.UTF-8'), ('DBUS_STARTER_BUS_TYPE', 'session'), ('SYSTEMD_EXEC_PID', '1691'), ('DBUS_SESSION_BUS_ADDRESS', 'unix:path=/run/user/1000/bus,guid=98f95ca7946eb74339853bd7697d67ec'), ('COLORTERM', 'truecolor'), ('IM_CONFIG_PHASE', '1'), ('WAYLAND_DISPLAY', 'wayland-0'), ('COLCON_PREFIX_PATH', '/home/liker/Desktop/camera1/c_ws/install'), ('ROS_DISTRO', 'humble'), ('LOGNAME', 'liker'), ('_', '/usr/bin/colcon'), ('ROS_VERSION', '2'), ('XDG_SESSION_CLASS', 'user'), ('USERNAME', 'liker'), ('TERM', 'xterm-256color'), ('GNOME_DESKTOP_SESSION_ID', 'this-is-deprecated'), ('ROS_LOCALHOST_ONLY', '0'), ('PATH', '/opt/ros/humble/bin:/usr/local/sbin:/usr/local/bin:/usr/sbin:/usr/bin:/sbin:/bin:/usr/games:/usr/local/games:/snap/bin:/snap/bin'), ('SESSION_MANAGER', 'local/liker-virtual-machine:@/tmp/.ICE-unix/1691,unix/liker-virtual-machine:/tmp/.ICE-unix/1691'), ('XDG_MENU_PREFIX', 'gnome-'), ('LC_ADDRESS', 'zh_CN.UTF-8'), ('GNOME_TERMINAL_SCREEN', '/org/gnome/Terminal/screen/b9be49ba_d19f_4394_aaeb_259e5609c0c1'), ('GNOME_SETUP_DISPLAY', ':1'), ('XDG_RUNTIME_DIR', '/run/user/1000'), ('DISPLAY', ':0'), ('LANG', 'en_US.UTF-8'), ('XDG_CURRENT_DESKTOP', 'ubuntu:GNOME'), ('LC_TELEPHONE', 'zh_CN.UTF-8'), ('XMODIFIERS', '@im=ibus'), ('XDG_SESSION_DESKTOP', 'ubuntu'), ('XAUTHORITY', '/run/user/1000/.mutter-Xwaylandauth.OH8RJ3'), ('GNOME_TERMINAL_SERVICE', ':1.213'), ('SSH_AGENT_LAUNCHER', 'gnome-keyring'), ('SSH_AUTH_SOCK', '/run/user/1000/keyring/ssh'), ('AMENT_PREFIX_PATH', '/opt/ros/humble'), ('SHELL', '/bin/bash'), ('LC_NAME', 'zh_CN.UTF-8'), ('QT_ACCESSIBILITY', '1'), ('GDMSESSION', 'ubuntu'), ('LC_MEASUREMENT', 'zh_CN.UTF-8'), ('LC_IDENTIFICATION', 'zh_CN.UTF-8'), ('QT_IM_MODULE', 'ibus'), ('PWD', '/home/liker/Desktop/camera1/c_ws/src/build/my_launch'), ('XDG_CONFIG_DIRS', '/etc/xdg/xdg-ubuntu:/etc/xdg'), ('DBUS_STARTER_ADDRESS', 'unix:path=/run/user/1000/bus,guid=98f95ca7946eb74339853bd7697d67ec'), ('XDG_DATA_DIRS', '/usr/share/ubuntu:/usr/local/share/:/usr/share/:/var/lib/snapd/desktop'), ('PYTHONPATH', '/opt/ros/humble/lib/python3.10/site-packages:/opt/ros/humble/local/lib/python3.10/dist-packages'), ('LC_NUMERIC', 'zh_CN.UTF-8'), ('LC_PAPER', 'zh_CN.UTF-8'), ('COLCON', '1'), ('VTE_VERSION', '6800'), ('CMAKE_PREFIX_PATH', '/opt/ros/humble')]), 'shell': False}
[0.045495] (rm_interfaces) StdoutLine: {'line': b'[  3%] Built target rm_interfaces__cpp\n'}
[0.047965] (my_launch) CommandEnded: {'returncode': 0}
[0.048385] (rm_interfaces) StdoutLine: {'line': b'[ 12%] Built target rm_interfaces__rosidl_generator_c\n'}
[0.048452] (my_launch) JobProgress: {'identifier': 'my_launch', 'progress': 'install'}
[0.051911] (rm_interfaces) StdoutLine: {'line': b'[ 12%] Built target ament_cmake_python_copy_rm_interfaces\n'}
[0.053387] (my_launch) Command: {'cmd': ['/usr/local/bin/cmake', '--install', '/home/liker/Desktop/camera1/c_ws/src/build/my_launch'], 'cwd': '/home/liker/Desktop/camera1/c_ws/src/build/my_launch', 'env': OrderedDict([('LANGUAGE', 'en_US:'), ('USER', 'liker'), ('LC_TIME', 'zh_CN.UTF-8'), ('XDG_SESSION_TYPE', 'wayland'), ('SHLVL', '1'), ('LD_LIBRARY_PATH', '/opt/ros/humble/opt/rviz_ogre_vendor/lib:/opt/ros/humble/lib/x86_64-linux-gnu:/opt/ros/humble/lib'), ('HOME', '/home/liker'), ('OLDPWD', '/home/liker/Desktop/camera1/c_ws/scripts'), ('DESKTOP_SESSION', 'ubuntu'), ('ROS_PYTHON_VERSION', '3'), ('GNOME_SHELL_SESSION_MODE', 'ubuntu'), ('GTK_MODULES', 'gail:atk-bridge'), ('LC_MONETARY', 'zh_CN.UTF-8'), ('DBUS_STARTER_BUS_TYPE', 'session'), ('SYSTEMD_EXEC_PID', '1691'), ('DBUS_SESSION_BUS_ADDRESS', 'unix:path=/run/user/1000/bus,guid=98f95ca7946eb74339853bd7697d67ec'), ('COLORTERM', 'truecolor'), ('IM_CONFIG_PHASE', '1'), ('WAYLAND_DISPLAY', 'wayland-0'), ('COLCON_PREFIX_PATH', '/home/liker/Desktop/camera1/c_ws/install'), ('ROS_DISTRO', 'humble'), ('LOGNAME', 'liker'), ('_', '/usr/bin/colcon'), ('ROS_VERSION', '2'), ('XDG_SESSION_CLASS', 'user'), ('USERNAME', 'liker'), ('TERM', 'xterm-256color'), ('GNOME_DESKTOP_SESSION_ID', 'this-is-deprecated'), ('ROS_LOCALHOST_ONLY', '0'), ('PATH', '/opt/ros/humble/bin:/usr/local/sbin:/usr/local/bin:/usr/sbin:/usr/bin:/sbin:/bin:/usr/games:/usr/local/games:/snap/bin:/snap/bin'), ('SESSION_MANAGER', 'local/liker-virtual-machine:@/tmp/.ICE-unix/1691,unix/liker-virtual-machine:/tmp/.ICE-unix/1691'), ('XDG_MENU_PREFIX', 'gnome-'), ('LC_ADDRESS', 'zh_CN.UTF-8'), ('GNOME_TERMINAL_SCREEN', '/org/gnome/Terminal/screen/b9be49ba_d19f_4394_aaeb_259e5609c0c1'), ('GNOME_SETUP_DISPLAY', ':1'), ('XDG_RUNTIME_DIR', '/run/user/1000'), ('DISPLAY', ':0'), ('LANG', 'en_US.UTF-8'), ('XDG_CURRENT_DESKTOP', 'ubuntu:GNOME'), ('LC_TELEPHONE', 'zh_CN.UTF-8'), ('XMODIFIERS', '@im=ibus'), ('XDG_SESSION_DESKTOP', 'ubuntu'), ('XAUTHORITY', '/run/user/1000/.mutter-Xwaylandauth.OH8RJ3'), ('GNOME_TERMINAL_SERVICE', ':1.213'), ('SSH_AGENT_LAUNCHER', 'gnome-keyring'), ('SSH_AUTH_SOCK', '/run/user/1000/keyring/ssh'), ('AMENT_PREFIX_PATH', '/opt/ros/humble'), ('SHELL', '/bin/bash'), ('LC_NAME', 'zh_CN.UTF-8'), ('QT_ACCESSIBILITY', '1'), ('GDMSESSION', 'ubuntu'), ('LC_MEASUREMENT', 'zh_CN.UTF-8'), ('LC_IDENTIFICATION', 'zh_CN.UTF-8'), ('QT_IM_MODULE', 'ibus'), ('PWD', '/home/liker/Desktop/camera1/c_ws/src/build/my_launch'), ('XDG_CONFIG_DIRS', '/etc/xdg/xdg-ubuntu:/etc/xdg'), ('DBUS_STARTER_ADDRESS', 'unix:path=/run/user/1000/bus,guid=98f95ca7946eb74339853bd7697d67ec'), ('XDG_DATA_DIRS', '/usr/share/ubuntu:/usr/local/share/:/usr/share/:/var/lib/snapd/desktop'), ('PYTHONPATH', '/opt/ros/humble/lib/python3.10/site-packages:/opt/ros/humble/local/lib/python3.10/dist-packages'), ('LC_NUMERIC', 'zh_CN.UTF-8'), ('LC_PAPER', 'zh_CN.UTF-8'), ('COLCON', '1'), ('VTE_VERSION', '6800'), ('CMAKE_PREFIX_PATH', '/opt/ros/humble')]), 'shell': False}
[0.055670] (camera_publish) StdoutLine: {'line': b'[100%] Built target camera_publish\n'}
[0.057009] (my_launch) StdoutLine: {'line': b'-- Install configuration: ""\n'}
[0.057558] (my_launch) StdoutLine: {'line': b'-- Up-to-date: /home/liker/Desktop/camera1/c_ws/src/install/my_launch/share/my_launch/config\n'}
[0.057628] (my_launch) StdoutLine: {'line': b'-- Up-to-date: /home/liker/Desktop/camera1/c_ws/src/install/my_launch/share/my_launch/config/image_processed.rviz\n'}
[0.057672] (my_launch) StdoutLine: {'line': b'-- Up-to-date: /home/liker/Desktop/camera1/c_ws/src/install/my_launch/share/my_launch/launch\n'}
[0.057765] (my_launch) StdoutLine: {'line': b'-- Up-to-date: /home/liker/Desktop/camera1/c_ws/src/install/my_launch/share/my_launch/launch/camera_detector.launch.py\n'}
[0.057867] (my_launch) StdoutLine: {'line': b'-- Up-to-date: /home/liker/Desktop/camera1/c_ws/src/install/my_launch/share/ament_index/resource_index/package_run_dependencies/my_launch\n'}
[0.057928] (my_launch) StdoutLine: {'line': b'-- Up-to-date: /home/liker/Desktop/camera1/c_ws/src/install/my_launch/share/ament_index/resource_index/parent_prefix_path/my_launch\n'}
[0.058023] (my_launch) StdoutLine: {'line': b'-- Up-to-date: /home/liker/Desktop/camera1/c_ws/src/install/my_launch/share/my_launch/environment/ament_prefix_path.sh\n'}
[0.058135] (my_launch) StdoutLine: {'line': b'-- Up-to-date: /home/liker/Desktop/camera1/c_ws/src/install/my_launch/share/my_launch/environment/ament_prefix_path.dsv\n'}
[0.058281] (my_launch) StdoutLine: {'line': b'-- Up-to-date: /home/liker/Desktop/camera1/c_ws/src/install/my_launch/share/my_launch/environment/path.sh\n'}
[0.058485] (my_launch) StdoutLine: {'line': b'-- Up-to-date: /home/liker/Desktop/camera1/c_ws/src/install/my_launch/share/my_launch/environment/path.dsv\n'}
[0.058525] (my_launch) StdoutLine: {'line': b'-- Up-to-date: /home/liker/Desktop/camera1/c_ws/src/install/my_launch/share/my_launch/local_setup.bash\n'}
[0.058555] (my_launch) StdoutLine: {'line': b'-- Up-to-date: /home/liker/Desktop/camera1/c_ws/src/install/my_launch/share/my_launch/local_setup.sh\n'}
[0.058583] (my_launch) StdoutLine: {'line': b'-- Up-to-date: /home/liker/Desktop/camera1/c_ws/src/install/my_launch/share/my_launch/local_setup.zsh\n'}
[0.058609] (my_launch) StdoutLine: {'line': b'-- Up-to-date: /home/liker/Desktop/camera1/c_ws/src/install/my_launch/share/my_launch/local_setup.dsv\n'}
[0.058635] (my_launch) StdoutLine: {'line': b'-- Installing: /home/liker/Desktop/camera1/c_ws/src/install/my_launch/share/my_launch/package.dsv\n'}
[0.058673] (my_launch) StdoutLine: {'line': b'-- Up-to-date: /home/liker/Desktop/camera1/c_ws/src/install/my_launch/share/ament_index/resource_index/packages/my_launch\n'}
[0.058699] (my_launch) StdoutLine: {'line': b'-- Up-to-date: /home/liker/Desktop/camera1/c_ws/src/install/my_launch/share/my_launch/cmake/my_launchConfig.cmake\n'}
[0.058724] (my_launch) StdoutLine: {'line': b'-- Up-to-date: /home/liker/Desktop/camera1/c_ws/src/install/my_launch/share/my_launch/cmake/my_launchConfig-version.cmake\n'}
[0.058750] (my_launch) StdoutLine: {'line': b'-- Up-to-date: /home/liker/Desktop/camera1/c_ws/src/install/my_launch/share/my_launch/package.xml\n'}
[0.061406] (my_launch) CommandEnded: {'returncode': 0}
[0.062776] (rm_interfaces) StdoutLine: {'line': b'[ 22%] Built target rm_interfaces__rosidl_typesupport_fastrtps_cpp\n'}
[0.063112] (rm_interfaces) StdoutLine: {'line': b'[ 32%] Built target rm_interfaces__rosidl_typesupport_introspection_cpp\n'}
[0.063261] (rm_interfaces) StdoutLine: {'line': b'[ 41%] Built target rm_interfaces__rosidl_typesupport_introspection_c\n'}
[0.063357] (rm_interfaces) StdoutLine: {'line': b'[ 61%] Built target rm_interfaces__rosidl_typesupport_cpp\n'}
[0.063400] (rm_interfaces) StdoutLine: {'line': b'[ 61%] Built target rm_interfaces__rosidl_typesupport_c\n'}
[0.064700] (rm_interfaces) StdoutLine: {'line': b'[ 70%] Built target rm_interfaces__rosidl_typesupport_fastrtps_c\n'}
[0.077914] (my_launch) JobEnded: {'identifier': 'my_launch', 'rc': 0}
[0.079117] (camera_publish) CommandEnded: {'returncode': 0}
[0.080277] (rm_interfaces) StdoutLine: {'line': b'[ 70%] Built target rm_interfaces\n'}
[0.081285] (camera_publish) JobProgress: {'identifier': 'camera_publish', 'progress': 'install'}
[0.081967] (camera_publish) Command: {'cmd': ['/usr/local/bin/cmake', '--install', '/home/liker/Desktop/camera1/c_ws/src/build/camera_publish'], 'cwd': '/home/liker/Desktop/camera1/c_ws/src/build/camera_publish', 'env': OrderedDict([('LANGUAGE', 'en_US:'), ('USER', 'liker'), ('LC_TIME', 'zh_CN.UTF-8'), ('XDG_SESSION_TYPE', 'wayland'), ('SHLVL', '1'), ('LD_LIBRARY_PATH', '/opt/ros/humble/opt/rviz_ogre_vendor/lib:/opt/ros/humble/lib/x86_64-linux-gnu:/opt/ros/humble/lib'), ('HOME', '/home/liker'), ('OLDPWD', '/home/liker/Desktop/camera1/c_ws/scripts'), ('DESKTOP_SESSION', 'ubuntu'), ('ROS_PYTHON_VERSION', '3'), ('GNOME_SHELL_SESSION_MODE', 'ubuntu'), ('GTK_MODULES', 'gail:atk-bridge'), ('LC_MONETARY', 'zh_CN.UTF-8'), ('DBUS_STARTER_BUS_TYPE', 'session'), ('SYSTEMD_EXEC_PID', '1691'), ('DBUS_SESSION_BUS_ADDRESS', 'unix:path=/run/user/1000/bus,guid=98f95ca7946eb74339853bd7697d67ec'), ('COLORTERM', 'truecolor'), ('IM_CONFIG_PHASE', '1'), ('WAYLAND_DISPLAY', 'wayland-0'), ('COLCON_PREFIX_PATH', '/home/liker/Desktop/camera1/c_ws/install'), ('ROS_DISTRO', 'humble'), ('LOGNAME', 'liker'), ('_', '/usr/bin/colcon'), ('ROS_VERSION', '2'), ('XDG_SESSION_CLASS', 'user'), ('USERNAME', 'liker'), ('TERM', 'xterm-256color'), ('GNOME_DESKTOP_SESSION_ID', 'this-is-deprecated'), ('ROS_LOCALHOST_ONLY', '0'), ('PATH', '/opt/ros/humble/bin:/usr/local/sbin:/usr/local/bin:/usr/sbin:/usr/bin:/sbin:/bin:/usr/games:/usr/local/games:/snap/bin:/snap/bin'), ('SESSION_MANAGER', 'local/liker-virtual-machine:@/tmp/.ICE-unix/1691,unix/liker-virtual-machine:/tmp/.ICE-unix/1691'), ('XDG_MENU_PREFIX', 'gnome-'), ('LC_ADDRESS', 'zh_CN.UTF-8'), ('GNOME_TERMINAL_SCREEN', '/org/gnome/Terminal/screen/b9be49ba_d19f_4394_aaeb_259e5609c0c1'), ('GNOME_SETUP_DISPLAY', ':1'), ('XDG_RUNTIME_DIR', '/run/user/1000'), ('DISPLAY', ':0'), ('LANG', 'en_US.UTF-8'), ('XDG_CURRENT_DESKTOP', 'ubuntu:GNOME'), ('LC_TELEPHONE', 'zh_CN.UTF-8'), ('XMODIFIERS', '@im=ibus'), ('XDG_SESSION_DESKTOP', 'ubuntu'), ('XAUTHORITY', '/run/user/1000/.mutter-Xwaylandauth.OH8RJ3'), ('GNOME_TERMINAL_SERVICE', ':1.213'), ('SSH_AGENT_LAUNCHER', 'gnome-keyring'), ('SSH_AUTH_SOCK', '/run/user/1000/keyring/ssh'), ('AMENT_PREFIX_PATH', '/opt/ros/humble'), ('SHELL', '/bin/bash'), ('LC_NAME', 'zh_CN.UTF-8'), ('QT_ACCESSIBILITY', '1'), ('GDMSESSION', 'ubuntu'), ('LC_MEASUREMENT', 'zh_CN.UTF-8'), ('LC_IDENTIFICATION', 'zh_CN.UTF-8'), ('QT_IM_MODULE', 'ibus'), ('PWD', '/home/liker/Desktop/camera1/c_ws/src/build/camera_publish'), ('XDG_CONFIG_DIRS', '/etc/xdg/xdg-ubuntu:/etc/xdg'), ('DBUS_STARTER_ADDRESS', 'unix:path=/run/user/1000/bus,guid=98f95ca7946eb74339853bd7697d67ec'), ('XDG_DATA_DIRS', '/usr/share/ubuntu:/usr/local/share/:/usr/share/:/var/lib/snapd/desktop'), ('PYTHONPATH', '/opt/ros/humble/lib/python3.10/site-packages:/opt/ros/humble/local/lib/python3.10/dist-packages'), ('LC_NUMERIC', 'zh_CN.UTF-8'), ('LC_PAPER', 'zh_CN.UTF-8'), ('COLCON', '1'), ('VTE_VERSION', '6800'), ('CMAKE_PREFIX_PATH', '/opt/ros/humble')]), 'shell': False}
[0.085650] (camera_publish) StdoutLine: {'line': b'-- Install configuration: ""\n'}
[0.085873] (camera_publish) StdoutLine: {'line': b'-- Up-to-date: /home/liker/Desktop/camera1/c_ws/src/install/camera_publish/lib/camera_publish/camera_publish\n'}
[0.086453] (camera_publish) StdoutLine: {'line': b'-- Up-to-date: /home/liker/Desktop/camera1/c_ws/src/install/camera_publish/share/ament_index/resource_index/package_run_dependencies/camera_publish\n'}
[0.086517] (camera_publish) StdoutLine: {'line': b'-- Up-to-date: /home/liker/Desktop/camera1/c_ws/src/install/camera_publish/share/ament_index/resource_index/parent_prefix_path/camera_publish\n'}
[0.086693] (camera_publish) StdoutLine: {'line': b'-- Up-to-date: /home/liker/Desktop/camera1/c_ws/src/install/camera_publish/share/camera_publish/environment/ament_prefix_path.sh\n'}
[0.086775] (camera_publish) StdoutLine: {'line': b'-- Up-to-date: /home/liker/Desktop/camera1/c_ws/src/install/camera_publish/share/camera_publish/environment/ament_prefix_path.dsv\n'}
[0.086824] (camera_publish) StdoutLine: {'line': b'-- Up-to-date: /home/liker/Desktop/camera1/c_ws/src/install/camera_publish/share/camera_publish/environment/path.sh\n'}
[0.086900] (camera_publish) StdoutLine: {'line': b'-- Up-to-date: /home/liker/Desktop/camera1/c_ws/src/install/camera_publish/share/camera_publish/environment/path.dsv\n'}
[0.086940] (camera_publish) StdoutLine: {'line': b'-- Up-to-date: /home/liker/Desktop/camera1/c_ws/src/install/camera_publish/share/camera_publish/local_setup.bash\n'}
[0.087022] (camera_publish) StdoutLine: {'line': b'-- Up-to-date: /home/liker/Desktop/camera1/c_ws/src/install/camera_publish/share/camera_publish/local_setup.sh\n'}
[0.087304] (camera_publish) StdoutLine: {'line': b'-- Up-to-date: /home/liker/Desktop/camera1/c_ws/src/install/camera_publish/share/camera_publish/local_setup.zsh\n'}
[0.087353] (camera_publish) StdoutLine: {'line': b'-- Up-to-date: /home/liker/Desktop/camera1/c_ws/src/install/camera_publish/share/camera_publish/local_setup.dsv\n'}
[0.087386] (camera_publish) StdoutLine: {'line': b'-- Installing: /home/liker/Desktop/camera1/c_ws/src/install/camera_publish/share/camera_publish/package.dsv\n'}
[0.087416] (camera_publish) StdoutLine: {'line': b'-- Up-to-date: /home/liker/Desktop/camera1/c_ws/src/install/camera_publish/share/ament_index/resource_index/packages/camera_publish\n'}
[0.087445] (camera_publish) StdoutLine: {'line': b'-- Up-to-date: /home/liker/Desktop/camera1/c_ws/src/install/camera_publish/share/camera_publish/cmake/camera_publishConfig.cmake\n'}
[0.087710] (camera_publish) StdoutLine: {'line': b'-- Up-to-date: /home/liker/Desktop/camera1/c_ws/src/install/camera_publish/share/camera_publish/cmake/camera_publishConfig-version.cmake\n'}
[0.087821] (camera_publish) StdoutLine: {'line': b'-- Up-to-date: /home/liker/Desktop/camera1/c_ws/src/install/camera_publish/share/camera_publish/package.xml\n'}
[0.089793] (camera_publish) CommandEnded: {'returncode': 0}
[0.094487] (rm_interfaces) StdoutLine: {'line': b'[ 74%] Built target rm_interfaces__py\n'}
[0.100535] (-) TimerEvent: {}
[0.103765] (camera_publish) JobEnded: {'identifier': 'camera_publish', 'rc': 0}
[0.109451] (rm_interfaces) StdoutLine: {'line': b'[ 80%] Built target rm_interfaces__rosidl_generator_py\n'}
[0.123935] (rm_interfaces) StdoutLine: {'line': b'[ 87%] Built target rm_interfaces__rosidl_typesupport_fastrtps_c__pyext\n'}
[0.124767] (rm_interfaces) StdoutLine: {'line': b'[ 93%] Built target rm_interfaces__rosidl_typesupport_introspection_c__pyext\n'}
[0.125074] (rm_interfaces) StdoutLine: {'line': b'[100%] Built target rm_interfaces__rosidl_typesupport_c__pyext\n'}
[0.201026] (-) TimerEvent: {}
[0.202180] (rm_interfaces) StdoutLine: {'line': b'running egg_info\n'}
[0.202740] (rm_interfaces) StdoutLine: {'line': b'writing rm_interfaces.egg-info/PKG-INFO\n'}
[0.203299] (rm_interfaces) StdoutLine: {'line': b'writing dependency_links to rm_interfaces.egg-info/dependency_links.txt\n'}
[0.203540] (rm_interfaces) StdoutLine: {'line': b'writing top-level names to rm_interfaces.egg-info/top_level.txt\n'}
[0.205182] (rm_interfaces) StdoutLine: {'line': b"reading manifest file 'rm_interfaces.egg-info/SOURCES.txt'\n"}
[0.205627] (rm_interfaces) StdoutLine: {'line': b"writing manifest file 'rm_interfaces.egg-info/SOURCES.txt'\n"}
[0.221891] (rm_interfaces) StdoutLine: {'line': b'[100%] Built target ament_cmake_python_build_rm_interfaces_egg\n'}
[0.228831] (rm_interfaces) CommandEnded: {'returncode': 0}
[0.230396] (rm_interfaces) JobProgress: {'identifier': 'rm_interfaces', 'progress': 'install'}
[0.230689] (rm_interfaces) Command: {'cmd': ['/usr/local/bin/cmake', '--install', '/home/liker/Desktop/camera1/c_ws/src/build/rm_interfaces'], 'cwd': '/home/liker/Desktop/camera1/c_ws/src/build/rm_interfaces', 'env': OrderedDict([('LANGUAGE', 'en_US:'), ('USER', 'liker'), ('LC_TIME', 'zh_CN.UTF-8'), ('XDG_SESSION_TYPE', 'wayland'), ('SHLVL', '1'), ('LD_LIBRARY_PATH', '/opt/ros/humble/opt/rviz_ogre_vendor/lib:/opt/ros/humble/lib/x86_64-linux-gnu:/opt/ros/humble/lib'), ('HOME', '/home/liker'), ('OLDPWD', '/home/liker/Desktop/camera1/c_ws/scripts'), ('DESKTOP_SESSION', 'ubuntu'), ('ROS_PYTHON_VERSION', '3'), ('GNOME_SHELL_SESSION_MODE', 'ubuntu'), ('GTK_MODULES', 'gail:atk-bridge'), ('LC_MONETARY', 'zh_CN.UTF-8'), ('DBUS_STARTER_BUS_TYPE', 'session'), ('SYSTEMD_EXEC_PID', '1691'), ('DBUS_SESSION_BUS_ADDRESS', 'unix:path=/run/user/1000/bus,guid=98f95ca7946eb74339853bd7697d67ec'), ('COLORTERM', 'truecolor'), ('IM_CONFIG_PHASE', '1'), ('WAYLAND_DISPLAY', 'wayland-0'), ('COLCON_PREFIX_PATH', '/home/liker/Desktop/camera1/c_ws/install'), ('ROS_DISTRO', 'humble'), ('LOGNAME', 'liker'), ('_', '/usr/bin/colcon'), ('ROS_VERSION', '2'), ('XDG_SESSION_CLASS', 'user'), ('USERNAME', 'liker'), ('TERM', 'xterm-256color'), ('GNOME_DESKTOP_SESSION_ID', 'this-is-deprecated'), ('ROS_LOCALHOST_ONLY', '0'), ('PATH', '/opt/ros/humble/bin:/usr/local/sbin:/usr/local/bin:/usr/sbin:/usr/bin:/sbin:/bin:/usr/games:/usr/local/games:/snap/bin:/snap/bin'), ('SESSION_MANAGER', 'local/liker-virtual-machine:@/tmp/.ICE-unix/1691,unix/liker-virtual-machine:/tmp/.ICE-unix/1691'), ('XDG_MENU_PREFIX', 'gnome-'), ('LC_ADDRESS', 'zh_CN.UTF-8'), ('GNOME_TERMINAL_SCREEN', '/org/gnome/Terminal/screen/b9be49ba_d19f_4394_aaeb_259e5609c0c1'), ('GNOME_SETUP_DISPLAY', ':1'), ('XDG_RUNTIME_DIR', '/run/user/1000'), ('DISPLAY', ':0'), ('LANG', 'en_US.UTF-8'), ('XDG_CURRENT_DESKTOP', 'ubuntu:GNOME'), ('LC_TELEPHONE', 'zh_CN.UTF-8'), ('XMODIFIERS', '@im=ibus'), ('XDG_SESSION_DESKTOP', 'ubuntu'), ('XAUTHORITY', '/run/user/1000/.mutter-Xwaylandauth.OH8RJ3'), ('GNOME_TERMINAL_SERVICE', ':1.213'), ('SSH_AGENT_LAUNCHER', 'gnome-keyring'), ('SSH_AUTH_SOCK', '/run/user/1000/keyring/ssh'), ('AMENT_PREFIX_PATH', '/opt/ros/humble'), ('SHELL', '/bin/bash'), ('LC_NAME', 'zh_CN.UTF-8'), ('QT_ACCESSIBILITY', '1'), ('GDMSESSION', 'ubuntu'), ('LC_MEASUREMENT', 'zh_CN.UTF-8'), ('LC_IDENTIFICATION', 'zh_CN.UTF-8'), ('QT_IM_MODULE', 'ibus'), ('PWD', '/home/liker/Desktop/camera1/c_ws/src/build/rm_interfaces'), ('XDG_CONFIG_DIRS', '/etc/xdg/xdg-ubuntu:/etc/xdg'), ('DBUS_STARTER_ADDRESS', 'unix:path=/run/user/1000/bus,guid=98f95ca7946eb74339853bd7697d67ec'), ('XDG_DATA_DIRS', '/usr/share/ubuntu:/usr/local/share/:/usr/share/:/var/lib/snapd/desktop'), ('PYTHONPATH', '/opt/ros/humble/lib/python3.10/site-packages:/opt/ros/humble/local/lib/python3.10/dist-packages'), ('LC_NUMERIC', 'zh_CN.UTF-8'), ('LC_PAPER', 'zh_CN.UTF-8'), ('COLCON', '1'), ('VTE_VERSION', '6800'), ('CMAKE_PREFIX_PATH', '/opt/ros/humble')]), 'shell': False}
[0.234164] (rm_interfaces) StdoutLine: {'line': b'-- Install configuration: ""\n'}
[0.234515] (rm_interfaces) StdoutLine: {'line': b'-- Up-to-date: /home/liker/Desktop/camera1/c_ws/src/install/rm_interfaces/share/ament_index/resource_index/rosidl_interfaces/rm_interfaces\n'}
[0.234694] (rm_interfaces) StdoutLine: {'line': b'-- Up-to-date: /home/liker/Desktop/camera1/c_ws/src/install/rm_interfaces/include/rm_interfaces/rm_interfaces\n'}
[0.234758] (rm_interfaces) StdoutLine: {'line': b'-- Up-to-date: /home/liker/Desktop/camera1/c_ws/src/install/rm_interfaces/include/rm_interfaces/rm_interfaces/msg\n'}
[0.234796] (rm_interfaces) StdoutLine: {'line': b'-- Up-to-date: /home/liker/Desktop/camera1/c_ws/src/install/rm_interfaces/include/rm_interfaces/rm_interfaces/msg/detail\n'}
[0.234828] (rm_interfaces) StdoutLine: {'line': b'-- Up-to-date: /home/liker/Desktop/camera1/c_ws/src/install/rm_interfaces/include/rm_interfaces/rm_interfaces/msg/detail/target_info__struct.h\n'}
[0.235010] (rm_interfaces) StdoutLine: {'line': b'-- Up-to-date: /home/liker/Desktop/camera1/c_ws/src/install/rm_interfaces/include/rm_interfaces/rm_interfaces/msg/detail/target_info__type_support.h\n'}
[0.235051] (rm_interfaces) StdoutLine: {'line': b'-- Up-to-date: /home/liker/Desktop/camera1/c_ws/src/install/rm_interfaces/include/rm_interfaces/rm_interfaces/msg/detail/target_info__functions.h\n'}
[0.235085] (rm_interfaces) StdoutLine: {'line': b'-- Up-to-date: /home/liker/Desktop/camera1/c_ws/src/install/rm_interfaces/include/rm_interfaces/rm_interfaces/msg/detail/target_info__functions.c\n'}
[0.235115] (rm_interfaces) StdoutLine: {'line': b'-- Up-to-date: /home/liker/Desktop/camera1/c_ws/src/install/rm_interfaces/include/rm_interfaces/rm_interfaces/msg/target_info.h\n'}
[0.235143] (rm_interfaces) StdoutLine: {'line': b'-- Up-to-date: /home/liker/Desktop/camera1/c_ws/src/install/rm_interfaces/include/rm_interfaces/rm_interfaces/msg/rosidl_generator_c__visibility_control.h\n'}
[0.235296] (rm_interfaces) StdoutLine: {'line': b'-- Up-to-date: /home/liker/Desktop/camera1/c_ws/src/install/rm_interfaces/share/rm_interfaces/environment/library_path.sh\n'}
[0.235396] (rm_interfaces) StdoutLine: {'line': b'-- Up-to-date: /home/liker/Desktop/camera1/c_ws/src/install/rm_interfaces/share/rm_interfaces/environment/library_path.dsv\n'}
[0.235447] (rm_interfaces) StdoutLine: {'line': b'-- Up-to-date: /home/liker/Desktop/camera1/c_ws/src/install/rm_interfaces/lib/librm_interfaces__rosidl_generator_c.so\n'}
[0.235480] (rm_interfaces) StdoutLine: {'line': b'-- Up-to-date: /home/liker/Desktop/camera1/c_ws/src/install/rm_interfaces/include/rm_interfaces/rm_interfaces\n'}
[0.235551] (rm_interfaces) StdoutLine: {'line': b'-- Up-to-date: /home/liker/Desktop/camera1/c_ws/src/install/rm_interfaces/include/rm_interfaces/rm_interfaces/msg\n'}
[0.235597] (rm_interfaces) StdoutLine: {'line': b'-- Up-to-date: /home/liker/Desktop/camera1/c_ws/src/install/rm_interfaces/include/rm_interfaces/rm_interfaces/msg/detail\n'}
[0.235793] (rm_interfaces) StdoutLine: {'line': b'-- Up-to-date: /home/liker/Desktop/camera1/c_ws/src/install/rm_interfaces/include/rm_interfaces/rm_interfaces/msg/detail/target_info__rosidl_typesupport_fastrtps_c.h\n'}
[0.236027] (rm_interfaces) StdoutLine: {'line': b'-- Up-to-date: /home/liker/Desktop/camera1/c_ws/src/install/rm_interfaces/include/rm_interfaces/rm_interfaces/msg/rosidl_typesupport_fastrtps_c__visibility_control.h\n'}
[0.236077] (rm_interfaces) StdoutLine: {'line': b'-- Up-to-date: /home/liker/Desktop/camera1/c_ws/src/install/rm_interfaces/lib/librm_interfaces__rosidl_typesupport_fastrtps_c.so\n'}
[0.236111] (rm_interfaces) StdoutLine: {'line': b'-- Up-to-date: /home/liker/Desktop/camera1/c_ws/src/install/rm_interfaces/include/rm_interfaces/rm_interfaces\n'}
[0.236140] (rm_interfaces) StdoutLine: {'line': b'-- Up-to-date: /home/liker/Desktop/camera1/c_ws/src/install/rm_interfaces/include/rm_interfaces/rm_interfaces/msg\n'}
[0.236256] (rm_interfaces) StdoutLine: {'line': b'-- Up-to-date: /home/liker/Desktop/camera1/c_ws/src/install/rm_interfaces/include/rm_interfaces/rm_interfaces/msg/detail\n'}
[0.236349] (rm_interfaces) StdoutLine: {'line': b'-- Up-to-date: /home/liker/Desktop/camera1/c_ws/src/install/rm_interfaces/include/rm_interfaces/rm_interfaces/msg/detail/target_info__rosidl_typesupport_introspection_c.h\n'}
[0.236385] (rm_interfaces) StdoutLine: {'line': b'-- Up-to-date: /home/liker/Desktop/camera1/c_ws/src/install/rm_interfaces/include/rm_interfaces/rm_interfaces/msg/detail/target_info__type_support.c\n'}
[0.236415] (rm_interfaces) StdoutLine: {'line': b'-- Up-to-date: /home/liker/Desktop/camera1/c_ws/src/install/rm_interfaces/include/rm_interfaces/rm_interfaces/msg/rosidl_typesupport_introspection_c__visibility_control.h\n'}
[0.236695] (rm_interfaces) StdoutLine: {'line': b'-- Up-to-date: /home/liker/Desktop/camera1/c_ws/src/install/rm_interfaces/lib/librm_interfaces__rosidl_typesupport_introspection_c.so\n'}
[0.236748] (rm_interfaces) StdoutLine: {'line': b'-- Up-to-date: /home/liker/Desktop/camera1/c_ws/src/install/rm_interfaces/lib/librm_interfaces__rosidl_typesupport_c.so\n'}
[0.236915] (rm_interfaces) StdoutLine: {'line': b'-- Up-to-date: /home/liker/Desktop/camera1/c_ws/src/install/rm_interfaces/include/rm_interfaces/rm_interfaces\n'}
[0.236958] (rm_interfaces) StdoutLine: {'line': b'-- Up-to-date: /home/liker/Desktop/camera1/c_ws/src/install/rm_interfaces/include/rm_interfaces/rm_interfaces/msg\n'}
[0.237131] (rm_interfaces) StdoutLine: {'line': b'-- Up-to-date: /home/liker/Desktop/camera1/c_ws/src/install/rm_interfaces/include/rm_interfaces/rm_interfaces/msg/detail\n'}
[0.237182] (rm_interfaces) StdoutLine: {'line': b'-- Up-to-date: /home/liker/Desktop/camera1/c_ws/src/install/rm_interfaces/include/rm_interfaces/rm_interfaces/msg/detail/target_info__struct.hpp\n'}
[0.237215] (rm_interfaces) StdoutLine: {'line': b'-- Up-to-date: /home/liker/Desktop/camera1/c_ws/src/install/rm_interfaces/include/rm_interfaces/rm_interfaces/msg/detail/target_info__traits.hpp\n'}
[0.237244] (rm_interfaces) StdoutLine: {'line': b'-- Up-to-date: /home/liker/Desktop/camera1/c_ws/src/install/rm_interfaces/include/rm_interfaces/rm_interfaces/msg/detail/target_info__builder.hpp\n'}
[0.237276] (rm_interfaces) StdoutLine: {'line': b'-- Up-to-date: /home/liker/Desktop/camera1/c_ws/src/install/rm_interfaces/include/rm_interfaces/rm_interfaces/msg/detail/target_info__type_support.hpp\n'}
[0.237305] (rm_interfaces) StdoutLine: {'line': b'-- Up-to-date: /home/liker/Desktop/camera1/c_ws/src/install/rm_interfaces/include/rm_interfaces/rm_interfaces/msg/target_info.hpp\n'}
[0.237332] (rm_interfaces) StdoutLine: {'line': b'-- Up-to-date: /home/liker/Desktop/camera1/c_ws/src/install/rm_interfaces/include/rm_interfaces/rm_interfaces/msg/rosidl_generator_cpp__visibility_control.hpp\n'}
[0.237393] (rm_interfaces) StdoutLine: {'line': b'-- Up-to-date: /home/liker/Desktop/camera1/c_ws/src/install/rm_interfaces/include/rm_interfaces/rm_interfaces\n'}
[0.237452] (rm_interfaces) StdoutLine: {'line': b'-- Up-to-date: /home/liker/Desktop/camera1/c_ws/src/install/rm_interfaces/include/rm_interfaces/rm_interfaces/msg\n'}
[0.237674] (rm_interfaces) StdoutLine: {'line': b'-- Up-to-date: /home/liker/Desktop/camera1/c_ws/src/install/rm_interfaces/include/rm_interfaces/rm_interfaces/msg/detail\n'}
[0.237746] (rm_interfaces) StdoutLine: {'line': b'-- Up-to-date: /home/liker/Desktop/camera1/c_ws/src/install/rm_interfaces/include/rm_interfaces/rm_interfaces/msg/detail/dds_fastrtps\n'}
[0.237789] (rm_interfaces) StdoutLine: {'line': b'-- Up-to-date: /home/liker/Desktop/camera1/c_ws/src/install/rm_interfaces/include/rm_interfaces/rm_interfaces/msg/detail/target_info__rosidl_typesupport_fastrtps_cpp.hpp\n'}
[0.237823] (rm_interfaces) StdoutLine: {'line': b'-- Up-to-date: /home/liker/Desktop/camera1/c_ws/src/install/rm_interfaces/include/rm_interfaces/rm_interfaces/msg/rosidl_typesupport_fastrtps_cpp__visibility_control.h\n'}
[0.237853] (rm_interfaces) StdoutLine: {'line': b'-- Up-to-date: /home/liker/Desktop/camera1/c_ws/src/install/rm_interfaces/lib/librm_interfaces__rosidl_typesupport_fastrtps_cpp.so\n'}
[0.237891] (rm_interfaces) StdoutLine: {'line': b'-- Up-to-date: /home/liker/Desktop/camera1/c_ws/src/install/rm_interfaces/include/rm_interfaces/rm_interfaces\n'}
[0.237983] (rm_interfaces) StdoutLine: {'line': b'-- Up-to-date: /home/liker/Desktop/camera1/c_ws/src/install/rm_interfaces/include/rm_interfaces/rm_interfaces/msg\n'}
[0.238073] (rm_interfaces) StdoutLine: {'line': b'-- Up-to-date: /home/liker/Desktop/camera1/c_ws/src/install/rm_interfaces/include/rm_interfaces/rm_interfaces/msg/detail\n'}
[0.238577] (rm_interfaces) StdoutLine: {'line': b'-- Up-to-date: /home/liker/Desktop/camera1/c_ws/src/install/rm_interfaces/include/rm_interfaces/rm_interfaces/msg/detail/target_info__type_support.cpp\n'}
[0.238636] (rm_interfaces) StdoutLine: {'line': b'-- Up-to-date: /home/liker/Desktop/camera1/c_ws/src/install/rm_interfaces/include/rm_interfaces/rm_interfaces/msg/detail/target_info__rosidl_typesupport_introspection_cpp.hpp\n'}
[0.238670] (rm_interfaces) StdoutLine: {'line': b'-- Up-to-date: /home/liker/Desktop/camera1/c_ws/src/install/rm_interfaces/lib/librm_interfaces__rosidl_typesupport_introspection_cpp.so\n'}
[0.238700] (rm_interfaces) StdoutLine: {'line': b'-- Up-to-date: /home/liker/Desktop/camera1/c_ws/src/install/rm_interfaces/lib/librm_interfaces__rosidl_typesupport_cpp.so\n'}
[0.238732] (rm_interfaces) StdoutLine: {'line': b'-- Up-to-date: /home/liker/Desktop/camera1/c_ws/src/install/rm_interfaces/share/rm_interfaces/environment/pythonpath.sh\n'}
[0.239235] (rm_interfaces) StdoutLine: {'line': b'-- Up-to-date: /home/liker/Desktop/camera1/c_ws/src/install/rm_interfaces/share/rm_interfaces/environment/pythonpath.dsv\n'}
[0.239321] (rm_interfaces) StdoutLine: {'line': b'-- Up-to-date: /home/liker/Desktop/camera1/c_ws/src/install/rm_interfaces/local/lib/python3.10/dist-packages/rm_interfaces-0.0.0-py3.10.egg-info\n'}
[0.239359] (rm_interfaces) StdoutLine: {'line': b'-- Installing: /home/liker/Desktop/camera1/c_ws/src/install/rm_interfaces/local/lib/python3.10/dist-packages/rm_interfaces-0.0.0-py3.10.egg-info/PKG-INFO\n'}
[0.239391] (rm_interfaces) StdoutLine: {'line': b'-- Installing: /home/liker/Desktop/camera1/c_ws/src/install/rm_interfaces/local/lib/python3.10/dist-packages/rm_interfaces-0.0.0-py3.10.egg-info/SOURCES.txt\n'}
[0.239422] (rm_interfaces) StdoutLine: {'line': b'-- Installing: /home/liker/Desktop/camera1/c_ws/src/install/rm_interfaces/local/lib/python3.10/dist-packages/rm_interfaces-0.0.0-py3.10.egg-info/dependency_links.txt\n'}
[0.239672] (rm_interfaces) StdoutLine: {'line': b'-- Installing: /home/liker/Desktop/camera1/c_ws/src/install/rm_interfaces/local/lib/python3.10/dist-packages/rm_interfaces-0.0.0-py3.10.egg-info/top_level.txt\n'}
[0.240027] (rm_interfaces) StdoutLine: {'line': b'-- Up-to-date: /home/liker/Desktop/camera1/c_ws/src/install/rm_interfaces/local/lib/python3.10/dist-packages/rm_interfaces\n'}
[0.240079] (rm_interfaces) StdoutLine: {'line': b'-- Up-to-date: /home/liker/Desktop/camera1/c_ws/src/install/rm_interfaces/local/lib/python3.10/dist-packages/rm_interfaces/rm_interfaces_s__rosidl_typesupport_fastrtps_c.cpython-310-x86_64-linux-gnu.so\n'}
[0.240113] (rm_interfaces) StdoutLine: {'line': b'-- Up-to-date: /home/liker/Desktop/camera1/c_ws/src/install/rm_interfaces/local/lib/python3.10/dist-packages/rm_interfaces/rm_interfaces_s__rosidl_typesupport_introspection_c.cpython-310-x86_64-linux-gnu.so\n'}
[0.240184] (rm_interfaces) StdoutLine: {'line': b'-- Up-to-date: /home/liker/Desktop/camera1/c_ws/src/install/rm_interfaces/local/lib/python3.10/dist-packages/rm_interfaces/_rm_interfaces_s.ep.rosidl_typesupport_fastrtps_c.c\n'}
[0.240224] (rm_interfaces) StdoutLine: {'line': b'-- Up-to-date: /home/liker/Desktop/camera1/c_ws/src/install/rm_interfaces/local/lib/python3.10/dist-packages/rm_interfaces/rm_interfaces_s__rosidl_typesupport_c.cpython-310-x86_64-linux-gnu.so\n'}
[0.240256] (rm_interfaces) StdoutLine: {'line': b'-- Up-to-date: /home/liker/Desktop/camera1/c_ws/src/install/rm_interfaces/local/lib/python3.10/dist-packages/rm_interfaces/msg\n'}
[0.240292] (rm_interfaces) StdoutLine: {'line': b'-- Up-to-date: /home/liker/Desktop/camera1/c_ws/src/install/rm_interfaces/local/lib/python3.10/dist-packages/rm_interfaces/msg/_target_info.py\n'}
[0.240318] (rm_interfaces) StdoutLine: {'line': b'-- Up-to-date: /home/liker/Desktop/camera1/c_ws/src/install/rm_interfaces/local/lib/python3.10/dist-packages/rm_interfaces/msg/_target_info_s.c\n'}
[0.240381] (rm_interfaces) StdoutLine: {'line': b'-- Up-to-date: /home/liker/Desktop/camera1/c_ws/src/install/rm_interfaces/local/lib/python3.10/dist-packages/rm_interfaces/msg/__init__.py\n'}
[0.240420] (rm_interfaces) StdoutLine: {'line': b'-- Up-to-date: /home/liker/Desktop/camera1/c_ws/src/install/rm_interfaces/local/lib/python3.10/dist-packages/rm_interfaces/librm_interfaces__rosidl_generator_py.so\n'}
[0.240450] (rm_interfaces) StdoutLine: {'line': b'-- Up-to-date: /home/liker/Desktop/camera1/c_ws/src/install/rm_interfaces/local/lib/python3.10/dist-packages/rm_interfaces/__init__.py\n'}
[0.240478] (rm_interfaces) StdoutLine: {'line': b'-- Up-to-date: /home/liker/Desktop/camera1/c_ws/src/install/rm_interfaces/local/lib/python3.10/dist-packages/rm_interfaces/_rm_interfaces_s.ep.rosidl_typesupport_c.c\n'}
[0.240558] (rm_interfaces) StdoutLine: {'line': b'-- Up-to-date: /home/liker/Desktop/camera1/c_ws/src/install/rm_interfaces/local/lib/python3.10/dist-packages/rm_interfaces/_rm_interfaces_s.ep.rosidl_typesupport_introspection_c.c\n'}
[0.260686] (rm_interfaces) StdoutLine: {'line': b"Listing '/home/liker/Desktop/camera1/c_ws/src/install/rm_interfaces/local/lib/python3.10/dist-packages/rm_interfaces'...\n"}
[0.260790] (rm_interfaces) StdoutLine: {'line': b"Listing '/home/liker/Desktop/camera1/c_ws/src/install/rm_interfaces/local/lib/python3.10/dist-packages/rm_interfaces/msg'...\n"}
[0.263220] (rm_interfaces) StdoutLine: {'line': b'-- Up-to-date: /home/liker/Desktop/camera1/c_ws/src/install/rm_interfaces/local/lib/python3.10/dist-packages/rm_interfaces/rm_interfaces_s__rosidl_typesupport_fastrtps_c.cpython-310-x86_64-linux-gnu.so\n'}
[0.263699] (rm_interfaces) StdoutLine: {'line': b'-- Up-to-date: /home/liker/Desktop/camera1/c_ws/src/install/rm_interfaces/local/lib/python3.10/dist-packages/rm_interfaces/rm_interfaces_s__rosidl_typesupport_introspection_c.cpython-310-x86_64-linux-gnu.so\n'}
[0.264129] (rm_interfaces) StdoutLine: {'line': b'-- Up-to-date: /home/liker/Desktop/camera1/c_ws/src/install/rm_interfaces/local/lib/python3.10/dist-packages/rm_interfaces/rm_interfaces_s__rosidl_typesupport_c.cpython-310-x86_64-linux-gnu.so\n'}
[0.264623] (rm_interfaces) StdoutLine: {'line': b'-- Up-to-date: /home/liker/Desktop/camera1/c_ws/src/install/rm_interfaces/lib/librm_interfaces__rosidl_generator_py.so\n'}
[0.264703] (rm_interfaces) StdoutLine: {'line': b'-- Up-to-date: /home/liker/Desktop/camera1/c_ws/src/install/rm_interfaces/share/rm_interfaces/msg/TargetInfo.idl\n'}
[0.264845] (rm_interfaces) StdoutLine: {'line': b'-- Up-to-date: /home/liker/Desktop/camera1/c_ws/src/install/rm_interfaces/share/rm_interfaces/msg/TargetInfo.msg\n'}
[0.265042] (rm_interfaces) StdoutLine: {'line': b'-- Up-to-date: /home/liker/Desktop/camera1/c_ws/src/install/rm_interfaces/share/ament_index/resource_index/package_run_dependencies/rm_interfaces\n'}
[0.265084] (rm_interfaces) StdoutLine: {'line': b'-- Up-to-date: /home/liker/Desktop/camera1/c_ws/src/install/rm_interfaces/share/ament_index/resource_index/parent_prefix_path/rm_interfaces\n'}
[0.265151] (rm_interfaces) StdoutLine: {'line': b'-- Up-to-date: /home/liker/Desktop/camera1/c_ws/src/install/rm_interfaces/share/rm_interfaces/environment/ament_prefix_path.sh\n'}
[0.265256] (rm_interfaces) StdoutLine: {'line': b'-- Up-to-date: /home/liker/Desktop/camera1/c_ws/src/install/rm_interfaces/share/rm_interfaces/environment/ament_prefix_path.dsv\n'}
[0.265293] (rm_interfaces) StdoutLine: {'line': b'-- Up-to-date: /home/liker/Desktop/camera1/c_ws/src/install/rm_interfaces/share/rm_interfaces/environment/path.sh\n'}
[0.265371] (rm_interfaces) StdoutLine: {'line': b'-- Up-to-date: /home/liker/Desktop/camera1/c_ws/src/install/rm_interfaces/share/rm_interfaces/environment/path.dsv\n'}
[0.265448] (rm_interfaces) StdoutLine: {'line': b'-- Up-to-date: /home/liker/Desktop/camera1/c_ws/src/install/rm_interfaces/share/rm_interfaces/local_setup.bash\n'}
[0.265526] (rm_interfaces) StdoutLine: {'line': b'-- Up-to-date: /home/liker/Desktop/camera1/c_ws/src/install/rm_interfaces/share/rm_interfaces/local_setup.sh\n'}
[0.265570] (rm_interfaces) StdoutLine: {'line': b'-- Up-to-date: /home/liker/Desktop/camera1/c_ws/src/install/rm_interfaces/share/rm_interfaces/local_setup.zsh\n'}
[0.265694] (rm_interfaces) StdoutLine: {'line': b'-- Up-to-date: /home/liker/Desktop/camera1/c_ws/src/install/rm_interfaces/share/rm_interfaces/local_setup.dsv\n'}
[0.265743] (rm_interfaces) StdoutLine: {'line': b'-- Installing: /home/liker/Desktop/camera1/c_ws/src/install/rm_interfaces/share/rm_interfaces/package.dsv\n'}
[0.265778] (rm_interfaces) StdoutLine: {'line': b'-- Up-to-date: /home/liker/Desktop/camera1/c_ws/src/install/rm_interfaces/share/ament_index/resource_index/packages/rm_interfaces\n'}
[0.265959] (rm_interfaces) StdoutLine: {'line': b'-- Up-to-date: /home/liker/Desktop/camera1/c_ws/src/install/rm_interfaces/share/rm_interfaces/cmake/export_rm_interfaces__rosidl_generator_cExport.cmake\n'}
[0.266043] (rm_interfaces) StdoutLine: {'line': b'-- Up-to-date: /home/liker/Desktop/camera1/c_ws/src/install/rm_interfaces/share/rm_interfaces/cmake/export_rm_interfaces__rosidl_generator_cExport-noconfig.cmake\n'}
[0.266118] (rm_interfaces) StdoutLine: {'line': b'-- Up-to-date: /home/liker/Desktop/camera1/c_ws/src/install/rm_interfaces/share/rm_interfaces/cmake/export_rm_interfaces__rosidl_typesupport_fastrtps_cExport.cmake\n'}
[0.266194] (rm_interfaces) StdoutLine: {'line': b'-- Up-to-date: /home/liker/Desktop/camera1/c_ws/src/install/rm_interfaces/share/rm_interfaces/cmake/export_rm_interfaces__rosidl_typesupport_fastrtps_cExport-noconfig.cmake\n'}
[0.266263] (rm_interfaces) StdoutLine: {'line': b'-- Up-to-date: /home/liker/Desktop/camera1/c_ws/src/install/rm_interfaces/share/rm_interfaces/cmake/rm_interfaces__rosidl_typesupport_introspection_cExport.cmake\n'}
[0.266359] (rm_interfaces) StdoutLine: {'line': b'-- Up-to-date: /home/liker/Desktop/camera1/c_ws/src/install/rm_interfaces/share/rm_interfaces/cmake/rm_interfaces__rosidl_typesupport_introspection_cExport-noconfig.cmake\n'}
[0.266406] (rm_interfaces) StdoutLine: {'line': b'-- Up-to-date: /home/liker/Desktop/camera1/c_ws/src/install/rm_interfaces/share/rm_interfaces/cmake/rm_interfaces__rosidl_typesupport_cExport.cmake\n'}
[0.266441] (rm_interfaces) StdoutLine: {'line': b'-- Up-to-date: /home/liker/Desktop/camera1/c_ws/src/install/rm_interfaces/share/rm_interfaces/cmake/rm_interfaces__rosidl_typesupport_cExport-noconfig.cmake\n'}
[0.266532] (rm_interfaces) StdoutLine: {'line': b'-- Up-to-date: /home/liker/Desktop/camera1/c_ws/src/install/rm_interfaces/share/rm_interfaces/cmake/export_rm_interfaces__rosidl_generator_cppExport.cmake\n'}
[0.266572] (rm_interfaces) StdoutLine: {'line': b'-- Up-to-date: /home/liker/Desktop/camera1/c_ws/src/install/rm_interfaces/share/rm_interfaces/cmake/export_rm_interfaces__rosidl_typesupport_fastrtps_cppExport.cmake\n'}
[0.266707] (rm_interfaces) StdoutLine: {'line': b'-- Up-to-date: /home/liker/Desktop/camera1/c_ws/src/install/rm_interfaces/share/rm_interfaces/cmake/export_rm_interfaces__rosidl_typesupport_fastrtps_cppExport-noconfig.cmake\n'}
[0.266795] (rm_interfaces) StdoutLine: {'line': b'-- Up-to-date: /home/liker/Desktop/camera1/c_ws/src/install/rm_interfaces/share/rm_interfaces/cmake/rm_interfaces__rosidl_typesupport_introspection_cppExport.cmake\n'}
[0.266859] (rm_interfaces) StdoutLine: {'line': b'-- Up-to-date: /home/liker/Desktop/camera1/c_ws/src/install/rm_interfaces/share/rm_interfaces/cmake/rm_interfaces__rosidl_typesupport_introspection_cppExport-noconfig.cmake\n'}
[0.267160] (rm_interfaces) StdoutLine: {'line': b'-- Up-to-date: /home/liker/Desktop/camera1/c_ws/src/install/rm_interfaces/share/rm_interfaces/cmake/rm_interfaces__rosidl_typesupport_cppExport.cmake\n'}
[0.267228] (rm_interfaces) StdoutLine: {'line': b'-- Up-to-date: /home/liker/Desktop/camera1/c_ws/src/install/rm_interfaces/share/rm_interfaces/cmake/rm_interfaces__rosidl_typesupport_cppExport-noconfig.cmake\n'}
[0.267370] (rm_interfaces) StdoutLine: {'line': b'-- Up-to-date: /home/liker/Desktop/camera1/c_ws/src/install/rm_interfaces/share/rm_interfaces/cmake/export_rm_interfaces__rosidl_generator_pyExport.cmake\n'}
[0.267425] (rm_interfaces) StdoutLine: {'line': b'-- Up-to-date: /home/liker/Desktop/camera1/c_ws/src/install/rm_interfaces/share/rm_interfaces/cmake/export_rm_interfaces__rosidl_generator_pyExport-noconfig.cmake\n'}
[0.267541] (rm_interfaces) StdoutLine: {'line': b'-- Up-to-date: /home/liker/Desktop/camera1/c_ws/src/install/rm_interfaces/share/rm_interfaces/cmake/rosidl_cmake-extras.cmake\n'}
[0.267580] (rm_interfaces) StdoutLine: {'line': b'-- Up-to-date: /home/liker/Desktop/camera1/c_ws/src/install/rm_interfaces/share/rm_interfaces/cmake/ament_cmake_export_include_directories-extras.cmake\n'}
[0.267612] (rm_interfaces) StdoutLine: {'line': b'-- Up-to-date: /home/liker/Desktop/camera1/c_ws/src/install/rm_interfaces/share/rm_interfaces/cmake/ament_cmake_export_libraries-extras.cmake\n'}
[0.267643] (rm_interfaces) StdoutLine: {'line': b'-- Up-to-date: /home/liker/Desktop/camera1/c_ws/src/install/rm_interfaces/share/rm_interfaces/cmake/ament_cmake_export_targets-extras.cmake\n'}
[0.267671] (rm_interfaces) StdoutLine: {'line': b'-- Up-to-date: /home/liker/Desktop/camera1/c_ws/src/install/rm_interfaces/share/rm_interfaces/cmake/rosidl_cmake_export_typesupport_targets-extras.cmake\n'}
[0.267833] (rm_interfaces) StdoutLine: {'line': b'-- Up-to-date: /home/liker/Desktop/camera1/c_ws/src/install/rm_interfaces/share/rm_interfaces/cmake/ament_cmake_export_dependencies-extras.cmake\n'}
[0.267992] (rm_interfaces) StdoutLine: {'line': b'-- Up-to-date: /home/liker/Desktop/camera1/c_ws/src/install/rm_interfaces/share/rm_interfaces/cmake/rosidl_cmake_export_typesupport_libraries-extras.cmake\n'}
[0.268061] (rm_interfaces) StdoutLine: {'line': b'-- Up-to-date: /home/liker/Desktop/camera1/c_ws/src/install/rm_interfaces/share/rm_interfaces/cmake/rm_interfacesConfig.cmake\n'}
[0.268119] (rm_interfaces) StdoutLine: {'line': b'-- Up-to-date: /home/liker/Desktop/camera1/c_ws/src/install/rm_interfaces/share/rm_interfaces/cmake/rm_interfacesConfig-version.cmake\n'}
[0.268167] (rm_interfaces) StdoutLine: {'line': b'-- Up-to-date: /home/liker/Desktop/camera1/c_ws/src/install/rm_interfaces/share/rm_interfaces/package.xml\n'}
[0.270416] (rm_interfaces) CommandEnded: {'returncode': 0}
[0.301501] (-) TimerEvent: {}
[0.307571] (rm_interfaces) JobEnded: {'identifier': 'rm_interfaces', 'rc': 0}
[0.309306] (tf2_node) JobStarted: {'identifier': 'tf2_node'}
[0.311316] (vision_detector) JobStarted: {'identifier': 'vision_detector'}
[0.317247] (tf2_node) JobProgress: {'identifier': 'tf2_node', 'progress': 'cmake'}
[0.320170] (tf2_node) JobProgress: {'identifier': 'tf2_node', 'progress': 'build'}
[0.320323] (tf2_node) Command: {'cmd': ['/usr/local/bin/cmake', '--build', '/home/liker/Desktop/camera1/c_ws/src/build/tf2_node', '--', '-j32', '-l32'], 'cwd': '/home/liker/Desktop/camera1/c_ws/src/build/tf2_node', 'env': OrderedDict([('LANGUAGE', 'en_US:'), ('USER', 'liker'), ('LC_TIME', 'zh_CN.UTF-8'), ('XDG_SESSION_TYPE', 'wayland'), ('SHLVL', '1'), ('LD_LIBRARY_PATH', '/home/liker/Desktop/camera1/c_ws/src/install/rm_interfaces/lib:/opt/ros/humble/opt/rviz_ogre_vendor/lib:/opt/ros/humble/lib/x86_64-linux-gnu:/opt/ros/humble/lib'), ('HOME', '/home/liker'), ('OLDPWD', '/home/liker/Desktop/camera1/c_ws/scripts'), ('DESKTOP_SESSION', 'ubuntu'), ('ROS_PYTHON_VERSION', '3'), ('GNOME_SHELL_SESSION_MODE', 'ubuntu'), ('GTK_MODULES', 'gail:atk-bridge'), ('LC_MONETARY', 'zh_CN.UTF-8'), ('DBUS_STARTER_BUS_TYPE', 'session'), ('SYSTEMD_EXEC_PID', '1691'), ('DBUS_SESSION_BUS_ADDRESS', 'unix:path=/run/user/1000/bus,guid=98f95ca7946eb74339853bd7697d67ec'), ('COLORTERM', 'truecolor'), ('IM_CONFIG_PHASE', '1'), ('WAYLAND_DISPLAY', 'wayland-0'), ('COLCON_PREFIX_PATH', '/home/liker/Desktop/camera1/c_ws/install'), ('ROS_DISTRO', 'humble'), ('LOGNAME', 'liker'), ('_', '/usr/bin/colcon'), ('ROS_VERSION', '2'), ('XDG_SESSION_CLASS', 'user'), ('USERNAME', 'liker'), ('TERM', 'xterm-256color'), ('GNOME_DESKTOP_SESSION_ID', 'this-is-deprecated'), ('ROS_LOCALHOST_ONLY', '0'), ('PATH', '/opt/ros/humble/bin:/usr/local/sbin:/usr/local/bin:/usr/sbin:/usr/bin:/sbin:/bin:/usr/games:/usr/local/games:/snap/bin:/snap/bin'), ('SESSION_MANAGER', 'local/liker-virtual-machine:@/tmp/.ICE-unix/1691,unix/liker-virtual-machine:/tmp/.ICE-unix/1691'), ('XDG_MENU_PREFIX', 'gnome-'), ('LC_ADDRESS', 'zh_CN.UTF-8'), ('GNOME_TERMINAL_SCREEN', '/org/gnome/Terminal/screen/b9be49ba_d19f_4394_aaeb_259e5609c0c1'), ('GNOME_SETUP_DISPLAY', ':1'), ('XDG_RUNTIME_DIR', '/run/user/1000'), ('DISPLAY', ':0'), ('LANG', 'en_US.UTF-8'), ('XDG_CURRENT_DESKTOP', 'ubuntu:GNOME'), ('LC_TELEPHONE', 'zh_CN.UTF-8'), ('XMODIFIERS', '@im=ibus'), ('XDG_SESSION_DESKTOP', 'ubuntu'), ('XAUTHORITY', '/run/user/1000/.mutter-Xwaylandauth.OH8RJ3'), ('GNOME_TERMINAL_SERVICE', ':1.213'), ('SSH_AGENT_LAUNCHER', 'gnome-keyring'), ('SSH_AUTH_SOCK', '/run/user/1000/keyring/ssh'), ('AMENT_PREFIX_PATH', '/home/liker/Desktop/camera1/c_ws/src/install/rm_interfaces:/opt/ros/humble'), ('SHELL', '/bin/bash'), ('LC_NAME', 'zh_CN.UTF-8'), ('QT_ACCESSIBILITY', '1'), ('GDMSESSION', 'ubuntu'), ('LC_MEASUREMENT', 'zh_CN.UTF-8'), ('LC_IDENTIFICATION', 'zh_CN.UTF-8'), ('QT_IM_MODULE', 'ibus'), ('PWD', '/home/liker/Desktop/camera1/c_ws/src/build/tf2_node'), ('XDG_CONFIG_DIRS', '/etc/xdg/xdg-ubuntu:/etc/xdg'), ('DBUS_STARTER_ADDRESS', 'unix:path=/run/user/1000/bus,guid=98f95ca7946eb74339853bd7697d67ec'), ('XDG_DATA_DIRS', '/usr/share/ubuntu:/usr/local/share/:/usr/share/:/var/lib/snapd/desktop'), ('PYTHONPATH', '/home/liker/Desktop/camera1/c_ws/src/install/rm_interfaces/local/lib/python3.10/dist-packages:/opt/ros/humble/lib/python3.10/site-packages:/opt/ros/humble/local/lib/python3.10/dist-packages'), ('LC_NUMERIC', 'zh_CN.UTF-8'), ('LC_PAPER', 'zh_CN.UTF-8'), ('COLCON', '1'), ('VTE_VERSION', '6800'), ('CMAKE_PREFIX_PATH', '/home/liker/Desktop/camera1/c_ws/src/install/rm_interfaces:/opt/ros/humble')]), 'shell': False}
[0.322878] (vision_detector) JobProgress: {'identifier': 'vision_detector', 'progress': 'cmake'}
[0.325424] (vision_detector) JobProgress: {'identifier': 'vision_detector', 'progress': 'build'}
[0.325931] (vision_detector) Command: {'cmd': ['/usr/local/bin/cmake', '--build', '/home/liker/Desktop/camera1/c_ws/src/build/vision_detector', '--', '-j32', '-l32'], 'cwd': '/home/liker/Desktop/camera1/c_ws/src/build/vision_detector', 'env': OrderedDict([('LANGUAGE', 'en_US:'), ('USER', 'liker'), ('LC_TIME', 'zh_CN.UTF-8'), ('XDG_SESSION_TYPE', 'wayland'), ('SHLVL', '1'), ('LD_LIBRARY_PATH', '/home/liker/Desktop/camera1/c_ws/src/install/rm_interfaces/lib:/opt/ros/humble/opt/rviz_ogre_vendor/lib:/opt/ros/humble/lib/x86_64-linux-gnu:/opt/ros/humble/lib'), ('HOME', '/home/liker'), ('OLDPWD', '/home/liker/Desktop/camera1/c_ws/scripts'), ('DESKTOP_SESSION', 'ubuntu'), ('ROS_PYTHON_VERSION', '3'), ('GNOME_SHELL_SESSION_MODE', 'ubuntu'), ('GTK_MODULES', 'gail:atk-bridge'), ('LC_MONETARY', 'zh_CN.UTF-8'), ('DBUS_STARTER_BUS_TYPE', 'session'), ('SYSTEMD_EXEC_PID', '1691'), ('DBUS_SESSION_BUS_ADDRESS', 'unix:path=/run/user/1000/bus,guid=98f95ca7946eb74339853bd7697d67ec'), ('COLORTERM', 'truecolor'), ('IM_CONFIG_PHASE', '1'), ('WAYLAND_DISPLAY', 'wayland-0'), ('COLCON_PREFIX_PATH', '/home/liker/Desktop/camera1/c_ws/install'), ('ROS_DISTRO', 'humble'), ('LOGNAME', 'liker'), ('_', '/usr/bin/colcon'), ('ROS_VERSION', '2'), ('XDG_SESSION_CLASS', 'user'), ('USERNAME', 'liker'), ('TERM', 'xterm-256color'), ('GNOME_DESKTOP_SESSION_ID', 'this-is-deprecated'), ('ROS_LOCALHOST_ONLY', '0'), ('PATH', '/opt/ros/humble/bin:/usr/local/sbin:/usr/local/bin:/usr/sbin:/usr/bin:/sbin:/bin:/usr/games:/usr/local/games:/snap/bin:/snap/bin'), ('SESSION_MANAGER', 'local/liker-virtual-machine:@/tmp/.ICE-unix/1691,unix/liker-virtual-machine:/tmp/.ICE-unix/1691'), ('XDG_MENU_PREFIX', 'gnome-'), ('LC_ADDRESS', 'zh_CN.UTF-8'), ('GNOME_TERMINAL_SCREEN', '/org/gnome/Terminal/screen/b9be49ba_d19f_4394_aaeb_259e5609c0c1'), ('GNOME_SETUP_DISPLAY', ':1'), ('XDG_RUNTIME_DIR', '/run/user/1000'), ('DISPLAY', ':0'), ('LANG', 'en_US.UTF-8'), ('XDG_CURRENT_DESKTOP', 'ubuntu:GNOME'), ('LC_TELEPHONE', 'zh_CN.UTF-8'), ('XMODIFIERS', '@im=ibus'), ('XDG_SESSION_DESKTOP', 'ubuntu'), ('XAUTHORITY', '/run/user/1000/.mutter-Xwaylandauth.OH8RJ3'), ('GNOME_TERMINAL_SERVICE', ':1.213'), ('SSH_AGENT_LAUNCHER', 'gnome-keyring'), ('SSH_AUTH_SOCK', '/run/user/1000/keyring/ssh'), ('AMENT_PREFIX_PATH', '/home/liker/Desktop/camera1/c_ws/src/install/rm_interfaces:/opt/ros/humble'), ('SHELL', '/bin/bash'), ('LC_NAME', 'zh_CN.UTF-8'), ('QT_ACCESSIBILITY', '1'), ('GDMSESSION', 'ubuntu'), ('LC_MEASUREMENT', 'zh_CN.UTF-8'), ('LC_IDENTIFICATION', 'zh_CN.UTF-8'), ('QT_IM_MODULE', 'ibus'), ('PWD', '/home/liker/Desktop/camera1/c_ws/src/build/vision_detector'), ('XDG_CONFIG_DIRS', '/etc/xdg/xdg-ubuntu:/etc/xdg'), ('DBUS_STARTER_ADDRESS', 'unix:path=/run/user/1000/bus,guid=98f95ca7946eb74339853bd7697d67ec'), ('XDG_DATA_DIRS', '/usr/share/ubuntu:/usr/local/share/:/usr/share/:/var/lib/snapd/desktop'), ('PYTHONPATH', '/home/liker/Desktop/camera1/c_ws/src/install/rm_interfaces/local/lib/python3.10/dist-packages:/opt/ros/humble/lib/python3.10/site-packages:/opt/ros/humble/local/lib/python3.10/dist-packages'), ('LC_NUMERIC', 'zh_CN.UTF-8'), ('LC_PAPER', 'zh_CN.UTF-8'), ('COLCON', '1'), ('VTE_VERSION', '6800'), ('CMAKE_PREFIX_PATH', '/home/liker/Desktop/camera1/c_ws/src/install/rm_interfaces:/opt/ros/humble')]), 'shell': False}
[0.353938] (tf2_node) StdoutLine: {'line': b'[ 33%] Built target static_tf_publish\n'}
[0.354372] (tf2_node) StdoutLine: {'line': b'[ 66%] Built target TFListener\n'}
[0.355679] (tf2_node) StdoutLine: {'line': b'[100%] Built target qtdispaly\n'}
[0.361418] (vision_detector) StdoutLine: {'line': b'[100%] Built target vision_detector\n'}
[0.363068] (tf2_node) CommandEnded: {'returncode': 0}
[0.363390] (tf2_node) JobProgress: {'identifier': 'tf2_node', 'progress': 'install'}
[0.363409] (tf2_node) Command: {'cmd': ['/usr/local/bin/cmake', '--install', '/home/liker/Desktop/camera1/c_ws/src/build/tf2_node'], 'cwd': '/home/liker/Desktop/camera1/c_ws/src/build/tf2_node', 'env': OrderedDict([('LANGUAGE', 'en_US:'), ('USER', 'liker'), ('LC_TIME', 'zh_CN.UTF-8'), ('XDG_SESSION_TYPE', 'wayland'), ('SHLVL', '1'), ('LD_LIBRARY_PATH', '/home/liker/Desktop/camera1/c_ws/src/install/rm_interfaces/lib:/opt/ros/humble/opt/rviz_ogre_vendor/lib:/opt/ros/humble/lib/x86_64-linux-gnu:/opt/ros/humble/lib'), ('HOME', '/home/liker'), ('OLDPWD', '/home/liker/Desktop/camera1/c_ws/scripts'), ('DESKTOP_SESSION', 'ubuntu'), ('ROS_PYTHON_VERSION', '3'), ('GNOME_SHELL_SESSION_MODE', 'ubuntu'), ('GTK_MODULES', 'gail:atk-bridge'), ('LC_MONETARY', 'zh_CN.UTF-8'), ('DBUS_STARTER_BUS_TYPE', 'session'), ('SYSTEMD_EXEC_PID', '1691'), ('DBUS_SESSION_BUS_ADDRESS', 'unix:path=/run/user/1000/bus,guid=98f95ca7946eb74339853bd7697d67ec'), ('COLORTERM', 'truecolor'), ('IM_CONFIG_PHASE', '1'), ('WAYLAND_DISPLAY', 'wayland-0'), ('COLCON_PREFIX_PATH', '/home/liker/Desktop/camera1/c_ws/install'), ('ROS_DISTRO', 'humble'), ('LOGNAME', 'liker'), ('_', '/usr/bin/colcon'), ('ROS_VERSION', '2'), ('XDG_SESSION_CLASS', 'user'), ('USERNAME', 'liker'), ('TERM', 'xterm-256color'), ('GNOME_DESKTOP_SESSION_ID', 'this-is-deprecated'), ('ROS_LOCALHOST_ONLY', '0'), ('PATH', '/opt/ros/humble/bin:/usr/local/sbin:/usr/local/bin:/usr/sbin:/usr/bin:/sbin:/bin:/usr/games:/usr/local/games:/snap/bin:/snap/bin'), ('SESSION_MANAGER', 'local/liker-virtual-machine:@/tmp/.ICE-unix/1691,unix/liker-virtual-machine:/tmp/.ICE-unix/1691'), ('XDG_MENU_PREFIX', 'gnome-'), ('LC_ADDRESS', 'zh_CN.UTF-8'), ('GNOME_TERMINAL_SCREEN', '/org/gnome/Terminal/screen/b9be49ba_d19f_4394_aaeb_259e5609c0c1'), ('GNOME_SETUP_DISPLAY', ':1'), ('XDG_RUNTIME_DIR', '/run/user/1000'), ('DISPLAY', ':0'), ('LANG', 'en_US.UTF-8'), ('XDG_CURRENT_DESKTOP', 'ubuntu:GNOME'), ('LC_TELEPHONE', 'zh_CN.UTF-8'), ('XMODIFIERS', '@im=ibus'), ('XDG_SESSION_DESKTOP', 'ubuntu'), ('XAUTHORITY', '/run/user/1000/.mutter-Xwaylandauth.OH8RJ3'), ('GNOME_TERMINAL_SERVICE', ':1.213'), ('SSH_AGENT_LAUNCHER', 'gnome-keyring'), ('SSH_AUTH_SOCK', '/run/user/1000/keyring/ssh'), ('AMENT_PREFIX_PATH', '/home/liker/Desktop/camera1/c_ws/src/install/rm_interfaces:/opt/ros/humble'), ('SHELL', '/bin/bash'), ('LC_NAME', 'zh_CN.UTF-8'), ('QT_ACCESSIBILITY', '1'), ('GDMSESSION', 'ubuntu'), ('LC_MEASUREMENT', 'zh_CN.UTF-8'), ('LC_IDENTIFICATION', 'zh_CN.UTF-8'), ('QT_IM_MODULE', 'ibus'), ('PWD', '/home/liker/Desktop/camera1/c_ws/src/build/tf2_node'), ('XDG_CONFIG_DIRS', '/etc/xdg/xdg-ubuntu:/etc/xdg'), ('DBUS_STARTER_ADDRESS', 'unix:path=/run/user/1000/bus,guid=98f95ca7946eb74339853bd7697d67ec'), ('XDG_DATA_DIRS', '/usr/share/ubuntu:/usr/local/share/:/usr/share/:/var/lib/snapd/desktop'), ('PYTHONPATH', '/home/liker/Desktop/camera1/c_ws/src/install/rm_interfaces/local/lib/python3.10/dist-packages:/opt/ros/humble/lib/python3.10/site-packages:/opt/ros/humble/local/lib/python3.10/dist-packages'), ('LC_NUMERIC', 'zh_CN.UTF-8'), ('LC_PAPER', 'zh_CN.UTF-8'), ('COLCON', '1'), ('VTE_VERSION', '6800'), ('CMAKE_PREFIX_PATH', '/home/liker/Desktop/camera1/c_ws/src/install/rm_interfaces:/opt/ros/humble')]), 'shell': False}
[0.366171] (tf2_node) StdoutLine: {'line': b'-- Install configuration: ""\n'}
[0.366638] (tf2_node) StdoutLine: {'line': b'-- Up-to-date: /home/liker/Desktop/camera1/c_ws/src/install/tf2_node/lib/tf2_node/static_tf_publish\n'}
[0.367066] (tf2_node) StdoutLine: {'line': b'-- Up-to-date: /home/liker/Desktop/camera1/c_ws/src/install/tf2_node/lib/tf2_node/TFListener\n'}
[0.368990] (tf2_node) StdoutLine: {'line': b'-- Up-to-date: /home/liker/Desktop/camera1/c_ws/src/install/tf2_node/lib/tf2_node/qtdispaly\n'}
[0.369328] (tf2_node) StdoutLine: {'line': b'-- Up-to-date: /home/liker/Desktop/camera1/c_ws/src/install/tf2_node/share/ament_index/resource_index/package_run_dependencies/tf2_node\n'}
[0.371905] (tf2_node) StdoutLine: {'line': b'-- Up-to-date: /home/liker/Desktop/camera1/c_ws/src/install/tf2_node/share/ament_index/resource_index/parent_prefix_path/tf2_node\n'}
[0.372669] (tf2_node) StdoutLine: {'line': b'-- Up-to-date: /home/liker/Desktop/camera1/c_ws/src/install/tf2_node/share/tf2_node/environment/ament_prefix_path.sh\n'}
[0.372858] (tf2_node) StdoutLine: {'line': b'-- Up-to-date: /home/liker/Desktop/camera1/c_ws/src/install/tf2_node/share/tf2_node/environment/ament_prefix_path.dsv\n'}
[0.373381] (tf2_node) StdoutLine: {'line': b'-- Up-to-date: /home/liker/Desktop/camera1/c_ws/src/install/tf2_node/share/tf2_node/environment/path.sh\n'}
[0.373705] (tf2_node) StdoutLine: {'line': b'-- Up-to-date: /home/liker/Desktop/camera1/c_ws/src/install/tf2_node/share/tf2_node/environment/path.dsv\n'}
[0.373971] (tf2_node) StdoutLine: {'line': b'-- Up-to-date: /home/liker/Desktop/camera1/c_ws/src/install/tf2_node/share/tf2_node/local_setup.bash\n'}
[0.375160] (tf2_node) StdoutLine: {'line': b'-- Up-to-date: /home/liker/Desktop/camera1/c_ws/src/install/tf2_node/share/tf2_node/local_setup.sh\n'}
[0.375381] (tf2_node) StdoutLine: {'line': b'-- Up-to-date: /home/liker/Desktop/camera1/c_ws/src/install/tf2_node/share/tf2_node/local_setup.zsh\n'}
[0.375422] (tf2_node) StdoutLine: {'line': b'-- Up-to-date: /home/liker/Desktop/camera1/c_ws/src/install/tf2_node/share/tf2_node/local_setup.dsv\n'}
[0.375452] (tf2_node) StdoutLine: {'line': b'-- Installing: /home/liker/Desktop/camera1/c_ws/src/install/tf2_node/share/tf2_node/package.dsv\n'}
[0.375478] (tf2_node) StdoutLine: {'line': b'-- Up-to-date: /home/liker/Desktop/camera1/c_ws/src/install/tf2_node/share/ament_index/resource_index/packages/tf2_node\n'}
[0.375504] (tf2_node) StdoutLine: {'line': b'-- Up-to-date: /home/liker/Desktop/camera1/c_ws/src/install/tf2_node/share/tf2_node/cmake/tf2_nodeConfig.cmake\n'}
[0.377601] (tf2_node) StdoutLine: {'line': b'-- Up-to-date: /home/liker/Desktop/camera1/c_ws/src/install/tf2_node/share/tf2_node/cmake/tf2_nodeConfig-version.cmake\n'}
[0.377701] (tf2_node) StdoutLine: {'line': b'-- Up-to-date: /home/liker/Desktop/camera1/c_ws/src/install/tf2_node/share/tf2_node/package.xml\n'}
[0.377755] (vision_detector) CommandEnded: {'returncode': 0}
[0.378088] (vision_detector) JobProgress: {'identifier': 'vision_detector', 'progress': 'install'}
[0.378112] (vision_detector) Command: {'cmd': ['/usr/local/bin/cmake', '--install', '/home/liker/Desktop/camera1/c_ws/src/build/vision_detector'], 'cwd': '/home/liker/Desktop/camera1/c_ws/src/build/vision_detector', 'env': OrderedDict([('LANGUAGE', 'en_US:'), ('USER', 'liker'), ('LC_TIME', 'zh_CN.UTF-8'), ('XDG_SESSION_TYPE', 'wayland'), ('SHLVL', '1'), ('LD_LIBRARY_PATH', '/home/liker/Desktop/camera1/c_ws/src/install/rm_interfaces/lib:/opt/ros/humble/opt/rviz_ogre_vendor/lib:/opt/ros/humble/lib/x86_64-linux-gnu:/opt/ros/humble/lib'), ('HOME', '/home/liker'), ('OLDPWD', '/home/liker/Desktop/camera1/c_ws/scripts'), ('DESKTOP_SESSION', 'ubuntu'), ('ROS_PYTHON_VERSION', '3'), ('GNOME_SHELL_SESSION_MODE', 'ubuntu'), ('GTK_MODULES', 'gail:atk-bridge'), ('LC_MONETARY', 'zh_CN.UTF-8'), ('DBUS_STARTER_BUS_TYPE', 'session'), ('SYSTEMD_EXEC_PID', '1691'), ('DBUS_SESSION_BUS_ADDRESS', 'unix:path=/run/user/1000/bus,guid=98f95ca7946eb74339853bd7697d67ec'), ('COLORTERM', 'truecolor'), ('IM_CONFIG_PHASE', '1'), ('WAYLAND_DISPLAY', 'wayland-0'), ('COLCON_PREFIX_PATH', '/home/liker/Desktop/camera1/c_ws/install'), ('ROS_DISTRO', 'humble'), ('LOGNAME', 'liker'), ('_', '/usr/bin/colcon'), ('ROS_VERSION', '2'), ('XDG_SESSION_CLASS', 'user'), ('USERNAME', 'liker'), ('TERM', 'xterm-256color'), ('GNOME_DESKTOP_SESSION_ID', 'this-is-deprecated'), ('ROS_LOCALHOST_ONLY', '0'), ('PATH', '/opt/ros/humble/bin:/usr/local/sbin:/usr/local/bin:/usr/sbin:/usr/bin:/sbin:/bin:/usr/games:/usr/local/games:/snap/bin:/snap/bin'), ('SESSION_MANAGER', 'local/liker-virtual-machine:@/tmp/.ICE-unix/1691,unix/liker-virtual-machine:/tmp/.ICE-unix/1691'), ('XDG_MENU_PREFIX', 'gnome-'), ('LC_ADDRESS', 'zh_CN.UTF-8'), ('GNOME_TERMINAL_SCREEN', '/org/gnome/Terminal/screen/b9be49ba_d19f_4394_aaeb_259e5609c0c1'), ('GNOME_SETUP_DISPLAY', ':1'), ('XDG_RUNTIME_DIR', '/run/user/1000'), ('DISPLAY', ':0'), ('LANG', 'en_US.UTF-8'), ('XDG_CURRENT_DESKTOP', 'ubuntu:GNOME'), ('LC_TELEPHONE', 'zh_CN.UTF-8'), ('XMODIFIERS', '@im=ibus'), ('XDG_SESSION_DESKTOP', 'ubuntu'), ('XAUTHORITY', '/run/user/1000/.mutter-Xwaylandauth.OH8RJ3'), ('GNOME_TERMINAL_SERVICE', ':1.213'), ('SSH_AGENT_LAUNCHER', 'gnome-keyring'), ('SSH_AUTH_SOCK', '/run/user/1000/keyring/ssh'), ('AMENT_PREFIX_PATH', '/home/liker/Desktop/camera1/c_ws/src/install/rm_interfaces:/opt/ros/humble'), ('SHELL', '/bin/bash'), ('LC_NAME', 'zh_CN.UTF-8'), ('QT_ACCESSIBILITY', '1'), ('GDMSESSION', 'ubuntu'), ('LC_MEASUREMENT', 'zh_CN.UTF-8'), ('LC_IDENTIFICATION', 'zh_CN.UTF-8'), ('QT_IM_MODULE', 'ibus'), ('PWD', '/home/liker/Desktop/camera1/c_ws/src/build/vision_detector'), ('XDG_CONFIG_DIRS', '/etc/xdg/xdg-ubuntu:/etc/xdg'), ('DBUS_STARTER_ADDRESS', 'unix:path=/run/user/1000/bus,guid=98f95ca7946eb74339853bd7697d67ec'), ('XDG_DATA_DIRS', '/usr/share/ubuntu:/usr/local/share/:/usr/share/:/var/lib/snapd/desktop'), ('PYTHONPATH', '/home/liker/Desktop/camera1/c_ws/src/install/rm_interfaces/local/lib/python3.10/dist-packages:/opt/ros/humble/lib/python3.10/site-packages:/opt/ros/humble/local/lib/python3.10/dist-packages'), ('LC_NUMERIC', 'zh_CN.UTF-8'), ('LC_PAPER', 'zh_CN.UTF-8'), ('COLCON', '1'), ('VTE_VERSION', '6800'), ('CMAKE_PREFIX_PATH', '/home/liker/Desktop/camera1/c_ws/src/install/rm_interfaces:/opt/ros/humble')]), 'shell': False}
[0.378400] (vision_detector) StdoutLine: {'line': b'-- Install configuration: ""\n'}
[0.378532] (vision_detector) StdoutLine: {'line': b'-- Up-to-date: /home/liker/Desktop/camera1/c_ws/src/install/vision_detector/lib/vision_detector/vision_detector\n'}
[0.379444] (vision_detector) StdoutLine: {'line': b'-- Up-to-date: /home/liker/Desktop/camera1/c_ws/src/install/vision_detector/share/ament_index/resource_index/package_run_dependencies/vision_detector\n'}
[0.379760] (vision_detector) StdoutLine: {'line': b'-- Up-to-date: /home/liker/Desktop/camera1/c_ws/src/install/vision_detector/share/ament_index/resource_index/parent_prefix_path/vision_detector\n'}
[0.379881] (vision_detector) StdoutLine: {'line': b'-- Up-to-date: /home/liker/Desktop/camera1/c_ws/src/install/vision_detector/share/vision_detector/environment/ament_prefix_path.sh\n'}
[0.380002] (vision_detector) StdoutLine: {'line': b'-- Up-to-date: /home/liker/Desktop/camera1/c_ws/src/install/vision_detector/share/vision_detector/environment/ament_prefix_path.dsv\n'}
[0.380084] (vision_detector) StdoutLine: {'line': b'-- Up-to-date: /home/liker/Desktop/camera1/c_ws/src/install/vision_detector/share/vision_detector/environment/path.sh\n'}
[0.380123] (vision_detector) StdoutLine: {'line': b'-- Up-to-date: /home/liker/Desktop/camera1/c_ws/src/install/vision_detector/share/vision_detector/environment/path.dsv\n'}
[0.380153] (vision_detector) StdoutLine: {'line': b'-- Up-to-date: /home/liker/Desktop/camera1/c_ws/src/install/vision_detector/share/vision_detector/local_setup.bash\n'}
[0.380180] (vision_detector) StdoutLine: {'line': b'-- Up-to-date: /home/liker/Desktop/camera1/c_ws/src/install/vision_detector/share/vision_detector/local_setup.sh\n'}
[0.380207] (vision_detector) StdoutLine: {'line': b'-- Up-to-date: /home/liker/Desktop/camera1/c_ws/src/install/vision_detector/share/vision_detector/local_setup.zsh\n'}
[0.380232] (vision_detector) StdoutLine: {'line': b'-- Up-to-date: /home/liker/Desktop/camera1/c_ws/src/install/vision_detector/share/vision_detector/local_setup.dsv\n'}
[0.380257] (vision_detector) StdoutLine: {'line': b'-- Installing: /home/liker/Desktop/camera1/c_ws/src/install/vision_detector/share/vision_detector/package.dsv\n'}
[0.380325] (vision_detector) StdoutLine: {'line': b'-- Up-to-date: /home/liker/Desktop/camera1/c_ws/src/install/vision_detector/share/ament_index/resource_index/packages/vision_detector\n'}
[0.380434] (vision_detector) StdoutLine: {'line': b'-- Up-to-date: /home/liker/Desktop/camera1/c_ws/src/install/vision_detector/share/vision_detector/cmake/vision_detectorConfig.cmake\n'}
[0.380574] (vision_detector) StdoutLine: {'line': b'-- Up-to-date: /home/liker/Desktop/camera1/c_ws/src/install/vision_detector/share/vision_detector/cmake/vision_detectorConfig-version.cmake\n'}
[0.380647] (vision_detector) StdoutLine: {'line': b'-- Up-to-date: /home/liker/Desktop/camera1/c_ws/src/install/vision_detector/share/vision_detector/package.xml\n'}
[0.380736] (tf2_node) CommandEnded: {'returncode': 0}
[0.391966] (tf2_node) JobEnded: {'identifier': 'tf2_node', 'rc': 0}
[0.392819] (vision_detector) CommandEnded: {'returncode': 0}
[0.401728] (-) TimerEvent: {}
[0.405608] (vision_detector) JobEnded: {'identifier': 'vision_detector', 'rc': 0}
[0.406773] (-) EventReactorShutdown: {}
