[0.069s] DEBUG:colcon:Command line arguments: ['/usr/bin/colcon', 'build', '--packages-select', 'camera_publish']
[0.069s] DEBUG:colcon:Parsed command line arguments: Namespace(log_base=None, log_level=None, verb_name='build', build_base='build', install_base='install', merge_install=False, symlink_install=False, test_result_base=None, continue_on_error=False, executor='parallel', parallel_workers=32, event_handlers=None, ignore_user_meta=False, metas=['./colcon.meta'], base_paths=['.'], packages_ignore=None, packages_ignore_regex=None, paths=None, packages_up_to=None, packages_up_to_regex=None, packages_above=None, packages_above_and_dependencies=None, packages_above_depth=None, packages_select_by_dep=None, packages_skip_by_dep=None, packages_skip_up_to=None, packages_select_build_failed=False, packages_skip_build_finished=False, packages_select_test_failures=False, packages_skip_test_passed=False, packages_select=['camera_publish'], packages_skip=None, packages_select_regex=None, packages_skip_regex=None, packages_start=None, packages_end=None, allow_overriding=[], cmake_args=None, cmake_target=None, cmake_target_skip_unavailable=False, cmake_clean_cache=False, cmake_clean_first=False, cmake_force_configure=False, ament_cmake_args=None, catkin_cmake_args=None, catkin_skip_building_tests=False, verb_parser=<colcon_defaults.argument_parser.defaults.DefaultArgumentsDecorator object at 0x7e4b6802b400>, verb_extension=<colcon_core.verb.build.BuildVerb object at 0x7e4b681e0a00>, main=<bound method BuildVerb.main of <colcon_core.verb.build.BuildVerb object at 0x7e4b681e0a00>>)
[0.156s] Level 1:colcon.colcon_core.package_discovery:discover_packages(colcon_meta) check parameters
[0.156s] Level 1:colcon.colcon_core.package_discovery:discover_packages(recursive) check parameters
[0.156s] Level 1:colcon.colcon_core.package_discovery:discover_packages(ignore) check parameters
[0.156s] Level 1:colcon.colcon_core.package_discovery:discover_packages(path) check parameters
[0.156s] Level 1:colcon.colcon_core.package_discovery:discover_packages(colcon_meta) discover
[0.156s] Level 1:colcon.colcon_core.package_discovery:discover_packages(recursive) discover
[0.156s] INFO:colcon.colcon_core.package_discovery:Crawling recursively for packages in '/home/liker/Desktop/camera1/c_ws/src'
[0.156s] Level 1:colcon.colcon_core.package_identification:_identify(.) by extensions ['ignore', 'ignore_ament_install']
[0.156s] Level 1:colcon.colcon_core.package_identification:_identify(.) by extension 'ignore'
[0.156s] Level 1:colcon.colcon_core.package_identification:_identify(.) by extension 'ignore_ament_install'
[0.156s] Level 1:colcon.colcon_core.package_identification:_identify(.) by extensions ['colcon_pkg']
[0.156s] Level 1:colcon.colcon_core.package_identification:_identify(.) by extension 'colcon_pkg'
[0.156s] Level 1:colcon.colcon_core.package_identification:_identify(.) by extensions ['colcon_meta']
[0.156s] Level 1:colcon.colcon_core.package_identification:_identify(.) by extension 'colcon_meta'
[0.156s] Level 1:colcon.colcon_core.package_identification:_identify(.) by extensions ['ros']
[0.156s] Level 1:colcon.colcon_core.package_identification:_identify(.) by extension 'ros'
[0.164s] Level 1:colcon.colcon_core.package_identification:_identify(.) by extensions ['cmake', 'python']
[0.164s] Level 1:colcon.colcon_core.package_identification:_identify(.) by extension 'cmake'
[0.164s] Level 1:colcon.colcon_core.package_identification:_identify(.) by extension 'python'
[0.164s] Level 1:colcon.colcon_core.package_identification:_identify(.) by extensions ['python_setup_py']
[0.164s] Level 1:colcon.colcon_core.package_identification:_identify(.) by extension 'python_setup_py'
[0.164s] Level 1:colcon.colcon_core.package_identification:_identify(build) by extensions ['ignore', 'ignore_ament_install']
[0.164s] Level 1:colcon.colcon_core.package_identification:_identify(build) by extension 'ignore'
[0.164s] Level 1:colcon.colcon_core.package_identification:_identify(build) ignored
[0.164s] Level 1:colcon.colcon_core.package_identification:_identify(camera_publish) by extensions ['ignore', 'ignore_ament_install']
[0.164s] Level 1:colcon.colcon_core.package_identification:_identify(camera_publish) by extension 'ignore'
[0.164s] Level 1:colcon.colcon_core.package_identification:_identify(camera_publish) by extension 'ignore_ament_install'
[0.164s] Level 1:colcon.colcon_core.package_identification:_identify(camera_publish) by extensions ['colcon_pkg']
[0.164s] Level 1:colcon.colcon_core.package_identification:_identify(camera_publish) by extension 'colcon_pkg'
[0.164s] Level 1:colcon.colcon_core.package_identification:_identify(camera_publish) by extensions ['colcon_meta']
[0.164s] Level 1:colcon.colcon_core.package_identification:_identify(camera_publish) by extension 'colcon_meta'
[0.164s] Level 1:colcon.colcon_core.package_identification:_identify(camera_publish) by extensions ['ros']
[0.164s] Level 1:colcon.colcon_core.package_identification:_identify(camera_publish) by extension 'ros'
[0.166s] DEBUG:colcon.colcon_core.package_identification:Package 'camera_publish' with type 'ros.ament_cmake' and name 'camera_publish'
[0.166s] Level 1:colcon.colcon_core.package_identification:_identify(install) by extensions ['ignore', 'ignore_ament_install']
[0.166s] Level 1:colcon.colcon_core.package_identification:_identify(install) by extension 'ignore'
[0.166s] Level 1:colcon.colcon_core.package_identification:_identify(install) ignored
[0.166s] Level 1:colcon.colcon_core.package_identification:_identify(log) by extensions ['ignore', 'ignore_ament_install']
[0.166s] Level 1:colcon.colcon_core.package_identification:_identify(log) by extension 'ignore'
[0.166s] Level 1:colcon.colcon_core.package_identification:_identify(log) ignored
[0.166s] Level 1:colcon.colcon_core.package_identification:_identify(vision_detector) by extensions ['ignore', 'ignore_ament_install']
[0.166s] Level 1:colcon.colcon_core.package_identification:_identify(vision_detector) by extension 'ignore'
[0.166s] Level 1:colcon.colcon_core.package_identification:_identify(vision_detector) by extension 'ignore_ament_install'
[0.166s] Level 1:colcon.colcon_core.package_identification:_identify(vision_detector) by extensions ['colcon_pkg']
[0.166s] Level 1:colcon.colcon_core.package_identification:_identify(vision_detector) by extension 'colcon_pkg'
[0.166s] Level 1:colcon.colcon_core.package_identification:_identify(vision_detector) by extensions ['colcon_meta']
[0.166s] Level 1:colcon.colcon_core.package_identification:_identify(vision_detector) by extension 'colcon_meta'
[0.166s] Level 1:colcon.colcon_core.package_identification:_identify(vision_detector) by extensions ['ros']
[0.166s] Level 1:colcon.colcon_core.package_identification:_identify(vision_detector) by extension 'ros'
[0.167s] DEBUG:colcon.colcon_core.package_identification:Package 'vision_detector' with type 'ros.ament_cmake' and name 'vision_detector'
[0.167s] Level 1:colcon.colcon_core.package_discovery:discover_packages(recursive) using defaults
[0.167s] Level 1:colcon.colcon_core.package_discovery:discover_packages(ignore) discover
[0.167s] Level 1:colcon.colcon_core.package_discovery:discover_packages(ignore) using defaults
[0.167s] Level 1:colcon.colcon_core.package_discovery:discover_packages(path) discover
[0.167s] Level 1:colcon.colcon_core.package_discovery:discover_packages(path) using defaults
[0.178s] INFO:colcon.colcon_core.package_selection:Skipping not selected package 'vision_detector' in 'vision_detector'
[0.179s] Level 1:colcon.colcon_core.package_discovery:discover_packages(prefix_path) check parameters
[0.179s] Level 1:colcon.colcon_core.package_discovery:discover_packages(prefix_path) discover
[0.180s] DEBUG:colcon.colcon_installed_package_information.package_discovery:Found 271 installed packages in /opt/ros/humble
[0.182s] Level 1:colcon.colcon_core.package_discovery:discover_packages(prefix_path) using defaults
[0.209s] Level 5:colcon.colcon_core.verb:set package 'camera_publish' build argument 'cmake_args' from command line to 'None'
[0.209s] Level 5:colcon.colcon_core.verb:set package 'camera_publish' build argument 'cmake_target' from command line to 'None'
[0.209s] Level 5:colcon.colcon_core.verb:set package 'camera_publish' build argument 'cmake_target_skip_unavailable' from command line to 'False'
[0.209s] Level 5:colcon.colcon_core.verb:set package 'camera_publish' build argument 'cmake_clean_cache' from command line to 'False'
[0.209s] Level 5:colcon.colcon_core.verb:set package 'camera_publish' build argument 'cmake_clean_first' from command line to 'False'
[0.209s] Level 5:colcon.colcon_core.verb:set package 'camera_publish' build argument 'cmake_force_configure' from command line to 'False'
[0.209s] Level 5:colcon.colcon_core.verb:set package 'camera_publish' build argument 'ament_cmake_args' from command line to 'None'
[0.209s] Level 5:colcon.colcon_core.verb:set package 'camera_publish' build argument 'catkin_cmake_args' from command line to 'None'
[0.209s] Level 5:colcon.colcon_core.verb:set package 'camera_publish' build argument 'catkin_skip_building_tests' from command line to 'False'
[0.209s] DEBUG:colcon.colcon_core.verb:Building package 'camera_publish' with the following arguments: {'ament_cmake_args': None, 'build_base': '/home/liker/Desktop/camera1/c_ws/src/build/camera_publish', 'catkin_cmake_args': None, 'catkin_skip_building_tests': False, 'cmake_args': None, 'cmake_clean_cache': False, 'cmake_clean_first': False, 'cmake_force_configure': False, 'cmake_target': None, 'cmake_target_skip_unavailable': False, 'install_base': '/home/liker/Desktop/camera1/c_ws/src/install/camera_publish', 'merge_install': False, 'path': '/home/liker/Desktop/camera1/c_ws/src/camera_publish', 'symlink_install': False, 'test_result_base': None}
[0.209s] INFO:colcon.colcon_core.executor:Executing jobs using 'parallel' executor
[0.210s] DEBUG:colcon.colcon_parallel_executor.executor.parallel:run_until_complete
[0.210s] INFO:colcon.colcon_ros.task.ament_cmake.build:Building ROS package in '/home/liker/Desktop/camera1/c_ws/src/camera_publish' with build type 'ament_cmake'
[0.211s] INFO:colcon.colcon_cmake.task.cmake.build:Building CMake package in '/home/liker/Desktop/camera1/c_ws/src/camera_publish'
[0.212s] INFO:colcon.colcon_core.plugin_system:Skipping extension 'colcon_core.shell.bat': Not used on non-Windows systems
[0.212s] INFO:colcon.colcon_core.shell:Skip shell extension 'powershell' for command environment: Not usable outside of PowerShell
[0.212s] DEBUG:colcon.colcon_core.shell:Skip shell extension 'dsv' for command environment
[0.225s] DEBUG:colcon.colcon_core.event_handler.log_command:Invoking command in '/home/liker/Desktop/camera1/c_ws/src/build/camera_publish': CMAKE_PREFIX_PATH=/opt/ros/humble /usr/local/bin/cmake --build /home/liker/Desktop/camera1/c_ws/src/build/camera_publish -- -j32 -l32
[5.012s] DEBUG:colcon.colcon_core.event_handler.log_command:Invoked command in '/home/liker/Desktop/camera1/c_ws/src/build/camera_publish' returned '0': CMAKE_PREFIX_PATH=/opt/ros/humble /usr/local/bin/cmake --build /home/liker/Desktop/camera1/c_ws/src/build/camera_publish -- -j32 -l32
[5.022s] DEBUG:colcon.colcon_core.event_handler.log_command:Invoking command in '/home/liker/Desktop/camera1/c_ws/src/build/camera_publish': CMAKE_PREFIX_PATH=/opt/ros/humble /usr/local/bin/cmake --install /home/liker/Desktop/camera1/c_ws/src/build/camera_publish
[5.033s] Level 1:colcon.colcon_core.environment:create_environment_scripts_only(camera_publish)
[5.035s] DEBUG:colcon.colcon_core.event_handler.log_command:Invoked command in '/home/liker/Desktop/camera1/c_ws/src/build/camera_publish' returned '0': CMAKE_PREFIX_PATH=/opt/ros/humble /usr/local/bin/cmake --install /home/liker/Desktop/camera1/c_ws/src/build/camera_publish
[5.036s] Level 1:colcon.colcon_core.environment:checking '/home/liker/Desktop/camera1/c_ws/src/install/camera_publish' for CMake module files
[5.038s] Level 1:colcon.colcon_core.environment:checking '/home/liker/Desktop/camera1/c_ws/src/install/camera_publish' for CMake config files
[5.040s] Level 1:colcon.colcon_core.shell:create_environment_hook('camera_publish', 'cmake_prefix_path')
[5.040s] INFO:colcon.colcon_core.shell:Creating environment hook '/home/liker/Desktop/camera1/c_ws/src/install/camera_publish/share/camera_publish/hook/cmake_prefix_path.ps1'
[5.041s] INFO:colcon.colcon_core.shell:Creating environment descriptor '/home/liker/Desktop/camera1/c_ws/src/install/camera_publish/share/camera_publish/hook/cmake_prefix_path.dsv'
[5.042s] INFO:colcon.colcon_core.shell:Creating environment hook '/home/liker/Desktop/camera1/c_ws/src/install/camera_publish/share/camera_publish/hook/cmake_prefix_path.sh'
[5.042s] Level 1:colcon.colcon_core.environment:checking '/home/liker/Desktop/camera1/c_ws/src/install/camera_publish/lib'
[5.042s] Level 1:colcon.colcon_core.environment:checking '/home/liker/Desktop/camera1/c_ws/src/install/camera_publish/bin'
[5.043s] Level 1:colcon.colcon_core.environment:checking '/home/liker/Desktop/camera1/c_ws/src/install/camera_publish/lib/pkgconfig/camera_publish.pc'
[5.043s] Level 1:colcon.colcon_core.environment:checking '/home/liker/Desktop/camera1/c_ws/src/install/camera_publish/lib/python3.10/site-packages'
[5.043s] Level 1:colcon.colcon_core.environment:checking '/home/liker/Desktop/camera1/c_ws/src/install/camera_publish/bin'
[5.043s] INFO:colcon.colcon_core.shell:Creating package script '/home/liker/Desktop/camera1/c_ws/src/install/camera_publish/share/camera_publish/package.ps1'
[5.044s] INFO:colcon.colcon_core.shell:Creating package descriptor '/home/liker/Desktop/camera1/c_ws/src/install/camera_publish/share/camera_publish/package.dsv'
[5.044s] INFO:colcon.colcon_core.shell:Creating package script '/home/liker/Desktop/camera1/c_ws/src/install/camera_publish/share/camera_publish/package.sh'
[5.045s] INFO:colcon.colcon_core.shell:Creating package script '/home/liker/Desktop/camera1/c_ws/src/install/camera_publish/share/camera_publish/package.bash'
[5.046s] INFO:colcon.colcon_core.shell:Creating package script '/home/liker/Desktop/camera1/c_ws/src/install/camera_publish/share/camera_publish/package.zsh'
[5.046s] Level 1:colcon.colcon_core.environment:create_file_with_runtime_dependencies(/home/liker/Desktop/camera1/c_ws/src/install/camera_publish/share/colcon-core/packages/camera_publish)
[5.047s] Level 1:colcon.colcon_core.environment:create_environment_scripts_only(camera_publish)
[5.047s] Level 1:colcon.colcon_core.environment:checking '/home/liker/Desktop/camera1/c_ws/src/install/camera_publish' for CMake module files
[5.048s] Level 1:colcon.colcon_core.environment:checking '/home/liker/Desktop/camera1/c_ws/src/install/camera_publish' for CMake config files
[5.048s] Level 1:colcon.colcon_core.shell:create_environment_hook('camera_publish', 'cmake_prefix_path')
[5.048s] INFO:colcon.colcon_core.shell:Creating environment hook '/home/liker/Desktop/camera1/c_ws/src/install/camera_publish/share/camera_publish/hook/cmake_prefix_path.ps1'
[5.048s] INFO:colcon.colcon_core.shell:Creating environment descriptor '/home/liker/Desktop/camera1/c_ws/src/install/camera_publish/share/camera_publish/hook/cmake_prefix_path.dsv'
[5.049s] INFO:colcon.colcon_core.shell:Creating environment hook '/home/liker/Desktop/camera1/c_ws/src/install/camera_publish/share/camera_publish/hook/cmake_prefix_path.sh'
[5.049s] Level 1:colcon.colcon_core.environment:checking '/home/liker/Desktop/camera1/c_ws/src/install/camera_publish/lib'
[5.050s] Level 1:colcon.colcon_core.environment:checking '/home/liker/Desktop/camera1/c_ws/src/install/camera_publish/bin'
[5.050s] Level 1:colcon.colcon_core.environment:checking '/home/liker/Desktop/camera1/c_ws/src/install/camera_publish/lib/pkgconfig/camera_publish.pc'
[5.050s] Level 1:colcon.colcon_core.environment:checking '/home/liker/Desktop/camera1/c_ws/src/install/camera_publish/lib/python3.10/site-packages'
[5.050s] Level 1:colcon.colcon_core.environment:checking '/home/liker/Desktop/camera1/c_ws/src/install/camera_publish/bin'
[5.050s] INFO:colcon.colcon_core.shell:Creating package script '/home/liker/Desktop/camera1/c_ws/src/install/camera_publish/share/camera_publish/package.ps1'
[5.051s] INFO:colcon.colcon_core.shell:Creating package descriptor '/home/liker/Desktop/camera1/c_ws/src/install/camera_publish/share/camera_publish/package.dsv'
[5.051s] INFO:colcon.colcon_core.shell:Creating package script '/home/liker/Desktop/camera1/c_ws/src/install/camera_publish/share/camera_publish/package.sh'
[5.051s] INFO:colcon.colcon_core.shell:Creating package script '/home/liker/Desktop/camera1/c_ws/src/install/camera_publish/share/camera_publish/package.bash'
[5.052s] INFO:colcon.colcon_core.shell:Creating package script '/home/liker/Desktop/camera1/c_ws/src/install/camera_publish/share/camera_publish/package.zsh'
[5.053s] Level 1:colcon.colcon_core.environment:create_file_with_runtime_dependencies(/home/liker/Desktop/camera1/c_ws/src/install/camera_publish/share/colcon-core/packages/camera_publish)
[5.053s] DEBUG:colcon.colcon_parallel_executor.executor.parallel:closing loop
[5.053s] DEBUG:colcon.colcon_parallel_executor.executor.parallel:loop closed
[5.053s] DEBUG:colcon.colcon_parallel_executor.executor.parallel:run_until_complete finished with '0'
[5.053s] DEBUG:colcon.colcon_core.event_reactor:joining thread
[5.057s] INFO:colcon.colcon_core.plugin_system:Skipping extension 'colcon_notification.desktop_notification.terminal_notifier': Not used on non-Darwin systems
[5.058s] INFO:colcon.colcon_core.plugin_system:Skipping extension 'colcon_notification.desktop_notification.win32': Not used on non-Windows systems
[5.058s] INFO:colcon.colcon_notification.desktop_notification:Sending desktop notification using 'notify2'
[5.069s] DEBUG:colcon.colcon_core.event_reactor:joined thread
[5.069s] INFO:colcon.colcon_core.shell:Creating prefix script '/home/liker/Desktop/camera1/c_ws/src/install/local_setup.ps1'
[5.070s] INFO:colcon.colcon_core.shell:Creating prefix util module '/home/liker/Desktop/camera1/c_ws/src/install/_local_setup_util_ps1.py'
[5.071s] INFO:colcon.colcon_core.shell:Creating prefix chain script '/home/liker/Desktop/camera1/c_ws/src/install/setup.ps1'
[5.072s] INFO:colcon.colcon_core.shell:Creating prefix script '/home/liker/Desktop/camera1/c_ws/src/install/local_setup.sh'
[5.073s] INFO:colcon.colcon_core.shell:Creating prefix util module '/home/liker/Desktop/camera1/c_ws/src/install/_local_setup_util_sh.py'
[5.074s] INFO:colcon.colcon_core.shell:Creating prefix chain script '/home/liker/Desktop/camera1/c_ws/src/install/setup.sh'
[5.075s] INFO:colcon.colcon_core.shell:Creating prefix script '/home/liker/Desktop/camera1/c_ws/src/install/local_setup.bash'
[5.075s] INFO:colcon.colcon_core.shell:Creating prefix chain script '/home/liker/Desktop/camera1/c_ws/src/install/setup.bash'
[5.076s] INFO:colcon.colcon_core.shell:Creating prefix script '/home/liker/Desktop/camera1/c_ws/src/install/local_setup.zsh'
[5.077s] INFO:colcon.colcon_core.shell:Creating prefix chain script '/home/liker/Desktop/camera1/c_ws/src/install/setup.zsh'
