[0.011s] Invoking command in '/home/liker/Desktop/camera1/c_ws/src/build/my_launch': CMAKE_PREFIX_PATH=/opt/ros/humble /usr/local/bin/cmake /home/liker/Desktop/camera1/c_ws/src/my_launch -DCMAKE_INSTALL_PREFIX=/home/liker/Desktop/camera1/c_ws/src/install/my_launch
[0.024s] [0mCMake Deprecation Warning at CMakeLists.txt:1 (cmake_minimum_required):
[0.025s]   Compatibility with CMake < 3.10 will be removed from a future version of
[0.025s]   CMake.
[0.025s] 
[0.025s]   Update the VERSION argument <min> value.  Or, use the <min>...<max> syntax
[0.025s]   to tell CMake that the project requires at least <min> but has been updated
[0.025s]   to work with policies introduced by <max> or earlier.
[0.025s] 
[0.025s] [0m
[0.196s] -- The C compiler identification is GNU 11.4.0
[0.339s] -- The CXX compiler identification is GNU 11.4.0
[0.357s] -- Detecting C compiler ABI info
[0.439s] -- Detecting C compiler ABI info - done
[0.451s] -- Check for working C compiler: /usr/bin/cc - skipped
[0.452s] -- Detecting C compile features
[0.453s] -- Detecting C compile features - done
[0.480s] -- Detecting CXX compiler ABI info
[0.557s] -- Detecting CXX compiler ABI info - done
[0.568s] -- Check for working CXX compiler: /usr/bin/c++ - skipped
[0.568s] -- Detecting CXX compile features
[0.569s] -- Detecting CXX compile features - done
[0.588s] -- Found ament_cmake: 1.3.12 (/opt/ros/humble/share/ament_cmake/cmake)
[0.699s] -- Found Python3: /usr/bin/python3 (found version "3.10.12") found components: Interpreter
[0.832s] [31mCMake Error at CMakeLists.txt:10 (find_package):
[0.832s]   By not providing "Findlaunch.cmake" in CMAKE_MODULE_PATH this project has
[0.832s]   asked CMake to find a package configuration file provided by "launch", but
[0.832s]   CMake did not find one.
[0.832s] 
[0.832s]   Could not find a package configuration file provided by "launch" with any
[0.832s]   of the following names:
[0.832s] 
[0.832s]     launchConfig.cmake
[0.832s]     launch-config.cmake
[0.833s] 
[0.833s]   Add the installation prefix of "launch" to CMAKE_PREFIX_PATH or set
[0.833s]   "launch_DIR" to a directory containing one of the above files.  If "launch"
[0.833s]   provides a separate development package or SDK, be sure it has been
[0.833s]   installed.
[0.833s] 
[0.833s] [0m
[0.833s] -- Configuring incomplete, errors occurred!
[0.839s] Invoked command in '/home/liker/Desktop/camera1/c_ws/src/build/my_launch' returned '1': CMAKE_PREFIX_PATH=/opt/ros/humble /usr/local/bin/cmake /home/liker/Desktop/camera1/c_ws/src/my_launch -DCMAKE_INSTALL_PREFIX=/home/liker/Desktop/camera1/c_ws/src/install/my_launch
