[0.009s] Invoking command in '/home/liker/Desktop/camera1/c_ws/build/rm_interfaces': /usr/local/bin/cmake /home/liker/Desktop/camera1/c_ws/src/rm_interfaces -DCMAKE_INSTALL_PREFIX=/home/liker/Desktop/camera1/c_ws/install/rm_interfaces
[0.017s] [0mCMake Deprecation Warning at CMakeLists.txt:1 (cmake_minimum_required):
[0.017s]   Compatibility with CMake < 3.10 will be removed from a future version of
[0.017s]   CMake.
[0.017s] 
[0.017s]   Update the VERSION argument <min> value.  Or, use the <min>...<max> syntax
[0.017s]   to tell CMake that the project requires at least <min> but has been updated
[0.017s]   to work with policies introduced by <max> or earlier.
[0.017s] 
[0.017s] [0m
[0.116s] -- The C compiler identification is GNU 11.4.0
[0.183s] -- The CXX compiler identification is GNU 11.4.0
[0.202s] -- Detecting C compiler ABI info
[0.274s] -- Detecting C compiler ABI info - done
[0.288s] -- Check for working C compiler: /usr/bin/cc - skipped
[0.289s] -- Detecting C compile features
[0.290s] -- Detecting C compile features - done
[0.307s] -- Detecting CXX compiler ABI info
[0.377s] -- Detecting CXX compiler ABI info - done
[0.390s] -- Check for working CXX compiler: /usr/bin/c++ - skipped
[0.390s] -- Detecting CXX compile features
[0.390s] -- Detecting CXX compile features - done
[0.408s] [31mCMake Error at CMakeLists.txt:9 (find_package):
[0.408s]   By not providing "Findament_cmake.cmake" in CMAKE_MODULE_PATH this project
[0.408s]   has asked CMake to find a package configuration file provided by
[0.408s]   "ament_cmake", but CMake did not find one.
[0.408s] 
[0.408s]   Could not find a package configuration file provided by "ament_cmake" with
[0.408s]   any of the following names:
[0.408s] 
[0.408s]     ament_cmakeConfig.cmake
[0.408s]     ament_cmake-config.cmake
[0.408s] 
[0.408s]   Add the installation prefix of "ament_cmake" to CMAKE_PREFIX_PATH or set
[0.408s]   "ament_cmake_DIR" to a directory containing one of the above files.  If
[0.408s]   "ament_cmake" provides a separate development package or SDK, be sure it
[0.408s]   has been installed.
[0.408s] 
[0.408s] [0m
[0.410s] -- Configuring incomplete, errors occurred!
[0.418s] Invoked command in '/home/liker/Desktop/camera1/c_ws/build/rm_interfaces' returned '1': /usr/local/bin/cmake /home/liker/Desktop/camera1/c_ws/src/rm_interfaces -DCMAKE_INSTALL_PREFIX=/home/liker/Desktop/camera1/c_ws/install/rm_interfaces
