[0.000000] (-) TimerEvent: {}
[0.001981] (camera_publish) JobQueued: {'identifier': 'camera_publish', 'dependencies': OrderedDict()}
[0.002143] (my_launch) JobQueued: {'identifier': 'my_launch', 'dependencies': OrderedDict()}
[0.002161] (rm_interfaces) JobQueued: {'identifier': 'rm_interfaces', 'dependencies': OrderedDict()}
[0.002172] (tf2_node) JobQueued: {'identifier': 'tf2_node', 'dependencies': OrderedDict([('rm_interfaces', '/home/liker/Desktop/camera1/c_ws/src/install/rm_interfaces')])}
[0.002187] (vision_detector) JobQueued: {'identifier': 'vision_detector', 'dependencies': OrderedDict([('rm_interfaces', '/home/liker/Desktop/camera1/c_ws/src/install/rm_interfaces')])}
[0.002200] (rm_interfaces) JobStarted: {'identifier': 'rm_interfaces'}
[0.008217] (camera_publish) JobStarted: {'identifier': 'camera_publish'}
[0.012072] (my_launch) JobStarted: {'identifier': 'my_launch'}
[0.016982] (rm_interfaces) JobProgress: {'identifier': 'rm_interfaces', 'progress': 'cmake'}
[0.018470] (rm_interfaces) JobProgress: {'identifier': 'rm_interfaces', 'progress': 'build'}
[0.020018] (rm_interfaces) Command: {'cmd': ['/usr/local/bin/cmake', '--build', '/home/liker/Desktop/camera1/c_ws/src/build/rm_interfaces', '--', '-j32', '-l32'], 'cwd': '/home/liker/Desktop/camera1/c_ws/src/build/rm_interfaces', 'env': OrderedDict([('LANGUAGE', 'en_US:'), ('USER', 'liker'), ('LC_TIME', 'zh_CN.UTF-8'), ('SHLVL', '1'), ('LD_LIBRARY_PATH', '/opt/ros/humble/opt/rviz_ogre_vendor/lib:/opt/ros/humble/lib/x86_64-linux-gnu:/opt/ros/humble/lib'), ('HOME', '/home/liker'), ('OLDPWD', '/home/liker/Desktop/camera1/c_ws'), ('ROS_PYTHON_VERSION', '3'), ('LC_MONETARY', 'zh_CN.UTF-8'), ('SYSTEMD_EXEC_PID', '21899'), ('ROS_DISTRO', 'humble'), ('LOGNAME', 'liker'), ('_', '/usr/bin/colcon'), ('ROS_VERSION', '2'), ('ROS_LOCALHOST_ONLY', '0'), ('PATH', '/opt/ros/humble/bin:/usr/local/sbin:/usr/local/bin:/usr/sbin:/usr/bin:/sbin:/bin:/snap/bin'), ('INVOCATION_ID', '0eab8ae0fbda459d8b2bd29fbb3a3ab7'), ('LC_ADDRESS', 'zh_CN.UTF-8'), ('LANG', 'en_US.UTF-8'), ('LC_TELEPHONE', 'zh_CN.UTF-8'), ('AMENT_PREFIX_PATH', '/opt/ros/humble'), ('SHELL', '/bin/bash'), ('LC_NAME', 'zh_CN.UTF-8'), ('LC_MEASUREMENT', 'zh_CN.UTF-8'), ('LC_IDENTIFICATION', 'zh_CN.UTF-8'), ('PWD', '/home/liker/Desktop/camera1/c_ws/src/build/rm_interfaces'), ('PYTHONPATH', '/opt/ros/humble/lib/python3.10/site-packages:/opt/ros/humble/local/lib/python3.10/dist-packages'), ('LC_NUMERIC', 'zh_CN.UTF-8'), ('LC_PAPER', 'zh_CN.UTF-8'), ('COLCON', '1'), ('CMAKE_PREFIX_PATH', '/opt/ros/humble')]), 'shell': False}
[0.021340] (camera_publish) JobProgress: {'identifier': 'camera_publish', 'progress': 'cmake'}
[0.023205] (camera_publish) JobProgress: {'identifier': 'camera_publish', 'progress': 'build'}
[0.023275] (camera_publish) Command: {'cmd': ['/usr/local/bin/cmake', '--build', '/home/liker/Desktop/camera1/c_ws/src/build/camera_publish', '--', '-j32', '-l32'], 'cwd': '/home/liker/Desktop/camera1/c_ws/src/build/camera_publish', 'env': OrderedDict([('LANGUAGE', 'en_US:'), ('USER', 'liker'), ('LC_TIME', 'zh_CN.UTF-8'), ('SHLVL', '1'), ('LD_LIBRARY_PATH', '/opt/ros/humble/opt/rviz_ogre_vendor/lib:/opt/ros/humble/lib/x86_64-linux-gnu:/opt/ros/humble/lib'), ('HOME', '/home/liker'), ('OLDPWD', '/home/liker/Desktop/camera1/c_ws'), ('ROS_PYTHON_VERSION', '3'), ('LC_MONETARY', 'zh_CN.UTF-8'), ('SYSTEMD_EXEC_PID', '21899'), ('ROS_DISTRO', 'humble'), ('LOGNAME', 'liker'), ('_', '/usr/bin/colcon'), ('ROS_VERSION', '2'), ('ROS_LOCALHOST_ONLY', '0'), ('PATH', '/opt/ros/humble/bin:/usr/local/sbin:/usr/local/bin:/usr/sbin:/usr/bin:/sbin:/bin:/snap/bin'), ('INVOCATION_ID', '0eab8ae0fbda459d8b2bd29fbb3a3ab7'), ('LC_ADDRESS', 'zh_CN.UTF-8'), ('LANG', 'en_US.UTF-8'), ('LC_TELEPHONE', 'zh_CN.UTF-8'), ('AMENT_PREFIX_PATH', '/opt/ros/humble'), ('SHELL', '/bin/bash'), ('LC_NAME', 'zh_CN.UTF-8'), ('LC_MEASUREMENT', 'zh_CN.UTF-8'), ('LC_IDENTIFICATION', 'zh_CN.UTF-8'), ('PWD', '/home/liker/Desktop/camera1/c_ws/src/build/camera_publish'), ('PYTHONPATH', '/opt/ros/humble/lib/python3.10/site-packages:/opt/ros/humble/local/lib/python3.10/dist-packages'), ('LC_NUMERIC', 'zh_CN.UTF-8'), ('LC_PAPER', 'zh_CN.UTF-8'), ('COLCON', '1'), ('CMAKE_PREFIX_PATH', '/opt/ros/humble')]), 'shell': False}
[0.025351] (my_launch) JobProgress: {'identifier': 'my_launch', 'progress': 'cmake'}
[0.026544] (my_launch) JobProgress: {'identifier': 'my_launch', 'progress': 'build'}
[0.026615] (my_launch) Command: {'cmd': ['/usr/local/bin/cmake', '--build', '/home/liker/Desktop/camera1/c_ws/src/build/my_launch', '--', '-j32', '-l32'], 'cwd': '/home/liker/Desktop/camera1/c_ws/src/build/my_launch', 'env': OrderedDict([('LANGUAGE', 'en_US:'), ('USER', 'liker'), ('LC_TIME', 'zh_CN.UTF-8'), ('SHLVL', '1'), ('LD_LIBRARY_PATH', '/opt/ros/humble/opt/rviz_ogre_vendor/lib:/opt/ros/humble/lib/x86_64-linux-gnu:/opt/ros/humble/lib'), ('HOME', '/home/liker'), ('OLDPWD', '/home/liker/Desktop/camera1/c_ws'), ('ROS_PYTHON_VERSION', '3'), ('LC_MONETARY', 'zh_CN.UTF-8'), ('SYSTEMD_EXEC_PID', '21899'), ('ROS_DISTRO', 'humble'), ('LOGNAME', 'liker'), ('_', '/usr/bin/colcon'), ('ROS_VERSION', '2'), ('ROS_LOCALHOST_ONLY', '0'), ('PATH', '/opt/ros/humble/bin:/usr/local/sbin:/usr/local/bin:/usr/sbin:/usr/bin:/sbin:/bin:/snap/bin'), ('INVOCATION_ID', '0eab8ae0fbda459d8b2bd29fbb3a3ab7'), ('LC_ADDRESS', 'zh_CN.UTF-8'), ('LANG', 'en_US.UTF-8'), ('LC_TELEPHONE', 'zh_CN.UTF-8'), ('AMENT_PREFIX_PATH', '/opt/ros/humble'), ('SHELL', '/bin/bash'), ('LC_NAME', 'zh_CN.UTF-8'), ('LC_MEASUREMENT', 'zh_CN.UTF-8'), ('LC_IDENTIFICATION', 'zh_CN.UTF-8'), ('PWD', '/home/liker/Desktop/camera1/c_ws/src/build/my_launch'), ('PYTHONPATH', '/opt/ros/humble/lib/python3.10/site-packages:/opt/ros/humble/local/lib/python3.10/dist-packages'), ('LC_NUMERIC', 'zh_CN.UTF-8'), ('LC_PAPER', 'zh_CN.UTF-8'), ('COLCON', '1'), ('CMAKE_PREFIX_PATH', '/opt/ros/humble')]), 'shell': False}
[0.051925] (my_launch) CommandEnded: {'returncode': 0}
[0.052326] (my_launch) JobProgress: {'identifier': 'my_launch', 'progress': 'install'}
[0.056306] (my_launch) Command: {'cmd': ['/usr/local/bin/cmake', '--install', '/home/liker/Desktop/camera1/c_ws/src/build/my_launch'], 'cwd': '/home/liker/Desktop/camera1/c_ws/src/build/my_launch', 'env': OrderedDict([('LANGUAGE', 'en_US:'), ('USER', 'liker'), ('LC_TIME', 'zh_CN.UTF-8'), ('SHLVL', '1'), ('LD_LIBRARY_PATH', '/opt/ros/humble/opt/rviz_ogre_vendor/lib:/opt/ros/humble/lib/x86_64-linux-gnu:/opt/ros/humble/lib'), ('HOME', '/home/liker'), ('OLDPWD', '/home/liker/Desktop/camera1/c_ws'), ('ROS_PYTHON_VERSION', '3'), ('LC_MONETARY', 'zh_CN.UTF-8'), ('SYSTEMD_EXEC_PID', '21899'), ('ROS_DISTRO', 'humble'), ('LOGNAME', 'liker'), ('_', '/usr/bin/colcon'), ('ROS_VERSION', '2'), ('ROS_LOCALHOST_ONLY', '0'), ('PATH', '/opt/ros/humble/bin:/usr/local/sbin:/usr/local/bin:/usr/sbin:/usr/bin:/sbin:/bin:/snap/bin'), ('INVOCATION_ID', '0eab8ae0fbda459d8b2bd29fbb3a3ab7'), ('LC_ADDRESS', 'zh_CN.UTF-8'), ('LANG', 'en_US.UTF-8'), ('LC_TELEPHONE', 'zh_CN.UTF-8'), ('AMENT_PREFIX_PATH', '/opt/ros/humble'), ('SHELL', '/bin/bash'), ('LC_NAME', 'zh_CN.UTF-8'), ('LC_MEASUREMENT', 'zh_CN.UTF-8'), ('LC_IDENTIFICATION', 'zh_CN.UTF-8'), ('PWD', '/home/liker/Desktop/camera1/c_ws/src/build/my_launch'), ('PYTHONPATH', '/opt/ros/humble/lib/python3.10/site-packages:/opt/ros/humble/local/lib/python3.10/dist-packages'), ('LC_NUMERIC', 'zh_CN.UTF-8'), ('LC_PAPER', 'zh_CN.UTF-8'), ('COLCON', '1'), ('CMAKE_PREFIX_PATH', '/opt/ros/humble')]), 'shell': False}
[0.057348] (rm_interfaces) StdoutLine: {'line': b'[  3%] Built target rm_interfaces__cpp\n'}
[0.057695] (rm_interfaces) StdoutLine: {'line': b'[ 12%] Built target rm_interfaces__rosidl_generator_c\n'}
[0.058161] (rm_interfaces) StdoutLine: {'line': b'[ 12%] Built target ament_cmake_python_copy_rm_interfaces\n'}
[0.059394] (my_launch) StdoutLine: {'line': b'-- Install configuration: ""\n'}
[0.059522] (my_launch) StdoutLine: {'line': b'-- Up-to-date: /home/liker/Desktop/camera1/c_ws/src/install/my_launch/share/my_launch/config\n'}
[0.060031] (my_launch) StdoutLine: {'line': b'-- Up-to-date: /home/liker/Desktop/camera1/c_ws/src/install/my_launch/share/my_launch/config/image_processed.rviz\n'}
[0.060118] (my_launch) StdoutLine: {'line': b'-- Up-to-date: /home/liker/Desktop/camera1/c_ws/src/install/my_launch/share/my_launch/launch\n'}
[0.060179] (my_launch) StdoutLine: {'line': b'-- Up-to-date: /home/liker/Desktop/camera1/c_ws/src/install/my_launch/share/my_launch/launch/camera_detector.launch.py\n'}
[0.060215] (my_launch) StdoutLine: {'line': b'-- Up-to-date: /home/liker/Desktop/camera1/c_ws/src/install/my_launch/share/ament_index/resource_index/package_run_dependencies/my_launch\n'}
[0.060318] (my_launch) StdoutLine: {'line': b'-- Up-to-date: /home/liker/Desktop/camera1/c_ws/src/install/my_launch/share/ament_index/resource_index/parent_prefix_path/my_launch\n'}
[0.060941] (my_launch) StdoutLine: {'line': b'-- Up-to-date: /home/liker/Desktop/camera1/c_ws/src/install/my_launch/share/my_launch/environment/ament_prefix_path.sh\n'}
[0.061245] (my_launch) StdoutLine: {'line': b'-- Up-to-date: /home/liker/Desktop/camera1/c_ws/src/install/my_launch/share/my_launch/environment/ament_prefix_path.dsv\n'}
[0.061336] (my_launch) StdoutLine: {'line': b'-- Up-to-date: /home/liker/Desktop/camera1/c_ws/src/install/my_launch/share/my_launch/environment/path.sh\n'}
[0.061419] (my_launch) StdoutLine: {'line': b'-- Up-to-date: /home/liker/Desktop/camera1/c_ws/src/install/my_launch/share/my_launch/environment/path.dsv\n'}
[0.061551] (my_launch) StdoutLine: {'line': b'-- Up-to-date: /home/liker/Desktop/camera1/c_ws/src/install/my_launch/share/my_launch/local_setup.bash\n'}
[0.061619] (my_launch) StdoutLine: {'line': b'-- Up-to-date: /home/liker/Desktop/camera1/c_ws/src/install/my_launch/share/my_launch/local_setup.sh\n'}
[0.061725] (my_launch) StdoutLine: {'line': b'-- Up-to-date: /home/liker/Desktop/camera1/c_ws/src/install/my_launch/share/my_launch/local_setup.zsh\n'}
[0.061773] (my_launch) StdoutLine: {'line': b'-- Up-to-date: /home/liker/Desktop/camera1/c_ws/src/install/my_launch/share/my_launch/local_setup.dsv\n'}
[0.061813] (my_launch) StdoutLine: {'line': b'-- Installing: /home/liker/Desktop/camera1/c_ws/src/install/my_launch/share/my_launch/package.dsv\n'}
[0.061849] (my_launch) StdoutLine: {'line': b'-- Up-to-date: /home/liker/Desktop/camera1/c_ws/src/install/my_launch/share/ament_index/resource_index/packages/my_launch\n'}
[0.061888] (my_launch) StdoutLine: {'line': b'-- Up-to-date: /home/liker/Desktop/camera1/c_ws/src/install/my_launch/share/my_launch/cmake/my_launchConfig.cmake\n'}
[0.061923] (my_launch) StdoutLine: {'line': b'-- Up-to-date: /home/liker/Desktop/camera1/c_ws/src/install/my_launch/share/my_launch/cmake/my_launchConfig-version.cmake\n'}
[0.061958] (my_launch) StdoutLine: {'line': b'-- Up-to-date: /home/liker/Desktop/camera1/c_ws/src/install/my_launch/share/my_launch/package.xml\n'}
[0.061992] (camera_publish) StdoutLine: {'line': b'[100%] Built target camera_publish\n'}
[0.065032] (my_launch) CommandEnded: {'returncode': 0}
[0.081771] (my_launch) JobEnded: {'identifier': 'my_launch', 'rc': 0}
[0.082305] (rm_interfaces) StdoutLine: {'line': b'[ 32%] Built target rm_interfaces__rosidl_typesupport_fastrtps_cpp\n'}
[0.082495] (rm_interfaces) StdoutLine: {'line': b'[ 32%] Built target rm_interfaces__rosidl_typesupport_introspection_cpp\n'}
[0.082549] (rm_interfaces) StdoutLine: {'line': b'[ 41%] Built target rm_interfaces__rosidl_typesupport_cpp\n'}
[0.082636] (rm_interfaces) StdoutLine: {'line': b'[ 51%] Built target rm_interfaces__rosidl_typesupport_fastrtps_c\n'}
[0.082694] (rm_interfaces) StdoutLine: {'line': b'[ 61%] Built target rm_interfaces__rosidl_typesupport_introspection_c\n'}
[0.082768] (rm_interfaces) StdoutLine: {'line': b'[ 70%] Built target rm_interfaces__rosidl_typesupport_c\n'}
[0.082809] (camera_publish) CommandEnded: {'returncode': 0}
[0.083563] (camera_publish) JobProgress: {'identifier': 'camera_publish', 'progress': 'install'}
[0.084759] (camera_publish) Command: {'cmd': ['/usr/local/bin/cmake', '--install', '/home/liker/Desktop/camera1/c_ws/src/build/camera_publish'], 'cwd': '/home/liker/Desktop/camera1/c_ws/src/build/camera_publish', 'env': OrderedDict([('LANGUAGE', 'en_US:'), ('USER', 'liker'), ('LC_TIME', 'zh_CN.UTF-8'), ('SHLVL', '1'), ('LD_LIBRARY_PATH', '/opt/ros/humble/opt/rviz_ogre_vendor/lib:/opt/ros/humble/lib/x86_64-linux-gnu:/opt/ros/humble/lib'), ('HOME', '/home/liker'), ('OLDPWD', '/home/liker/Desktop/camera1/c_ws'), ('ROS_PYTHON_VERSION', '3'), ('LC_MONETARY', 'zh_CN.UTF-8'), ('SYSTEMD_EXEC_PID', '21899'), ('ROS_DISTRO', 'humble'), ('LOGNAME', 'liker'), ('_', '/usr/bin/colcon'), ('ROS_VERSION', '2'), ('ROS_LOCALHOST_ONLY', '0'), ('PATH', '/opt/ros/humble/bin:/usr/local/sbin:/usr/local/bin:/usr/sbin:/usr/bin:/sbin:/bin:/snap/bin'), ('INVOCATION_ID', '0eab8ae0fbda459d8b2bd29fbb3a3ab7'), ('LC_ADDRESS', 'zh_CN.UTF-8'), ('LANG', 'en_US.UTF-8'), ('LC_TELEPHONE', 'zh_CN.UTF-8'), ('AMENT_PREFIX_PATH', '/opt/ros/humble'), ('SHELL', '/bin/bash'), ('LC_NAME', 'zh_CN.UTF-8'), ('LC_MEASUREMENT', 'zh_CN.UTF-8'), ('LC_IDENTIFICATION', 'zh_CN.UTF-8'), ('PWD', '/home/liker/Desktop/camera1/c_ws/src/build/camera_publish'), ('PYTHONPATH', '/opt/ros/humble/lib/python3.10/site-packages:/opt/ros/humble/local/lib/python3.10/dist-packages'), ('LC_NUMERIC', 'zh_CN.UTF-8'), ('LC_PAPER', 'zh_CN.UTF-8'), ('COLCON', '1'), ('CMAKE_PREFIX_PATH', '/opt/ros/humble')]), 'shell': False}
[0.087987] (camera_publish) StdoutLine: {'line': b'-- Install configuration: ""\n'}
[0.088094] (camera_publish) StdoutLine: {'line': b'-- Up-to-date: /home/liker/Desktop/camera1/c_ws/src/install/camera_publish/lib/camera_publish/camera_publish\n'}
[0.088965] (camera_publish) StdoutLine: {'line': b'-- Up-to-date: /home/liker/Desktop/camera1/c_ws/src/install/camera_publish/share/ament_index/resource_index/package_run_dependencies/camera_publish\n'}
[0.089046] (camera_publish) StdoutLine: {'line': b'-- Up-to-date: /home/liker/Desktop/camera1/c_ws/src/install/camera_publish/share/ament_index/resource_index/parent_prefix_path/camera_publish\n'}
[0.089524] (camera_publish) StdoutLine: {'line': b'-- Up-to-date: /home/liker/Desktop/camera1/c_ws/src/install/camera_publish/share/camera_publish/environment/ament_prefix_path.sh\n'}
[0.089633] (camera_publish) StdoutLine: {'line': b'-- Up-to-date: /home/liker/Desktop/camera1/c_ws/src/install/camera_publish/share/camera_publish/environment/ament_prefix_path.dsv\n'}
[0.089991] (camera_publish) StdoutLine: {'line': b'-- Up-to-date: /home/liker/Desktop/camera1/c_ws/src/install/camera_publish/share/camera_publish/environment/path.sh\n'}
[0.091551] (camera_publish) StdoutLine: {'line': b'-- Up-to-date: /home/liker/Desktop/camera1/c_ws/src/install/camera_publish/share/camera_publish/environment/path.dsv\n'}
[0.091853] (camera_publish) StdoutLine: {'line': b'-- Up-to-date: /home/liker/Desktop/camera1/c_ws/src/install/camera_publish/share/camera_publish/local_setup.bash\n'}
[0.091933] (camera_publish) StdoutLine: {'line': b'-- Up-to-date: /home/liker/Desktop/camera1/c_ws/src/install/camera_publish/share/camera_publish/local_setup.sh\n'}
[0.092050] (camera_publish) StdoutLine: {'line': b'-- Up-to-date: /home/liker/Desktop/camera1/c_ws/src/install/camera_publish/share/camera_publish/local_setup.zsh\n'}
[0.092545] (camera_publish) StdoutLine: {'line': b'-- Up-to-date: /home/liker/Desktop/camera1/c_ws/src/install/camera_publish/share/camera_publish/local_setup.dsv\n'}
[0.092592] (camera_publish) StdoutLine: {'line': b'-- Installing: /home/liker/Desktop/camera1/c_ws/src/install/camera_publish/share/camera_publish/package.dsv\n'}
[0.092782] (camera_publish) StdoutLine: {'line': b'-- Up-to-date: /home/liker/Desktop/camera1/c_ws/src/install/camera_publish/share/ament_index/resource_index/packages/camera_publish\n'}
[0.092945] (camera_publish) StdoutLine: {'line': b'-- Up-to-date: /home/liker/Desktop/camera1/c_ws/src/install/camera_publish/share/camera_publish/cmake/camera_publishConfig.cmake\n'}
[0.092986] (camera_publish) StdoutLine: {'line': b'-- Up-to-date: /home/liker/Desktop/camera1/c_ws/src/install/camera_publish/share/camera_publish/cmake/camera_publishConfig-version.cmake\n'}
[0.093021] (camera_publish) StdoutLine: {'line': b'-- Up-to-date: /home/liker/Desktop/camera1/c_ws/src/install/camera_publish/share/camera_publish/package.xml\n'}
[0.093145] (camera_publish) CommandEnded: {'returncode': 0}
[0.100427] (-) TimerEvent: {}
[0.106753] (camera_publish) JobEnded: {'identifier': 'camera_publish', 'rc': 0}
[0.107348] (rm_interfaces) StdoutLine: {'line': b'[ 70%] Built target rm_interfaces\n'}
[0.109653] (rm_interfaces) StdoutLine: {'line': b'[ 74%] Built target rm_interfaces__py\n'}
[0.125355] (rm_interfaces) StdoutLine: {'line': b'[ 80%] Built target rm_interfaces__rosidl_generator_py\n'}
[0.140635] (rm_interfaces) StdoutLine: {'line': b'[ 87%] Built target rm_interfaces__rosidl_typesupport_fastrtps_c__pyext\n'}
[0.141749] (rm_interfaces) StdoutLine: {'line': b'[ 93%] Built target rm_interfaces__rosidl_typesupport_c__pyext\n'}
[0.141898] (rm_interfaces) StdoutLine: {'line': b'[100%] Built target rm_interfaces__rosidl_typesupport_introspection_c__pyext\n'}
[0.201216] (-) TimerEvent: {}
[0.219999] (rm_interfaces) StdoutLine: {'line': b'running egg_info\n'}
[0.220454] (rm_interfaces) StdoutLine: {'line': b'writing rm_interfaces.egg-info/PKG-INFO\n'}
[0.220788] (rm_interfaces) StdoutLine: {'line': b'writing dependency_links to rm_interfaces.egg-info/dependency_links.txt\n'}
[0.221131] (rm_interfaces) StdoutLine: {'line': b'writing top-level names to rm_interfaces.egg-info/top_level.txt\n'}
[0.222833] (rm_interfaces) StdoutLine: {'line': b"reading manifest file 'rm_interfaces.egg-info/SOURCES.txt'\n"}
[0.223462] (rm_interfaces) StdoutLine: {'line': b"writing manifest file 'rm_interfaces.egg-info/SOURCES.txt'\n"}
[0.242939] (rm_interfaces) StdoutLine: {'line': b'[100%] Built target ament_cmake_python_build_rm_interfaces_egg\n'}
[0.250314] (rm_interfaces) CommandEnded: {'returncode': 0}
[0.250965] (rm_interfaces) JobProgress: {'identifier': 'rm_interfaces', 'progress': 'install'}
[0.251963] (rm_interfaces) Command: {'cmd': ['/usr/local/bin/cmake', '--install', '/home/liker/Desktop/camera1/c_ws/src/build/rm_interfaces'], 'cwd': '/home/liker/Desktop/camera1/c_ws/src/build/rm_interfaces', 'env': OrderedDict([('LANGUAGE', 'en_US:'), ('USER', 'liker'), ('LC_TIME', 'zh_CN.UTF-8'), ('SHLVL', '1'), ('LD_LIBRARY_PATH', '/opt/ros/humble/opt/rviz_ogre_vendor/lib:/opt/ros/humble/lib/x86_64-linux-gnu:/opt/ros/humble/lib'), ('HOME', '/home/liker'), ('OLDPWD', '/home/liker/Desktop/camera1/c_ws'), ('ROS_PYTHON_VERSION', '3'), ('LC_MONETARY', 'zh_CN.UTF-8'), ('SYSTEMD_EXEC_PID', '21899'), ('ROS_DISTRO', 'humble'), ('LOGNAME', 'liker'), ('_', '/usr/bin/colcon'), ('ROS_VERSION', '2'), ('ROS_LOCALHOST_ONLY', '0'), ('PATH', '/opt/ros/humble/bin:/usr/local/sbin:/usr/local/bin:/usr/sbin:/usr/bin:/sbin:/bin:/snap/bin'), ('INVOCATION_ID', '0eab8ae0fbda459d8b2bd29fbb3a3ab7'), ('LC_ADDRESS', 'zh_CN.UTF-8'), ('LANG', 'en_US.UTF-8'), ('LC_TELEPHONE', 'zh_CN.UTF-8'), ('AMENT_PREFIX_PATH', '/opt/ros/humble'), ('SHELL', '/bin/bash'), ('LC_NAME', 'zh_CN.UTF-8'), ('LC_MEASUREMENT', 'zh_CN.UTF-8'), ('LC_IDENTIFICATION', 'zh_CN.UTF-8'), ('PWD', '/home/liker/Desktop/camera1/c_ws/src/build/rm_interfaces'), ('PYTHONPATH', '/opt/ros/humble/lib/python3.10/site-packages:/opt/ros/humble/local/lib/python3.10/dist-packages'), ('LC_NUMERIC', 'zh_CN.UTF-8'), ('LC_PAPER', 'zh_CN.UTF-8'), ('COLCON', '1'), ('CMAKE_PREFIX_PATH', '/opt/ros/humble')]), 'shell': False}
[0.256385] (rm_interfaces) StdoutLine: {'line': b'-- Install configuration: ""\n'}
[0.256580] (rm_interfaces) StdoutLine: {'line': b'-- Up-to-date: /home/liker/Desktop/camera1/c_ws/src/install/rm_interfaces/share/ament_index/resource_index/rosidl_interfaces/rm_interfaces\n'}
[0.256624] (rm_interfaces) StdoutLine: {'line': b'-- Up-to-date: /home/liker/Desktop/camera1/c_ws/src/install/rm_interfaces/include/rm_interfaces/rm_interfaces\n'}
[0.256656] (rm_interfaces) StdoutLine: {'line': b'-- Up-to-date: /home/liker/Desktop/camera1/c_ws/src/install/rm_interfaces/include/rm_interfaces/rm_interfaces/msg\n'}
[0.256685] (rm_interfaces) StdoutLine: {'line': b'-- Up-to-date: /home/liker/Desktop/camera1/c_ws/src/install/rm_interfaces/include/rm_interfaces/rm_interfaces/msg/detail\n'}
[0.256714] (rm_interfaces) StdoutLine: {'line': b'-- Up-to-date: /home/liker/Desktop/camera1/c_ws/src/install/rm_interfaces/include/rm_interfaces/rm_interfaces/msg/detail/target_info__struct.h\n'}
[0.256789] (rm_interfaces) StdoutLine: {'line': b'-- Up-to-date: /home/liker/Desktop/camera1/c_ws/src/install/rm_interfaces/include/rm_interfaces/rm_interfaces/msg/detail/target_info__type_support.h\n'}
[0.256836] (rm_interfaces) StdoutLine: {'line': b'-- Up-to-date: /home/liker/Desktop/camera1/c_ws/src/install/rm_interfaces/include/rm_interfaces/rm_interfaces/msg/detail/target_info__functions.h\n'}
[0.256871] (rm_interfaces) StdoutLine: {'line': b'-- Up-to-date: /home/liker/Desktop/camera1/c_ws/src/install/rm_interfaces/include/rm_interfaces/rm_interfaces/msg/detail/target_info__functions.c\n'}
[0.256900] (rm_interfaces) StdoutLine: {'line': b'-- Up-to-date: /home/liker/Desktop/camera1/c_ws/src/install/rm_interfaces/include/rm_interfaces/rm_interfaces/msg/target_info.h\n'}
[0.256976] (rm_interfaces) StdoutLine: {'line': b'-- Up-to-date: /home/liker/Desktop/camera1/c_ws/src/install/rm_interfaces/include/rm_interfaces/rm_interfaces/msg/rosidl_generator_c__visibility_control.h\n'}
[0.257133] (rm_interfaces) StdoutLine: {'line': b'-- Up-to-date: /home/liker/Desktop/camera1/c_ws/src/install/rm_interfaces/share/rm_interfaces/environment/library_path.sh\n'}
[0.257181] (rm_interfaces) StdoutLine: {'line': b'-- Up-to-date: /home/liker/Desktop/camera1/c_ws/src/install/rm_interfaces/share/rm_interfaces/environment/library_path.dsv\n'}
[0.257213] (rm_interfaces) StdoutLine: {'line': b'-- Up-to-date: /home/liker/Desktop/camera1/c_ws/src/install/rm_interfaces/lib/librm_interfaces__rosidl_generator_c.so\n'}
[0.257407] (rm_interfaces) StdoutLine: {'line': b'-- Up-to-date: /home/liker/Desktop/camera1/c_ws/src/install/rm_interfaces/include/rm_interfaces/rm_interfaces\n'}
[0.257494] (rm_interfaces) StdoutLine: {'line': b'-- Up-to-date: /home/liker/Desktop/camera1/c_ws/src/install/rm_interfaces/include/rm_interfaces/rm_interfaces/msg\n'}
[0.257754] (rm_interfaces) StdoutLine: {'line': b'-- Up-to-date: /home/liker/Desktop/camera1/c_ws/src/install/rm_interfaces/include/rm_interfaces/rm_interfaces/msg/detail\n'}
[0.257794] (rm_interfaces) StdoutLine: {'line': b'-- Up-to-date: /home/liker/Desktop/camera1/c_ws/src/install/rm_interfaces/include/rm_interfaces/rm_interfaces/msg/detail/target_info__rosidl_typesupport_fastrtps_c.h\n'}
[0.257825] (rm_interfaces) StdoutLine: {'line': b'-- Up-to-date: /home/liker/Desktop/camera1/c_ws/src/install/rm_interfaces/include/rm_interfaces/rm_interfaces/msg/rosidl_typesupport_fastrtps_c__visibility_control.h\n'}
[0.257854] (rm_interfaces) StdoutLine: {'line': b'-- Up-to-date: /home/liker/Desktop/camera1/c_ws/src/install/rm_interfaces/lib/librm_interfaces__rosidl_typesupport_fastrtps_c.so\n'}
[0.258068] (rm_interfaces) StdoutLine: {'line': b'-- Up-to-date: /home/liker/Desktop/camera1/c_ws/src/install/rm_interfaces/include/rm_interfaces/rm_interfaces\n'}
[0.258175] (rm_interfaces) StdoutLine: {'line': b'-- Up-to-date: /home/liker/Desktop/camera1/c_ws/src/install/rm_interfaces/include/rm_interfaces/rm_interfaces/msg\n'}
[0.258255] (rm_interfaces) StdoutLine: {'line': b'-- Up-to-date: /home/liker/Desktop/camera1/c_ws/src/install/rm_interfaces/include/rm_interfaces/rm_interfaces/msg/detail\n'}
[0.258474] (rm_interfaces) StdoutLine: {'line': b'-- Up-to-date: /home/liker/Desktop/camera1/c_ws/src/install/rm_interfaces/include/rm_interfaces/rm_interfaces/msg/detail/target_info__rosidl_typesupport_introspection_c.h\n'}
[0.258512] (rm_interfaces) StdoutLine: {'line': b'-- Up-to-date: /home/liker/Desktop/camera1/c_ws/src/install/rm_interfaces/include/rm_interfaces/rm_interfaces/msg/detail/target_info__type_support.c\n'}
[0.258742] (rm_interfaces) StdoutLine: {'line': b'-- Up-to-date: /home/liker/Desktop/camera1/c_ws/src/install/rm_interfaces/include/rm_interfaces/rm_interfaces/msg/rosidl_typesupport_introspection_c__visibility_control.h\n'}
[0.259146] (rm_interfaces) StdoutLine: {'line': b'-- Up-to-date: /home/liker/Desktop/camera1/c_ws/src/install/rm_interfaces/lib/librm_interfaces__rosidl_typesupport_introspection_c.so\n'}
[0.259210] (rm_interfaces) StdoutLine: {'line': b'-- Up-to-date: /home/liker/Desktop/camera1/c_ws/src/install/rm_interfaces/lib/librm_interfaces__rosidl_typesupport_c.so\n'}
[0.259246] (rm_interfaces) StdoutLine: {'line': b'-- Up-to-date: /home/liker/Desktop/camera1/c_ws/src/install/rm_interfaces/include/rm_interfaces/rm_interfaces\n'}
[0.259276] (rm_interfaces) StdoutLine: {'line': b'-- Up-to-date: /home/liker/Desktop/camera1/c_ws/src/install/rm_interfaces/include/rm_interfaces/rm_interfaces/msg\n'}
[0.259304] (rm_interfaces) StdoutLine: {'line': b'-- Up-to-date: /home/liker/Desktop/camera1/c_ws/src/install/rm_interfaces/include/rm_interfaces/rm_interfaces/msg/detail\n'}
[0.259331] (rm_interfaces) StdoutLine: {'line': b'-- Up-to-date: /home/liker/Desktop/camera1/c_ws/src/install/rm_interfaces/include/rm_interfaces/rm_interfaces/msg/detail/target_info__struct.hpp\n'}
[0.259620] (rm_interfaces) StdoutLine: {'line': b'-- Up-to-date: /home/liker/Desktop/camera1/c_ws/src/install/rm_interfaces/include/rm_interfaces/rm_interfaces/msg/detail/target_info__traits.hpp\n'}
[0.259659] (rm_interfaces) StdoutLine: {'line': b'-- Up-to-date: /home/liker/Desktop/camera1/c_ws/src/install/rm_interfaces/include/rm_interfaces/rm_interfaces/msg/detail/target_info__builder.hpp\n'}
[0.259725] (rm_interfaces) StdoutLine: {'line': b'-- Up-to-date: /home/liker/Desktop/camera1/c_ws/src/install/rm_interfaces/include/rm_interfaces/rm_interfaces/msg/detail/target_info__type_support.hpp\n'}
[0.259773] (rm_interfaces) StdoutLine: {'line': b'-- Up-to-date: /home/liker/Desktop/camera1/c_ws/src/install/rm_interfaces/include/rm_interfaces/rm_interfaces/msg/target_info.hpp\n'}
[0.259806] (rm_interfaces) StdoutLine: {'line': b'-- Up-to-date: /home/liker/Desktop/camera1/c_ws/src/install/rm_interfaces/include/rm_interfaces/rm_interfaces/msg/rosidl_generator_cpp__visibility_control.hpp\n'}
[0.259834] (rm_interfaces) StdoutLine: {'line': b'-- Up-to-date: /home/liker/Desktop/camera1/c_ws/src/install/rm_interfaces/include/rm_interfaces/rm_interfaces\n'}
[0.259899] (rm_interfaces) StdoutLine: {'line': b'-- Up-to-date: /home/liker/Desktop/camera1/c_ws/src/install/rm_interfaces/include/rm_interfaces/rm_interfaces/msg\n'}
[0.260187] (rm_interfaces) StdoutLine: {'line': b'-- Up-to-date: /home/liker/Desktop/camera1/c_ws/src/install/rm_interfaces/include/rm_interfaces/rm_interfaces/msg/detail\n'}
[0.260277] (rm_interfaces) StdoutLine: {'line': b'-- Up-to-date: /home/liker/Desktop/camera1/c_ws/src/install/rm_interfaces/include/rm_interfaces/rm_interfaces/msg/detail/dds_fastrtps\n'}
[0.260312] (rm_interfaces) StdoutLine: {'line': b'-- Up-to-date: /home/liker/Desktop/camera1/c_ws/src/install/rm_interfaces/include/rm_interfaces/rm_interfaces/msg/detail/target_info__rosidl_typesupport_fastrtps_cpp.hpp\n'}
[0.260341] (rm_interfaces) StdoutLine: {'line': b'-- Up-to-date: /home/liker/Desktop/camera1/c_ws/src/install/rm_interfaces/include/rm_interfaces/rm_interfaces/msg/rosidl_typesupport_fastrtps_cpp__visibility_control.h\n'}
[0.260420] (rm_interfaces) StdoutLine: {'line': b'-- Up-to-date: /home/liker/Desktop/camera1/c_ws/src/install/rm_interfaces/lib/librm_interfaces__rosidl_typesupport_fastrtps_cpp.so\n'}
[0.260464] (rm_interfaces) StdoutLine: {'line': b'-- Up-to-date: /home/liker/Desktop/camera1/c_ws/src/install/rm_interfaces/include/rm_interfaces/rm_interfaces\n'}
[0.260494] (rm_interfaces) StdoutLine: {'line': b'-- Up-to-date: /home/liker/Desktop/camera1/c_ws/src/install/rm_interfaces/include/rm_interfaces/rm_interfaces/msg\n'}
[0.260543] (rm_interfaces) StdoutLine: {'line': b'-- Up-to-date: /home/liker/Desktop/camera1/c_ws/src/install/rm_interfaces/include/rm_interfaces/rm_interfaces/msg/detail\n'}
[0.260728] (rm_interfaces) StdoutLine: {'line': b'-- Up-to-date: /home/liker/Desktop/camera1/c_ws/src/install/rm_interfaces/include/rm_interfaces/rm_interfaces/msg/detail/target_info__type_support.cpp\n'}
[0.260952] (rm_interfaces) StdoutLine: {'line': b'-- Up-to-date: /home/liker/Desktop/camera1/c_ws/src/install/rm_interfaces/include/rm_interfaces/rm_interfaces/msg/detail/target_info__rosidl_typesupport_introspection_cpp.hpp\n'}
[0.261034] (rm_interfaces) StdoutLine: {'line': b'-- Up-to-date: /home/liker/Desktop/camera1/c_ws/src/install/rm_interfaces/lib/librm_interfaces__rosidl_typesupport_introspection_cpp.so\n'}
[0.261069] (rm_interfaces) StdoutLine: {'line': b'-- Up-to-date: /home/liker/Desktop/camera1/c_ws/src/install/rm_interfaces/lib/librm_interfaces__rosidl_typesupport_cpp.so\n'}
[0.261114] (rm_interfaces) StdoutLine: {'line': b'-- Up-to-date: /home/liker/Desktop/camera1/c_ws/src/install/rm_interfaces/share/rm_interfaces/environment/pythonpath.sh\n'}
[0.261149] (rm_interfaces) StdoutLine: {'line': b'-- Up-to-date: /home/liker/Desktop/camera1/c_ws/src/install/rm_interfaces/share/rm_interfaces/environment/pythonpath.dsv\n'}
[0.261189] (rm_interfaces) StdoutLine: {'line': b'-- Up-to-date: /home/liker/Desktop/camera1/c_ws/src/install/rm_interfaces/local/lib/python3.10/dist-packages/rm_interfaces-0.0.0-py3.10.egg-info\n'}
[0.261217] (rm_interfaces) StdoutLine: {'line': b'-- Installing: /home/liker/Desktop/camera1/c_ws/src/install/rm_interfaces/local/lib/python3.10/dist-packages/rm_interfaces-0.0.0-py3.10.egg-info/PKG-INFO\n'}
[0.261245] (rm_interfaces) StdoutLine: {'line': b'-- Installing: /home/liker/Desktop/camera1/c_ws/src/install/rm_interfaces/local/lib/python3.10/dist-packages/rm_interfaces-0.0.0-py3.10.egg-info/SOURCES.txt\n'}
[0.261272] (rm_interfaces) StdoutLine: {'line': b'-- Installing: /home/liker/Desktop/camera1/c_ws/src/install/rm_interfaces/local/lib/python3.10/dist-packages/rm_interfaces-0.0.0-py3.10.egg-info/dependency_links.txt\n'}
[0.261298] (rm_interfaces) StdoutLine: {'line': b'-- Installing: /home/liker/Desktop/camera1/c_ws/src/install/rm_interfaces/local/lib/python3.10/dist-packages/rm_interfaces-0.0.0-py3.10.egg-info/top_level.txt\n'}
[0.261323] (rm_interfaces) StdoutLine: {'line': b'-- Up-to-date: /home/liker/Desktop/camera1/c_ws/src/install/rm_interfaces/local/lib/python3.10/dist-packages/rm_interfaces\n'}
[0.261349] (rm_interfaces) StdoutLine: {'line': b'-- Up-to-date: /home/liker/Desktop/camera1/c_ws/src/install/rm_interfaces/local/lib/python3.10/dist-packages/rm_interfaces/rm_interfaces_s__rosidl_typesupport_fastrtps_c.cpython-310-x86_64-linux-gnu.so\n'}
[0.261375] (rm_interfaces) StdoutLine: {'line': b'-- Up-to-date: /home/liker/Desktop/camera1/c_ws/src/install/rm_interfaces/local/lib/python3.10/dist-packages/rm_interfaces/rm_interfaces_s__rosidl_typesupport_introspection_c.cpython-310-x86_64-linux-gnu.so\n'}
[0.261544] (rm_interfaces) StdoutLine: {'line': b'-- Up-to-date: /home/liker/Desktop/camera1/c_ws/src/install/rm_interfaces/local/lib/python3.10/dist-packages/rm_interfaces/_rm_interfaces_s.ep.rosidl_typesupport_fastrtps_c.c\n'}
[0.261603] (rm_interfaces) StdoutLine: {'line': b'-- Up-to-date: /home/liker/Desktop/camera1/c_ws/src/install/rm_interfaces/local/lib/python3.10/dist-packages/rm_interfaces/rm_interfaces_s__rosidl_typesupport_c.cpython-310-x86_64-linux-gnu.so\n'}
[0.261651] (rm_interfaces) StdoutLine: {'line': b'-- Up-to-date: /home/liker/Desktop/camera1/c_ws/src/install/rm_interfaces/local/lib/python3.10/dist-packages/rm_interfaces/msg\n'}
[0.261682] (rm_interfaces) StdoutLine: {'line': b'-- Up-to-date: /home/liker/Desktop/camera1/c_ws/src/install/rm_interfaces/local/lib/python3.10/dist-packages/rm_interfaces/msg/_target_info.py\n'}
[0.261710] (rm_interfaces) StdoutLine: {'line': b'-- Up-to-date: /home/liker/Desktop/camera1/c_ws/src/install/rm_interfaces/local/lib/python3.10/dist-packages/rm_interfaces/msg/_target_info_s.c\n'}
[0.261736] (rm_interfaces) StdoutLine: {'line': b'-- Up-to-date: /home/liker/Desktop/camera1/c_ws/src/install/rm_interfaces/local/lib/python3.10/dist-packages/rm_interfaces/msg/__init__.py\n'}
[0.261761] (rm_interfaces) StdoutLine: {'line': b'-- Up-to-date: /home/liker/Desktop/camera1/c_ws/src/install/rm_interfaces/local/lib/python3.10/dist-packages/rm_interfaces/librm_interfaces__rosidl_generator_py.so\n'}
[0.261786] (rm_interfaces) StdoutLine: {'line': b'-- Up-to-date: /home/liker/Desktop/camera1/c_ws/src/install/rm_interfaces/local/lib/python3.10/dist-packages/rm_interfaces/__init__.py\n'}
[0.261817] (rm_interfaces) StdoutLine: {'line': b'-- Up-to-date: /home/liker/Desktop/camera1/c_ws/src/install/rm_interfaces/local/lib/python3.10/dist-packages/rm_interfaces/_rm_interfaces_s.ep.rosidl_typesupport_c.c\n'}
[0.261845] (rm_interfaces) StdoutLine: {'line': b'-- Up-to-date: /home/liker/Desktop/camera1/c_ws/src/install/rm_interfaces/local/lib/python3.10/dist-packages/rm_interfaces/_rm_interfaces_s.ep.rosidl_typesupport_introspection_c.c\n'}
[0.283734] (rm_interfaces) StdoutLine: {'line': b"Listing '/home/liker/Desktop/camera1/c_ws/src/install/rm_interfaces/local/lib/python3.10/dist-packages/rm_interfaces'...\n"}
[0.283932] (rm_interfaces) StdoutLine: {'line': b"Listing '/home/liker/Desktop/camera1/c_ws/src/install/rm_interfaces/local/lib/python3.10/dist-packages/rm_interfaces/msg'...\n"}
[0.287712] (rm_interfaces) StdoutLine: {'line': b'-- Up-to-date: /home/liker/Desktop/camera1/c_ws/src/install/rm_interfaces/local/lib/python3.10/dist-packages/rm_interfaces/rm_interfaces_s__rosidl_typesupport_fastrtps_c.cpython-310-x86_64-linux-gnu.so\n'}
[0.288238] (rm_interfaces) StdoutLine: {'line': b'-- Up-to-date: /home/liker/Desktop/camera1/c_ws/src/install/rm_interfaces/local/lib/python3.10/dist-packages/rm_interfaces/rm_interfaces_s__rosidl_typesupport_introspection_c.cpython-310-x86_64-linux-gnu.so\n'}
[0.288707] (rm_interfaces) StdoutLine: {'line': b'-- Up-to-date: /home/liker/Desktop/camera1/c_ws/src/install/rm_interfaces/local/lib/python3.10/dist-packages/rm_interfaces/rm_interfaces_s__rosidl_typesupport_c.cpython-310-x86_64-linux-gnu.so\n'}
[0.288917] (rm_interfaces) StdoutLine: {'line': b'-- Up-to-date: /home/liker/Desktop/camera1/c_ws/src/install/rm_interfaces/lib/librm_interfaces__rosidl_generator_py.so\n'}
[0.288971] (rm_interfaces) StdoutLine: {'line': b'-- Up-to-date: /home/liker/Desktop/camera1/c_ws/src/install/rm_interfaces/share/rm_interfaces/msg/TargetInfo.idl\n'}
[0.289271] (rm_interfaces) StdoutLine: {'line': b'-- Up-to-date: /home/liker/Desktop/camera1/c_ws/src/install/rm_interfaces/share/rm_interfaces/msg/TargetInfo.msg\n'}
[0.289450] (rm_interfaces) StdoutLine: {'line': b'-- Up-to-date: /home/liker/Desktop/camera1/c_ws/src/install/rm_interfaces/share/ament_index/resource_index/package_run_dependencies/rm_interfaces\n'}
[0.289555] (rm_interfaces) StdoutLine: {'line': b'-- Up-to-date: /home/liker/Desktop/camera1/c_ws/src/install/rm_interfaces/share/ament_index/resource_index/parent_prefix_path/rm_interfaces\n'}
[0.289648] (rm_interfaces) StdoutLine: {'line': b'-- Up-to-date: /home/liker/Desktop/camera1/c_ws/src/install/rm_interfaces/share/rm_interfaces/environment/ament_prefix_path.sh\n'}
[0.289717] (rm_interfaces) StdoutLine: {'line': b'-- Up-to-date: /home/liker/Desktop/camera1/c_ws/src/install/rm_interfaces/share/rm_interfaces/environment/ament_prefix_path.dsv\n'}
[0.289754] (rm_interfaces) StdoutLine: {'line': b'-- Up-to-date: /home/liker/Desktop/camera1/c_ws/src/install/rm_interfaces/share/rm_interfaces/environment/path.sh\n'}
[0.289785] (rm_interfaces) StdoutLine: {'line': b'-- Up-to-date: /home/liker/Desktop/camera1/c_ws/src/install/rm_interfaces/share/rm_interfaces/environment/path.dsv\n'}
[0.290699] (rm_interfaces) StdoutLine: {'line': b'-- Up-to-date: /home/liker/Desktop/camera1/c_ws/src/install/rm_interfaces/share/rm_interfaces/local_setup.bash\n'}
[0.290916] (rm_interfaces) StdoutLine: {'line': b'-- Up-to-date: /home/liker/Desktop/camera1/c_ws/src/install/rm_interfaces/share/rm_interfaces/local_setup.sh\n'}
[0.290955] (rm_interfaces) StdoutLine: {'line': b'-- Up-to-date: /home/liker/Desktop/camera1/c_ws/src/install/rm_interfaces/share/rm_interfaces/local_setup.zsh\n'}
[0.290987] (rm_interfaces) StdoutLine: {'line': b'-- Up-to-date: /home/liker/Desktop/camera1/c_ws/src/install/rm_interfaces/share/rm_interfaces/local_setup.dsv\n'}
[0.291047] (rm_interfaces) StdoutLine: {'line': b'-- Installing: /home/liker/Desktop/camera1/c_ws/src/install/rm_interfaces/share/rm_interfaces/package.dsv\n'}
[0.291192] (rm_interfaces) StdoutLine: {'line': b'-- Up-to-date: /home/liker/Desktop/camera1/c_ws/src/install/rm_interfaces/share/ament_index/resource_index/packages/rm_interfaces\n'}
[0.291297] (rm_interfaces) StdoutLine: {'line': b'-- Up-to-date: /home/liker/Desktop/camera1/c_ws/src/install/rm_interfaces/share/rm_interfaces/cmake/export_rm_interfaces__rosidl_generator_cExport.cmake\n'}
[0.291375] (rm_interfaces) StdoutLine: {'line': b'-- Up-to-date: /home/liker/Desktop/camera1/c_ws/src/install/rm_interfaces/share/rm_interfaces/cmake/export_rm_interfaces__rosidl_generator_cExport-noconfig.cmake\n'}
[0.291509] (rm_interfaces) StdoutLine: {'line': b'-- Up-to-date: /home/liker/Desktop/camera1/c_ws/src/install/rm_interfaces/share/rm_interfaces/cmake/export_rm_interfaces__rosidl_typesupport_fastrtps_cExport.cmake\n'}
[0.291578] (rm_interfaces) StdoutLine: {'line': b'-- Up-to-date: /home/liker/Desktop/camera1/c_ws/src/install/rm_interfaces/share/rm_interfaces/cmake/export_rm_interfaces__rosidl_typesupport_fastrtps_cExport-noconfig.cmake\n'}
[0.291764] (rm_interfaces) StdoutLine: {'line': b'-- Up-to-date: /home/liker/Desktop/camera1/c_ws/src/install/rm_interfaces/share/rm_interfaces/cmake/rm_interfaces__rosidl_typesupport_introspection_cExport.cmake\n'}
[0.291811] (rm_interfaces) StdoutLine: {'line': b'-- Up-to-date: /home/liker/Desktop/camera1/c_ws/src/install/rm_interfaces/share/rm_interfaces/cmake/rm_interfaces__rosidl_typesupport_introspection_cExport-noconfig.cmake\n'}
[0.291949] (rm_interfaces) StdoutLine: {'line': b'-- Up-to-date: /home/liker/Desktop/camera1/c_ws/src/install/rm_interfaces/share/rm_interfaces/cmake/rm_interfaces__rosidl_typesupport_cExport.cmake\n'}
[0.292007] (rm_interfaces) StdoutLine: {'line': b'-- Up-to-date: /home/liker/Desktop/camera1/c_ws/src/install/rm_interfaces/share/rm_interfaces/cmake/rm_interfaces__rosidl_typesupport_cExport-noconfig.cmake\n'}
[0.292052] (rm_interfaces) StdoutLine: {'line': b'-- Up-to-date: /home/liker/Desktop/camera1/c_ws/src/install/rm_interfaces/share/rm_interfaces/cmake/export_rm_interfaces__rosidl_generator_cppExport.cmake\n'}
[0.292088] (rm_interfaces) StdoutLine: {'line': b'-- Up-to-date: /home/liker/Desktop/camera1/c_ws/src/install/rm_interfaces/share/rm_interfaces/cmake/export_rm_interfaces__rosidl_typesupport_fastrtps_cppExport.cmake\n'}
[0.292152] (rm_interfaces) StdoutLine: {'line': b'-- Up-to-date: /home/liker/Desktop/camera1/c_ws/src/install/rm_interfaces/share/rm_interfaces/cmake/export_rm_interfaces__rosidl_typesupport_fastrtps_cppExport-noconfig.cmake\n'}
[0.292190] (rm_interfaces) StdoutLine: {'line': b'-- Up-to-date: /home/liker/Desktop/camera1/c_ws/src/install/rm_interfaces/share/rm_interfaces/cmake/rm_interfaces__rosidl_typesupport_introspection_cppExport.cmake\n'}
[0.292338] (rm_interfaces) StdoutLine: {'line': b'-- Up-to-date: /home/liker/Desktop/camera1/c_ws/src/install/rm_interfaces/share/rm_interfaces/cmake/rm_interfaces__rosidl_typesupport_introspection_cppExport-noconfig.cmake\n'}
[0.292376] (rm_interfaces) StdoutLine: {'line': b'-- Up-to-date: /home/liker/Desktop/camera1/c_ws/src/install/rm_interfaces/share/rm_interfaces/cmake/rm_interfaces__rosidl_typesupport_cppExport.cmake\n'}
[0.292406] (rm_interfaces) StdoutLine: {'line': b'-- Up-to-date: /home/liker/Desktop/camera1/c_ws/src/install/rm_interfaces/share/rm_interfaces/cmake/rm_interfaces__rosidl_typesupport_cppExport-noconfig.cmake\n'}
[0.292432] (rm_interfaces) StdoutLine: {'line': b'-- Up-to-date: /home/liker/Desktop/camera1/c_ws/src/install/rm_interfaces/share/rm_interfaces/cmake/export_rm_interfaces__rosidl_generator_pyExport.cmake\n'}
[0.292458] (rm_interfaces) StdoutLine: {'line': b'-- Up-to-date: /home/liker/Desktop/camera1/c_ws/src/install/rm_interfaces/share/rm_interfaces/cmake/export_rm_interfaces__rosidl_generator_pyExport-noconfig.cmake\n'}
[0.292492] (rm_interfaces) StdoutLine: {'line': b'-- Up-to-date: /home/liker/Desktop/camera1/c_ws/src/install/rm_interfaces/share/rm_interfaces/cmake/rosidl_cmake-extras.cmake\n'}
[0.292538] (rm_interfaces) StdoutLine: {'line': b'-- Up-to-date: /home/liker/Desktop/camera1/c_ws/src/install/rm_interfaces/share/rm_interfaces/cmake/ament_cmake_export_include_directories-extras.cmake\n'}
[0.292589] (rm_interfaces) StdoutLine: {'line': b'-- Up-to-date: /home/liker/Desktop/camera1/c_ws/src/install/rm_interfaces/share/rm_interfaces/cmake/ament_cmake_export_libraries-extras.cmake\n'}
[0.292621] (rm_interfaces) StdoutLine: {'line': b'-- Up-to-date: /home/liker/Desktop/camera1/c_ws/src/install/rm_interfaces/share/rm_interfaces/cmake/ament_cmake_export_targets-extras.cmake\n'}
[0.292677] (rm_interfaces) StdoutLine: {'line': b'-- Up-to-date: /home/liker/Desktop/camera1/c_ws/src/install/rm_interfaces/share/rm_interfaces/cmake/rosidl_cmake_export_typesupport_targets-extras.cmake\n'}
[0.292715] (rm_interfaces) StdoutLine: {'line': b'-- Up-to-date: /home/liker/Desktop/camera1/c_ws/src/install/rm_interfaces/share/rm_interfaces/cmake/ament_cmake_export_dependencies-extras.cmake\n'}
[0.292744] (rm_interfaces) StdoutLine: {'line': b'-- Up-to-date: /home/liker/Desktop/camera1/c_ws/src/install/rm_interfaces/share/rm_interfaces/cmake/rosidl_cmake_export_typesupport_libraries-extras.cmake\n'}
[0.292770] (rm_interfaces) StdoutLine: {'line': b'-- Up-to-date: /home/liker/Desktop/camera1/c_ws/src/install/rm_interfaces/share/rm_interfaces/cmake/rm_interfacesConfig.cmake\n'}
[0.292797] (rm_interfaces) StdoutLine: {'line': b'-- Up-to-date: /home/liker/Desktop/camera1/c_ws/src/install/rm_interfaces/share/rm_interfaces/cmake/rm_interfacesConfig-version.cmake\n'}
[0.292822] (rm_interfaces) StdoutLine: {'line': b'-- Up-to-date: /home/liker/Desktop/camera1/c_ws/src/install/rm_interfaces/share/rm_interfaces/package.xml\n'}
[0.293975] (rm_interfaces) CommandEnded: {'returncode': 0}
[0.301410] (-) TimerEvent: {}
[0.310109] (rm_interfaces) JobEnded: {'identifier': 'rm_interfaces', 'rc': 0}
[0.310735] (tf2_node) JobStarted: {'identifier': 'tf2_node'}
[0.314449] (vision_detector) JobStarted: {'identifier': 'vision_detector'}
[0.319556] (tf2_node) JobProgress: {'identifier': 'tf2_node', 'progress': 'cmake'}
[0.321288] (tf2_node) JobProgress: {'identifier': 'tf2_node', 'progress': 'build'}
[0.321396] (tf2_node) Command: {'cmd': ['/usr/local/bin/cmake', '--build', '/home/liker/Desktop/camera1/c_ws/src/build/tf2_node', '--', '-j32', '-l32'], 'cwd': '/home/liker/Desktop/camera1/c_ws/src/build/tf2_node', 'env': OrderedDict([('LANGUAGE', 'en_US:'), ('USER', 'liker'), ('LC_TIME', 'zh_CN.UTF-8'), ('SHLVL', '1'), ('LD_LIBRARY_PATH', '/home/liker/Desktop/camera1/c_ws/src/install/rm_interfaces/lib:/opt/ros/humble/opt/rviz_ogre_vendor/lib:/opt/ros/humble/lib/x86_64-linux-gnu:/opt/ros/humble/lib'), ('HOME', '/home/liker'), ('OLDPWD', '/home/liker/Desktop/camera1/c_ws'), ('ROS_PYTHON_VERSION', '3'), ('LC_MONETARY', 'zh_CN.UTF-8'), ('SYSTEMD_EXEC_PID', '21899'), ('ROS_DISTRO', 'humble'), ('LOGNAME', 'liker'), ('_', '/usr/bin/colcon'), ('ROS_VERSION', '2'), ('ROS_LOCALHOST_ONLY', '0'), ('PATH', '/opt/ros/humble/bin:/usr/local/sbin:/usr/local/bin:/usr/sbin:/usr/bin:/sbin:/bin:/snap/bin'), ('INVOCATION_ID', '0eab8ae0fbda459d8b2bd29fbb3a3ab7'), ('LC_ADDRESS', 'zh_CN.UTF-8'), ('LANG', 'en_US.UTF-8'), ('LC_TELEPHONE', 'zh_CN.UTF-8'), ('AMENT_PREFIX_PATH', '/home/liker/Desktop/camera1/c_ws/src/install/rm_interfaces:/opt/ros/humble'), ('SHELL', '/bin/bash'), ('LC_NAME', 'zh_CN.UTF-8'), ('LC_MEASUREMENT', 'zh_CN.UTF-8'), ('LC_IDENTIFICATION', 'zh_CN.UTF-8'), ('PWD', '/home/liker/Desktop/camera1/c_ws/src/build/tf2_node'), ('PYTHONPATH', '/home/liker/Desktop/camera1/c_ws/src/install/rm_interfaces/local/lib/python3.10/dist-packages:/opt/ros/humble/lib/python3.10/site-packages:/opt/ros/humble/local/lib/python3.10/dist-packages'), ('LC_NUMERIC', 'zh_CN.UTF-8'), ('LC_PAPER', 'zh_CN.UTF-8'), ('COLCON', '1'), ('CMAKE_PREFIX_PATH', '/home/liker/Desktop/camera1/c_ws/src/install/rm_interfaces:/opt/ros/humble')]), 'shell': False}
[0.324132] (vision_detector) JobProgress: {'identifier': 'vision_detector', 'progress': 'cmake'}
[0.325749] (vision_detector) JobProgress: {'identifier': 'vision_detector', 'progress': 'build'}
[0.325813] (vision_detector) Command: {'cmd': ['/usr/local/bin/cmake', '--build', '/home/liker/Desktop/camera1/c_ws/src/build/vision_detector', '--', '-j32', '-l32'], 'cwd': '/home/liker/Desktop/camera1/c_ws/src/build/vision_detector', 'env': OrderedDict([('LANGUAGE', 'en_US:'), ('USER', 'liker'), ('LC_TIME', 'zh_CN.UTF-8'), ('SHLVL', '1'), ('LD_LIBRARY_PATH', '/home/liker/Desktop/camera1/c_ws/src/install/rm_interfaces/lib:/opt/ros/humble/opt/rviz_ogre_vendor/lib:/opt/ros/humble/lib/x86_64-linux-gnu:/opt/ros/humble/lib'), ('HOME', '/home/liker'), ('OLDPWD', '/home/liker/Desktop/camera1/c_ws'), ('ROS_PYTHON_VERSION', '3'), ('LC_MONETARY', 'zh_CN.UTF-8'), ('SYSTEMD_EXEC_PID', '21899'), ('ROS_DISTRO', 'humble'), ('LOGNAME', 'liker'), ('_', '/usr/bin/colcon'), ('ROS_VERSION', '2'), ('ROS_LOCALHOST_ONLY', '0'), ('PATH', '/opt/ros/humble/bin:/usr/local/sbin:/usr/local/bin:/usr/sbin:/usr/bin:/sbin:/bin:/snap/bin'), ('INVOCATION_ID', '0eab8ae0fbda459d8b2bd29fbb3a3ab7'), ('LC_ADDRESS', 'zh_CN.UTF-8'), ('LANG', 'en_US.UTF-8'), ('LC_TELEPHONE', 'zh_CN.UTF-8'), ('AMENT_PREFIX_PATH', '/home/liker/Desktop/camera1/c_ws/src/install/rm_interfaces:/opt/ros/humble'), ('SHELL', '/bin/bash'), ('LC_NAME', 'zh_CN.UTF-8'), ('LC_MEASUREMENT', 'zh_CN.UTF-8'), ('LC_IDENTIFICATION', 'zh_CN.UTF-8'), ('PWD', '/home/liker/Desktop/camera1/c_ws/src/build/vision_detector'), ('PYTHONPATH', '/home/liker/Desktop/camera1/c_ws/src/install/rm_interfaces/local/lib/python3.10/dist-packages:/opt/ros/humble/lib/python3.10/site-packages:/opt/ros/humble/local/lib/python3.10/dist-packages'), ('LC_NUMERIC', 'zh_CN.UTF-8'), ('LC_PAPER', 'zh_CN.UTF-8'), ('COLCON', '1'), ('CMAKE_PREFIX_PATH', '/home/liker/Desktop/camera1/c_ws/src/install/rm_interfaces:/opt/ros/humble')]), 'shell': False}
[0.358126] (tf2_node) StdoutLine: {'line': b'[ 66%] Built target static_tf_publish\n'}
[0.358609] (tf2_node) StdoutLine: {'line': b'[ 66%] Built target qtdispaly\n'}
[0.359336] (tf2_node) StdoutLine: {'line': b'[100%] Built target TFListener\n'}
[0.361096] (vision_detector) StdoutLine: {'line': b'[100%] Built target vision_detector\n'}
[0.365589] (tf2_node) CommandEnded: {'returncode': 0}
[0.366877] (tf2_node) JobProgress: {'identifier': 'tf2_node', 'progress': 'install'}
[0.366952] (tf2_node) Command: {'cmd': ['/usr/local/bin/cmake', '--install', '/home/liker/Desktop/camera1/c_ws/src/build/tf2_node'], 'cwd': '/home/liker/Desktop/camera1/c_ws/src/build/tf2_node', 'env': OrderedDict([('LANGUAGE', 'en_US:'), ('USER', 'liker'), ('LC_TIME', 'zh_CN.UTF-8'), ('SHLVL', '1'), ('LD_LIBRARY_PATH', '/home/liker/Desktop/camera1/c_ws/src/install/rm_interfaces/lib:/opt/ros/humble/opt/rviz_ogre_vendor/lib:/opt/ros/humble/lib/x86_64-linux-gnu:/opt/ros/humble/lib'), ('HOME', '/home/liker'), ('OLDPWD', '/home/liker/Desktop/camera1/c_ws'), ('ROS_PYTHON_VERSION', '3'), ('LC_MONETARY', 'zh_CN.UTF-8'), ('SYSTEMD_EXEC_PID', '21899'), ('ROS_DISTRO', 'humble'), ('LOGNAME', 'liker'), ('_', '/usr/bin/colcon'), ('ROS_VERSION', '2'), ('ROS_LOCALHOST_ONLY', '0'), ('PATH', '/opt/ros/humble/bin:/usr/local/sbin:/usr/local/bin:/usr/sbin:/usr/bin:/sbin:/bin:/snap/bin'), ('INVOCATION_ID', '0eab8ae0fbda459d8b2bd29fbb3a3ab7'), ('LC_ADDRESS', 'zh_CN.UTF-8'), ('LANG', 'en_US.UTF-8'), ('LC_TELEPHONE', 'zh_CN.UTF-8'), ('AMENT_PREFIX_PATH', '/home/liker/Desktop/camera1/c_ws/src/install/rm_interfaces:/opt/ros/humble'), ('SHELL', '/bin/bash'), ('LC_NAME', 'zh_CN.UTF-8'), ('LC_MEASUREMENT', 'zh_CN.UTF-8'), ('LC_IDENTIFICATION', 'zh_CN.UTF-8'), ('PWD', '/home/liker/Desktop/camera1/c_ws/src/build/tf2_node'), ('PYTHONPATH', '/home/liker/Desktop/camera1/c_ws/src/install/rm_interfaces/local/lib/python3.10/dist-packages:/opt/ros/humble/lib/python3.10/site-packages:/opt/ros/humble/local/lib/python3.10/dist-packages'), ('LC_NUMERIC', 'zh_CN.UTF-8'), ('LC_PAPER', 'zh_CN.UTF-8'), ('COLCON', '1'), ('CMAKE_PREFIX_PATH', '/home/liker/Desktop/camera1/c_ws/src/install/rm_interfaces:/opt/ros/humble')]), 'shell': False}
[0.369080] (vision_detector) CommandEnded: {'returncode': 0}
[0.369924] (vision_detector) JobProgress: {'identifier': 'vision_detector', 'progress': 'install'}
[0.369988] (vision_detector) Command: {'cmd': ['/usr/local/bin/cmake', '--install', '/home/liker/Desktop/camera1/c_ws/src/build/vision_detector'], 'cwd': '/home/liker/Desktop/camera1/c_ws/src/build/vision_detector', 'env': OrderedDict([('LANGUAGE', 'en_US:'), ('USER', 'liker'), ('LC_TIME', 'zh_CN.UTF-8'), ('SHLVL', '1'), ('LD_LIBRARY_PATH', '/home/liker/Desktop/camera1/c_ws/src/install/rm_interfaces/lib:/opt/ros/humble/opt/rviz_ogre_vendor/lib:/opt/ros/humble/lib/x86_64-linux-gnu:/opt/ros/humble/lib'), ('HOME', '/home/liker'), ('OLDPWD', '/home/liker/Desktop/camera1/c_ws'), ('ROS_PYTHON_VERSION', '3'), ('LC_MONETARY', 'zh_CN.UTF-8'), ('SYSTEMD_EXEC_PID', '21899'), ('ROS_DISTRO', 'humble'), ('LOGNAME', 'liker'), ('_', '/usr/bin/colcon'), ('ROS_VERSION', '2'), ('ROS_LOCALHOST_ONLY', '0'), ('PATH', '/opt/ros/humble/bin:/usr/local/sbin:/usr/local/bin:/usr/sbin:/usr/bin:/sbin:/bin:/snap/bin'), ('INVOCATION_ID', '0eab8ae0fbda459d8b2bd29fbb3a3ab7'), ('LC_ADDRESS', 'zh_CN.UTF-8'), ('LANG', 'en_US.UTF-8'), ('LC_TELEPHONE', 'zh_CN.UTF-8'), ('AMENT_PREFIX_PATH', '/home/liker/Desktop/camera1/c_ws/src/install/rm_interfaces:/opt/ros/humble'), ('SHELL', '/bin/bash'), ('LC_NAME', 'zh_CN.UTF-8'), ('LC_MEASUREMENT', 'zh_CN.UTF-8'), ('LC_IDENTIFICATION', 'zh_CN.UTF-8'), ('PWD', '/home/liker/Desktop/camera1/c_ws/src/build/vision_detector'), ('PYTHONPATH', '/home/liker/Desktop/camera1/c_ws/src/install/rm_interfaces/local/lib/python3.10/dist-packages:/opt/ros/humble/lib/python3.10/site-packages:/opt/ros/humble/local/lib/python3.10/dist-packages'), ('LC_NUMERIC', 'zh_CN.UTF-8'), ('LC_PAPER', 'zh_CN.UTF-8'), ('COLCON', '1'), ('CMAKE_PREFIX_PATH', '/home/liker/Desktop/camera1/c_ws/src/install/rm_interfaces:/opt/ros/humble')]), 'shell': False}
[0.371591] (tf2_node) StdoutLine: {'line': b'-- Install configuration: ""\n'}
[0.371685] (tf2_node) StdoutLine: {'line': b'-- Up-to-date: /home/liker/Desktop/camera1/c_ws/src/install/tf2_node/lib/tf2_node/static_tf_publish\n'}
[0.371952] (tf2_node) StdoutLine: {'line': b'-- Up-to-date: /home/liker/Desktop/camera1/c_ws/src/install/tf2_node/lib/tf2_node/TFListener\n'}
[0.372211] (tf2_node) StdoutLine: {'line': b'-- Up-to-date: /home/liker/Desktop/camera1/c_ws/src/install/tf2_node/lib/tf2_node/qtdispaly\n'}
[0.372442] (tf2_node) StdoutLine: {'line': b'-- Up-to-date: /home/liker/Desktop/camera1/c_ws/src/install/tf2_node/share/ament_index/resource_index/package_run_dependencies/tf2_node\n'}
[0.373015] (tf2_node) StdoutLine: {'line': b'-- Up-to-date: /home/liker/Desktop/camera1/c_ws/src/install/tf2_node/share/ament_index/resource_index/parent_prefix_path/tf2_node\n'}
[0.373072] (tf2_node) StdoutLine: {'line': b'-- Up-to-date: /home/liker/Desktop/camera1/c_ws/src/install/tf2_node/share/tf2_node/environment/ament_prefix_path.sh\n'}
[0.373123] (tf2_node) StdoutLine: {'line': b'-- Up-to-date: /home/liker/Desktop/camera1/c_ws/src/install/tf2_node/share/tf2_node/environment/ament_prefix_path.dsv\n'}
[0.373191] (tf2_node) StdoutLine: {'line': b'-- Up-to-date: /home/liker/Desktop/camera1/c_ws/src/install/tf2_node/share/tf2_node/environment/path.sh\n'}
[0.373231] (tf2_node) StdoutLine: {'line': b'-- Up-to-date: /home/liker/Desktop/camera1/c_ws/src/install/tf2_node/share/tf2_node/environment/path.dsv\n'}
[0.373263] (tf2_node) StdoutLine: {'line': b'-- Up-to-date: /home/liker/Desktop/camera1/c_ws/src/install/tf2_node/share/tf2_node/local_setup.bash\n'}
[0.373320] (tf2_node) StdoutLine: {'line': b'-- Up-to-date: /home/liker/Desktop/camera1/c_ws/src/install/tf2_node/share/tf2_node/local_setup.sh\n'}
[0.373525] (tf2_node) StdoutLine: {'line': b'-- Up-to-date: /home/liker/Desktop/camera1/c_ws/src/install/tf2_node/share/tf2_node/local_setup.zsh\n'}
[0.373591] (tf2_node) StdoutLine: {'line': b'-- Up-to-date: /home/liker/Desktop/camera1/c_ws/src/install/tf2_node/share/tf2_node/local_setup.dsv\n'}
[0.373625] (tf2_node) StdoutLine: {'line': b'-- Installing: /home/liker/Desktop/camera1/c_ws/src/install/tf2_node/share/tf2_node/package.dsv\n'}
[0.373653] (tf2_node) StdoutLine: {'line': b'-- Up-to-date: /home/liker/Desktop/camera1/c_ws/src/install/tf2_node/share/ament_index/resource_index/packages/tf2_node\n'}
[0.373685] (tf2_node) StdoutLine: {'line': b'-- Up-to-date: /home/liker/Desktop/camera1/c_ws/src/install/tf2_node/share/tf2_node/cmake/tf2_nodeConfig.cmake\n'}
[0.373709] (tf2_node) StdoutLine: {'line': b'-- Up-to-date: /home/liker/Desktop/camera1/c_ws/src/install/tf2_node/share/tf2_node/cmake/tf2_nodeConfig-version.cmake\n'}
[0.373732] (tf2_node) StdoutLine: {'line': b'-- Up-to-date: /home/liker/Desktop/camera1/c_ws/src/install/tf2_node/share/tf2_node/package.xml\n'}
[0.374443] (vision_detector) StdoutLine: {'line': b'-- Install configuration: ""\n'}
[0.375619] (vision_detector) StdoutLine: {'line': b'-- Up-to-date: /home/liker/Desktop/camera1/c_ws/src/install/vision_detector/lib/vision_detector/vision_detector\n'}
[0.375722] (vision_detector) StdoutLine: {'line': b'-- Up-to-date: /home/liker/Desktop/camera1/c_ws/src/install/vision_detector/share/ament_index/resource_index/package_run_dependencies/vision_detector\n'}
[0.375794] (vision_detector) StdoutLine: {'line': b'-- Up-to-date: /home/liker/Desktop/camera1/c_ws/src/install/vision_detector/share/ament_index/resource_index/parent_prefix_path/vision_detector\n'}
[0.375836] (vision_detector) StdoutLine: {'line': b'-- Up-to-date: /home/liker/Desktop/camera1/c_ws/src/install/vision_detector/share/vision_detector/environment/ament_prefix_path.sh\n'}
[0.375869] (vision_detector) StdoutLine: {'line': b'-- Up-to-date: /home/liker/Desktop/camera1/c_ws/src/install/vision_detector/share/vision_detector/environment/ament_prefix_path.dsv\n'}
[0.375894] (vision_detector) StdoutLine: {'line': b'-- Up-to-date: /home/liker/Desktop/camera1/c_ws/src/install/vision_detector/share/vision_detector/environment/path.sh\n'}
[0.375920] (vision_detector) StdoutLine: {'line': b'-- Up-to-date: /home/liker/Desktop/camera1/c_ws/src/install/vision_detector/share/vision_detector/environment/path.dsv\n'}
[0.375944] (vision_detector) StdoutLine: {'line': b'-- Up-to-date: /home/liker/Desktop/camera1/c_ws/src/install/vision_detector/share/vision_detector/local_setup.bash\n'}
[0.375968] (vision_detector) StdoutLine: {'line': b'-- Up-to-date: /home/liker/Desktop/camera1/c_ws/src/install/vision_detector/share/vision_detector/local_setup.sh\n'}
[0.375991] (vision_detector) StdoutLine: {'line': b'-- Up-to-date: /home/liker/Desktop/camera1/c_ws/src/install/vision_detector/share/vision_detector/local_setup.zsh\n'}
[0.376014] (vision_detector) StdoutLine: {'line': b'-- Up-to-date: /home/liker/Desktop/camera1/c_ws/src/install/vision_detector/share/vision_detector/local_setup.dsv\n'}
[0.376036] (vision_detector) StdoutLine: {'line': b'-- Installing: /home/liker/Desktop/camera1/c_ws/src/install/vision_detector/share/vision_detector/package.dsv\n'}
[0.376060] (tf2_node) CommandEnded: {'returncode': 0}
[0.389762] (tf2_node) JobEnded: {'identifier': 'tf2_node', 'rc': 0}
[0.391167] (vision_detector) StdoutLine: {'line': b'-- Up-to-date: /home/liker/Desktop/camera1/c_ws/src/install/vision_detector/share/ament_index/resource_index/packages/vision_detector\n'}
[0.391270] (vision_detector) StdoutLine: {'line': b'-- Up-to-date: /home/liker/Desktop/camera1/c_ws/src/install/vision_detector/share/vision_detector/cmake/vision_detectorConfig.cmake\n'}
[0.391360] (vision_detector) StdoutLine: {'line': b'-- Up-to-date: /home/liker/Desktop/camera1/c_ws/src/install/vision_detector/share/vision_detector/cmake/vision_detectorConfig-version.cmake\n'}
[0.391436] (vision_detector) StdoutLine: {'line': b'-- Up-to-date: /home/liker/Desktop/camera1/c_ws/src/install/vision_detector/share/vision_detector/package.xml\n'}
[0.391596] (vision_detector) CommandEnded: {'returncode': 0}
[0.401688] (-) TimerEvent: {}
[0.408074] (vision_detector) JobEnded: {'identifier': 'vision_detector', 'rc': 0}
[0.413093] (-) EventReactorShutdown: {}
