[0.000000] (-) TimerEvent: {}
[0.001003] (camera_publish) JobQueued: {'identifier': 'camera_publish', 'dependencies': OrderedDict()}
[0.001065] (my_launch) JobQueued: {'identifier': 'my_launch', 'dependencies': OrderedDict()}
[0.001103] (rm_interfaces) JobQueued: {'identifier': 'rm_interfaces', 'dependencies': OrderedDict()}
[0.001136] (tf2_node) JobQueued: {'identifier': 'tf2_node', 'dependencies': OrderedDict([('rm_interfaces', '/home/liker/Desktop/camera1/c_ws/src/install/rm_interfaces')])}
[0.001151] (vision_detector) JobQueued: {'identifier': 'vision_detector', 'dependencies': OrderedDict([('rm_interfaces', '/home/liker/Desktop/camera1/c_ws/src/install/rm_interfaces')])}
[0.001163] (rm_interfaces) JobStarted: {'identifier': 'rm_interfaces'}
[0.004698] (camera_publish) JobStarted: {'identifier': 'camera_publish'}
[0.007981] (my_launch) JobStarted: {'identifier': 'my_launch'}
[0.011084] (rm_interfaces) JobProgress: {'identifier': 'rm_interfaces', 'progress': 'cmake'}
[0.011989] (rm_interfaces) JobProgress: {'identifier': 'rm_interfaces', 'progress': 'build'}
[0.012660] (rm_interfaces) Command: {'cmd': ['/usr/local/bin/cmake', '--build', '/home/liker/Desktop/camera1/c_ws/src/build/rm_interfaces', '--', '-j32', '-l32'], 'cwd': '/home/liker/Desktop/camera1/c_ws/src/build/rm_interfaces', 'env': OrderedDict([('LANGUAGE', 'en_US:'), ('USER', 'liker'), ('LC_TIME', 'zh_CN.UTF-8'), ('SHLVL', '1'), ('LD_LIBRARY_PATH', '/opt/ros/humble/opt/rviz_ogre_vendor/lib:/opt/ros/humble/lib/x86_64-linux-gnu:/opt/ros/humble/lib'), ('HOME', '/home/liker'), ('OLDPWD', '/home/liker/Desktop/camera1/c_ws'), ('ROS_PYTHON_VERSION', '3'), ('LC_MONETARY', 'zh_CN.UTF-8'), ('SYSTEMD_EXEC_PID', '24324'), ('COLCON_PREFIX_PATH', '/home/liker/Desktop/camera1/c_ws/install'), ('ROS_DISTRO', 'humble'), ('LOGNAME', 'liker'), ('_', '/usr/bin/colcon'), ('ROS_VERSION', '2'), ('ROS_LOCALHOST_ONLY', '0'), ('PATH', '/opt/ros/humble/bin:/usr/local/sbin:/usr/local/bin:/usr/sbin:/usr/bin:/sbin:/bin:/snap/bin'), ('INVOCATION_ID', '114534ee1a1742d9a752f5ddbea2fd67'), ('LC_ADDRESS', 'zh_CN.UTF-8'), ('LANG', 'en_US.UTF-8'), ('LC_TELEPHONE', 'zh_CN.UTF-8'), ('AMENT_PREFIX_PATH', '/opt/ros/humble'), ('SHELL', '/bin/bash'), ('LC_NAME', 'zh_CN.UTF-8'), ('LC_MEASUREMENT', 'zh_CN.UTF-8'), ('LC_IDENTIFICATION', 'zh_CN.UTF-8'), ('PWD', '/home/liker/Desktop/camera1/c_ws/src/build/rm_interfaces'), ('PYTHONPATH', '/opt/ros/humble/local/lib/python3.10/dist-packages:/opt/ros/humble/lib/python3.10/site-packages'), ('LC_NUMERIC', 'zh_CN.UTF-8'), ('LC_PAPER', 'zh_CN.UTF-8'), ('COLCON', '1'), ('CMAKE_PREFIX_PATH', '/opt/ros/humble')]), 'shell': False}
[0.014441] (camera_publish) JobProgress: {'identifier': 'camera_publish', 'progress': 'cmake'}
[0.015413] (camera_publish) JobProgress: {'identifier': 'camera_publish', 'progress': 'build'}
[0.015881] (camera_publish) Command: {'cmd': ['/usr/local/bin/cmake', '--build', '/home/liker/Desktop/camera1/c_ws/src/build/camera_publish', '--', '-j32', '-l32'], 'cwd': '/home/liker/Desktop/camera1/c_ws/src/build/camera_publish', 'env': OrderedDict([('LANGUAGE', 'en_US:'), ('USER', 'liker'), ('LC_TIME', 'zh_CN.UTF-8'), ('SHLVL', '1'), ('LD_LIBRARY_PATH', '/opt/ros/humble/opt/rviz_ogre_vendor/lib:/opt/ros/humble/lib/x86_64-linux-gnu:/opt/ros/humble/lib'), ('HOME', '/home/liker'), ('OLDPWD', '/home/liker/Desktop/camera1/c_ws'), ('ROS_PYTHON_VERSION', '3'), ('LC_MONETARY', 'zh_CN.UTF-8'), ('SYSTEMD_EXEC_PID', '24324'), ('COLCON_PREFIX_PATH', '/home/liker/Desktop/camera1/c_ws/install'), ('ROS_DISTRO', 'humble'), ('LOGNAME', 'liker'), ('_', '/usr/bin/colcon'), ('ROS_VERSION', '2'), ('ROS_LOCALHOST_ONLY', '0'), ('PATH', '/opt/ros/humble/bin:/usr/local/sbin:/usr/local/bin:/usr/sbin:/usr/bin:/sbin:/bin:/snap/bin'), ('INVOCATION_ID', '114534ee1a1742d9a752f5ddbea2fd67'), ('LC_ADDRESS', 'zh_CN.UTF-8'), ('LANG', 'en_US.UTF-8'), ('LC_TELEPHONE', 'zh_CN.UTF-8'), ('AMENT_PREFIX_PATH', '/opt/ros/humble'), ('SHELL', '/bin/bash'), ('LC_NAME', 'zh_CN.UTF-8'), ('LC_MEASUREMENT', 'zh_CN.UTF-8'), ('LC_IDENTIFICATION', 'zh_CN.UTF-8'), ('PWD', '/home/liker/Desktop/camera1/c_ws/src/build/camera_publish'), ('PYTHONPATH', '/opt/ros/humble/local/lib/python3.10/dist-packages:/opt/ros/humble/lib/python3.10/site-packages'), ('LC_NUMERIC', 'zh_CN.UTF-8'), ('LC_PAPER', 'zh_CN.UTF-8'), ('COLCON', '1'), ('CMAKE_PREFIX_PATH', '/opt/ros/humble')]), 'shell': False}
[0.016735] (my_launch) JobProgress: {'identifier': 'my_launch', 'progress': 'cmake'}
[0.018784] (my_launch) JobProgress: {'identifier': 'my_launch', 'progress': 'build'}
[0.018927] (my_launch) Command: {'cmd': ['/usr/local/bin/cmake', '--build', '/home/liker/Desktop/camera1/c_ws/src/build/my_launch', '--', '-j32', '-l32'], 'cwd': '/home/liker/Desktop/camera1/c_ws/src/build/my_launch', 'env': OrderedDict([('LANGUAGE', 'en_US:'), ('USER', 'liker'), ('LC_TIME', 'zh_CN.UTF-8'), ('SHLVL', '1'), ('LD_LIBRARY_PATH', '/opt/ros/humble/opt/rviz_ogre_vendor/lib:/opt/ros/humble/lib/x86_64-linux-gnu:/opt/ros/humble/lib'), ('HOME', '/home/liker'), ('OLDPWD', '/home/liker/Desktop/camera1/c_ws'), ('ROS_PYTHON_VERSION', '3'), ('LC_MONETARY', 'zh_CN.UTF-8'), ('SYSTEMD_EXEC_PID', '24324'), ('COLCON_PREFIX_PATH', '/home/liker/Desktop/camera1/c_ws/install'), ('ROS_DISTRO', 'humble'), ('LOGNAME', 'liker'), ('_', '/usr/bin/colcon'), ('ROS_VERSION', '2'), ('ROS_LOCALHOST_ONLY', '0'), ('PATH', '/opt/ros/humble/bin:/usr/local/sbin:/usr/local/bin:/usr/sbin:/usr/bin:/sbin:/bin:/snap/bin'), ('INVOCATION_ID', '114534ee1a1742d9a752f5ddbea2fd67'), ('LC_ADDRESS', 'zh_CN.UTF-8'), ('LANG', 'en_US.UTF-8'), ('LC_TELEPHONE', 'zh_CN.UTF-8'), ('AMENT_PREFIX_PATH', '/opt/ros/humble'), ('SHELL', '/bin/bash'), ('LC_NAME', 'zh_CN.UTF-8'), ('LC_MEASUREMENT', 'zh_CN.UTF-8'), ('LC_IDENTIFICATION', 'zh_CN.UTF-8'), ('PWD', '/home/liker/Desktop/camera1/c_ws/src/build/my_launch'), ('PYTHONPATH', '/opt/ros/humble/local/lib/python3.10/dist-packages:/opt/ros/humble/lib/python3.10/site-packages'), ('LC_NUMERIC', 'zh_CN.UTF-8'), ('LC_PAPER', 'zh_CN.UTF-8'), ('COLCON', '1'), ('CMAKE_PREFIX_PATH', '/opt/ros/humble')]), 'shell': False}
[0.041593] (my_launch) CommandEnded: {'returncode': 0}
[0.041914] (my_launch) JobProgress: {'identifier': 'my_launch', 'progress': 'install'}
[0.047287] (my_launch) Command: {'cmd': ['/usr/local/bin/cmake', '--install', '/home/liker/Desktop/camera1/c_ws/src/build/my_launch'], 'cwd': '/home/liker/Desktop/camera1/c_ws/src/build/my_launch', 'env': OrderedDict([('LANGUAGE', 'en_US:'), ('USER', 'liker'), ('LC_TIME', 'zh_CN.UTF-8'), ('SHLVL', '1'), ('LD_LIBRARY_PATH', '/opt/ros/humble/opt/rviz_ogre_vendor/lib:/opt/ros/humble/lib/x86_64-linux-gnu:/opt/ros/humble/lib'), ('HOME', '/home/liker'), ('OLDPWD', '/home/liker/Desktop/camera1/c_ws'), ('ROS_PYTHON_VERSION', '3'), ('LC_MONETARY', 'zh_CN.UTF-8'), ('SYSTEMD_EXEC_PID', '24324'), ('COLCON_PREFIX_PATH', '/home/liker/Desktop/camera1/c_ws/install'), ('ROS_DISTRO', 'humble'), ('LOGNAME', 'liker'), ('_', '/usr/bin/colcon'), ('ROS_VERSION', '2'), ('ROS_LOCALHOST_ONLY', '0'), ('PATH', '/opt/ros/humble/bin:/usr/local/sbin:/usr/local/bin:/usr/sbin:/usr/bin:/sbin:/bin:/snap/bin'), ('INVOCATION_ID', '114534ee1a1742d9a752f5ddbea2fd67'), ('LC_ADDRESS', 'zh_CN.UTF-8'), ('LANG', 'en_US.UTF-8'), ('LC_TELEPHONE', 'zh_CN.UTF-8'), ('AMENT_PREFIX_PATH', '/opt/ros/humble'), ('SHELL', '/bin/bash'), ('LC_NAME', 'zh_CN.UTF-8'), ('LC_MEASUREMENT', 'zh_CN.UTF-8'), ('LC_IDENTIFICATION', 'zh_CN.UTF-8'), ('PWD', '/home/liker/Desktop/camera1/c_ws/src/build/my_launch'), ('PYTHONPATH', '/opt/ros/humble/local/lib/python3.10/dist-packages:/opt/ros/humble/lib/python3.10/site-packages'), ('LC_NUMERIC', 'zh_CN.UTF-8'), ('LC_PAPER', 'zh_CN.UTF-8'), ('COLCON', '1'), ('CMAKE_PREFIX_PATH', '/opt/ros/humble')]), 'shell': False}
[0.048211] (rm_interfaces) StdoutLine: {'line': b'[  3%] Built target rm_interfaces__cpp\n'}
[0.048375] (rm_interfaces) StdoutLine: {'line': b'[ 12%] Built target rm_interfaces__rosidl_generator_c\n'}
[0.048415] (camera_publish) StdoutLine: {'line': b'[100%] Built target camera_publish\n'}
[0.048460] (rm_interfaces) StdoutLine: {'line': b'[ 12%] Built target ament_cmake_python_copy_rm_interfaces\n'}
[0.050218] (my_launch) StdoutLine: {'line': b'-- Install configuration: ""\n'}
[0.050439] (my_launch) StdoutLine: {'line': b'-- Up-to-date: /home/liker/Desktop/camera1/c_ws/src/install/my_launch/share/my_launch/config\n'}
[0.050517] (my_launch) StdoutLine: {'line': b'-- Up-to-date: /home/liker/Desktop/camera1/c_ws/src/install/my_launch/share/my_launch/config/image_processed.rviz\n'}
[0.050588] (my_launch) StdoutLine: {'line': b'-- Up-to-date: /home/liker/Desktop/camera1/c_ws/src/install/my_launch/share/my_launch/launch\n'}
[0.050656] (my_launch) StdoutLine: {'line': b'-- Up-to-date: /home/liker/Desktop/camera1/c_ws/src/install/my_launch/share/my_launch/launch/camera_detector.launch.py\n'}
[0.050931] (my_launch) StdoutLine: {'line': b'-- Up-to-date: /home/liker/Desktop/camera1/c_ws/src/install/my_launch/share/ament_index/resource_index/package_run_dependencies/my_launch\n'}
[0.051012] (my_launch) StdoutLine: {'line': b'-- Up-to-date: /home/liker/Desktop/camera1/c_ws/src/install/my_launch/share/ament_index/resource_index/parent_prefix_path/my_launch\n'}
[0.051383] (my_launch) StdoutLine: {'line': b'-- Up-to-date: /home/liker/Desktop/camera1/c_ws/src/install/my_launch/share/my_launch/environment/ament_prefix_path.sh\n'}
[0.051498] (my_launch) StdoutLine: {'line': b'-- Up-to-date: /home/liker/Desktop/camera1/c_ws/src/install/my_launch/share/my_launch/environment/ament_prefix_path.dsv\n'}
[0.051576] (my_launch) StdoutLine: {'line': b'-- Up-to-date: /home/liker/Desktop/camera1/c_ws/src/install/my_launch/share/my_launch/environment/path.sh\n'}
[0.052045] (my_launch) StdoutLine: {'line': b'-- Up-to-date: /home/liker/Desktop/camera1/c_ws/src/install/my_launch/share/my_launch/environment/path.dsv\n'}
[0.052088] (my_launch) StdoutLine: {'line': b'-- Up-to-date: /home/liker/Desktop/camera1/c_ws/src/install/my_launch/share/my_launch/local_setup.bash\n'}
[0.052119] (my_launch) StdoutLine: {'line': b'-- Up-to-date: /home/liker/Desktop/camera1/c_ws/src/install/my_launch/share/my_launch/local_setup.sh\n'}
[0.052146] (my_launch) StdoutLine: {'line': b'-- Up-to-date: /home/liker/Desktop/camera1/c_ws/src/install/my_launch/share/my_launch/local_setup.zsh\n'}
[0.052172] (my_launch) StdoutLine: {'line': b'-- Up-to-date: /home/liker/Desktop/camera1/c_ws/src/install/my_launch/share/my_launch/local_setup.dsv\n'}
[0.052197] (my_launch) StdoutLine: {'line': b'-- Installing: /home/liker/Desktop/camera1/c_ws/src/install/my_launch/share/my_launch/package.dsv\n'}
[0.052222] (my_launch) StdoutLine: {'line': b'-- Up-to-date: /home/liker/Desktop/camera1/c_ws/src/install/my_launch/share/ament_index/resource_index/packages/my_launch\n'}
[0.052248] (my_launch) StdoutLine: {'line': b'-- Up-to-date: /home/liker/Desktop/camera1/c_ws/src/install/my_launch/share/my_launch/cmake/my_launchConfig.cmake\n'}
[0.052273] (my_launch) StdoutLine: {'line': b'-- Up-to-date: /home/liker/Desktop/camera1/c_ws/src/install/my_launch/share/my_launch/cmake/my_launchConfig-version.cmake\n'}
[0.052297] (my_launch) StdoutLine: {'line': b'-- Up-to-date: /home/liker/Desktop/camera1/c_ws/src/install/my_launch/share/my_launch/package.xml\n'}
[0.052786] (my_launch) CommandEnded: {'returncode': 0}
[0.068817] (my_launch) JobEnded: {'identifier': 'my_launch', 'rc': 0}
[0.070379] (rm_interfaces) StdoutLine: {'line': b'[ 22%] Built target rm_interfaces__rosidl_typesupport_introspection_cpp\n'}
[0.070492] (rm_interfaces) StdoutLine: {'line': b'[ 32%] Built target rm_interfaces__rosidl_typesupport_fastrtps_cpp\n'}
[0.070531] (rm_interfaces) StdoutLine: {'line': b'[ 41%] Built target rm_interfaces__rosidl_typesupport_cpp\n'}
[0.070564] (rm_interfaces) StdoutLine: {'line': b'[ 51%] Built target rm_interfaces__rosidl_typesupport_fastrtps_c\n'}
[0.070629] (rm_interfaces) StdoutLine: {'line': b'[ 61%] Built target rm_interfaces__rosidl_typesupport_introspection_c\n'}
[0.070669] (rm_interfaces) StdoutLine: {'line': b'[ 70%] Built target rm_interfaces__rosidl_typesupport_c\n'}
[0.070702] (camera_publish) CommandEnded: {'returncode': 0}
[0.070919] (camera_publish) JobProgress: {'identifier': 'camera_publish', 'progress': 'install'}
[0.070958] (camera_publish) Command: {'cmd': ['/usr/local/bin/cmake', '--install', '/home/liker/Desktop/camera1/c_ws/src/build/camera_publish'], 'cwd': '/home/liker/Desktop/camera1/c_ws/src/build/camera_publish', 'env': OrderedDict([('LANGUAGE', 'en_US:'), ('USER', 'liker'), ('LC_TIME', 'zh_CN.UTF-8'), ('SHLVL', '1'), ('LD_LIBRARY_PATH', '/opt/ros/humble/opt/rviz_ogre_vendor/lib:/opt/ros/humble/lib/x86_64-linux-gnu:/opt/ros/humble/lib'), ('HOME', '/home/liker'), ('OLDPWD', '/home/liker/Desktop/camera1/c_ws'), ('ROS_PYTHON_VERSION', '3'), ('LC_MONETARY', 'zh_CN.UTF-8'), ('SYSTEMD_EXEC_PID', '24324'), ('COLCON_PREFIX_PATH', '/home/liker/Desktop/camera1/c_ws/install'), ('ROS_DISTRO', 'humble'), ('LOGNAME', 'liker'), ('_', '/usr/bin/colcon'), ('ROS_VERSION', '2'), ('ROS_LOCALHOST_ONLY', '0'), ('PATH', '/opt/ros/humble/bin:/usr/local/sbin:/usr/local/bin:/usr/sbin:/usr/bin:/sbin:/bin:/snap/bin'), ('INVOCATION_ID', '114534ee1a1742d9a752f5ddbea2fd67'), ('LC_ADDRESS', 'zh_CN.UTF-8'), ('LANG', 'en_US.UTF-8'), ('LC_TELEPHONE', 'zh_CN.UTF-8'), ('AMENT_PREFIX_PATH', '/opt/ros/humble'), ('SHELL', '/bin/bash'), ('LC_NAME', 'zh_CN.UTF-8'), ('LC_MEASUREMENT', 'zh_CN.UTF-8'), ('LC_IDENTIFICATION', 'zh_CN.UTF-8'), ('PWD', '/home/liker/Desktop/camera1/c_ws/src/build/camera_publish'), ('PYTHONPATH', '/opt/ros/humble/local/lib/python3.10/dist-packages:/opt/ros/humble/lib/python3.10/site-packages'), ('LC_NUMERIC', 'zh_CN.UTF-8'), ('LC_PAPER', 'zh_CN.UTF-8'), ('COLCON', '1'), ('CMAKE_PREFIX_PATH', '/opt/ros/humble')]), 'shell': False}
[0.073335] (rm_interfaces) StdoutLine: {'line': b'[ 70%] Built target rm_interfaces\n'}
[0.073402] (camera_publish) StdoutLine: {'line': b'-- Install configuration: ""\n'}
[0.073444] (camera_publish) StdoutLine: {'line': b'-- Up-to-date: /home/liker/Desktop/camera1/c_ws/src/install/camera_publish/lib/camera_publish/camera_publish\n'}
[0.073916] (camera_publish) StdoutLine: {'line': b'-- Up-to-date: /home/liker/Desktop/camera1/c_ws/src/install/camera_publish/share/ament_index/resource_index/package_run_dependencies/camera_publish\n'}
[0.074055] (camera_publish) StdoutLine: {'line': b'-- Up-to-date: /home/liker/Desktop/camera1/c_ws/src/install/camera_publish/share/ament_index/resource_index/parent_prefix_path/camera_publish\n'}
[0.074135] (camera_publish) StdoutLine: {'line': b'-- Up-to-date: /home/liker/Desktop/camera1/c_ws/src/install/camera_publish/share/camera_publish/environment/ament_prefix_path.sh\n'}
[0.074232] (camera_publish) StdoutLine: {'line': b'-- Up-to-date: /home/liker/Desktop/camera1/c_ws/src/install/camera_publish/share/camera_publish/environment/ament_prefix_path.dsv\n'}
[0.074434] (camera_publish) StdoutLine: {'line': b'-- Up-to-date: /home/liker/Desktop/camera1/c_ws/src/install/camera_publish/share/camera_publish/environment/path.sh\n'}
[0.074482] (camera_publish) StdoutLine: {'line': b'-- Up-to-date: /home/liker/Desktop/camera1/c_ws/src/install/camera_publish/share/camera_publish/environment/path.dsv\n'}
[0.074516] (camera_publish) StdoutLine: {'line': b'-- Up-to-date: /home/liker/Desktop/camera1/c_ws/src/install/camera_publish/share/camera_publish/local_setup.bash\n'}
[0.074546] (camera_publish) StdoutLine: {'line': b'-- Up-to-date: /home/liker/Desktop/camera1/c_ws/src/install/camera_publish/share/camera_publish/local_setup.sh\n'}
[0.074574] (camera_publish) StdoutLine: {'line': b'-- Up-to-date: /home/liker/Desktop/camera1/c_ws/src/install/camera_publish/share/camera_publish/local_setup.zsh\n'}
[0.074600] (camera_publish) StdoutLine: {'line': b'-- Up-to-date: /home/liker/Desktop/camera1/c_ws/src/install/camera_publish/share/camera_publish/local_setup.dsv\n'}
[0.074625] (camera_publish) StdoutLine: {'line': b'-- Installing: /home/liker/Desktop/camera1/c_ws/src/install/camera_publish/share/camera_publish/package.dsv\n'}
[0.075008] (camera_publish) StdoutLine: {'line': b'-- Up-to-date: /home/liker/Desktop/camera1/c_ws/src/install/camera_publish/share/ament_index/resource_index/packages/camera_publish\n'}
[0.075095] (camera_publish) StdoutLine: {'line': b'-- Up-to-date: /home/liker/Desktop/camera1/c_ws/src/install/camera_publish/share/camera_publish/cmake/camera_publishConfig.cmake\n'}
[0.075147] (camera_publish) StdoutLine: {'line': b'-- Up-to-date: /home/liker/Desktop/camera1/c_ws/src/install/camera_publish/share/camera_publish/cmake/camera_publishConfig-version.cmake\n'}
[0.075178] (camera_publish) StdoutLine: {'line': b'-- Up-to-date: /home/liker/Desktop/camera1/c_ws/src/install/camera_publish/share/camera_publish/package.xml\n'}
[0.076299] (camera_publish) CommandEnded: {'returncode': 0}
[0.088785] (camera_publish) JobEnded: {'identifier': 'camera_publish', 'rc': 0}
[0.089215] (rm_interfaces) StdoutLine: {'line': b'[ 74%] Built target rm_interfaces__py\n'}
[0.100101] (-) TimerEvent: {}
[0.100689] (rm_interfaces) StdoutLine: {'line': b'[ 80%] Built target rm_interfaces__rosidl_generator_py\n'}
[0.114588] (rm_interfaces) StdoutLine: {'line': b'[ 87%] Built target rm_interfaces__rosidl_typesupport_fastrtps_c__pyext\n'}
[0.115870] (rm_interfaces) StdoutLine: {'line': b'[ 93%] Built target rm_interfaces__rosidl_typesupport_introspection_c__pyext\n'}
[0.116244] (rm_interfaces) StdoutLine: {'line': b'[100%] Built target rm_interfaces__rosidl_typesupport_c__pyext\n'}
[0.189712] (rm_interfaces) StdoutLine: {'line': b'running egg_info\n'}
[0.190186] (rm_interfaces) StdoutLine: {'line': b'writing rm_interfaces.egg-info/PKG-INFO\n'}
[0.190618] (rm_interfaces) StdoutLine: {'line': b'writing dependency_links to rm_interfaces.egg-info/dependency_links.txt\n'}
[0.190762] (rm_interfaces) StdoutLine: {'line': b'writing top-level names to rm_interfaces.egg-info/top_level.txt\n'}
[0.192195] (rm_interfaces) StdoutLine: {'line': b"reading manifest file 'rm_interfaces.egg-info/SOURCES.txt'\n"}
[0.193155] (rm_interfaces) StdoutLine: {'line': b"writing manifest file 'rm_interfaces.egg-info/SOURCES.txt'\n"}
[0.200668] (-) TimerEvent: {}
[0.210938] (rm_interfaces) StdoutLine: {'line': b'[100%] Built target ament_cmake_python_build_rm_interfaces_egg\n'}
[0.218125] (rm_interfaces) CommandEnded: {'returncode': 0}
[0.219054] (rm_interfaces) JobProgress: {'identifier': 'rm_interfaces', 'progress': 'install'}
[0.219121] (rm_interfaces) Command: {'cmd': ['/usr/local/bin/cmake', '--install', '/home/liker/Desktop/camera1/c_ws/src/build/rm_interfaces'], 'cwd': '/home/liker/Desktop/camera1/c_ws/src/build/rm_interfaces', 'env': OrderedDict([('LANGUAGE', 'en_US:'), ('USER', 'liker'), ('LC_TIME', 'zh_CN.UTF-8'), ('SHLVL', '1'), ('LD_LIBRARY_PATH', '/opt/ros/humble/opt/rviz_ogre_vendor/lib:/opt/ros/humble/lib/x86_64-linux-gnu:/opt/ros/humble/lib'), ('HOME', '/home/liker'), ('OLDPWD', '/home/liker/Desktop/camera1/c_ws'), ('ROS_PYTHON_VERSION', '3'), ('LC_MONETARY', 'zh_CN.UTF-8'), ('SYSTEMD_EXEC_PID', '24324'), ('COLCON_PREFIX_PATH', '/home/liker/Desktop/camera1/c_ws/install'), ('ROS_DISTRO', 'humble'), ('LOGNAME', 'liker'), ('_', '/usr/bin/colcon'), ('ROS_VERSION', '2'), ('ROS_LOCALHOST_ONLY', '0'), ('PATH', '/opt/ros/humble/bin:/usr/local/sbin:/usr/local/bin:/usr/sbin:/usr/bin:/sbin:/bin:/snap/bin'), ('INVOCATION_ID', '114534ee1a1742d9a752f5ddbea2fd67'), ('LC_ADDRESS', 'zh_CN.UTF-8'), ('LANG', 'en_US.UTF-8'), ('LC_TELEPHONE', 'zh_CN.UTF-8'), ('AMENT_PREFIX_PATH', '/opt/ros/humble'), ('SHELL', '/bin/bash'), ('LC_NAME', 'zh_CN.UTF-8'), ('LC_MEASUREMENT', 'zh_CN.UTF-8'), ('LC_IDENTIFICATION', 'zh_CN.UTF-8'), ('PWD', '/home/liker/Desktop/camera1/c_ws/src/build/rm_interfaces'), ('PYTHONPATH', '/opt/ros/humble/local/lib/python3.10/dist-packages:/opt/ros/humble/lib/python3.10/site-packages'), ('LC_NUMERIC', 'zh_CN.UTF-8'), ('LC_PAPER', 'zh_CN.UTF-8'), ('COLCON', '1'), ('CMAKE_PREFIX_PATH', '/opt/ros/humble')]), 'shell': False}
[0.223668] (rm_interfaces) StdoutLine: {'line': b'-- Install configuration: ""\n'}
[0.223866] (rm_interfaces) StdoutLine: {'line': b'-- Up-to-date: /home/liker/Desktop/camera1/c_ws/src/install/rm_interfaces/share/ament_index/resource_index/rosidl_interfaces/rm_interfaces\n'}
[0.224063] (rm_interfaces) StdoutLine: {'line': b'-- Up-to-date: /home/liker/Desktop/camera1/c_ws/src/install/rm_interfaces/include/rm_interfaces/rm_interfaces\n'}
[0.224111] (rm_interfaces) StdoutLine: {'line': b'-- Up-to-date: /home/liker/Desktop/camera1/c_ws/src/install/rm_interfaces/include/rm_interfaces/rm_interfaces/msg\n'}
[0.224340] (rm_interfaces) StdoutLine: {'line': b'-- Up-to-date: /home/liker/Desktop/camera1/c_ws/src/install/rm_interfaces/include/rm_interfaces/rm_interfaces/msg/detail\n'}
[0.224416] (rm_interfaces) StdoutLine: {'line': b'-- Up-to-date: /home/liker/Desktop/camera1/c_ws/src/install/rm_interfaces/include/rm_interfaces/rm_interfaces/msg/detail/target_info__struct.h\n'}
[0.224472] (rm_interfaces) StdoutLine: {'line': b'-- Up-to-date: /home/liker/Desktop/camera1/c_ws/src/install/rm_interfaces/include/rm_interfaces/rm_interfaces/msg/detail/target_info__type_support.h\n'}
[0.224519] (rm_interfaces) StdoutLine: {'line': b'-- Up-to-date: /home/liker/Desktop/camera1/c_ws/src/install/rm_interfaces/include/rm_interfaces/rm_interfaces/msg/detail/target_info__functions.h\n'}
[0.224552] (rm_interfaces) StdoutLine: {'line': b'-- Up-to-date: /home/liker/Desktop/camera1/c_ws/src/install/rm_interfaces/include/rm_interfaces/rm_interfaces/msg/detail/target_info__functions.c\n'}
[0.224582] (rm_interfaces) StdoutLine: {'line': b'-- Up-to-date: /home/liker/Desktop/camera1/c_ws/src/install/rm_interfaces/include/rm_interfaces/rm_interfaces/msg/target_info.h\n'}
[0.224751] (rm_interfaces) StdoutLine: {'line': b'-- Up-to-date: /home/liker/Desktop/camera1/c_ws/src/install/rm_interfaces/include/rm_interfaces/rm_interfaces/msg/rosidl_generator_c__visibility_control.h\n'}
[0.224792] (rm_interfaces) StdoutLine: {'line': b'-- Up-to-date: /home/liker/Desktop/camera1/c_ws/src/install/rm_interfaces/share/rm_interfaces/environment/library_path.sh\n'}
[0.224821] (rm_interfaces) StdoutLine: {'line': b'-- Up-to-date: /home/liker/Desktop/camera1/c_ws/src/install/rm_interfaces/share/rm_interfaces/environment/library_path.dsv\n'}
[0.224883] (rm_interfaces) StdoutLine: {'line': b'-- Up-to-date: /home/liker/Desktop/camera1/c_ws/src/install/rm_interfaces/lib/librm_interfaces__rosidl_generator_c.so\n'}
[0.225013] (rm_interfaces) StdoutLine: {'line': b'-- Up-to-date: /home/liker/Desktop/camera1/c_ws/src/install/rm_interfaces/include/rm_interfaces/rm_interfaces\n'}
[0.225059] (rm_interfaces) StdoutLine: {'line': b'-- Up-to-date: /home/liker/Desktop/camera1/c_ws/src/install/rm_interfaces/include/rm_interfaces/rm_interfaces/msg\n'}
[0.225156] (rm_interfaces) StdoutLine: {'line': b'-- Up-to-date: /home/liker/Desktop/camera1/c_ws/src/install/rm_interfaces/include/rm_interfaces/rm_interfaces/msg/detail\n'}
[0.225241] (rm_interfaces) StdoutLine: {'line': b'-- Up-to-date: /home/liker/Desktop/camera1/c_ws/src/install/rm_interfaces/include/rm_interfaces/rm_interfaces/msg/detail/target_info__rosidl_typesupport_fastrtps_c.h\n'}
[0.225315] (rm_interfaces) StdoutLine: {'line': b'-- Up-to-date: /home/liker/Desktop/camera1/c_ws/src/install/rm_interfaces/include/rm_interfaces/rm_interfaces/msg/rosidl_typesupport_fastrtps_c__visibility_control.h\n'}
[0.225351] (rm_interfaces) StdoutLine: {'line': b'-- Up-to-date: /home/liker/Desktop/camera1/c_ws/src/install/rm_interfaces/lib/librm_interfaces__rosidl_typesupport_fastrtps_c.so\n'}
[0.225413] (rm_interfaces) StdoutLine: {'line': b'-- Up-to-date: /home/liker/Desktop/camera1/c_ws/src/install/rm_interfaces/include/rm_interfaces/rm_interfaces\n'}
[0.225482] (rm_interfaces) StdoutLine: {'line': b'-- Up-to-date: /home/liker/Desktop/camera1/c_ws/src/install/rm_interfaces/include/rm_interfaces/rm_interfaces/msg\n'}
[0.225672] (rm_interfaces) StdoutLine: {'line': b'-- Up-to-date: /home/liker/Desktop/camera1/c_ws/src/install/rm_interfaces/include/rm_interfaces/rm_interfaces/msg/detail\n'}
[0.225721] (rm_interfaces) StdoutLine: {'line': b'-- Up-to-date: /home/liker/Desktop/camera1/c_ws/src/install/rm_interfaces/include/rm_interfaces/rm_interfaces/msg/detail/target_info__rosidl_typesupport_introspection_c.h\n'}
[0.225752] (rm_interfaces) StdoutLine: {'line': b'-- Up-to-date: /home/liker/Desktop/camera1/c_ws/src/install/rm_interfaces/include/rm_interfaces/rm_interfaces/msg/detail/target_info__type_support.c\n'}
[0.225784] (rm_interfaces) StdoutLine: {'line': b'-- Up-to-date: /home/liker/Desktop/camera1/c_ws/src/install/rm_interfaces/include/rm_interfaces/rm_interfaces/msg/rosidl_typesupport_introspection_c__visibility_control.h\n'}
[0.225811] (rm_interfaces) StdoutLine: {'line': b'-- Up-to-date: /home/liker/Desktop/camera1/c_ws/src/install/rm_interfaces/lib/librm_interfaces__rosidl_typesupport_introspection_c.so\n'}
[0.226041] (rm_interfaces) StdoutLine: {'line': b'-- Up-to-date: /home/liker/Desktop/camera1/c_ws/src/install/rm_interfaces/lib/librm_interfaces__rosidl_typesupport_c.so\n'}
[0.226114] (rm_interfaces) StdoutLine: {'line': b'-- Up-to-date: /home/liker/Desktop/camera1/c_ws/src/install/rm_interfaces/include/rm_interfaces/rm_interfaces\n'}
[0.226335] (rm_interfaces) StdoutLine: {'line': b'-- Up-to-date: /home/liker/Desktop/camera1/c_ws/src/install/rm_interfaces/include/rm_interfaces/rm_interfaces/msg\n'}
[0.226651] (rm_interfaces) StdoutLine: {'line': b'-- Up-to-date: /home/liker/Desktop/camera1/c_ws/src/install/rm_interfaces/include/rm_interfaces/rm_interfaces/msg/detail\n'}
[0.226718] (rm_interfaces) StdoutLine: {'line': b'-- Up-to-date: /home/liker/Desktop/camera1/c_ws/src/install/rm_interfaces/include/rm_interfaces/rm_interfaces/msg/detail/target_info__struct.hpp\n'}
[0.226756] (rm_interfaces) StdoutLine: {'line': b'-- Up-to-date: /home/liker/Desktop/camera1/c_ws/src/install/rm_interfaces/include/rm_interfaces/rm_interfaces/msg/detail/target_info__traits.hpp\n'}
[0.226922] (rm_interfaces) StdoutLine: {'line': b'-- Up-to-date: /home/liker/Desktop/camera1/c_ws/src/install/rm_interfaces/include/rm_interfaces/rm_interfaces/msg/detail/target_info__builder.hpp\n'}
[0.227186] (rm_interfaces) StdoutLine: {'line': b'-- Up-to-date: /home/liker/Desktop/camera1/c_ws/src/install/rm_interfaces/include/rm_interfaces/rm_interfaces/msg/detail/target_info__type_support.hpp\n'}
[0.227257] (rm_interfaces) StdoutLine: {'line': b'-- Up-to-date: /home/liker/Desktop/camera1/c_ws/src/install/rm_interfaces/include/rm_interfaces/rm_interfaces/msg/target_info.hpp\n'}
[0.227450] (rm_interfaces) StdoutLine: {'line': b'-- Up-to-date: /home/liker/Desktop/camera1/c_ws/src/install/rm_interfaces/include/rm_interfaces/rm_interfaces/msg/rosidl_generator_cpp__visibility_control.hpp\n'}
[0.227487] (rm_interfaces) StdoutLine: {'line': b'-- Up-to-date: /home/liker/Desktop/camera1/c_ws/src/install/rm_interfaces/include/rm_interfaces/rm_interfaces\n'}
[0.227517] (rm_interfaces) StdoutLine: {'line': b'-- Up-to-date: /home/liker/Desktop/camera1/c_ws/src/install/rm_interfaces/include/rm_interfaces/rm_interfaces/msg\n'}
[0.227545] (rm_interfaces) StdoutLine: {'line': b'-- Up-to-date: /home/liker/Desktop/camera1/c_ws/src/install/rm_interfaces/include/rm_interfaces/rm_interfaces/msg/detail\n'}
[0.227573] (rm_interfaces) StdoutLine: {'line': b'-- Up-to-date: /home/liker/Desktop/camera1/c_ws/src/install/rm_interfaces/include/rm_interfaces/rm_interfaces/msg/detail/dds_fastrtps\n'}
[0.227599] (rm_interfaces) StdoutLine: {'line': b'-- Up-to-date: /home/liker/Desktop/camera1/c_ws/src/install/rm_interfaces/include/rm_interfaces/rm_interfaces/msg/detail/target_info__rosidl_typesupport_fastrtps_cpp.hpp\n'}
[0.227704] (rm_interfaces) StdoutLine: {'line': b'-- Up-to-date: /home/liker/Desktop/camera1/c_ws/src/install/rm_interfaces/include/rm_interfaces/rm_interfaces/msg/rosidl_typesupport_fastrtps_cpp__visibility_control.h\n'}
[0.227743] (rm_interfaces) StdoutLine: {'line': b'-- Up-to-date: /home/liker/Desktop/camera1/c_ws/src/install/rm_interfaces/lib/librm_interfaces__rosidl_typesupport_fastrtps_cpp.so\n'}
[0.227780] (rm_interfaces) StdoutLine: {'line': b'-- Up-to-date: /home/liker/Desktop/camera1/c_ws/src/install/rm_interfaces/include/rm_interfaces/rm_interfaces\n'}
[0.227845] (rm_interfaces) StdoutLine: {'line': b'-- Up-to-date: /home/liker/Desktop/camera1/c_ws/src/install/rm_interfaces/include/rm_interfaces/rm_interfaces/msg\n'}
[0.227941] (rm_interfaces) StdoutLine: {'line': b'-- Up-to-date: /home/liker/Desktop/camera1/c_ws/src/install/rm_interfaces/include/rm_interfaces/rm_interfaces/msg/detail\n'}
[0.227982] (rm_interfaces) StdoutLine: {'line': b'-- Up-to-date: /home/liker/Desktop/camera1/c_ws/src/install/rm_interfaces/include/rm_interfaces/rm_interfaces/msg/detail/target_info__type_support.cpp\n'}
[0.228011] (rm_interfaces) StdoutLine: {'line': b'-- Up-to-date: /home/liker/Desktop/camera1/c_ws/src/install/rm_interfaces/include/rm_interfaces/rm_interfaces/msg/detail/target_info__rosidl_typesupport_introspection_cpp.hpp\n'}
[0.228260] (rm_interfaces) StdoutLine: {'line': b'-- Up-to-date: /home/liker/Desktop/camera1/c_ws/src/install/rm_interfaces/lib/librm_interfaces__rosidl_typesupport_introspection_cpp.so\n'}
[0.228299] (rm_interfaces) StdoutLine: {'line': b'-- Up-to-date: /home/liker/Desktop/camera1/c_ws/src/install/rm_interfaces/lib/librm_interfaces__rosidl_typesupport_cpp.so\n'}
[0.228381] (rm_interfaces) StdoutLine: {'line': b'-- Up-to-date: /home/liker/Desktop/camera1/c_ws/src/install/rm_interfaces/share/rm_interfaces/environment/pythonpath.sh\n'}
[0.228420] (rm_interfaces) StdoutLine: {'line': b'-- Up-to-date: /home/liker/Desktop/camera1/c_ws/src/install/rm_interfaces/share/rm_interfaces/environment/pythonpath.dsv\n'}
[0.228555] (rm_interfaces) StdoutLine: {'line': b'-- Up-to-date: /home/liker/Desktop/camera1/c_ws/src/install/rm_interfaces/local/lib/python3.10/dist-packages/rm_interfaces-0.0.0-py3.10.egg-info\n'}
[0.228809] (rm_interfaces) StdoutLine: {'line': b'-- Installing: /home/liker/Desktop/camera1/c_ws/src/install/rm_interfaces/local/lib/python3.10/dist-packages/rm_interfaces-0.0.0-py3.10.egg-info/PKG-INFO\n'}
[0.228887] (rm_interfaces) StdoutLine: {'line': b'-- Installing: /home/liker/Desktop/camera1/c_ws/src/install/rm_interfaces/local/lib/python3.10/dist-packages/rm_interfaces-0.0.0-py3.10.egg-info/SOURCES.txt\n'}
[0.228922] (rm_interfaces) StdoutLine: {'line': b'-- Installing: /home/liker/Desktop/camera1/c_ws/src/install/rm_interfaces/local/lib/python3.10/dist-packages/rm_interfaces-0.0.0-py3.10.egg-info/dependency_links.txt\n'}
[0.228980] (rm_interfaces) StdoutLine: {'line': b'-- Installing: /home/liker/Desktop/camera1/c_ws/src/install/rm_interfaces/local/lib/python3.10/dist-packages/rm_interfaces-0.0.0-py3.10.egg-info/top_level.txt\n'}
[0.229020] (rm_interfaces) StdoutLine: {'line': b'-- Up-to-date: /home/liker/Desktop/camera1/c_ws/src/install/rm_interfaces/local/lib/python3.10/dist-packages/rm_interfaces\n'}
[0.229051] (rm_interfaces) StdoutLine: {'line': b'-- Up-to-date: /home/liker/Desktop/camera1/c_ws/src/install/rm_interfaces/local/lib/python3.10/dist-packages/rm_interfaces/rm_interfaces_s__rosidl_typesupport_fastrtps_c.cpython-310-x86_64-linux-gnu.so\n'}
[0.229080] (rm_interfaces) StdoutLine: {'line': b'-- Up-to-date: /home/liker/Desktop/camera1/c_ws/src/install/rm_interfaces/local/lib/python3.10/dist-packages/rm_interfaces/rm_interfaces_s__rosidl_typesupport_introspection_c.cpython-310-x86_64-linux-gnu.so\n'}
[0.229112] (rm_interfaces) StdoutLine: {'line': b'-- Up-to-date: /home/liker/Desktop/camera1/c_ws/src/install/rm_interfaces/local/lib/python3.10/dist-packages/rm_interfaces/_rm_interfaces_s.ep.rosidl_typesupport_fastrtps_c.c\n'}
[0.229166] (rm_interfaces) StdoutLine: {'line': b'-- Up-to-date: /home/liker/Desktop/camera1/c_ws/src/install/rm_interfaces/local/lib/python3.10/dist-packages/rm_interfaces/rm_interfaces_s__rosidl_typesupport_c.cpython-310-x86_64-linux-gnu.so\n'}
[0.229248] (rm_interfaces) StdoutLine: {'line': b'-- Up-to-date: /home/liker/Desktop/camera1/c_ws/src/install/rm_interfaces/local/lib/python3.10/dist-packages/rm_interfaces/msg\n'}
[0.229286] (rm_interfaces) StdoutLine: {'line': b'-- Up-to-date: /home/liker/Desktop/camera1/c_ws/src/install/rm_interfaces/local/lib/python3.10/dist-packages/rm_interfaces/msg/_target_info.py\n'}
[0.229401] (rm_interfaces) StdoutLine: {'line': b'-- Up-to-date: /home/liker/Desktop/camera1/c_ws/src/install/rm_interfaces/local/lib/python3.10/dist-packages/rm_interfaces/msg/_target_info_s.c\n'}
[0.229448] (rm_interfaces) StdoutLine: {'line': b'-- Up-to-date: /home/liker/Desktop/camera1/c_ws/src/install/rm_interfaces/local/lib/python3.10/dist-packages/rm_interfaces/msg/__init__.py\n'}
[0.229485] (rm_interfaces) StdoutLine: {'line': b'-- Up-to-date: /home/liker/Desktop/camera1/c_ws/src/install/rm_interfaces/local/lib/python3.10/dist-packages/rm_interfaces/librm_interfaces__rosidl_generator_py.so\n'}
[0.229512] (rm_interfaces) StdoutLine: {'line': b'-- Up-to-date: /home/liker/Desktop/camera1/c_ws/src/install/rm_interfaces/local/lib/python3.10/dist-packages/rm_interfaces/__init__.py\n'}
[0.229538] (rm_interfaces) StdoutLine: {'line': b'-- Up-to-date: /home/liker/Desktop/camera1/c_ws/src/install/rm_interfaces/local/lib/python3.10/dist-packages/rm_interfaces/_rm_interfaces_s.ep.rosidl_typesupport_c.c\n'}
[0.229603] (rm_interfaces) StdoutLine: {'line': b'-- Up-to-date: /home/liker/Desktop/camera1/c_ws/src/install/rm_interfaces/local/lib/python3.10/dist-packages/rm_interfaces/_rm_interfaces_s.ep.rosidl_typesupport_introspection_c.c\n'}
[0.251982] (rm_interfaces) StdoutLine: {'line': b"Listing '/home/liker/Desktop/camera1/c_ws/src/install/rm_interfaces/local/lib/python3.10/dist-packages/rm_interfaces'...\n"}
[0.252206] (rm_interfaces) StdoutLine: {'line': b"Listing '/home/liker/Desktop/camera1/c_ws/src/install/rm_interfaces/local/lib/python3.10/dist-packages/rm_interfaces/msg'...\n"}
[0.255115] (rm_interfaces) StdoutLine: {'line': b'-- Up-to-date: /home/liker/Desktop/camera1/c_ws/src/install/rm_interfaces/local/lib/python3.10/dist-packages/rm_interfaces/rm_interfaces_s__rosidl_typesupport_fastrtps_c.cpython-310-x86_64-linux-gnu.so\n'}
[0.255528] (rm_interfaces) StdoutLine: {'line': b'-- Up-to-date: /home/liker/Desktop/camera1/c_ws/src/install/rm_interfaces/local/lib/python3.10/dist-packages/rm_interfaces/rm_interfaces_s__rosidl_typesupport_introspection_c.cpython-310-x86_64-linux-gnu.so\n'}
[0.255841] (rm_interfaces) StdoutLine: {'line': b'-- Up-to-date: /home/liker/Desktop/camera1/c_ws/src/install/rm_interfaces/local/lib/python3.10/dist-packages/rm_interfaces/rm_interfaces_s__rosidl_typesupport_c.cpython-310-x86_64-linux-gnu.so\n'}
[0.256221] (rm_interfaces) StdoutLine: {'line': b'-- Up-to-date: /home/liker/Desktop/camera1/c_ws/src/install/rm_interfaces/lib/librm_interfaces__rosidl_generator_py.so\n'}
[0.256655] (rm_interfaces) StdoutLine: {'line': b'-- Up-to-date: /home/liker/Desktop/camera1/c_ws/src/install/rm_interfaces/share/rm_interfaces/msg/TargetInfo.idl\n'}
[0.256965] (rm_interfaces) StdoutLine: {'line': b'-- Up-to-date: /home/liker/Desktop/camera1/c_ws/src/install/rm_interfaces/share/rm_interfaces/msg/TargetInfo.msg\n'}
[0.257017] (rm_interfaces) StdoutLine: {'line': b'-- Up-to-date: /home/liker/Desktop/camera1/c_ws/src/install/rm_interfaces/share/ament_index/resource_index/package_run_dependencies/rm_interfaces\n'}
[0.257049] (rm_interfaces) StdoutLine: {'line': b'-- Up-to-date: /home/liker/Desktop/camera1/c_ws/src/install/rm_interfaces/share/ament_index/resource_index/parent_prefix_path/rm_interfaces\n'}
[0.257110] (rm_interfaces) StdoutLine: {'line': b'-- Up-to-date: /home/liker/Desktop/camera1/c_ws/src/install/rm_interfaces/share/rm_interfaces/environment/ament_prefix_path.sh\n'}
[0.257152] (rm_interfaces) StdoutLine: {'line': b'-- Up-to-date: /home/liker/Desktop/camera1/c_ws/src/install/rm_interfaces/share/rm_interfaces/environment/ament_prefix_path.dsv\n'}
[0.257241] (rm_interfaces) StdoutLine: {'line': b'-- Up-to-date: /home/liker/Desktop/camera1/c_ws/src/install/rm_interfaces/share/rm_interfaces/environment/path.sh\n'}
[0.257452] (rm_interfaces) StdoutLine: {'line': b'-- Up-to-date: /home/liker/Desktop/camera1/c_ws/src/install/rm_interfaces/share/rm_interfaces/environment/path.dsv\n'}
[0.257504] (rm_interfaces) StdoutLine: {'line': b'-- Up-to-date: /home/liker/Desktop/camera1/c_ws/src/install/rm_interfaces/share/rm_interfaces/local_setup.bash\n'}
[0.257536] (rm_interfaces) StdoutLine: {'line': b'-- Up-to-date: /home/liker/Desktop/camera1/c_ws/src/install/rm_interfaces/share/rm_interfaces/local_setup.sh\n'}
[0.257670] (rm_interfaces) StdoutLine: {'line': b'-- Up-to-date: /home/liker/Desktop/camera1/c_ws/src/install/rm_interfaces/share/rm_interfaces/local_setup.zsh\n'}
[0.257857] (rm_interfaces) StdoutLine: {'line': b'-- Up-to-date: /home/liker/Desktop/camera1/c_ws/src/install/rm_interfaces/share/rm_interfaces/local_setup.dsv\n'}
[0.257956] (rm_interfaces) StdoutLine: {'line': b'-- Installing: /home/liker/Desktop/camera1/c_ws/src/install/rm_interfaces/share/rm_interfaces/package.dsv\n'}
[0.258100] (rm_interfaces) StdoutLine: {'line': b'-- Up-to-date: /home/liker/Desktop/camera1/c_ws/src/install/rm_interfaces/share/ament_index/resource_index/packages/rm_interfaces\n'}
[0.258175] (rm_interfaces) StdoutLine: {'line': b'-- Up-to-date: /home/liker/Desktop/camera1/c_ws/src/install/rm_interfaces/share/rm_interfaces/cmake/export_rm_interfaces__rosidl_generator_cExport.cmake\n'}
[0.258285] (rm_interfaces) StdoutLine: {'line': b'-- Up-to-date: /home/liker/Desktop/camera1/c_ws/src/install/rm_interfaces/share/rm_interfaces/cmake/export_rm_interfaces__rosidl_generator_cExport-noconfig.cmake\n'}
[0.258496] (rm_interfaces) StdoutLine: {'line': b'-- Up-to-date: /home/liker/Desktop/camera1/c_ws/src/install/rm_interfaces/share/rm_interfaces/cmake/export_rm_interfaces__rosidl_typesupport_fastrtps_cExport.cmake\n'}
[0.258566] (rm_interfaces) StdoutLine: {'line': b'-- Up-to-date: /home/liker/Desktop/camera1/c_ws/src/install/rm_interfaces/share/rm_interfaces/cmake/export_rm_interfaces__rosidl_typesupport_fastrtps_cExport-noconfig.cmake\n'}
[0.258601] (rm_interfaces) StdoutLine: {'line': b'-- Up-to-date: /home/liker/Desktop/camera1/c_ws/src/install/rm_interfaces/share/rm_interfaces/cmake/rm_interfaces__rosidl_typesupport_introspection_cExport.cmake\n'}
[0.258660] (rm_interfaces) StdoutLine: {'line': b'-- Up-to-date: /home/liker/Desktop/camera1/c_ws/src/install/rm_interfaces/share/rm_interfaces/cmake/rm_interfaces__rosidl_typesupport_introspection_cExport-noconfig.cmake\n'}
[0.258735] (rm_interfaces) StdoutLine: {'line': b'-- Up-to-date: /home/liker/Desktop/camera1/c_ws/src/install/rm_interfaces/share/rm_interfaces/cmake/rm_interfaces__rosidl_typesupport_cExport.cmake\n'}
[0.258769] (rm_interfaces) StdoutLine: {'line': b'-- Up-to-date: /home/liker/Desktop/camera1/c_ws/src/install/rm_interfaces/share/rm_interfaces/cmake/rm_interfaces__rosidl_typesupport_cExport-noconfig.cmake\n'}
[0.258799] (rm_interfaces) StdoutLine: {'line': b'-- Up-to-date: /home/liker/Desktop/camera1/c_ws/src/install/rm_interfaces/share/rm_interfaces/cmake/export_rm_interfaces__rosidl_generator_cppExport.cmake\n'}
[0.258830] (rm_interfaces) StdoutLine: {'line': b'-- Up-to-date: /home/liker/Desktop/camera1/c_ws/src/install/rm_interfaces/share/rm_interfaces/cmake/export_rm_interfaces__rosidl_typesupport_fastrtps_cppExport.cmake\n'}
[0.258872] (rm_interfaces) StdoutLine: {'line': b'-- Up-to-date: /home/liker/Desktop/camera1/c_ws/src/install/rm_interfaces/share/rm_interfaces/cmake/export_rm_interfaces__rosidl_typesupport_fastrtps_cppExport-noconfig.cmake\n'}
[0.258899] (rm_interfaces) StdoutLine: {'line': b'-- Up-to-date: /home/liker/Desktop/camera1/c_ws/src/install/rm_interfaces/share/rm_interfaces/cmake/rm_interfaces__rosidl_typesupport_introspection_cppExport.cmake\n'}
[0.258925] (rm_interfaces) StdoutLine: {'line': b'-- Up-to-date: /home/liker/Desktop/camera1/c_ws/src/install/rm_interfaces/share/rm_interfaces/cmake/rm_interfaces__rosidl_typesupport_introspection_cppExport-noconfig.cmake\n'}
[0.258950] (rm_interfaces) StdoutLine: {'line': b'-- Up-to-date: /home/liker/Desktop/camera1/c_ws/src/install/rm_interfaces/share/rm_interfaces/cmake/rm_interfaces__rosidl_typesupport_cppExport.cmake\n'}
[0.258977] (rm_interfaces) StdoutLine: {'line': b'-- Up-to-date: /home/liker/Desktop/camera1/c_ws/src/install/rm_interfaces/share/rm_interfaces/cmake/rm_interfaces__rosidl_typesupport_cppExport-noconfig.cmake\n'}
[0.259039] (rm_interfaces) StdoutLine: {'line': b'-- Up-to-date: /home/liker/Desktop/camera1/c_ws/src/install/rm_interfaces/share/rm_interfaces/cmake/export_rm_interfaces__rosidl_generator_pyExport.cmake\n'}
[0.259094] (rm_interfaces) StdoutLine: {'line': b'-- Up-to-date: /home/liker/Desktop/camera1/c_ws/src/install/rm_interfaces/share/rm_interfaces/cmake/export_rm_interfaces__rosidl_generator_pyExport-noconfig.cmake\n'}
[0.259201] (rm_interfaces) StdoutLine: {'line': b'-- Up-to-date: /home/liker/Desktop/camera1/c_ws/src/install/rm_interfaces/share/rm_interfaces/cmake/rosidl_cmake-extras.cmake\n'}
[0.259297] (rm_interfaces) StdoutLine: {'line': b'-- Up-to-date: /home/liker/Desktop/camera1/c_ws/src/install/rm_interfaces/share/rm_interfaces/cmake/ament_cmake_export_include_directories-extras.cmake\n'}
[0.259482] (rm_interfaces) StdoutLine: {'line': b'-- Up-to-date: /home/liker/Desktop/camera1/c_ws/src/install/rm_interfaces/share/rm_interfaces/cmake/ament_cmake_export_libraries-extras.cmake\n'}
[0.259520] (rm_interfaces) StdoutLine: {'line': b'-- Up-to-date: /home/liker/Desktop/camera1/c_ws/src/install/rm_interfaces/share/rm_interfaces/cmake/ament_cmake_export_targets-extras.cmake\n'}
[0.259576] (rm_interfaces) StdoutLine: {'line': b'-- Up-to-date: /home/liker/Desktop/camera1/c_ws/src/install/rm_interfaces/share/rm_interfaces/cmake/rosidl_cmake_export_typesupport_targets-extras.cmake\n'}
[0.259640] (rm_interfaces) StdoutLine: {'line': b'-- Up-to-date: /home/liker/Desktop/camera1/c_ws/src/install/rm_interfaces/share/rm_interfaces/cmake/ament_cmake_export_dependencies-extras.cmake\n'}
[0.259677] (rm_interfaces) StdoutLine: {'line': b'-- Up-to-date: /home/liker/Desktop/camera1/c_ws/src/install/rm_interfaces/share/rm_interfaces/cmake/rosidl_cmake_export_typesupport_libraries-extras.cmake\n'}
[0.259706] (rm_interfaces) StdoutLine: {'line': b'-- Up-to-date: /home/liker/Desktop/camera1/c_ws/src/install/rm_interfaces/share/rm_interfaces/cmake/rm_interfacesConfig.cmake\n'}
[0.259734] (rm_interfaces) StdoutLine: {'line': b'-- Up-to-date: /home/liker/Desktop/camera1/c_ws/src/install/rm_interfaces/share/rm_interfaces/cmake/rm_interfacesConfig-version.cmake\n'}
[0.259760] (rm_interfaces) StdoutLine: {'line': b'-- Up-to-date: /home/liker/Desktop/camera1/c_ws/src/install/rm_interfaces/share/rm_interfaces/package.xml\n'}
[0.260964] (rm_interfaces) CommandEnded: {'returncode': 0}
[0.276551] (rm_interfaces) JobEnded: {'identifier': 'rm_interfaces', 'rc': 0}
[0.277880] (tf2_node) JobStarted: {'identifier': 'tf2_node'}
[0.280117] (vision_detector) JobStarted: {'identifier': 'vision_detector'}
[0.286096] (tf2_node) JobProgress: {'identifier': 'tf2_node', 'progress': 'cmake'}
[0.286867] (tf2_node) JobProgress: {'identifier': 'tf2_node', 'progress': 'build'}
[0.286930] (tf2_node) Command: {'cmd': ['/usr/local/bin/cmake', '--build', '/home/liker/Desktop/camera1/c_ws/src/build/tf2_node', '--', '-j32', '-l32'], 'cwd': '/home/liker/Desktop/camera1/c_ws/src/build/tf2_node', 'env': OrderedDict([('LANGUAGE', 'en_US:'), ('USER', 'liker'), ('LC_TIME', 'zh_CN.UTF-8'), ('SHLVL', '1'), ('LD_LIBRARY_PATH', '/home/liker/Desktop/camera1/c_ws/src/install/rm_interfaces/lib:/opt/ros/humble/opt/rviz_ogre_vendor/lib:/opt/ros/humble/lib/x86_64-linux-gnu:/opt/ros/humble/lib'), ('HOME', '/home/liker'), ('OLDPWD', '/home/liker/Desktop/camera1/c_ws'), ('ROS_PYTHON_VERSION', '3'), ('LC_MONETARY', 'zh_CN.UTF-8'), ('SYSTEMD_EXEC_PID', '24324'), ('COLCON_PREFIX_PATH', '/home/liker/Desktop/camera1/c_ws/install'), ('ROS_DISTRO', 'humble'), ('LOGNAME', 'liker'), ('_', '/usr/bin/colcon'), ('ROS_VERSION', '2'), ('ROS_LOCALHOST_ONLY', '0'), ('PATH', '/opt/ros/humble/bin:/usr/local/sbin:/usr/local/bin:/usr/sbin:/usr/bin:/sbin:/bin:/snap/bin'), ('INVOCATION_ID', '114534ee1a1742d9a752f5ddbea2fd67'), ('LC_ADDRESS', 'zh_CN.UTF-8'), ('LANG', 'en_US.UTF-8'), ('LC_TELEPHONE', 'zh_CN.UTF-8'), ('AMENT_PREFIX_PATH', '/home/liker/Desktop/camera1/c_ws/src/install/rm_interfaces:/opt/ros/humble'), ('SHELL', '/bin/bash'), ('LC_NAME', 'zh_CN.UTF-8'), ('LC_MEASUREMENT', 'zh_CN.UTF-8'), ('LC_IDENTIFICATION', 'zh_CN.UTF-8'), ('PWD', '/home/liker/Desktop/camera1/c_ws/src/build/tf2_node'), ('PYTHONPATH', '/home/liker/Desktop/camera1/c_ws/src/install/rm_interfaces/local/lib/python3.10/dist-packages:/opt/ros/humble/local/lib/python3.10/dist-packages:/opt/ros/humble/lib/python3.10/site-packages'), ('LC_NUMERIC', 'zh_CN.UTF-8'), ('LC_PAPER', 'zh_CN.UTF-8'), ('COLCON', '1'), ('CMAKE_PREFIX_PATH', '/home/liker/Desktop/camera1/c_ws/src/install/rm_interfaces:/opt/ros/humble')]), 'shell': False}
[0.290007] (vision_detector) JobProgress: {'identifier': 'vision_detector', 'progress': 'cmake'}
[0.290922] (vision_detector) JobProgress: {'identifier': 'vision_detector', 'progress': 'build'}
[0.290997] (vision_detector) Command: {'cmd': ['/usr/local/bin/cmake', '--build', '/home/liker/Desktop/camera1/c_ws/src/build/vision_detector', '--', '-j32', '-l32'], 'cwd': '/home/liker/Desktop/camera1/c_ws/src/build/vision_detector', 'env': OrderedDict([('LANGUAGE', 'en_US:'), ('USER', 'liker'), ('LC_TIME', 'zh_CN.UTF-8'), ('SHLVL', '1'), ('LD_LIBRARY_PATH', '/home/liker/Desktop/camera1/c_ws/src/install/rm_interfaces/lib:/opt/ros/humble/opt/rviz_ogre_vendor/lib:/opt/ros/humble/lib/x86_64-linux-gnu:/opt/ros/humble/lib'), ('HOME', '/home/liker'), ('OLDPWD', '/home/liker/Desktop/camera1/c_ws'), ('ROS_PYTHON_VERSION', '3'), ('LC_MONETARY', 'zh_CN.UTF-8'), ('SYSTEMD_EXEC_PID', '24324'), ('COLCON_PREFIX_PATH', '/home/liker/Desktop/camera1/c_ws/install'), ('ROS_DISTRO', 'humble'), ('LOGNAME', 'liker'), ('_', '/usr/bin/colcon'), ('ROS_VERSION', '2'), ('ROS_LOCALHOST_ONLY', '0'), ('PATH', '/opt/ros/humble/bin:/usr/local/sbin:/usr/local/bin:/usr/sbin:/usr/bin:/sbin:/bin:/snap/bin'), ('INVOCATION_ID', '114534ee1a1742d9a752f5ddbea2fd67'), ('LC_ADDRESS', 'zh_CN.UTF-8'), ('LANG', 'en_US.UTF-8'), ('LC_TELEPHONE', 'zh_CN.UTF-8'), ('AMENT_PREFIX_PATH', '/home/liker/Desktop/camera1/c_ws/src/install/rm_interfaces:/opt/ros/humble'), ('SHELL', '/bin/bash'), ('LC_NAME', 'zh_CN.UTF-8'), ('LC_MEASUREMENT', 'zh_CN.UTF-8'), ('LC_IDENTIFICATION', 'zh_CN.UTF-8'), ('PWD', '/home/liker/Desktop/camera1/c_ws/src/build/vision_detector'), ('PYTHONPATH', '/home/liker/Desktop/camera1/c_ws/src/install/rm_interfaces/local/lib/python3.10/dist-packages:/opt/ros/humble/local/lib/python3.10/dist-packages:/opt/ros/humble/lib/python3.10/site-packages'), ('LC_NUMERIC', 'zh_CN.UTF-8'), ('LC_PAPER', 'zh_CN.UTF-8'), ('COLCON', '1'), ('CMAKE_PREFIX_PATH', '/home/liker/Desktop/camera1/c_ws/src/install/rm_interfaces:/opt/ros/humble')]), 'shell': False}
[0.300903] (-) TimerEvent: {}
[0.323315] (tf2_node) StdoutLine: {'line': b'[ 33%] Built target static_tf_publish\n'}
[0.323545] (tf2_node) StdoutLine: {'line': b'[ 66%] Built target qtdispaly\n'}
[0.323696] (tf2_node) StdoutLine: {'line': b'[100%] Built target TFListener\n'}
[0.326040] (vision_detector) StdoutLine: {'line': b'[100%] Built target vision_detector\n'}
[0.329353] (tf2_node) CommandEnded: {'returncode': 0}
[0.330044] (tf2_node) JobProgress: {'identifier': 'tf2_node', 'progress': 'install'}
[0.330957] (tf2_node) Command: {'cmd': ['/usr/local/bin/cmake', '--install', '/home/liker/Desktop/camera1/c_ws/src/build/tf2_node'], 'cwd': '/home/liker/Desktop/camera1/c_ws/src/build/tf2_node', 'env': OrderedDict([('LANGUAGE', 'en_US:'), ('USER', 'liker'), ('LC_TIME', 'zh_CN.UTF-8'), ('SHLVL', '1'), ('LD_LIBRARY_PATH', '/home/liker/Desktop/camera1/c_ws/src/install/rm_interfaces/lib:/opt/ros/humble/opt/rviz_ogre_vendor/lib:/opt/ros/humble/lib/x86_64-linux-gnu:/opt/ros/humble/lib'), ('HOME', '/home/liker'), ('OLDPWD', '/home/liker/Desktop/camera1/c_ws'), ('ROS_PYTHON_VERSION', '3'), ('LC_MONETARY', 'zh_CN.UTF-8'), ('SYSTEMD_EXEC_PID', '24324'), ('COLCON_PREFIX_PATH', '/home/liker/Desktop/camera1/c_ws/install'), ('ROS_DISTRO', 'humble'), ('LOGNAME', 'liker'), ('_', '/usr/bin/colcon'), ('ROS_VERSION', '2'), ('ROS_LOCALHOST_ONLY', '0'), ('PATH', '/opt/ros/humble/bin:/usr/local/sbin:/usr/local/bin:/usr/sbin:/usr/bin:/sbin:/bin:/snap/bin'), ('INVOCATION_ID', '114534ee1a1742d9a752f5ddbea2fd67'), ('LC_ADDRESS', 'zh_CN.UTF-8'), ('LANG', 'en_US.UTF-8'), ('LC_TELEPHONE', 'zh_CN.UTF-8'), ('AMENT_PREFIX_PATH', '/home/liker/Desktop/camera1/c_ws/src/install/rm_interfaces:/opt/ros/humble'), ('SHELL', '/bin/bash'), ('LC_NAME', 'zh_CN.UTF-8'), ('LC_MEASUREMENT', 'zh_CN.UTF-8'), ('LC_IDENTIFICATION', 'zh_CN.UTF-8'), ('PWD', '/home/liker/Desktop/camera1/c_ws/src/build/tf2_node'), ('PYTHONPATH', '/home/liker/Desktop/camera1/c_ws/src/install/rm_interfaces/local/lib/python3.10/dist-packages:/opt/ros/humble/local/lib/python3.10/dist-packages:/opt/ros/humble/lib/python3.10/site-packages'), ('LC_NUMERIC', 'zh_CN.UTF-8'), ('LC_PAPER', 'zh_CN.UTF-8'), ('COLCON', '1'), ('CMAKE_PREFIX_PATH', '/home/liker/Desktop/camera1/c_ws/src/install/rm_interfaces:/opt/ros/humble')]), 'shell': False}
[0.332174] (vision_detector) CommandEnded: {'returncode': 0}
[0.332765] (vision_detector) JobProgress: {'identifier': 'vision_detector', 'progress': 'install'}
[0.333008] (vision_detector) Command: {'cmd': ['/usr/local/bin/cmake', '--install', '/home/liker/Desktop/camera1/c_ws/src/build/vision_detector'], 'cwd': '/home/liker/Desktop/camera1/c_ws/src/build/vision_detector', 'env': OrderedDict([('LANGUAGE', 'en_US:'), ('USER', 'liker'), ('LC_TIME', 'zh_CN.UTF-8'), ('SHLVL', '1'), ('LD_LIBRARY_PATH', '/home/liker/Desktop/camera1/c_ws/src/install/rm_interfaces/lib:/opt/ros/humble/opt/rviz_ogre_vendor/lib:/opt/ros/humble/lib/x86_64-linux-gnu:/opt/ros/humble/lib'), ('HOME', '/home/liker'), ('OLDPWD', '/home/liker/Desktop/camera1/c_ws'), ('ROS_PYTHON_VERSION', '3'), ('LC_MONETARY', 'zh_CN.UTF-8'), ('SYSTEMD_EXEC_PID', '24324'), ('COLCON_PREFIX_PATH', '/home/liker/Desktop/camera1/c_ws/install'), ('ROS_DISTRO', 'humble'), ('LOGNAME', 'liker'), ('_', '/usr/bin/colcon'), ('ROS_VERSION', '2'), ('ROS_LOCALHOST_ONLY', '0'), ('PATH', '/opt/ros/humble/bin:/usr/local/sbin:/usr/local/bin:/usr/sbin:/usr/bin:/sbin:/bin:/snap/bin'), ('INVOCATION_ID', '114534ee1a1742d9a752f5ddbea2fd67'), ('LC_ADDRESS', 'zh_CN.UTF-8'), ('LANG', 'en_US.UTF-8'), ('LC_TELEPHONE', 'zh_CN.UTF-8'), ('AMENT_PREFIX_PATH', '/home/liker/Desktop/camera1/c_ws/src/install/rm_interfaces:/opt/ros/humble'), ('SHELL', '/bin/bash'), ('LC_NAME', 'zh_CN.UTF-8'), ('LC_MEASUREMENT', 'zh_CN.UTF-8'), ('LC_IDENTIFICATION', 'zh_CN.UTF-8'), ('PWD', '/home/liker/Desktop/camera1/c_ws/src/build/vision_detector'), ('PYTHONPATH', '/home/liker/Desktop/camera1/c_ws/src/install/rm_interfaces/local/lib/python3.10/dist-packages:/opt/ros/humble/local/lib/python3.10/dist-packages:/opt/ros/humble/lib/python3.10/site-packages'), ('LC_NUMERIC', 'zh_CN.UTF-8'), ('LC_PAPER', 'zh_CN.UTF-8'), ('COLCON', '1'), ('CMAKE_PREFIX_PATH', '/home/liker/Desktop/camera1/c_ws/src/install/rm_interfaces:/opt/ros/humble')]), 'shell': False}
[0.334220] (tf2_node) StdoutLine: {'line': b'-- Install configuration: ""\n'}
[0.334333] (tf2_node) StdoutLine: {'line': b'-- Up-to-date: /home/liker/Desktop/camera1/c_ws/src/install/tf2_node/lib/tf2_node/static_tf_publish\n'}
[0.334414] (tf2_node) StdoutLine: {'line': b'-- Up-to-date: /home/liker/Desktop/camera1/c_ws/src/install/tf2_node/lib/tf2_node/TFListener\n'}
[0.334795] (tf2_node) StdoutLine: {'line': b'-- Up-to-date: /home/liker/Desktop/camera1/c_ws/src/install/tf2_node/lib/tf2_node/qtdispaly\n'}
[0.335069] (tf2_node) StdoutLine: {'line': b'-- Up-to-date: /home/liker/Desktop/camera1/c_ws/src/install/tf2_node/share/ament_index/resource_index/package_run_dependencies/tf2_node\n'}
[0.335336] (tf2_node) StdoutLine: {'line': b'-- Up-to-date: /home/liker/Desktop/camera1/c_ws/src/install/tf2_node/share/ament_index/resource_index/parent_prefix_path/tf2_node\n'}
[0.335391] (tf2_node) StdoutLine: {'line': b'-- Up-to-date: /home/liker/Desktop/camera1/c_ws/src/install/tf2_node/share/tf2_node/environment/ament_prefix_path.sh\n'}
[0.335425] (tf2_node) StdoutLine: {'line': b'-- Up-to-date: /home/liker/Desktop/camera1/c_ws/src/install/tf2_node/share/tf2_node/environment/ament_prefix_path.dsv\n'}
[0.335455] (tf2_node) StdoutLine: {'line': b'-- Up-to-date: /home/liker/Desktop/camera1/c_ws/src/install/tf2_node/share/tf2_node/environment/path.sh\n'}
[0.335487] (tf2_node) StdoutLine: {'line': b'-- Up-to-date: /home/liker/Desktop/camera1/c_ws/src/install/tf2_node/share/tf2_node/environment/path.dsv\n'}
[0.335529] (tf2_node) StdoutLine: {'line': b'-- Up-to-date: /home/liker/Desktop/camera1/c_ws/src/install/tf2_node/share/tf2_node/local_setup.bash\n'}
[0.335727] (tf2_node) StdoutLine: {'line': b'-- Up-to-date: /home/liker/Desktop/camera1/c_ws/src/install/tf2_node/share/tf2_node/local_setup.sh\n'}
[0.335842] (tf2_node) StdoutLine: {'line': b'-- Up-to-date: /home/liker/Desktop/camera1/c_ws/src/install/tf2_node/share/tf2_node/local_setup.zsh\n'}
[0.335938] (tf2_node) StdoutLine: {'line': b'-- Up-to-date: /home/liker/Desktop/camera1/c_ws/src/install/tf2_node/share/tf2_node/local_setup.dsv\n'}
[0.336023] (tf2_node) StdoutLine: {'line': b'-- Installing: /home/liker/Desktop/camera1/c_ws/src/install/tf2_node/share/tf2_node/package.dsv\n'}
[0.336561] (tf2_node) StdoutLine: {'line': b'-- Up-to-date: /home/liker/Desktop/camera1/c_ws/src/install/tf2_node/share/ament_index/resource_index/packages/tf2_node\n'}
[0.336651] (tf2_node) StdoutLine: {'line': b'-- Up-to-date: /home/liker/Desktop/camera1/c_ws/src/install/tf2_node/share/tf2_node/cmake/tf2_nodeConfig.cmake\n'}
[0.336727] (tf2_node) StdoutLine: {'line': b'-- Up-to-date: /home/liker/Desktop/camera1/c_ws/src/install/tf2_node/share/tf2_node/cmake/tf2_nodeConfig-version.cmake\n'}
[0.336876] (tf2_node) StdoutLine: {'line': b'-- Up-to-date: /home/liker/Desktop/camera1/c_ws/src/install/tf2_node/share/tf2_node/package.xml\n'}
[0.337032] (vision_detector) StdoutLine: {'line': b'-- Install configuration: ""\n'}
[0.337398] (vision_detector) StdoutLine: {'line': b'-- Up-to-date: /home/liker/Desktop/camera1/c_ws/src/install/vision_detector/lib/vision_detector/vision_detector\n'}
[0.338947] (vision_detector) StdoutLine: {'line': b'-- Up-to-date: /home/liker/Desktop/camera1/c_ws/src/install/vision_detector/share/ament_index/resource_index/package_run_dependencies/vision_detector\n'}
[0.340296] (vision_detector) StdoutLine: {'line': b'-- Up-to-date: /home/liker/Desktop/camera1/c_ws/src/install/vision_detector/share/ament_index/resource_index/parent_prefix_path/vision_detector\n'}
[0.340359] (vision_detector) StdoutLine: {'line': b'-- Up-to-date: /home/liker/Desktop/camera1/c_ws/src/install/vision_detector/share/vision_detector/environment/ament_prefix_path.sh\n'}
[0.340447] (vision_detector) StdoutLine: {'line': b'-- Up-to-date: /home/liker/Desktop/camera1/c_ws/src/install/vision_detector/share/vision_detector/environment/ament_prefix_path.dsv\n'}
[0.340528] (vision_detector) StdoutLine: {'line': b'-- Up-to-date: /home/liker/Desktop/camera1/c_ws/src/install/vision_detector/share/vision_detector/environment/path.sh\n'}
[0.340564] (vision_detector) StdoutLine: {'line': b'-- Up-to-date: /home/liker/Desktop/camera1/c_ws/src/install/vision_detector/share/vision_detector/environment/path.dsv\n'}
[0.340594] (vision_detector) StdoutLine: {'line': b'-- Up-to-date: /home/liker/Desktop/camera1/c_ws/src/install/vision_detector/share/vision_detector/local_setup.bash\n'}
[0.340620] (vision_detector) StdoutLine: {'line': b'-- Up-to-date: /home/liker/Desktop/camera1/c_ws/src/install/vision_detector/share/vision_detector/local_setup.sh\n'}
[0.341062] (vision_detector) StdoutLine: {'line': b'-- Up-to-date: /home/liker/Desktop/camera1/c_ws/src/install/vision_detector/share/vision_detector/local_setup.zsh\n'}
[0.341353] (vision_detector) StdoutLine: {'line': b'-- Up-to-date: /home/liker/Desktop/camera1/c_ws/src/install/vision_detector/share/vision_detector/local_setup.dsv\n'}
[0.341539] (vision_detector) StdoutLine: {'line': b'-- Installing: /home/liker/Desktop/camera1/c_ws/src/install/vision_detector/share/vision_detector/package.dsv\n'}
[0.341594] (vision_detector) StdoutLine: {'line': b'-- Up-to-date: /home/liker/Desktop/camera1/c_ws/src/install/vision_detector/share/ament_index/resource_index/packages/vision_detector\n'}
[0.341630] (vision_detector) StdoutLine: {'line': b'-- Up-to-date: /home/liker/Desktop/camera1/c_ws/src/install/vision_detector/share/vision_detector/cmake/vision_detectorConfig.cmake\n'}
[0.341658] (vision_detector) StdoutLine: {'line': b'-- Up-to-date: /home/liker/Desktop/camera1/c_ws/src/install/vision_detector/share/vision_detector/cmake/vision_detectorConfig-version.cmake\n'}
[0.341684] (vision_detector) StdoutLine: {'line': b'-- Up-to-date: /home/liker/Desktop/camera1/c_ws/src/install/vision_detector/share/vision_detector/package.xml\n'}
[0.341717] (tf2_node) CommandEnded: {'returncode': 0}
[0.352989] (tf2_node) JobEnded: {'identifier': 'tf2_node', 'rc': 0}
[0.353666] (vision_detector) CommandEnded: {'returncode': 0}
[0.365136] (vision_detector) JobEnded: {'identifier': 'vision_detector', 'rc': 0}
[0.365688] (-) EventReactorShutdown: {}
