[0.047s] Invoking command in '/home/liker/Desktop/camera1/c_ws/src/build/tf2_node': AMENT_PREFIX_PATH=/home/liker/Desktop/camera1/c_ws/src/install/rm_interfaces:${AMENT_PREFIX_PATH} CMAKE_PREFIX_PATH=/home/liker/Desktop/camera1/c_ws/src/install/rm_interfaces:/opt/ros/humble LD_LIBRARY_PATH=/home/liker/Desktop/camera1/c_ws/src/install/rm_interfaces/lib:${LD_LIBRARY_PATH} PYTHONPATH=/home/liker/Desktop/camera1/c_ws/src/install/rm_interfaces/local/lib/python3.10/dist-packages:${PYTHONPATH} /usr/local/bin/cmake --build /home/liker/Desktop/camera1/c_ws/src/build/tf2_node -- -j32 -l32
[0.085s] [0mCMake Deprecation Warning at CMakeLists.txt:1 (cmake_minimum_required):
[0.085s]   Compatibility with CMake < 3.10 will be removed from a future version of
[0.085s]   CMake.
[0.085s] 
[0.085s]   Update the VERSION argument <min> value.  Or, use the <min>...<max> syntax
[0.086s]   to tell CMake that the project requires at least <min> but has been updated
[0.086s]   to work with policies introduced by <max> or earlier.
[0.086s] 
[0.086s] [0m
[0.109s] -- Found ament_cmake: 1.3.12 (/opt/ros/humble/share/ament_cmake/cmake)
[0.888s] -- Found rclcpp: 16.0.16 (/opt/ros/humble/share/rclcpp/cmake)
[0.975s] -- Found rosidl_generator_c: 3.1.7 (/opt/ros/humble/share/rosidl_generator_c/cmake)
[0.981s] -- Found rosidl_adapter: 3.1.7 (/opt/ros/humble/share/rosidl_adapter/cmake)
[0.996s] -- Found rosidl_generator_cpp: 3.1.7 (/opt/ros/humble/share/rosidl_generator_cpp/cmake)
[1.018s] -- Using all available rosidl_typesupport_c: rosidl_typesupport_fastrtps_c;rosidl_typesupport_introspection_c
[1.054s] -- Using all available rosidl_typesupport_cpp: rosidl_typesupport_fastrtps_cpp;rosidl_typesupport_introspection_cpp
[1.137s] -- Found rmw_implementation_cmake: 6.1.2 (/opt/ros/humble/share/rmw_implementation_cmake/cmake)
[1.142s] -- Found rmw_fastrtps_cpp: 6.2.9 (/opt/ros/humble/share/rmw_fastrtps_cpp/cmake)
[1.355s] -- Using RMW implementation 'rmw_fastrtps_cpp' as default
[1.470s] -- Found tf2_ros: 0.25.17 (/opt/ros/humble/share/tf2_ros/cmake)
[1.708s] -- Found tf2_geometry_msgs: 0.25.17 (/opt/ros/humble/share/tf2_geometry_msgs/cmake)
[1.716s] -- Found eigen3_cmake_module: 0.1.1 (/opt/ros/humble/share/eigen3_cmake_module/cmake)
[1.719s] -- Ensuring Eigen3 include directory is part of orocos-kdl CMake target
[1.723s] -- Found rm_interfaces: 0.0.0 (/home/liker/Desktop/camera1/c_ws/src/install/rm_interfaces/share/rm_interfaces/cmake)
[1.768s] [33mCMake Warning at CMakeLists.txt:15 (find_package):
[1.769s]   By not providing "FindQt5::Widgets.cmake" in CMAKE_MODULE_PATH this project
[1.769s]   has asked CMake to find a package configuration file provided by
[1.769s]   "Qt5::Widgets", but CMake did not find one.
[1.769s] 
[1.769s]   Could not find a package configuration file provided by "Qt5::Widgets" with
[1.769s]   any of the following names:
[1.769s] 
[1.770s]     Qt5::WidgetsConfig.cmake
[1.770s]     qt5::widgets-config.cmake
[1.770s] 
[1.770s]   Add the installation prefix of "Qt5::Widgets" to CMAKE_PREFIX_PATH or set
[1.770s]   "Qt5::Widgets_DIR" to a directory containing one of the above files.  If
[1.770s]   "Qt5::Widgets" provides a separate development package or SDK, be sure it
[1.770s]   has been installed.
[1.771s] 
[1.771s] [0m
[1.771s] -- Found ament_lint_auto: 0.12.14 (/opt/ros/humble/share/ament_lint_auto/cmake)
[1.976s] -- Added test 'cppcheck' to perform static code analysis on C / C++ code
[1.977s] -- Configured cppcheck include dirs: 
[1.977s] -- Configured cppcheck exclude dirs and/or files: 
[1.978s] -- Added test 'lint_cmake' to check CMake code style
[1.982s] -- Added test 'uncrustify' to check C / C++ code style
[1.982s] -- Configured uncrustify additional arguments: 
[1.982s] -- Added test 'xmllint' to check XML markup files
[1.984s] -- Configuring done (1.9s)
[2.056s] [31mCMake Error at CMakeLists.txt:43 (target_link_libraries):
[2.057s]   Target "qtdispaly" links to:
[2.057s] 
[2.057s]     Qt5::Widgets
[2.057s] 
[2.057s]   but the target was not found.  Possible reasons include:
[2.058s] 
[2.058s]     * There is a typo in the target name.
[2.058s]     * A find_package call is missing for an IMPORTED target.
[2.058s]     * An ALIAS target is missing.
[2.058s] 
[2.059s] 
[2.059s] [0m
[2.066s] -- Generating done (0.1s)
[2.066s] [0mCMake Generate step failed.  Build files cannot be regenerated correctly.[0m
[2.080s] gmake: *** [Makefile:308: cmake_check_build_system] Error 1
[2.083s] Invoked command in '/home/liker/Desktop/camera1/c_ws/src/build/tf2_node' returned '2': AMENT_PREFIX_PATH=/home/liker/Desktop/camera1/c_ws/src/install/rm_interfaces:${AMENT_PREFIX_PATH} CMAKE_PREFIX_PATH=/home/liker/Desktop/camera1/c_ws/src/install/rm_interfaces:/opt/ros/humble LD_LIBRARY_PATH=/home/liker/Desktop/camera1/c_ws/src/install/rm_interfaces/lib:${LD_LIBRARY_PATH} PYTHONPATH=/home/liker/Desktop/camera1/c_ws/src/install/rm_interfaces/local/lib/python3.10/dist-packages:${PYTHONPATH} /usr/local/bin/cmake --build /home/liker/Desktop/camera1/c_ws/src/build/tf2_node -- -j32 -l32
