[0.016s] Invoking command in '/home/liker/Desktop/camera1/c_ws/src/build/vision_detector': CMAKE_PREFIX_PATH=/home/liker/Desktop/camera1/c_ws/src/install/rm_interfaces:/home/liker/Desktop/camera1/c_ws/src/install/vision_detector:/home/liker/Desktop/camera1/c_ws/src/install/tf2_node:/home/liker/Desktop/camera1/c_ws/src/install/my_launch:/home/liker/Desktop/camera1/c_ws/src/install/camera_publish:/opt/ros/humble /usr/local/bin/cmake --build /home/liker/Desktop/camera1/c_ws/src/build/vision_detector -- -j32 -l32
[0.057s] [ 25%] [32mBuilding CXX object CMakeFiles/vision_detector.dir/src/vision_detector.cpp.o[0m
[2.402s] In file included from [01m[K/opt/ros/humble/include/rclcpp/rclcpp/logging.hpp:24[m[K,
[2.403s]                  from [01m[K/opt/ros/humble/include/rclcpp/rclcpp/client.hpp:40[m[K,
[2.403s]                  from [01m[K/opt/ros/humble/include/rclcpp/rclcpp/callback_group.hpp:24[m[K,
[2.403s]                  from [01m[K/opt/ros/humble/include/rclcpp/rclcpp/any_executable.hpp:20[m[K,
[2.403s]                  from [01m[K/opt/ros/humble/include/rclcpp/rclcpp/memory_strategy.hpp:25[m[K,
[2.403s]                  from [01m[K/opt/ros/humble/include/rclcpp/rclcpp/memory_strategies.hpp:18[m[K,
[2.403s]                  from [01m[K/opt/ros/humble/include/rclcpp/rclcpp/executor_options.hpp:20[m[K,
[2.403s]                  from [01m[K/opt/ros/humble/include/rclcpp/rclcpp/executor.hpp:37[m[K,
[2.403s]                  from [01m[K/opt/ros/humble/include/rclcpp/rclcpp/executors/multi_threaded_executor.hpp:25[m[K,
[2.403s]                  from [01m[K/opt/ros/humble/include/rclcpp/rclcpp/executors.hpp:21[m[K,
[2.403s]                  from [01m[K/opt/ros/humble/include/rclcpp/rclcpp/rclcpp.hpp:155[m[K,
[2.403s]                  from [01m[K/home/liker/Desktop/camera1/c_ws/src/vision_detector/src/vision_detector.cpp:1[m[K:
[2.403s] [01m[K/home/liker/Desktop/camera1/c_ws/src/vision_detector/src/vision_detector.cpp:[m[K In member function ‘[01m[Kvoid VisionDetectorNode::img_callback(sensor_msgs::msg::Image_<std::allocator<void> >::ConstSharedPtr)[m[K’:
[2.403s] [01m[K/home/liker/Desktop/camera1/c_ws/src/vision_detector/src/vision_detector.cpp:95:36:[m[K [01;35m[Kwarning: [m[Kformat ‘[01m[K%lld[m[K’ expects argument of type ‘[01m[Klong long int[m[K’, but argument 5 has type ‘[01m[Kbuiltin_interfaces::msg::Time_<std::allocator<void> >::_sec_type[m[K’ {aka ‘[01m[Kint[m[K’} [[01;35m[K]8;;https://gcc.gnu.org/onlinedocs/gcc/Warning-Options.html#index-Wformat=-Wformat=]8;;[m[K]
[2.403s]    95 |     RCLCPP_INFO(this->get_logger(),[01;35m[K"publishtime: %lld"[m[K,[32m[Kcv_image.header.stamp.sec[m[K);
[2.403s]       |                                    [01;35m[K^~~~~~~~~~~~~~~~~~~[m[K [32m[K~~~~~~~~~~~~~~~~~~~~~~~~~[m[K
[2.403s]       |                                                                              [32m[K|[m[K
[2.403s]       |                                                                              [32m[Kbuiltin_interfaces::msg::Time_<std::allocator<void> >::_sec_type {aka int}[m[K
[2.403s] [01m[K/home/liker/Desktop/camera1/c_ws/src/vision_detector/src/vision_detector.cpp:95:53:[m[K [01;36m[Knote: [m[Kformat string is defined here
[2.403s]    95 |     RCLCPP_INFO(this->get_logger(),"publishtime: [01;36m[K%lld[m[K",cv_image.header.stamp.sec);
[2.403s]       |                                                  [01;36m[K~~~^[m[K
[2.403s]       |                                                     [01;36m[K|[m[K
[2.403s]       |                                                     [01;36m[Klong long int[m[K
[2.403s]       |                                                  [32m[K%d[m[K
[7.287s] [ 50%] [32m[1mLinking CXX executable vision_detector[0m
[7.447s] /usr/bin/ld: warning: libopencv_imgproc.so.4.5d, needed by /opt/ros/humble/lib/libcv_bridge.so, may conflict with libopencv_imgproc.so.405
[7.448s] /usr/bin/ld: warning: libopencv_core.so.4.5d, needed by /opt/ros/humble/lib/libcv_bridge.so, may conflict with libopencv_core.so.405
[7.847s] [100%] Built target vision_detector
[7.855s] Invoked command in '/home/liker/Desktop/camera1/c_ws/src/build/vision_detector' returned '0': CMAKE_PREFIX_PATH=/home/liker/Desktop/camera1/c_ws/src/install/rm_interfaces:/home/liker/Desktop/camera1/c_ws/src/install/vision_detector:/home/liker/Desktop/camera1/c_ws/src/install/tf2_node:/home/liker/Desktop/camera1/c_ws/src/install/my_launch:/home/liker/Desktop/camera1/c_ws/src/install/camera_publish:/opt/ros/humble /usr/local/bin/cmake --build /home/liker/Desktop/camera1/c_ws/src/build/vision_detector -- -j32 -l32
[7.856s] Invoking command in '/home/liker/Desktop/camera1/c_ws/src/build/vision_detector': CMAKE_PREFIX_PATH=/home/liker/Desktop/camera1/c_ws/src/install/rm_interfaces:/home/liker/Desktop/camera1/c_ws/src/install/vision_detector:/home/liker/Desktop/camera1/c_ws/src/install/tf2_node:/home/liker/Desktop/camera1/c_ws/src/install/my_launch:/home/liker/Desktop/camera1/c_ws/src/install/camera_publish:/opt/ros/humble /usr/local/bin/cmake --install /home/liker/Desktop/camera1/c_ws/src/build/vision_detector
[7.858s] -- Install configuration: ""
[7.859s] -- Installing: /home/liker/Desktop/camera1/c_ws/src/install/vision_detector/lib/vision_detector/vision_detector
[7.865s] -- Set non-toolchain portion of runtime path of "/home/liker/Desktop/camera1/c_ws/src/install/vision_detector/lib/vision_detector/vision_detector" to ""
[7.865s] -- Up-to-date: /home/liker/Desktop/camera1/c_ws/src/install/vision_detector/share/ament_index/resource_index/package_run_dependencies/vision_detector
[7.865s] -- Up-to-date: /home/liker/Desktop/camera1/c_ws/src/install/vision_detector/share/ament_index/resource_index/parent_prefix_path/vision_detector
[7.865s] -- Up-to-date: /home/liker/Desktop/camera1/c_ws/src/install/vision_detector/share/vision_detector/environment/ament_prefix_path.sh
[7.865s] -- Up-to-date: /home/liker/Desktop/camera1/c_ws/src/install/vision_detector/share/vision_detector/environment/ament_prefix_path.dsv
[7.865s] -- Up-to-date: /home/liker/Desktop/camera1/c_ws/src/install/vision_detector/share/vision_detector/environment/path.sh
[7.866s] -- Up-to-date: /home/liker/Desktop/camera1/c_ws/src/install/vision_detector/share/vision_detector/environment/path.dsv
[7.866s] -- Up-to-date: /home/liker/Desktop/camera1/c_ws/src/install/vision_detector/share/vision_detector/local_setup.bash
[7.866s] -- Up-to-date: /home/liker/Desktop/camera1/c_ws/src/install/vision_detector/share/vision_detector/local_setup.sh
[7.866s] -- Up-to-date: /home/liker/Desktop/camera1/c_ws/src/install/vision_detector/share/vision_detector/local_setup.zsh
[7.866s] -- Up-to-date: /home/liker/Desktop/camera1/c_ws/src/install/vision_detector/share/vision_detector/local_setup.dsv
[7.866s] -- Installing: /home/liker/Desktop/camera1/c_ws/src/install/vision_detector/share/vision_detector/package.dsv
[7.866s] -- Up-to-date: /home/liker/Desktop/camera1/c_ws/src/install/vision_detector/share/ament_index/resource_index/packages/vision_detector
[7.866s] -- Up-to-date: /home/liker/Desktop/camera1/c_ws/src/install/vision_detector/share/vision_detector/cmake/vision_detectorConfig.cmake
[7.866s] -- Up-to-date: /home/liker/Desktop/camera1/c_ws/src/install/vision_detector/share/vision_detector/cmake/vision_detectorConfig-version.cmake
[7.866s] -- Up-to-date: /home/liker/Desktop/camera1/c_ws/src/install/vision_detector/share/vision_detector/package.xml
[7.869s] Invoked command in '/home/liker/Desktop/camera1/c_ws/src/build/vision_detector' returned '0': CMAKE_PREFIX_PATH=/home/liker/Desktop/camera1/c_ws/src/install/rm_interfaces:/home/liker/Desktop/camera1/c_ws/src/install/vision_detector:/home/liker/Desktop/camera1/c_ws/src/install/tf2_node:/home/liker/Desktop/camera1/c_ws/src/install/my_launch:/home/liker/Desktop/camera1/c_ws/src/install/camera_publish:/opt/ros/humble /usr/local/bin/cmake --install /home/liker/Desktop/camera1/c_ws/src/build/vision_detector
