[0.010s] Invoking command in '/home/liker/Desktop/camera1/c_ws/src/build/vision_detector': CMAKE_PREFIX_PATH=/opt/ros/humble /usr/local/bin/cmake /home/liker/Desktop/camera1/c_ws/src/vision_detector -DCMAKE_INSTALL_PREFIX=/home/liker/Desktop/camera1/c_ws/src/install/vision_detector
[0.019s] [0mCMake Deprecation Warning at CMakeLists.txt:1 (cmake_minimum_required):
[0.019s]   Compatibility with CMake < 3.10 will be removed from a future version of
[0.019s]   CMake.
[0.019s] 
[0.019s]   Update the VERSION argument <min> value.  Or, use the <min>...<max> syntax
[0.019s]   to tell CMake that the project requires at least <min> but has been updated
[0.019s]   to work with policies introduced by <max> or earlier.
[0.019s] 
[0.019s] [0m
[0.026s] -- Found ament_cmake: 1.3.12 (/opt/ros/humble/share/ament_cmake/cmake)
[0.172s] -- Found rclcpp: 16.0.16 (/opt/ros/humble/share/rclcpp/cmake)
[0.190s] -- Found rosidl_generator_c: 3.1.7 (/opt/ros/humble/share/rosidl_generator_c/cmake)
[0.192s] -- Found rosidl_adapter: 3.1.7 (/opt/ros/humble/share/rosidl_adapter/cmake)
[0.196s] -- Found rosidl_generator_cpp: 3.1.7 (/opt/ros/humble/share/rosidl_generator_cpp/cmake)
[0.203s] -- Using all available rosidl_typesupport_c: rosidl_typesupport_fastrtps_c;rosidl_typesupport_introspection_c
[0.213s] -- Using all available rosidl_typesupport_cpp: rosidl_typesupport_fastrtps_cpp;rosidl_typesupport_introspection_cpp
[0.240s] -- Found rmw_implementation_cmake: 6.1.2 (/opt/ros/humble/share/rmw_implementation_cmake/cmake)
[0.241s] -- Found rmw_fastrtps_cpp: 6.2.9 (/opt/ros/humble/share/rmw_fastrtps_cpp/cmake)
[0.323s] -- Using RMW implementation 'rmw_fastrtps_cpp' as default
[0.366s] -- Found cv_bridge: 3.2.1 (/opt/ros/humble/share/cv_bridge/cmake)
[0.403s] [31mCMake Error at CMakeLists.txt:14 (find_package):
[0.403s]   By not providing "Findopencv_vendor.cmake" in CMAKE_MODULE_PATH this
[0.403s]   project has asked CMake to find a package configuration file provided by
[0.403s]   "opencv_vendor", but CMake did not find one.
[0.403s] 
[0.403s]   Could not find a package configuration file provided by "opencv_vendor"
[0.403s]   with any of the following names:
[0.403s] 
[0.403s]     opencv_vendorConfig.cmake
[0.403s]     opencv_vendor-config.cmake
[0.403s] 
[0.403s]   Add the installation prefix of "opencv_vendor" to CMAKE_PREFIX_PATH or set
[0.404s]   "opencv_vendor_DIR" to a directory containing one of the above files.  If
[0.404s]   "opencv_vendor" provides a separate development package or SDK, be sure it
[0.404s]   has been installed.
[0.404s] 
[0.404s] [0m
[0.404s] -- Configuring incomplete, errors occurred!
[0.410s] Invoked command in '/home/liker/Desktop/camera1/c_ws/src/build/vision_detector' returned '1': CMAKE_PREFIX_PATH=/opt/ros/humble /usr/local/bin/cmake /home/liker/Desktop/camera1/c_ws/src/vision_detector -DCMAKE_INSTALL_PREFIX=/home/liker/Desktop/camera1/c_ws/src/install/vision_detector
