[0.018s] Invoking command in '/home/liker/Desktop/camera1/c_ws/src/build/rm_interfaces': CMAKE_PREFIX_PATH=${CMAKE_PREFIX_PATH}:/opt/ros/humble /usr/local/bin/cmake --build /home/liker/Desktop/camera1/c_ws/src/build/rm_interfaces -- -j32 -l32
[0.066s] [  3%] Built target rm_interfaces__cpp
[0.066s] [ 12%] Built target rm_interfaces__rosidl_generator_c
[0.080s] [ 12%] Built target ament_cmake_python_copy_rm_interfaces
[0.090s] [ 22%] Built target rm_interfaces__rosidl_typesupport_cpp
[0.091s] [ 32%] Built target rm_interfaces__rosidl_typesupport_fastrtps_cpp
[0.093s] [ 41%] Built target rm_interfaces__rosidl_typesupport_introspection_cpp
[0.093s] [ 51%] Built target rm_interfaces__rosidl_typesupport_fastrtps_c
[0.093s] [ 61%] Built target rm_interfaces__rosidl_typesupport_introspection_c
[0.093s] [ 70%] Built target rm_interfaces__rosidl_typesupport_c
[0.110s] [ 70%] Built target rm_interfaces
[0.130s] [ 74%] Built target rm_interfaces__py
[0.153s] [ 80%] Built target rm_interfaces__rosidl_generator_py
[0.173s] [ 87%] Built target rm_interfaces__rosidl_typesupport_c__pyext
[0.174s] [ 93%] Built target rm_interfaces__rosidl_typesupport_fastrtps_c__pyext
[0.174s] [100%] Built target rm_interfaces__rosidl_typesupport_introspection_c__pyext
[0.254s] running egg_info
[0.255s] writing rm_interfaces.egg-info/PKG-INFO
[0.255s] writing dependency_links to rm_interfaces.egg-info/dependency_links.txt
[0.256s] writing top-level names to rm_interfaces.egg-info/top_level.txt
[0.261s] reading manifest file 'rm_interfaces.egg-info/SOURCES.txt'
[0.262s] writing manifest file 'rm_interfaces.egg-info/SOURCES.txt'
[0.283s] [100%] Built target ament_cmake_python_build_rm_interfaces_egg
[0.290s] Invoked command in '/home/liker/Desktop/camera1/c_ws/src/build/rm_interfaces' returned '0': CMAKE_PREFIX_PATH=${CMAKE_PREFIX_PATH}:/opt/ros/humble /usr/local/bin/cmake --build /home/liker/Desktop/camera1/c_ws/src/build/rm_interfaces -- -j32 -l32
[0.293s] Invoking command in '/home/liker/Desktop/camera1/c_ws/src/build/rm_interfaces': CMAKE_PREFIX_PATH=${CMAKE_PREFIX_PATH}:/opt/ros/humble /usr/local/bin/cmake --install /home/liker/Desktop/camera1/c_ws/src/build/rm_interfaces
[0.298s] -- Install configuration: ""
[0.298s] -- Up-to-date: /home/liker/Desktop/camera1/c_ws/src/install/rm_interfaces/share/ament_index/resource_index/rosidl_interfaces/rm_interfaces
[0.298s] -- Up-to-date: /home/liker/Desktop/camera1/c_ws/src/install/rm_interfaces/include/rm_interfaces/rm_interfaces
[0.298s] -- Up-to-date: /home/liker/Desktop/camera1/c_ws/src/install/rm_interfaces/include/rm_interfaces/rm_interfaces/msg
[0.299s] -- Up-to-date: /home/liker/Desktop/camera1/c_ws/src/install/rm_interfaces/include/rm_interfaces/rm_interfaces/msg/detail
[0.299s] -- Up-to-date: /home/liker/Desktop/camera1/c_ws/src/install/rm_interfaces/include/rm_interfaces/rm_interfaces/msg/detail/target_info__struct.h
[0.299s] -- Up-to-date: /home/liker/Desktop/camera1/c_ws/src/install/rm_interfaces/include/rm_interfaces/rm_interfaces/msg/detail/target_info__type_support.h
[0.299s] -- Up-to-date: /home/liker/Desktop/camera1/c_ws/src/install/rm_interfaces/include/rm_interfaces/rm_interfaces/msg/detail/target_info__functions.h
[0.299s] -- Up-to-date: /home/liker/Desktop/camera1/c_ws/src/install/rm_interfaces/include/rm_interfaces/rm_interfaces/msg/detail/target_info__functions.c
[0.299s] -- Up-to-date: /home/liker/Desktop/camera1/c_ws/src/install/rm_interfaces/include/rm_interfaces/rm_interfaces/msg/target_info.h
[0.299s] -- Up-to-date: /home/liker/Desktop/camera1/c_ws/src/install/rm_interfaces/include/rm_interfaces/rm_interfaces/msg/rosidl_generator_c__visibility_control.h
[0.299s] -- Up-to-date: /home/liker/Desktop/camera1/c_ws/src/install/rm_interfaces/share/rm_interfaces/environment/library_path.sh
[0.299s] -- Up-to-date: /home/liker/Desktop/camera1/c_ws/src/install/rm_interfaces/share/rm_interfaces/environment/library_path.dsv
[0.299s] -- Up-to-date: /home/liker/Desktop/camera1/c_ws/src/install/rm_interfaces/lib/librm_interfaces__rosidl_generator_c.so
[0.299s] -- Up-to-date: /home/liker/Desktop/camera1/c_ws/src/install/rm_interfaces/include/rm_interfaces/rm_interfaces
[0.299s] -- Up-to-date: /home/liker/Desktop/camera1/c_ws/src/install/rm_interfaces/include/rm_interfaces/rm_interfaces/msg
[0.300s] -- Up-to-date: /home/liker/Desktop/camera1/c_ws/src/install/rm_interfaces/include/rm_interfaces/rm_interfaces/msg/detail
[0.300s] -- Up-to-date: /home/liker/Desktop/camera1/c_ws/src/install/rm_interfaces/include/rm_interfaces/rm_interfaces/msg/detail/target_info__rosidl_typesupport_fastrtps_c.h
[0.300s] -- Up-to-date: /home/liker/Desktop/camera1/c_ws/src/install/rm_interfaces/include/rm_interfaces/rm_interfaces/msg/rosidl_typesupport_fastrtps_c__visibility_control.h
[0.300s] -- Up-to-date: /home/liker/Desktop/camera1/c_ws/src/install/rm_interfaces/lib/librm_interfaces__rosidl_typesupport_fastrtps_c.so
[0.300s] -- Up-to-date: /home/liker/Desktop/camera1/c_ws/src/install/rm_interfaces/include/rm_interfaces/rm_interfaces
[0.300s] -- Up-to-date: /home/liker/Desktop/camera1/c_ws/src/install/rm_interfaces/include/rm_interfaces/rm_interfaces/msg
[0.300s] -- Up-to-date: /home/liker/Desktop/camera1/c_ws/src/install/rm_interfaces/include/rm_interfaces/rm_interfaces/msg/detail
[0.300s] -- Up-to-date: /home/liker/Desktop/camera1/c_ws/src/install/rm_interfaces/include/rm_interfaces/rm_interfaces/msg/detail/target_info__rosidl_typesupport_introspection_c.h
[0.301s] -- Up-to-date: /home/liker/Desktop/camera1/c_ws/src/install/rm_interfaces/include/rm_interfaces/rm_interfaces/msg/detail/target_info__type_support.c
[0.301s] -- Up-to-date: /home/liker/Desktop/camera1/c_ws/src/install/rm_interfaces/include/rm_interfaces/rm_interfaces/msg/rosidl_typesupport_introspection_c__visibility_control.h
[0.301s] -- Up-to-date: /home/liker/Desktop/camera1/c_ws/src/install/rm_interfaces/lib/librm_interfaces__rosidl_typesupport_introspection_c.so
[0.301s] -- Up-to-date: /home/liker/Desktop/camera1/c_ws/src/install/rm_interfaces/lib/librm_interfaces__rosidl_typesupport_c.so
[0.301s] -- Up-to-date: /home/liker/Desktop/camera1/c_ws/src/install/rm_interfaces/include/rm_interfaces/rm_interfaces
[0.301s] -- Up-to-date: /home/liker/Desktop/camera1/c_ws/src/install/rm_interfaces/include/rm_interfaces/rm_interfaces/msg
[0.301s] -- Up-to-date: /home/liker/Desktop/camera1/c_ws/src/install/rm_interfaces/include/rm_interfaces/rm_interfaces/msg/detail
[0.301s] -- Up-to-date: /home/liker/Desktop/camera1/c_ws/src/install/rm_interfaces/include/rm_interfaces/rm_interfaces/msg/detail/target_info__struct.hpp
[0.301s] -- Up-to-date: /home/liker/Desktop/camera1/c_ws/src/install/rm_interfaces/include/rm_interfaces/rm_interfaces/msg/detail/target_info__traits.hpp
[0.301s] -- Up-to-date: /home/liker/Desktop/camera1/c_ws/src/install/rm_interfaces/include/rm_interfaces/rm_interfaces/msg/detail/target_info__builder.hpp
[0.301s] -- Up-to-date: /home/liker/Desktop/camera1/c_ws/src/install/rm_interfaces/include/rm_interfaces/rm_interfaces/msg/detail/target_info__type_support.hpp
[0.301s] -- Up-to-date: /home/liker/Desktop/camera1/c_ws/src/install/rm_interfaces/include/rm_interfaces/rm_interfaces/msg/target_info.hpp
[0.302s] -- Up-to-date: /home/liker/Desktop/camera1/c_ws/src/install/rm_interfaces/include/rm_interfaces/rm_interfaces/msg/rosidl_generator_cpp__visibility_control.hpp
[0.302s] -- Up-to-date: /home/liker/Desktop/camera1/c_ws/src/install/rm_interfaces/include/rm_interfaces/rm_interfaces
[0.302s] -- Up-to-date: /home/liker/Desktop/camera1/c_ws/src/install/rm_interfaces/include/rm_interfaces/rm_interfaces/msg
[0.302s] -- Up-to-date: /home/liker/Desktop/camera1/c_ws/src/install/rm_interfaces/include/rm_interfaces/rm_interfaces/msg/detail
[0.302s] -- Up-to-date: /home/liker/Desktop/camera1/c_ws/src/install/rm_interfaces/include/rm_interfaces/rm_interfaces/msg/detail/dds_fastrtps
[0.302s] -- Up-to-date: /home/liker/Desktop/camera1/c_ws/src/install/rm_interfaces/include/rm_interfaces/rm_interfaces/msg/detail/target_info__rosidl_typesupport_fastrtps_cpp.hpp
[0.302s] -- Up-to-date: /home/liker/Desktop/camera1/c_ws/src/install/rm_interfaces/include/rm_interfaces/rm_interfaces/msg/rosidl_typesupport_fastrtps_cpp__visibility_control.h
[0.302s] -- Up-to-date: /home/liker/Desktop/camera1/c_ws/src/install/rm_interfaces/lib/librm_interfaces__rosidl_typesupport_fastrtps_cpp.so
[0.302s] -- Up-to-date: /home/liker/Desktop/camera1/c_ws/src/install/rm_interfaces/include/rm_interfaces/rm_interfaces
[0.302s] -- Up-to-date: /home/liker/Desktop/camera1/c_ws/src/install/rm_interfaces/include/rm_interfaces/rm_interfaces/msg
[0.302s] -- Up-to-date: /home/liker/Desktop/camera1/c_ws/src/install/rm_interfaces/include/rm_interfaces/rm_interfaces/msg/detail
[0.302s] -- Up-to-date: /home/liker/Desktop/camera1/c_ws/src/install/rm_interfaces/include/rm_interfaces/rm_interfaces/msg/detail/target_info__type_support.cpp
[0.303s] -- Up-to-date: /home/liker/Desktop/camera1/c_ws/src/install/rm_interfaces/include/rm_interfaces/rm_interfaces/msg/detail/target_info__rosidl_typesupport_introspection_cpp.hpp
[0.303s] -- Up-to-date: /home/liker/Desktop/camera1/c_ws/src/install/rm_interfaces/lib/librm_interfaces__rosidl_typesupport_introspection_cpp.so
[0.303s] -- Up-to-date: /home/liker/Desktop/camera1/c_ws/src/install/rm_interfaces/lib/librm_interfaces__rosidl_typesupport_cpp.so
[0.303s] -- Up-to-date: /home/liker/Desktop/camera1/c_ws/src/install/rm_interfaces/share/rm_interfaces/environment/pythonpath.sh
[0.303s] -- Up-to-date: /home/liker/Desktop/camera1/c_ws/src/install/rm_interfaces/share/rm_interfaces/environment/pythonpath.dsv
[0.303s] -- Up-to-date: /home/liker/Desktop/camera1/c_ws/src/install/rm_interfaces/local/lib/python3.10/dist-packages/rm_interfaces-0.0.0-py3.10.egg-info
[0.303s] -- Installing: /home/liker/Desktop/camera1/c_ws/src/install/rm_interfaces/local/lib/python3.10/dist-packages/rm_interfaces-0.0.0-py3.10.egg-info/PKG-INFO
[0.303s] -- Installing: /home/liker/Desktop/camera1/c_ws/src/install/rm_interfaces/local/lib/python3.10/dist-packages/rm_interfaces-0.0.0-py3.10.egg-info/SOURCES.txt
[0.304s] -- Installing: /home/liker/Desktop/camera1/c_ws/src/install/rm_interfaces/local/lib/python3.10/dist-packages/rm_interfaces-0.0.0-py3.10.egg-info/dependency_links.txt
[0.304s] -- Installing: /home/liker/Desktop/camera1/c_ws/src/install/rm_interfaces/local/lib/python3.10/dist-packages/rm_interfaces-0.0.0-py3.10.egg-info/top_level.txt
[0.304s] -- Up-to-date: /home/liker/Desktop/camera1/c_ws/src/install/rm_interfaces/local/lib/python3.10/dist-packages/rm_interfaces
[0.304s] -- Up-to-date: /home/liker/Desktop/camera1/c_ws/src/install/rm_interfaces/local/lib/python3.10/dist-packages/rm_interfaces/rm_interfaces_s__rosidl_typesupport_fastrtps_c.cpython-310-x86_64-linux-gnu.so
[0.304s] -- Up-to-date: /home/liker/Desktop/camera1/c_ws/src/install/rm_interfaces/local/lib/python3.10/dist-packages/rm_interfaces/rm_interfaces_s__rosidl_typesupport_introspection_c.cpython-310-x86_64-linux-gnu.so
[0.304s] -- Up-to-date: /home/liker/Desktop/camera1/c_ws/src/install/rm_interfaces/local/lib/python3.10/dist-packages/rm_interfaces/_rm_interfaces_s.ep.rosidl_typesupport_fastrtps_c.c
[0.304s] -- Up-to-date: /home/liker/Desktop/camera1/c_ws/src/install/rm_interfaces/local/lib/python3.10/dist-packages/rm_interfaces/rm_interfaces_s__rosidl_typesupport_c.cpython-310-x86_64-linux-gnu.so
[0.304s] -- Up-to-date: /home/liker/Desktop/camera1/c_ws/src/install/rm_interfaces/local/lib/python3.10/dist-packages/rm_interfaces/msg
[0.304s] -- Up-to-date: /home/liker/Desktop/camera1/c_ws/src/install/rm_interfaces/local/lib/python3.10/dist-packages/rm_interfaces/msg/_target_info.py
[0.304s] -- Up-to-date: /home/liker/Desktop/camera1/c_ws/src/install/rm_interfaces/local/lib/python3.10/dist-packages/rm_interfaces/msg/_target_info_s.c
[0.305s] -- Up-to-date: /home/liker/Desktop/camera1/c_ws/src/install/rm_interfaces/local/lib/python3.10/dist-packages/rm_interfaces/msg/__init__.py
[0.305s] -- Up-to-date: /home/liker/Desktop/camera1/c_ws/src/install/rm_interfaces/local/lib/python3.10/dist-packages/rm_interfaces/librm_interfaces__rosidl_generator_py.so
[0.305s] -- Up-to-date: /home/liker/Desktop/camera1/c_ws/src/install/rm_interfaces/local/lib/python3.10/dist-packages/rm_interfaces/__init__.py
[0.305s] -- Up-to-date: /home/liker/Desktop/camera1/c_ws/src/install/rm_interfaces/local/lib/python3.10/dist-packages/rm_interfaces/_rm_interfaces_s.ep.rosidl_typesupport_c.c
[0.305s] -- Up-to-date: /home/liker/Desktop/camera1/c_ws/src/install/rm_interfaces/local/lib/python3.10/dist-packages/rm_interfaces/_rm_interfaces_s.ep.rosidl_typesupport_introspection_c.c
[0.334s] Listing '/home/liker/Desktop/camera1/c_ws/src/install/rm_interfaces/local/lib/python3.10/dist-packages/rm_interfaces'...
[0.334s] Listing '/home/liker/Desktop/camera1/c_ws/src/install/rm_interfaces/local/lib/python3.10/dist-packages/rm_interfaces/msg'...
[0.339s] -- Up-to-date: /home/liker/Desktop/camera1/c_ws/src/install/rm_interfaces/local/lib/python3.10/dist-packages/rm_interfaces/rm_interfaces_s__rosidl_typesupport_fastrtps_c.cpython-310-x86_64-linux-gnu.so
[0.341s] -- Up-to-date: /home/liker/Desktop/camera1/c_ws/src/install/rm_interfaces/local/lib/python3.10/dist-packages/rm_interfaces/rm_interfaces_s__rosidl_typesupport_introspection_c.cpython-310-x86_64-linux-gnu.so
[0.342s] -- Up-to-date: /home/liker/Desktop/camera1/c_ws/src/install/rm_interfaces/local/lib/python3.10/dist-packages/rm_interfaces/rm_interfaces_s__rosidl_typesupport_c.cpython-310-x86_64-linux-gnu.so
[0.342s] -- Up-to-date: /home/liker/Desktop/camera1/c_ws/src/install/rm_interfaces/lib/librm_interfaces__rosidl_generator_py.so
[0.343s] -- Up-to-date: /home/liker/Desktop/camera1/c_ws/src/install/rm_interfaces/share/rm_interfaces/msg/TargetInfo.idl
[0.343s] -- Up-to-date: /home/liker/Desktop/camera1/c_ws/src/install/rm_interfaces/share/rm_interfaces/msg/TargetInfo.msg
[0.343s] -- Up-to-date: /home/liker/Desktop/camera1/c_ws/src/install/rm_interfaces/share/ament_index/resource_index/package_run_dependencies/rm_interfaces
[0.343s] -- Up-to-date: /home/liker/Desktop/camera1/c_ws/src/install/rm_interfaces/share/ament_index/resource_index/parent_prefix_path/rm_interfaces
[0.343s] -- Up-to-date: /home/liker/Desktop/camera1/c_ws/src/install/rm_interfaces/share/rm_interfaces/environment/ament_prefix_path.sh
[0.343s] -- Up-to-date: /home/liker/Desktop/camera1/c_ws/src/install/rm_interfaces/share/rm_interfaces/environment/ament_prefix_path.dsv
[0.343s] -- Up-to-date: /home/liker/Desktop/camera1/c_ws/src/install/rm_interfaces/share/rm_interfaces/environment/path.sh
[0.343s] -- Up-to-date: /home/liker/Desktop/camera1/c_ws/src/install/rm_interfaces/share/rm_interfaces/environment/path.dsv
[0.344s] -- Up-to-date: /home/liker/Desktop/camera1/c_ws/src/install/rm_interfaces/share/rm_interfaces/local_setup.bash
[0.344s] -- Up-to-date: /home/liker/Desktop/camera1/c_ws/src/install/rm_interfaces/share/rm_interfaces/local_setup.sh
[0.344s] -- Up-to-date: /home/liker/Desktop/camera1/c_ws/src/install/rm_interfaces/share/rm_interfaces/local_setup.zsh
[0.344s] -- Up-to-date: /home/liker/Desktop/camera1/c_ws/src/install/rm_interfaces/share/rm_interfaces/local_setup.dsv
[0.344s] -- Installing: /home/liker/Desktop/camera1/c_ws/src/install/rm_interfaces/share/rm_interfaces/package.dsv
[0.344s] -- Up-to-date: /home/liker/Desktop/camera1/c_ws/src/install/rm_interfaces/share/ament_index/resource_index/packages/rm_interfaces
[0.345s] -- Up-to-date: /home/liker/Desktop/camera1/c_ws/src/install/rm_interfaces/share/rm_interfaces/cmake/export_rm_interfaces__rosidl_generator_cExport.cmake
[0.345s] -- Up-to-date: /home/liker/Desktop/camera1/c_ws/src/install/rm_interfaces/share/rm_interfaces/cmake/export_rm_interfaces__rosidl_generator_cExport-noconfig.cmake
[0.346s] -- Up-to-date: /home/liker/Desktop/camera1/c_ws/src/install/rm_interfaces/share/rm_interfaces/cmake/export_rm_interfaces__rosidl_typesupport_fastrtps_cExport.cmake
[0.346s] -- Up-to-date: /home/liker/Desktop/camera1/c_ws/src/install/rm_interfaces/share/rm_interfaces/cmake/export_rm_interfaces__rosidl_typesupport_fastrtps_cExport-noconfig.cmake
[0.347s] -- Up-to-date: /home/liker/Desktop/camera1/c_ws/src/install/rm_interfaces/share/rm_interfaces/cmake/rm_interfaces__rosidl_typesupport_introspection_cExport.cmake
[0.347s] -- Up-to-date: /home/liker/Desktop/camera1/c_ws/src/install/rm_interfaces/share/rm_interfaces/cmake/rm_interfaces__rosidl_typesupport_introspection_cExport-noconfig.cmake
[0.348s] -- Up-to-date: /home/liker/Desktop/camera1/c_ws/src/install/rm_interfaces/share/rm_interfaces/cmake/rm_interfaces__rosidl_typesupport_cExport.cmake
[0.348s] -- Up-to-date: /home/liker/Desktop/camera1/c_ws/src/install/rm_interfaces/share/rm_interfaces/cmake/rm_interfaces__rosidl_typesupport_cExport-noconfig.cmake
[0.348s] -- Up-to-date: /home/liker/Desktop/camera1/c_ws/src/install/rm_interfaces/share/rm_interfaces/cmake/export_rm_interfaces__rosidl_generator_cppExport.cmake
[0.349s] -- Up-to-date: /home/liker/Desktop/camera1/c_ws/src/install/rm_interfaces/share/rm_interfaces/cmake/export_rm_interfaces__rosidl_typesupport_fastrtps_cppExport.cmake
[0.349s] -- Up-to-date: /home/liker/Desktop/camera1/c_ws/src/install/rm_interfaces/share/rm_interfaces/cmake/export_rm_interfaces__rosidl_typesupport_fastrtps_cppExport-noconfig.cmake
[0.349s] -- Up-to-date: /home/liker/Desktop/camera1/c_ws/src/install/rm_interfaces/share/rm_interfaces/cmake/rm_interfaces__rosidl_typesupport_introspection_cppExport.cmake
[0.349s] -- Up-to-date: /home/liker/Desktop/camera1/c_ws/src/install/rm_interfaces/share/rm_interfaces/cmake/rm_interfaces__rosidl_typesupport_introspection_cppExport-noconfig.cmake
[0.350s] -- Up-to-date: /home/liker/Desktop/camera1/c_ws/src/install/rm_interfaces/share/rm_interfaces/cmake/rm_interfaces__rosidl_typesupport_cppExport.cmake
[0.350s] -- Up-to-date: /home/liker/Desktop/camera1/c_ws/src/install/rm_interfaces/share/rm_interfaces/cmake/rm_interfaces__rosidl_typesupport_cppExport-noconfig.cmake
[0.351s] -- Up-to-date: /home/liker/Desktop/camera1/c_ws/src/install/rm_interfaces/share/rm_interfaces/cmake/export_rm_interfaces__rosidl_generator_pyExport.cmake
[0.351s] -- Up-to-date: /home/liker/Desktop/camera1/c_ws/src/install/rm_interfaces/share/rm_interfaces/cmake/export_rm_interfaces__rosidl_generator_pyExport-noconfig.cmake
[0.351s] -- Up-to-date: /home/liker/Desktop/camera1/c_ws/src/install/rm_interfaces/share/rm_interfaces/cmake/rosidl_cmake-extras.cmake
[0.351s] -- Up-to-date: /home/liker/Desktop/camera1/c_ws/src/install/rm_interfaces/share/rm_interfaces/cmake/ament_cmake_export_include_directories-extras.cmake
[0.351s] -- Up-to-date: /home/liker/Desktop/camera1/c_ws/src/install/rm_interfaces/share/rm_interfaces/cmake/ament_cmake_export_libraries-extras.cmake
[0.351s] -- Up-to-date: /home/liker/Desktop/camera1/c_ws/src/install/rm_interfaces/share/rm_interfaces/cmake/ament_cmake_export_targets-extras.cmake
[0.351s] -- Up-to-date: /home/liker/Desktop/camera1/c_ws/src/install/rm_interfaces/share/rm_interfaces/cmake/rosidl_cmake_export_typesupport_targets-extras.cmake
[0.351s] -- Up-to-date: /home/liker/Desktop/camera1/c_ws/src/install/rm_interfaces/share/rm_interfaces/cmake/ament_cmake_export_dependencies-extras.cmake
[0.352s] -- Up-to-date: /home/liker/Desktop/camera1/c_ws/src/install/rm_interfaces/share/rm_interfaces/cmake/rosidl_cmake_export_typesupport_libraries-extras.cmake
[0.352s] -- Up-to-date: /home/liker/Desktop/camera1/c_ws/src/install/rm_interfaces/share/rm_interfaces/cmake/rm_interfacesConfig.cmake
[0.352s] -- Up-to-date: /home/liker/Desktop/camera1/c_ws/src/install/rm_interfaces/share/rm_interfaces/cmake/rm_interfacesConfig-version.cmake
[0.352s] -- Up-to-date: /home/liker/Desktop/camera1/c_ws/src/install/rm_interfaces/share/rm_interfaces/package.xml
[0.355s] Invoked command in '/home/liker/Desktop/camera1/c_ws/src/build/rm_interfaces' returned '0': CMAKE_PREFIX_PATH=${CMAKE_PREFIX_PATH}:/opt/ros/humble /usr/local/bin/cmake --install /home/liker/Desktop/camera1/c_ws/src/build/rm_interfaces
