[0.064s] DEBUG:colcon:Command line arguments: ['/usr/bin/colcon', 'build']
[0.064s] DEBUG:colcon:Parsed command line arguments: Namespace(log_base=None, log_level=None, verb_name='build', build_base='build', install_base='install', merge_install=False, symlink_install=False, test_result_base=None, continue_on_error=False, executor='parallel', parallel_workers=32, event_handlers=None, ignore_user_meta=False, metas=['./colcon.meta'], base_paths=['.'], packages_ignore=None, packages_ignore_regex=None, paths=None, packages_up_to=None, packages_up_to_regex=None, packages_above=None, packages_above_and_dependencies=None, packages_above_depth=None, packages_select_by_dep=None, packages_skip_by_dep=None, packages_skip_up_to=None, packages_select_build_failed=False, packages_skip_build_finished=False, packages_select_test_failures=False, packages_skip_test_passed=False, packages_select=None, packages_skip=None, packages_select_regex=None, packages_skip_regex=None, packages_start=None, packages_end=None, allow_overriding=[], cmake_args=None, cmake_target=None, cmake_target_skip_unavailable=False, cmake_clean_cache=False, cmake_clean_first=False, cmake_force_configure=False, ament_cmake_args=None, catkin_cmake_args=None, catkin_skip_building_tests=False, verb_parser=<colcon_defaults.argument_parser.defaults.DefaultArgumentsDecorator object at 0x7241b6ca7400>, verb_extension=<colcon_core.verb.build.BuildVerb object at 0x7241b6ed8a00>, main=<bound method BuildVerb.main of <colcon_core.verb.build.BuildVerb object at 0x7241b6ed8a00>>)
[0.183s] Level 1:colcon.colcon_core.package_discovery:discover_packages(colcon_meta) check parameters
[0.183s] Level 1:colcon.colcon_core.package_discovery:discover_packages(recursive) check parameters
[0.183s] Level 1:colcon.colcon_core.package_discovery:discover_packages(ignore) check parameters
[0.183s] Level 1:colcon.colcon_core.package_discovery:discover_packages(path) check parameters
[0.183s] Level 1:colcon.colcon_core.package_discovery:discover_packages(colcon_meta) discover
[0.183s] Level 1:colcon.colcon_core.package_discovery:discover_packages(recursive) discover
[0.183s] INFO:colcon.colcon_core.package_discovery:Crawling recursively for packages in '/home/liker/Desktop/camera1/c_ws/src'
[0.184s] Level 1:colcon.colcon_core.package_identification:_identify(.) by extensions ['ignore', 'ignore_ament_install']
[0.184s] Level 1:colcon.colcon_core.package_identification:_identify(.) by extension 'ignore'
[0.184s] Level 1:colcon.colcon_core.package_identification:_identify(.) by extension 'ignore_ament_install'
[0.184s] Level 1:colcon.colcon_core.package_identification:_identify(.) by extensions ['colcon_pkg']
[0.184s] Level 1:colcon.colcon_core.package_identification:_identify(.) by extension 'colcon_pkg'
[0.184s] Level 1:colcon.colcon_core.package_identification:_identify(.) by extensions ['colcon_meta']
[0.184s] Level 1:colcon.colcon_core.package_identification:_identify(.) by extension 'colcon_meta'
[0.184s] Level 1:colcon.colcon_core.package_identification:_identify(.) by extensions ['ros']
[0.184s] Level 1:colcon.colcon_core.package_identification:_identify(.) by extension 'ros'
[0.195s] Level 1:colcon.colcon_core.package_identification:_identify(.) by extensions ['cmake', 'python']
[0.195s] Level 1:colcon.colcon_core.package_identification:_identify(.) by extension 'cmake'
[0.195s] Level 1:colcon.colcon_core.package_identification:_identify(.) by extension 'python'
[0.195s] Level 1:colcon.colcon_core.package_identification:_identify(.) by extensions ['python_setup_py']
[0.195s] Level 1:colcon.colcon_core.package_identification:_identify(.) by extension 'python_setup_py'
[0.195s] Level 1:colcon.colcon_core.package_identification:_identify(build) by extensions ['ignore', 'ignore_ament_install']
[0.195s] Level 1:colcon.colcon_core.package_identification:_identify(build) by extension 'ignore'
[0.195s] Level 1:colcon.colcon_core.package_identification:_identify(build) ignored
[0.196s] Level 1:colcon.colcon_core.package_identification:_identify(camera_publish) by extensions ['ignore', 'ignore_ament_install']
[0.196s] Level 1:colcon.colcon_core.package_identification:_identify(camera_publish) by extension 'ignore'
[0.196s] Level 1:colcon.colcon_core.package_identification:_identify(camera_publish) by extension 'ignore_ament_install'
[0.196s] Level 1:colcon.colcon_core.package_identification:_identify(camera_publish) by extensions ['colcon_pkg']
[0.196s] Level 1:colcon.colcon_core.package_identification:_identify(camera_publish) by extension 'colcon_pkg'
[0.196s] Level 1:colcon.colcon_core.package_identification:_identify(camera_publish) by extensions ['colcon_meta']
[0.196s] Level 1:colcon.colcon_core.package_identification:_identify(camera_publish) by extension 'colcon_meta'
[0.196s] Level 1:colcon.colcon_core.package_identification:_identify(camera_publish) by extensions ['ros']
[0.196s] Level 1:colcon.colcon_core.package_identification:_identify(camera_publish) by extension 'ros'
[0.199s] DEBUG:colcon.colcon_core.package_identification:Package 'camera_publish' with type 'ros.ament_cmake' and name 'camera_publish'
[0.199s] Level 1:colcon.colcon_core.package_identification:_identify(install) by extensions ['ignore', 'ignore_ament_install']
[0.199s] Level 1:colcon.colcon_core.package_identification:_identify(install) by extension 'ignore'
[0.199s] Level 1:colcon.colcon_core.package_identification:_identify(install) ignored
[0.199s] Level 1:colcon.colcon_core.package_identification:_identify(log) by extensions ['ignore', 'ignore_ament_install']
[0.199s] Level 1:colcon.colcon_core.package_identification:_identify(log) by extension 'ignore'
[0.199s] Level 1:colcon.colcon_core.package_identification:_identify(log) ignored
[0.199s] Level 1:colcon.colcon_core.package_identification:_identify(my_launch) by extensions ['ignore', 'ignore_ament_install']
[0.199s] Level 1:colcon.colcon_core.package_identification:_identify(my_launch) by extension 'ignore'
[0.199s] Level 1:colcon.colcon_core.package_identification:_identify(my_launch) by extension 'ignore_ament_install'
[0.199s] Level 1:colcon.colcon_core.package_identification:_identify(my_launch) by extensions ['colcon_pkg']
[0.199s] Level 1:colcon.colcon_core.package_identification:_identify(my_launch) by extension 'colcon_pkg'
[0.199s] Level 1:colcon.colcon_core.package_identification:_identify(my_launch) by extensions ['colcon_meta']
[0.199s] Level 1:colcon.colcon_core.package_identification:_identify(my_launch) by extension 'colcon_meta'
[0.199s] Level 1:colcon.colcon_core.package_identification:_identify(my_launch) by extensions ['ros']
[0.199s] Level 1:colcon.colcon_core.package_identification:_identify(my_launch) by extension 'ros'
[0.200s] DEBUG:colcon.colcon_core.package_identification:Package 'my_launch' with type 'ros.ament_cmake' and name 'my_launch'
[0.200s] Level 1:colcon.colcon_core.package_identification:_identify(rm_interfaces) by extensions ['ignore', 'ignore_ament_install']
[0.200s] Level 1:colcon.colcon_core.package_identification:_identify(rm_interfaces) by extension 'ignore'
[0.200s] Level 1:colcon.colcon_core.package_identification:_identify(rm_interfaces) by extension 'ignore_ament_install'
[0.200s] Level 1:colcon.colcon_core.package_identification:_identify(rm_interfaces) by extensions ['colcon_pkg']
[0.200s] Level 1:colcon.colcon_core.package_identification:_identify(rm_interfaces) by extension 'colcon_pkg'
[0.200s] Level 1:colcon.colcon_core.package_identification:_identify(rm_interfaces) by extensions ['colcon_meta']
[0.200s] Level 1:colcon.colcon_core.package_identification:_identify(rm_interfaces) by extension 'colcon_meta'
[0.200s] Level 1:colcon.colcon_core.package_identification:_identify(rm_interfaces) by extensions ['ros']
[0.200s] Level 1:colcon.colcon_core.package_identification:_identify(rm_interfaces) by extension 'ros'
[0.201s] DEBUG:colcon.colcon_core.package_identification:Package 'rm_interfaces' with type 'ros.ament_cmake' and name 'rm_interfaces'
[0.201s] Level 1:colcon.colcon_core.package_identification:_identify(tf2_node) by extensions ['ignore', 'ignore_ament_install']
[0.201s] Level 1:colcon.colcon_core.package_identification:_identify(tf2_node) by extension 'ignore'
[0.201s] Level 1:colcon.colcon_core.package_identification:_identify(tf2_node) by extension 'ignore_ament_install'
[0.201s] Level 1:colcon.colcon_core.package_identification:_identify(tf2_node) by extensions ['colcon_pkg']
[0.201s] Level 1:colcon.colcon_core.package_identification:_identify(tf2_node) by extension 'colcon_pkg'
[0.201s] Level 1:colcon.colcon_core.package_identification:_identify(tf2_node) by extensions ['colcon_meta']
[0.201s] Level 1:colcon.colcon_core.package_identification:_identify(tf2_node) by extension 'colcon_meta'
[0.201s] Level 1:colcon.colcon_core.package_identification:_identify(tf2_node) by extensions ['ros']
[0.201s] Level 1:colcon.colcon_core.package_identification:_identify(tf2_node) by extension 'ros'
[0.202s] DEBUG:colcon.colcon_core.package_identification:Package 'tf2_node' with type 'ros.ament_cmake' and name 'tf2_node'
[0.202s] Level 1:colcon.colcon_core.package_identification:_identify(vision_detector) by extensions ['ignore', 'ignore_ament_install']
[0.202s] Level 1:colcon.colcon_core.package_identification:_identify(vision_detector) by extension 'ignore'
[0.202s] Level 1:colcon.colcon_core.package_identification:_identify(vision_detector) by extension 'ignore_ament_install'
[0.202s] Level 1:colcon.colcon_core.package_identification:_identify(vision_detector) by extensions ['colcon_pkg']
[0.202s] Level 1:colcon.colcon_core.package_identification:_identify(vision_detector) by extension 'colcon_pkg'
[0.202s] Level 1:colcon.colcon_core.package_identification:_identify(vision_detector) by extensions ['colcon_meta']
[0.202s] Level 1:colcon.colcon_core.package_identification:_identify(vision_detector) by extension 'colcon_meta'
[0.202s] Level 1:colcon.colcon_core.package_identification:_identify(vision_detector) by extensions ['ros']
[0.203s] Level 1:colcon.colcon_core.package_identification:_identify(vision_detector) by extension 'ros'
[0.203s] DEBUG:colcon.colcon_core.package_identification:Package 'vision_detector' with type 'ros.ament_cmake' and name 'vision_detector'
[0.203s] Level 1:colcon.colcon_core.package_discovery:discover_packages(recursive) using defaults
[0.203s] Level 1:colcon.colcon_core.package_discovery:discover_packages(ignore) discover
[0.203s] Level 1:colcon.colcon_core.package_discovery:discover_packages(ignore) using defaults
[0.203s] Level 1:colcon.colcon_core.package_discovery:discover_packages(path) discover
[0.203s] Level 1:colcon.colcon_core.package_discovery:discover_packages(path) using defaults
[0.224s] Level 1:colcon.colcon_core.package_discovery:discover_packages(prefix_path) check parameters
[0.224s] Level 1:colcon.colcon_core.package_discovery:discover_packages(prefix_path) discover
[0.227s] DEBUG:colcon.colcon_installed_package_information.package_discovery:Found 271 installed packages in /opt/ros/humble
[0.229s] Level 1:colcon.colcon_core.package_discovery:discover_packages(prefix_path) using defaults
[0.257s] Level 5:colcon.colcon_core.verb:set package 'camera_publish' build argument 'cmake_args' from command line to 'None'
[0.257s] Level 5:colcon.colcon_core.verb:set package 'camera_publish' build argument 'cmake_target' from command line to 'None'
[0.257s] Level 5:colcon.colcon_core.verb:set package 'camera_publish' build argument 'cmake_target_skip_unavailable' from command line to 'False'
[0.257s] Level 5:colcon.colcon_core.verb:set package 'camera_publish' build argument 'cmake_clean_cache' from command line to 'False'
[0.257s] Level 5:colcon.colcon_core.verb:set package 'camera_publish' build argument 'cmake_clean_first' from command line to 'False'
[0.257s] Level 5:colcon.colcon_core.verb:set package 'camera_publish' build argument 'cmake_force_configure' from command line to 'False'
[0.257s] Level 5:colcon.colcon_core.verb:set package 'camera_publish' build argument 'ament_cmake_args' from command line to 'None'
[0.257s] Level 5:colcon.colcon_core.verb:set package 'camera_publish' build argument 'catkin_cmake_args' from command line to 'None'
[0.257s] Level 5:colcon.colcon_core.verb:set package 'camera_publish' build argument 'catkin_skip_building_tests' from command line to 'False'
[0.257s] DEBUG:colcon.colcon_core.verb:Building package 'camera_publish' with the following arguments: {'ament_cmake_args': None, 'build_base': '/home/liker/Desktop/camera1/c_ws/src/build/camera_publish', 'catkin_cmake_args': None, 'catkin_skip_building_tests': False, 'cmake_args': None, 'cmake_clean_cache': False, 'cmake_clean_first': False, 'cmake_force_configure': False, 'cmake_target': None, 'cmake_target_skip_unavailable': False, 'install_base': '/home/liker/Desktop/camera1/c_ws/src/install/camera_publish', 'merge_install': False, 'path': '/home/liker/Desktop/camera1/c_ws/src/camera_publish', 'symlink_install': False, 'test_result_base': None}
[0.258s] Level 5:colcon.colcon_core.verb:set package 'my_launch' build argument 'cmake_args' from command line to 'None'
[0.258s] Level 5:colcon.colcon_core.verb:set package 'my_launch' build argument 'cmake_target' from command line to 'None'
[0.258s] Level 5:colcon.colcon_core.verb:set package 'my_launch' build argument 'cmake_target_skip_unavailable' from command line to 'False'
[0.258s] Level 5:colcon.colcon_core.verb:set package 'my_launch' build argument 'cmake_clean_cache' from command line to 'False'
[0.258s] Level 5:colcon.colcon_core.verb:set package 'my_launch' build argument 'cmake_clean_first' from command line to 'False'
[0.258s] Level 5:colcon.colcon_core.verb:set package 'my_launch' build argument 'cmake_force_configure' from command line to 'False'
[0.258s] Level 5:colcon.colcon_core.verb:set package 'my_launch' build argument 'ament_cmake_args' from command line to 'None'
[0.258s] Level 5:colcon.colcon_core.verb:set package 'my_launch' build argument 'catkin_cmake_args' from command line to 'None'
[0.258s] Level 5:colcon.colcon_core.verb:set package 'my_launch' build argument 'catkin_skip_building_tests' from command line to 'False'
[0.258s] DEBUG:colcon.colcon_core.verb:Building package 'my_launch' with the following arguments: {'ament_cmake_args': None, 'build_base': '/home/liker/Desktop/camera1/c_ws/src/build/my_launch', 'catkin_cmake_args': None, 'catkin_skip_building_tests': False, 'cmake_args': None, 'cmake_clean_cache': False, 'cmake_clean_first': False, 'cmake_force_configure': False, 'cmake_target': None, 'cmake_target_skip_unavailable': False, 'install_base': '/home/liker/Desktop/camera1/c_ws/src/install/my_launch', 'merge_install': False, 'path': '/home/liker/Desktop/camera1/c_ws/src/my_launch', 'symlink_install': False, 'test_result_base': None}
[0.258s] Level 5:colcon.colcon_core.verb:set package 'rm_interfaces' build argument 'cmake_args' from command line to 'None'
[0.258s] Level 5:colcon.colcon_core.verb:set package 'rm_interfaces' build argument 'cmake_target' from command line to 'None'
[0.258s] Level 5:colcon.colcon_core.verb:set package 'rm_interfaces' build argument 'cmake_target_skip_unavailable' from command line to 'False'
[0.258s] Level 5:colcon.colcon_core.verb:set package 'rm_interfaces' build argument 'cmake_clean_cache' from command line to 'False'
[0.258s] Level 5:colcon.colcon_core.verb:set package 'rm_interfaces' build argument 'cmake_clean_first' from command line to 'False'
[0.258s] Level 5:colcon.colcon_core.verb:set package 'rm_interfaces' build argument 'cmake_force_configure' from command line to 'False'
[0.258s] Level 5:colcon.colcon_core.verb:set package 'rm_interfaces' build argument 'ament_cmake_args' from command line to 'None'
[0.258s] Level 5:colcon.colcon_core.verb:set package 'rm_interfaces' build argument 'catkin_cmake_args' from command line to 'None'
[0.258s] Level 5:colcon.colcon_core.verb:set package 'rm_interfaces' build argument 'catkin_skip_building_tests' from command line to 'False'
[0.258s] DEBUG:colcon.colcon_core.verb:Building package 'rm_interfaces' with the following arguments: {'ament_cmake_args': None, 'build_base': '/home/liker/Desktop/camera1/c_ws/src/build/rm_interfaces', 'catkin_cmake_args': None, 'catkin_skip_building_tests': False, 'cmake_args': None, 'cmake_clean_cache': False, 'cmake_clean_first': False, 'cmake_force_configure': False, 'cmake_target': None, 'cmake_target_skip_unavailable': False, 'install_base': '/home/liker/Desktop/camera1/c_ws/src/install/rm_interfaces', 'merge_install': False, 'path': '/home/liker/Desktop/camera1/c_ws/src/rm_interfaces', 'symlink_install': False, 'test_result_base': None}
[0.258s] Level 5:colcon.colcon_core.verb:set package 'tf2_node' build argument 'cmake_args' from command line to 'None'
[0.258s] Level 5:colcon.colcon_core.verb:set package 'tf2_node' build argument 'cmake_target' from command line to 'None'
[0.258s] Level 5:colcon.colcon_core.verb:set package 'tf2_node' build argument 'cmake_target_skip_unavailable' from command line to 'False'
[0.258s] Level 5:colcon.colcon_core.verb:set package 'tf2_node' build argument 'cmake_clean_cache' from command line to 'False'
[0.258s] Level 5:colcon.colcon_core.verb:set package 'tf2_node' build argument 'cmake_clean_first' from command line to 'False'
[0.258s] Level 5:colcon.colcon_core.verb:set package 'tf2_node' build argument 'cmake_force_configure' from command line to 'False'
[0.258s] Level 5:colcon.colcon_core.verb:set package 'tf2_node' build argument 'ament_cmake_args' from command line to 'None'
[0.258s] Level 5:colcon.colcon_core.verb:set package 'tf2_node' build argument 'catkin_cmake_args' from command line to 'None'
[0.258s] Level 5:colcon.colcon_core.verb:set package 'tf2_node' build argument 'catkin_skip_building_tests' from command line to 'False'
[0.259s] DEBUG:colcon.colcon_core.verb:Building package 'tf2_node' with the following arguments: {'ament_cmake_args': None, 'build_base': '/home/liker/Desktop/camera1/c_ws/src/build/tf2_node', 'catkin_cmake_args': None, 'catkin_skip_building_tests': False, 'cmake_args': None, 'cmake_clean_cache': False, 'cmake_clean_first': False, 'cmake_force_configure': False, 'cmake_target': None, 'cmake_target_skip_unavailable': False, 'install_base': '/home/liker/Desktop/camera1/c_ws/src/install/tf2_node', 'merge_install': False, 'path': '/home/liker/Desktop/camera1/c_ws/src/tf2_node', 'symlink_install': False, 'test_result_base': None}
[0.259s] Level 5:colcon.colcon_core.verb:set package 'vision_detector' build argument 'cmake_args' from command line to 'None'
[0.259s] Level 5:colcon.colcon_core.verb:set package 'vision_detector' build argument 'cmake_target' from command line to 'None'
[0.259s] Level 5:colcon.colcon_core.verb:set package 'vision_detector' build argument 'cmake_target_skip_unavailable' from command line to 'False'
[0.259s] Level 5:colcon.colcon_core.verb:set package 'vision_detector' build argument 'cmake_clean_cache' from command line to 'False'
[0.259s] Level 5:colcon.colcon_core.verb:set package 'vision_detector' build argument 'cmake_clean_first' from command line to 'False'
[0.259s] Level 5:colcon.colcon_core.verb:set package 'vision_detector' build argument 'cmake_force_configure' from command line to 'False'
[0.259s] Level 5:colcon.colcon_core.verb:set package 'vision_detector' build argument 'ament_cmake_args' from command line to 'None'
[0.259s] Level 5:colcon.colcon_core.verb:set package 'vision_detector' build argument 'catkin_cmake_args' from command line to 'None'
[0.259s] Level 5:colcon.colcon_core.verb:set package 'vision_detector' build argument 'catkin_skip_building_tests' from command line to 'False'
[0.259s] DEBUG:colcon.colcon_core.verb:Building package 'vision_detector' with the following arguments: {'ament_cmake_args': None, 'build_base': '/home/liker/Desktop/camera1/c_ws/src/build/vision_detector', 'catkin_cmake_args': None, 'catkin_skip_building_tests': False, 'cmake_args': None, 'cmake_clean_cache': False, 'cmake_clean_first': False, 'cmake_force_configure': False, 'cmake_target': None, 'cmake_target_skip_unavailable': False, 'install_base': '/home/liker/Desktop/camera1/c_ws/src/install/vision_detector', 'merge_install': False, 'path': '/home/liker/Desktop/camera1/c_ws/src/vision_detector', 'symlink_install': False, 'test_result_base': None}
[0.259s] INFO:colcon.colcon_core.executor:Executing jobs using 'parallel' executor
[0.260s] DEBUG:colcon.colcon_parallel_executor.executor.parallel:run_until_complete
[0.260s] INFO:colcon.colcon_ros.task.ament_cmake.build:Building ROS package in '/home/liker/Desktop/camera1/c_ws/src/rm_interfaces' with build type 'ament_cmake'
[0.261s] INFO:colcon.colcon_cmake.task.cmake.build:Building CMake package in '/home/liker/Desktop/camera1/c_ws/src/rm_interfaces'
[0.265s] INFO:colcon.colcon_core.plugin_system:Skipping extension 'colcon_core.shell.bat': Not used on non-Windows systems
[0.265s] INFO:colcon.colcon_core.shell:Skip shell extension 'powershell' for command environment: Not usable outside of PowerShell
[0.265s] DEBUG:colcon.colcon_core.shell:Skip shell extension 'dsv' for command environment
[0.268s] INFO:colcon.colcon_ros.task.ament_cmake.build:Building ROS package in '/home/liker/Desktop/camera1/c_ws/src/camera_publish' with build type 'ament_cmake'
[0.269s] INFO:colcon.colcon_cmake.task.cmake.build:Building CMake package in '/home/liker/Desktop/camera1/c_ws/src/camera_publish'
[0.269s] INFO:colcon.colcon_core.shell:Skip shell extension 'powershell' for command environment: Not usable outside of PowerShell
[0.269s] DEBUG:colcon.colcon_core.shell:Skip shell extension 'dsv' for command environment
[0.271s] INFO:colcon.colcon_ros.task.ament_cmake.build:Building ROS package in '/home/liker/Desktop/camera1/c_ws/src/my_launch' with build type 'ament_cmake'
[0.271s] INFO:colcon.colcon_cmake.task.cmake.build:Building CMake package in '/home/liker/Desktop/camera1/c_ws/src/my_launch'
[0.271s] INFO:colcon.colcon_core.shell:Skip shell extension 'powershell' for command environment: Not usable outside of PowerShell
[0.271s] DEBUG:colcon.colcon_core.shell:Skip shell extension 'dsv' for command environment
[0.277s] DEBUG:colcon.colcon_core.event_handler.log_command:Invoking command in '/home/liker/Desktop/camera1/c_ws/src/build/rm_interfaces': CMAKE_PREFIX_PATH=/opt/ros/humble /usr/local/bin/cmake --build /home/liker/Desktop/camera1/c_ws/src/build/rm_interfaces -- -j32 -l32
[0.283s] DEBUG:colcon.colcon_core.event_handler.log_command:Invoking command in '/home/liker/Desktop/camera1/c_ws/src/build/camera_publish': CMAKE_PREFIX_PATH=/opt/ros/humble /usr/local/bin/cmake --build /home/liker/Desktop/camera1/c_ws/src/build/camera_publish -- -j32 -l32
[0.290s] DEBUG:colcon.colcon_core.event_handler.log_command:Invoking command in '/home/liker/Desktop/camera1/c_ws/src/build/my_launch': CMAKE_PREFIX_PATH=/opt/ros/humble /usr/local/bin/cmake --build /home/liker/Desktop/camera1/c_ws/src/build/my_launch -- -j32 -l32
[0.316s] DEBUG:colcon.colcon_core.event_handler.log_command:Invoked command in '/home/liker/Desktop/camera1/c_ws/src/build/my_launch' returned '0': CMAKE_PREFIX_PATH=/opt/ros/humble /usr/local/bin/cmake --build /home/liker/Desktop/camera1/c_ws/src/build/my_launch -- -j32 -l32
[0.324s] DEBUG:colcon.colcon_core.event_handler.log_command:Invoking command in '/home/liker/Desktop/camera1/c_ws/src/build/my_launch': CMAKE_PREFIX_PATH=/opt/ros/humble /usr/local/bin/cmake --install /home/liker/Desktop/camera1/c_ws/src/build/my_launch
[0.335s] DEBUG:colcon.colcon_core.event_handler.log_command:Invoked command in '/home/liker/Desktop/camera1/c_ws/src/build/camera_publish' returned '0': CMAKE_PREFIX_PATH=/opt/ros/humble /usr/local/bin/cmake --build /home/liker/Desktop/camera1/c_ws/src/build/camera_publish -- -j32 -l32
[0.338s] DEBUG:colcon.colcon_core.event_handler.log_command:Invoking command in '/home/liker/Desktop/camera1/c_ws/src/build/camera_publish': CMAKE_PREFIX_PATH=/opt/ros/humble /usr/local/bin/cmake --install /home/liker/Desktop/camera1/c_ws/src/build/camera_publish
[0.338s] Level 1:colcon.colcon_core.environment:create_environment_scripts_only(my_launch)
[0.338s] DEBUG:colcon.colcon_core.event_handler.log_command:Invoked command in '/home/liker/Desktop/camera1/c_ws/src/build/my_launch' returned '0': CMAKE_PREFIX_PATH=/opt/ros/humble /usr/local/bin/cmake --install /home/liker/Desktop/camera1/c_ws/src/build/my_launch
[0.341s] Level 1:colcon.colcon_core.environment:checking '/home/liker/Desktop/camera1/c_ws/src/install/my_launch' for CMake module files
[0.342s] Level 1:colcon.colcon_core.environment:checking '/home/liker/Desktop/camera1/c_ws/src/install/my_launch' for CMake config files
[0.343s] Level 1:colcon.colcon_core.shell:create_environment_hook('my_launch', 'cmake_prefix_path')
[0.343s] INFO:colcon.colcon_core.shell:Creating environment hook '/home/liker/Desktop/camera1/c_ws/src/install/my_launch/share/my_launch/hook/cmake_prefix_path.ps1'
[0.344s] INFO:colcon.colcon_core.shell:Creating environment descriptor '/home/liker/Desktop/camera1/c_ws/src/install/my_launch/share/my_launch/hook/cmake_prefix_path.dsv'
[0.345s] INFO:colcon.colcon_core.shell:Creating environment hook '/home/liker/Desktop/camera1/c_ws/src/install/my_launch/share/my_launch/hook/cmake_prefix_path.sh'
[0.345s] Level 1:colcon.colcon_core.environment:checking '/home/liker/Desktop/camera1/c_ws/src/install/my_launch/bin'
[0.346s] Level 1:colcon.colcon_core.environment:checking '/home/liker/Desktop/camera1/c_ws/src/install/my_launch/lib/pkgconfig/my_launch.pc'
[0.346s] Level 1:colcon.colcon_core.environment:checking '/home/liker/Desktop/camera1/c_ws/src/install/my_launch/lib/python3.10/site-packages'
[0.346s] Level 1:colcon.colcon_core.environment:checking '/home/liker/Desktop/camera1/c_ws/src/install/my_launch/bin'
[0.346s] INFO:colcon.colcon_core.shell:Creating package script '/home/liker/Desktop/camera1/c_ws/src/install/my_launch/share/my_launch/package.ps1'
[0.347s] INFO:colcon.colcon_core.shell:Creating package descriptor '/home/liker/Desktop/camera1/c_ws/src/install/my_launch/share/my_launch/package.dsv'
[0.348s] INFO:colcon.colcon_core.shell:Creating package script '/home/liker/Desktop/camera1/c_ws/src/install/my_launch/share/my_launch/package.sh'
[0.348s] INFO:colcon.colcon_core.shell:Creating package script '/home/liker/Desktop/camera1/c_ws/src/install/my_launch/share/my_launch/package.bash'
[0.349s] INFO:colcon.colcon_core.shell:Creating package script '/home/liker/Desktop/camera1/c_ws/src/install/my_launch/share/my_launch/package.zsh'
[0.350s] Level 1:colcon.colcon_core.environment:create_file_with_runtime_dependencies(/home/liker/Desktop/camera1/c_ws/src/install/my_launch/share/colcon-core/packages/my_launch)
[0.350s] Level 1:colcon.colcon_core.environment:create_environment_scripts_only(my_launch)
[0.351s] Level 1:colcon.colcon_core.environment:checking '/home/liker/Desktop/camera1/c_ws/src/install/my_launch' for CMake module files
[0.351s] Level 1:colcon.colcon_core.environment:checking '/home/liker/Desktop/camera1/c_ws/src/install/my_launch' for CMake config files
[0.352s] Level 1:colcon.colcon_core.shell:create_environment_hook('my_launch', 'cmake_prefix_path')
[0.352s] INFO:colcon.colcon_core.shell:Creating environment hook '/home/liker/Desktop/camera1/c_ws/src/install/my_launch/share/my_launch/hook/cmake_prefix_path.ps1'
[0.353s] INFO:colcon.colcon_core.shell:Creating environment descriptor '/home/liker/Desktop/camera1/c_ws/src/install/my_launch/share/my_launch/hook/cmake_prefix_path.dsv'
[0.354s] INFO:colcon.colcon_core.shell:Creating environment hook '/home/liker/Desktop/camera1/c_ws/src/install/my_launch/share/my_launch/hook/cmake_prefix_path.sh'
[0.355s] Level 1:colcon.colcon_core.environment:checking '/home/liker/Desktop/camera1/c_ws/src/install/my_launch/bin'
[0.355s] Level 1:colcon.colcon_core.environment:checking '/home/liker/Desktop/camera1/c_ws/src/install/my_launch/lib/pkgconfig/my_launch.pc'
[0.355s] Level 1:colcon.colcon_core.environment:checking '/home/liker/Desktop/camera1/c_ws/src/install/my_launch/lib/python3.10/site-packages'
[0.356s] Level 1:colcon.colcon_core.environment:checking '/home/liker/Desktop/camera1/c_ws/src/install/my_launch/bin'
[0.356s] INFO:colcon.colcon_core.shell:Creating package script '/home/liker/Desktop/camera1/c_ws/src/install/my_launch/share/my_launch/package.ps1'
[0.356s] INFO:colcon.colcon_core.shell:Creating package descriptor '/home/liker/Desktop/camera1/c_ws/src/install/my_launch/share/my_launch/package.dsv'
[0.357s] INFO:colcon.colcon_core.shell:Creating package script '/home/liker/Desktop/camera1/c_ws/src/install/my_launch/share/my_launch/package.sh'
[0.357s] INFO:colcon.colcon_core.shell:Creating package script '/home/liker/Desktop/camera1/c_ws/src/install/my_launch/share/my_launch/package.bash'
[0.358s] INFO:colcon.colcon_core.shell:Creating package script '/home/liker/Desktop/camera1/c_ws/src/install/my_launch/share/my_launch/package.zsh'
[0.358s] Level 1:colcon.colcon_core.environment:create_file_with_runtime_dependencies(/home/liker/Desktop/camera1/c_ws/src/install/my_launch/share/colcon-core/packages/my_launch)
[0.360s] Level 1:colcon.colcon_core.environment:create_environment_scripts_only(camera_publish)
[0.361s] Level 1:colcon.colcon_core.environment:checking '/home/liker/Desktop/camera1/c_ws/src/install/camera_publish' for CMake module files
[0.362s] Level 1:colcon.colcon_core.environment:checking '/home/liker/Desktop/camera1/c_ws/src/install/camera_publish' for CMake config files
[0.363s] Level 1:colcon.colcon_core.shell:create_environment_hook('camera_publish', 'cmake_prefix_path')
[0.364s] INFO:colcon.colcon_core.shell:Creating environment hook '/home/liker/Desktop/camera1/c_ws/src/install/camera_publish/share/camera_publish/hook/cmake_prefix_path.ps1'
[0.365s] INFO:colcon.colcon_core.shell:Creating environment descriptor '/home/liker/Desktop/camera1/c_ws/src/install/camera_publish/share/camera_publish/hook/cmake_prefix_path.dsv'
[0.366s] INFO:colcon.colcon_core.shell:Creating environment hook '/home/liker/Desktop/camera1/c_ws/src/install/camera_publish/share/camera_publish/hook/cmake_prefix_path.sh'
[0.367s] DEBUG:colcon.colcon_core.event_handler.log_command:Invoked command in '/home/liker/Desktop/camera1/c_ws/src/build/camera_publish' returned '0': CMAKE_PREFIX_PATH=/opt/ros/humble /usr/local/bin/cmake --install /home/liker/Desktop/camera1/c_ws/src/build/camera_publish
[0.367s] Level 1:colcon.colcon_core.environment:checking '/home/liker/Desktop/camera1/c_ws/src/install/camera_publish/lib'
[0.367s] Level 1:colcon.colcon_core.environment:checking '/home/liker/Desktop/camera1/c_ws/src/install/camera_publish/bin'
[0.367s] Level 1:colcon.colcon_core.environment:checking '/home/liker/Desktop/camera1/c_ws/src/install/camera_publish/lib/pkgconfig/camera_publish.pc'
[0.368s] Level 1:colcon.colcon_core.environment:checking '/home/liker/Desktop/camera1/c_ws/src/install/camera_publish/lib/python3.10/site-packages'
[0.368s] Level 1:colcon.colcon_core.environment:checking '/home/liker/Desktop/camera1/c_ws/src/install/camera_publish/bin'
[0.368s] INFO:colcon.colcon_core.shell:Creating package script '/home/liker/Desktop/camera1/c_ws/src/install/camera_publish/share/camera_publish/package.ps1'
[0.369s] INFO:colcon.colcon_core.shell:Creating package descriptor '/home/liker/Desktop/camera1/c_ws/src/install/camera_publish/share/camera_publish/package.dsv'
[0.369s] INFO:colcon.colcon_core.shell:Creating package script '/home/liker/Desktop/camera1/c_ws/src/install/camera_publish/share/camera_publish/package.sh'
[0.370s] INFO:colcon.colcon_core.shell:Creating package script '/home/liker/Desktop/camera1/c_ws/src/install/camera_publish/share/camera_publish/package.bash'
[0.370s] INFO:colcon.colcon_core.shell:Creating package script '/home/liker/Desktop/camera1/c_ws/src/install/camera_publish/share/camera_publish/package.zsh'
[0.371s] Level 1:colcon.colcon_core.environment:create_file_with_runtime_dependencies(/home/liker/Desktop/camera1/c_ws/src/install/camera_publish/share/colcon-core/packages/camera_publish)
[0.371s] Level 1:colcon.colcon_core.environment:create_environment_scripts_only(camera_publish)
[0.372s] Level 1:colcon.colcon_core.environment:checking '/home/liker/Desktop/camera1/c_ws/src/install/camera_publish' for CMake module files
[0.372s] Level 1:colcon.colcon_core.environment:checking '/home/liker/Desktop/camera1/c_ws/src/install/camera_publish' for CMake config files
[0.372s] Level 1:colcon.colcon_core.shell:create_environment_hook('camera_publish', 'cmake_prefix_path')
[0.372s] INFO:colcon.colcon_core.shell:Creating environment hook '/home/liker/Desktop/camera1/c_ws/src/install/camera_publish/share/camera_publish/hook/cmake_prefix_path.ps1'
[0.373s] INFO:colcon.colcon_core.shell:Creating environment descriptor '/home/liker/Desktop/camera1/c_ws/src/install/camera_publish/share/camera_publish/hook/cmake_prefix_path.dsv'
[0.373s] INFO:colcon.colcon_core.shell:Creating environment hook '/home/liker/Desktop/camera1/c_ws/src/install/camera_publish/share/camera_publish/hook/cmake_prefix_path.sh'
[0.374s] Level 1:colcon.colcon_core.environment:checking '/home/liker/Desktop/camera1/c_ws/src/install/camera_publish/lib'
[0.374s] Level 1:colcon.colcon_core.environment:checking '/home/liker/Desktop/camera1/c_ws/src/install/camera_publish/bin'
[0.374s] Level 1:colcon.colcon_core.environment:checking '/home/liker/Desktop/camera1/c_ws/src/install/camera_publish/lib/pkgconfig/camera_publish.pc'
[0.374s] Level 1:colcon.colcon_core.environment:checking '/home/liker/Desktop/camera1/c_ws/src/install/camera_publish/lib/python3.10/site-packages'
[0.374s] Level 1:colcon.colcon_core.environment:checking '/home/liker/Desktop/camera1/c_ws/src/install/camera_publish/bin'
[0.375s] INFO:colcon.colcon_core.shell:Creating package script '/home/liker/Desktop/camera1/c_ws/src/install/camera_publish/share/camera_publish/package.ps1'
[0.375s] INFO:colcon.colcon_core.shell:Creating package descriptor '/home/liker/Desktop/camera1/c_ws/src/install/camera_publish/share/camera_publish/package.dsv'
[0.376s] INFO:colcon.colcon_core.shell:Creating package script '/home/liker/Desktop/camera1/c_ws/src/install/camera_publish/share/camera_publish/package.sh'
[0.376s] INFO:colcon.colcon_core.shell:Creating package script '/home/liker/Desktop/camera1/c_ws/src/install/camera_publish/share/camera_publish/package.bash'
[0.377s] INFO:colcon.colcon_core.shell:Creating package script '/home/liker/Desktop/camera1/c_ws/src/install/camera_publish/share/camera_publish/package.zsh'
[0.377s] Level 1:colcon.colcon_core.environment:create_file_with_runtime_dependencies(/home/liker/Desktop/camera1/c_ws/src/install/camera_publish/share/colcon-core/packages/camera_publish)
[0.525s] DEBUG:colcon.colcon_core.event_handler.log_command:Invoked command in '/home/liker/Desktop/camera1/c_ws/src/build/rm_interfaces' returned '0': CMAKE_PREFIX_PATH=/opt/ros/humble /usr/local/bin/cmake --build /home/liker/Desktop/camera1/c_ws/src/build/rm_interfaces -- -j32 -l32
[0.525s] DEBUG:colcon.colcon_core.event_handler.log_command:Invoking command in '/home/liker/Desktop/camera1/c_ws/src/build/rm_interfaces': CMAKE_PREFIX_PATH=/opt/ros/humble /usr/local/bin/cmake --install /home/liker/Desktop/camera1/c_ws/src/build/rm_interfaces
[0.566s] Level 1:colcon.colcon_core.environment:create_environment_scripts_only(rm_interfaces)
[0.566s] Level 1:colcon.colcon_core.environment:checking '/home/liker/Desktop/camera1/c_ws/src/install/rm_interfaces' for CMake module files
[0.567s] DEBUG:colcon.colcon_core.event_handler.log_command:Invoked command in '/home/liker/Desktop/camera1/c_ws/src/build/rm_interfaces' returned '0': CMAKE_PREFIX_PATH=/opt/ros/humble /usr/local/bin/cmake --install /home/liker/Desktop/camera1/c_ws/src/build/rm_interfaces
[0.567s] Level 1:colcon.colcon_core.environment:checking '/home/liker/Desktop/camera1/c_ws/src/install/rm_interfaces' for CMake config files
[0.568s] Level 1:colcon.colcon_core.shell:create_environment_hook('rm_interfaces', 'cmake_prefix_path')
[0.568s] INFO:colcon.colcon_core.shell:Creating environment hook '/home/liker/Desktop/camera1/c_ws/src/install/rm_interfaces/share/rm_interfaces/hook/cmake_prefix_path.ps1'
[0.568s] INFO:colcon.colcon_core.shell:Creating environment descriptor '/home/liker/Desktop/camera1/c_ws/src/install/rm_interfaces/share/rm_interfaces/hook/cmake_prefix_path.dsv'
[0.569s] INFO:colcon.colcon_core.shell:Creating environment hook '/home/liker/Desktop/camera1/c_ws/src/install/rm_interfaces/share/rm_interfaces/hook/cmake_prefix_path.sh'
[0.570s] Level 1:colcon.colcon_core.environment:checking '/home/liker/Desktop/camera1/c_ws/src/install/rm_interfaces/lib'
[0.570s] Level 1:colcon.colcon_core.shell:create_environment_hook('rm_interfaces', 'ld_library_path_lib')
[0.570s] INFO:colcon.colcon_core.shell:Creating environment hook '/home/liker/Desktop/camera1/c_ws/src/install/rm_interfaces/share/rm_interfaces/hook/ld_library_path_lib.ps1'
[0.570s] INFO:colcon.colcon_core.shell:Creating environment descriptor '/home/liker/Desktop/camera1/c_ws/src/install/rm_interfaces/share/rm_interfaces/hook/ld_library_path_lib.dsv'
[0.571s] INFO:colcon.colcon_core.shell:Creating environment hook '/home/liker/Desktop/camera1/c_ws/src/install/rm_interfaces/share/rm_interfaces/hook/ld_library_path_lib.sh'
[0.571s] Level 1:colcon.colcon_core.environment:checking '/home/liker/Desktop/camera1/c_ws/src/install/rm_interfaces/bin'
[0.571s] Level 1:colcon.colcon_core.environment:checking '/home/liker/Desktop/camera1/c_ws/src/install/rm_interfaces/lib/pkgconfig/rm_interfaces.pc'
[0.571s] Level 1:colcon.colcon_core.environment:checking '/home/liker/Desktop/camera1/c_ws/src/install/rm_interfaces/lib/python3.10/site-packages'
[0.572s] Level 1:colcon.colcon_core.environment:checking '/home/liker/Desktop/camera1/c_ws/src/install/rm_interfaces/bin'
[0.572s] INFO:colcon.colcon_core.shell:Creating package script '/home/liker/Desktop/camera1/c_ws/src/install/rm_interfaces/share/rm_interfaces/package.ps1'
[0.572s] INFO:colcon.colcon_core.shell:Creating package descriptor '/home/liker/Desktop/camera1/c_ws/src/install/rm_interfaces/share/rm_interfaces/package.dsv'
[0.573s] INFO:colcon.colcon_core.shell:Creating package script '/home/liker/Desktop/camera1/c_ws/src/install/rm_interfaces/share/rm_interfaces/package.sh'
[0.573s] INFO:colcon.colcon_core.shell:Creating package script '/home/liker/Desktop/camera1/c_ws/src/install/rm_interfaces/share/rm_interfaces/package.bash'
[0.574s] INFO:colcon.colcon_core.shell:Creating package script '/home/liker/Desktop/camera1/c_ws/src/install/rm_interfaces/share/rm_interfaces/package.zsh'
[0.574s] Level 1:colcon.colcon_core.environment:create_file_with_runtime_dependencies(/home/liker/Desktop/camera1/c_ws/src/install/rm_interfaces/share/colcon-core/packages/rm_interfaces)
[0.575s] Level 1:colcon.colcon_core.environment:create_environment_scripts_only(rm_interfaces)
[0.575s] Level 1:colcon.colcon_core.environment:checking '/home/liker/Desktop/camera1/c_ws/src/install/rm_interfaces' for CMake module files
[0.576s] Level 1:colcon.colcon_core.environment:checking '/home/liker/Desktop/camera1/c_ws/src/install/rm_interfaces' for CMake config files
[0.576s] Level 1:colcon.colcon_core.shell:create_environment_hook('rm_interfaces', 'cmake_prefix_path')
[0.576s] INFO:colcon.colcon_core.shell:Creating environment hook '/home/liker/Desktop/camera1/c_ws/src/install/rm_interfaces/share/rm_interfaces/hook/cmake_prefix_path.ps1'
[0.577s] INFO:colcon.colcon_core.shell:Creating environment descriptor '/home/liker/Desktop/camera1/c_ws/src/install/rm_interfaces/share/rm_interfaces/hook/cmake_prefix_path.dsv'
[0.577s] INFO:colcon.colcon_core.shell:Creating environment hook '/home/liker/Desktop/camera1/c_ws/src/install/rm_interfaces/share/rm_interfaces/hook/cmake_prefix_path.sh'
[0.578s] Level 1:colcon.colcon_core.environment:checking '/home/liker/Desktop/camera1/c_ws/src/install/rm_interfaces/lib'
[0.578s] Level 1:colcon.colcon_core.shell:create_environment_hook('rm_interfaces', 'ld_library_path_lib')
[0.578s] INFO:colcon.colcon_core.shell:Creating environment hook '/home/liker/Desktop/camera1/c_ws/src/install/rm_interfaces/share/rm_interfaces/hook/ld_library_path_lib.ps1'
[0.578s] INFO:colcon.colcon_core.shell:Creating environment descriptor '/home/liker/Desktop/camera1/c_ws/src/install/rm_interfaces/share/rm_interfaces/hook/ld_library_path_lib.dsv'
[0.579s] INFO:colcon.colcon_core.shell:Creating environment hook '/home/liker/Desktop/camera1/c_ws/src/install/rm_interfaces/share/rm_interfaces/hook/ld_library_path_lib.sh'
[0.580s] Level 1:colcon.colcon_core.environment:checking '/home/liker/Desktop/camera1/c_ws/src/install/rm_interfaces/bin'
[0.580s] Level 1:colcon.colcon_core.environment:checking '/home/liker/Desktop/camera1/c_ws/src/install/rm_interfaces/lib/pkgconfig/rm_interfaces.pc'
[0.580s] Level 1:colcon.colcon_core.environment:checking '/home/liker/Desktop/camera1/c_ws/src/install/rm_interfaces/lib/python3.10/site-packages'
[0.580s] Level 1:colcon.colcon_core.environment:checking '/home/liker/Desktop/camera1/c_ws/src/install/rm_interfaces/bin'
[0.581s] INFO:colcon.colcon_core.shell:Creating package script '/home/liker/Desktop/camera1/c_ws/src/install/rm_interfaces/share/rm_interfaces/package.ps1'
[0.581s] INFO:colcon.colcon_core.shell:Creating package descriptor '/home/liker/Desktop/camera1/c_ws/src/install/rm_interfaces/share/rm_interfaces/package.dsv'
[0.582s] INFO:colcon.colcon_core.shell:Creating package script '/home/liker/Desktop/camera1/c_ws/src/install/rm_interfaces/share/rm_interfaces/package.sh'
[0.583s] INFO:colcon.colcon_core.shell:Creating package script '/home/liker/Desktop/camera1/c_ws/src/install/rm_interfaces/share/rm_interfaces/package.bash'
[0.583s] INFO:colcon.colcon_core.shell:Creating package script '/home/liker/Desktop/camera1/c_ws/src/install/rm_interfaces/share/rm_interfaces/package.zsh'
[0.584s] Level 1:colcon.colcon_core.environment:create_file_with_runtime_dependencies(/home/liker/Desktop/camera1/c_ws/src/install/rm_interfaces/share/colcon-core/packages/rm_interfaces)
[0.584s] INFO:colcon.colcon_ros.task.ament_cmake.build:Building ROS package in '/home/liker/Desktop/camera1/c_ws/src/tf2_node' with build type 'ament_cmake'
[0.585s] INFO:colcon.colcon_cmake.task.cmake.build:Building CMake package in '/home/liker/Desktop/camera1/c_ws/src/tf2_node'
[0.585s] INFO:colcon.colcon_core.shell:Skip shell extension 'powershell' for command environment: Not usable outside of PowerShell
[0.585s] DEBUG:colcon.colcon_core.shell:Skip shell extension 'dsv' for command environment
[0.589s] INFO:colcon.colcon_ros.task.ament_cmake.build:Building ROS package in '/home/liker/Desktop/camera1/c_ws/src/vision_detector' with build type 'ament_cmake'
[0.590s] INFO:colcon.colcon_cmake.task.cmake.build:Building CMake package in '/home/liker/Desktop/camera1/c_ws/src/vision_detector'
[0.590s] INFO:colcon.colcon_core.shell:Skip shell extension 'powershell' for command environment: Not usable outside of PowerShell
[0.590s] DEBUG:colcon.colcon_core.shell:Skip shell extension 'dsv' for command environment
[0.604s] DEBUG:colcon.colcon_core.event_handler.log_command:Invoking command in '/home/liker/Desktop/camera1/c_ws/src/build/tf2_node': AMENT_PREFIX_PATH=/home/liker/Desktop/camera1/c_ws/src/install/rm_interfaces:${AMENT_PREFIX_PATH} CMAKE_PREFIX_PATH=/home/liker/Desktop/camera1/c_ws/src/install/rm_interfaces:/opt/ros/humble LD_LIBRARY_PATH=/home/liker/Desktop/camera1/c_ws/src/install/rm_interfaces/lib:${LD_LIBRARY_PATH} PYTHONPATH=/home/liker/Desktop/camera1/c_ws/src/install/rm_interfaces/local/lib/python3.10/dist-packages:${PYTHONPATH} /usr/local/bin/cmake --build /home/liker/Desktop/camera1/c_ws/src/build/tf2_node -- -j32 -l32
[0.607s] DEBUG:colcon.colcon_core.event_handler.log_command:Invoking command in '/home/liker/Desktop/camera1/c_ws/src/build/vision_detector': AMENT_PREFIX_PATH=/home/liker/Desktop/camera1/c_ws/src/install/rm_interfaces:${AMENT_PREFIX_PATH} CMAKE_PREFIX_PATH=/home/liker/Desktop/camera1/c_ws/src/install/rm_interfaces:/opt/ros/humble LD_LIBRARY_PATH=/home/liker/Desktop/camera1/c_ws/src/install/rm_interfaces/lib:${LD_LIBRARY_PATH} PYTHONPATH=/home/liker/Desktop/camera1/c_ws/src/install/rm_interfaces/local/lib/python3.10/dist-packages:${PYTHONPATH} /usr/local/bin/cmake --build /home/liker/Desktop/camera1/c_ws/src/build/vision_detector -- -j32 -l32
[9.253s] DEBUG:colcon.colcon_core.event_handler.log_command:Invoked command in '/home/liker/Desktop/camera1/c_ws/src/build/vision_detector' returned '0': AMENT_PREFIX_PATH=/home/liker/Desktop/camera1/c_ws/src/install/rm_interfaces:${AMENT_PREFIX_PATH} CMAKE_PREFIX_PATH=/home/liker/Desktop/camera1/c_ws/src/install/rm_interfaces:/opt/ros/humble LD_LIBRARY_PATH=/home/liker/Desktop/camera1/c_ws/src/install/rm_interfaces/lib:${LD_LIBRARY_PATH} PYTHONPATH=/home/liker/Desktop/camera1/c_ws/src/install/rm_interfaces/local/lib/python3.10/dist-packages:${PYTHONPATH} /usr/local/bin/cmake --build /home/liker/Desktop/camera1/c_ws/src/build/vision_detector -- -j32 -l32
[9.256s] DEBUG:colcon.colcon_core.event_handler.log_command:Invoking command in '/home/liker/Desktop/camera1/c_ws/src/build/vision_detector': AMENT_PREFIX_PATH=/home/liker/Desktop/camera1/c_ws/src/install/rm_interfaces:${AMENT_PREFIX_PATH} CMAKE_PREFIX_PATH=/home/liker/Desktop/camera1/c_ws/src/install/rm_interfaces:/opt/ros/humble LD_LIBRARY_PATH=/home/liker/Desktop/camera1/c_ws/src/install/rm_interfaces/lib:${LD_LIBRARY_PATH} PYTHONPATH=/home/liker/Desktop/camera1/c_ws/src/install/rm_interfaces/local/lib/python3.10/dist-packages:${PYTHONPATH} /usr/local/bin/cmake --install /home/liker/Desktop/camera1/c_ws/src/build/vision_detector
[9.273s] Level 1:colcon.colcon_core.environment:create_environment_scripts_only(vision_detector)
[9.274s] Level 1:colcon.colcon_core.environment:checking '/home/liker/Desktop/camera1/c_ws/src/install/vision_detector' for CMake module files
[9.274s] DEBUG:colcon.colcon_core.event_handler.log_command:Invoked command in '/home/liker/Desktop/camera1/c_ws/src/build/vision_detector' returned '0': AMENT_PREFIX_PATH=/home/liker/Desktop/camera1/c_ws/src/install/rm_interfaces:${AMENT_PREFIX_PATH} CMAKE_PREFIX_PATH=/home/liker/Desktop/camera1/c_ws/src/install/rm_interfaces:/opt/ros/humble LD_LIBRARY_PATH=/home/liker/Desktop/camera1/c_ws/src/install/rm_interfaces/lib:${LD_LIBRARY_PATH} PYTHONPATH=/home/liker/Desktop/camera1/c_ws/src/install/rm_interfaces/local/lib/python3.10/dist-packages:${PYTHONPATH} /usr/local/bin/cmake --install /home/liker/Desktop/camera1/c_ws/src/build/vision_detector
[9.274s] Level 1:colcon.colcon_core.environment:checking '/home/liker/Desktop/camera1/c_ws/src/install/vision_detector' for CMake config files
[9.275s] Level 1:colcon.colcon_core.shell:create_environment_hook('vision_detector', 'cmake_prefix_path')
[9.275s] INFO:colcon.colcon_core.shell:Creating environment hook '/home/liker/Desktop/camera1/c_ws/src/install/vision_detector/share/vision_detector/hook/cmake_prefix_path.ps1'
[9.276s] INFO:colcon.colcon_core.shell:Creating environment descriptor '/home/liker/Desktop/camera1/c_ws/src/install/vision_detector/share/vision_detector/hook/cmake_prefix_path.dsv'
[9.277s] INFO:colcon.colcon_core.shell:Creating environment hook '/home/liker/Desktop/camera1/c_ws/src/install/vision_detector/share/vision_detector/hook/cmake_prefix_path.sh'
[9.277s] Level 1:colcon.colcon_core.environment:checking '/home/liker/Desktop/camera1/c_ws/src/install/vision_detector/lib'
[9.277s] Level 1:colcon.colcon_core.environment:checking '/home/liker/Desktop/camera1/c_ws/src/install/vision_detector/bin'
[9.277s] Level 1:colcon.colcon_core.environment:checking '/home/liker/Desktop/camera1/c_ws/src/install/vision_detector/lib/pkgconfig/vision_detector.pc'
[9.278s] Level 1:colcon.colcon_core.environment:checking '/home/liker/Desktop/camera1/c_ws/src/install/vision_detector/lib/python3.10/site-packages'
[9.278s] Level 1:colcon.colcon_core.environment:checking '/home/liker/Desktop/camera1/c_ws/src/install/vision_detector/bin'
[9.278s] INFO:colcon.colcon_core.shell:Creating package script '/home/liker/Desktop/camera1/c_ws/src/install/vision_detector/share/vision_detector/package.ps1'
[9.279s] INFO:colcon.colcon_core.shell:Creating package descriptor '/home/liker/Desktop/camera1/c_ws/src/install/vision_detector/share/vision_detector/package.dsv'
[9.279s] INFO:colcon.colcon_core.shell:Creating package script '/home/liker/Desktop/camera1/c_ws/src/install/vision_detector/share/vision_detector/package.sh'
[9.280s] INFO:colcon.colcon_core.shell:Creating package script '/home/liker/Desktop/camera1/c_ws/src/install/vision_detector/share/vision_detector/package.bash'
[9.281s] INFO:colcon.colcon_core.shell:Creating package script '/home/liker/Desktop/camera1/c_ws/src/install/vision_detector/share/vision_detector/package.zsh'
[9.281s] Level 1:colcon.colcon_core.environment:create_file_with_runtime_dependencies(/home/liker/Desktop/camera1/c_ws/src/install/vision_detector/share/colcon-core/packages/vision_detector)
[9.282s] Level 1:colcon.colcon_core.environment:create_environment_scripts_only(vision_detector)
[9.282s] Level 1:colcon.colcon_core.environment:checking '/home/liker/Desktop/camera1/c_ws/src/install/vision_detector' for CMake module files
[9.282s] Level 1:colcon.colcon_core.environment:checking '/home/liker/Desktop/camera1/c_ws/src/install/vision_detector' for CMake config files
[9.283s] Level 1:colcon.colcon_core.shell:create_environment_hook('vision_detector', 'cmake_prefix_path')
[9.283s] INFO:colcon.colcon_core.shell:Creating environment hook '/home/liker/Desktop/camera1/c_ws/src/install/vision_detector/share/vision_detector/hook/cmake_prefix_path.ps1'
[9.283s] INFO:colcon.colcon_core.shell:Creating environment descriptor '/home/liker/Desktop/camera1/c_ws/src/install/vision_detector/share/vision_detector/hook/cmake_prefix_path.dsv'
[9.284s] INFO:colcon.colcon_core.shell:Creating environment hook '/home/liker/Desktop/camera1/c_ws/src/install/vision_detector/share/vision_detector/hook/cmake_prefix_path.sh'
[9.284s] Level 1:colcon.colcon_core.environment:checking '/home/liker/Desktop/camera1/c_ws/src/install/vision_detector/lib'
[9.284s] Level 1:colcon.colcon_core.environment:checking '/home/liker/Desktop/camera1/c_ws/src/install/vision_detector/bin'
[9.284s] Level 1:colcon.colcon_core.environment:checking '/home/liker/Desktop/camera1/c_ws/src/install/vision_detector/lib/pkgconfig/vision_detector.pc'
[9.285s] Level 1:colcon.colcon_core.environment:checking '/home/liker/Desktop/camera1/c_ws/src/install/vision_detector/lib/python3.10/site-packages'
[9.285s] Level 1:colcon.colcon_core.environment:checking '/home/liker/Desktop/camera1/c_ws/src/install/vision_detector/bin'
[9.285s] INFO:colcon.colcon_core.shell:Creating package script '/home/liker/Desktop/camera1/c_ws/src/install/vision_detector/share/vision_detector/package.ps1'
[9.286s] INFO:colcon.colcon_core.shell:Creating package descriptor '/home/liker/Desktop/camera1/c_ws/src/install/vision_detector/share/vision_detector/package.dsv'
[9.286s] INFO:colcon.colcon_core.shell:Creating package script '/home/liker/Desktop/camera1/c_ws/src/install/vision_detector/share/vision_detector/package.sh'
[9.287s] INFO:colcon.colcon_core.shell:Creating package script '/home/liker/Desktop/camera1/c_ws/src/install/vision_detector/share/vision_detector/package.bash'
[9.287s] INFO:colcon.colcon_core.shell:Creating package script '/home/liker/Desktop/camera1/c_ws/src/install/vision_detector/share/vision_detector/package.zsh'
[9.288s] Level 1:colcon.colcon_core.environment:create_file_with_runtime_dependencies(/home/liker/Desktop/camera1/c_ws/src/install/vision_detector/share/colcon-core/packages/vision_detector)
[10.530s] DEBUG:colcon.colcon_core.event_handler.log_command:Invoked command in '/home/liker/Desktop/camera1/c_ws/src/build/tf2_node' returned '0': AMENT_PREFIX_PATH=/home/liker/Desktop/camera1/c_ws/src/install/rm_interfaces:${AMENT_PREFIX_PATH} CMAKE_PREFIX_PATH=/home/liker/Desktop/camera1/c_ws/src/install/rm_interfaces:/opt/ros/humble LD_LIBRARY_PATH=/home/liker/Desktop/camera1/c_ws/src/install/rm_interfaces/lib:${LD_LIBRARY_PATH} PYTHONPATH=/home/liker/Desktop/camera1/c_ws/src/install/rm_interfaces/local/lib/python3.10/dist-packages:${PYTHONPATH} /usr/local/bin/cmake --build /home/liker/Desktop/camera1/c_ws/src/build/tf2_node -- -j32 -l32
[10.533s] DEBUG:colcon.colcon_core.event_handler.log_command:Invoking command in '/home/liker/Desktop/camera1/c_ws/src/build/tf2_node': AMENT_PREFIX_PATH=/home/liker/Desktop/camera1/c_ws/src/install/rm_interfaces:${AMENT_PREFIX_PATH} CMAKE_PREFIX_PATH=/home/liker/Desktop/camera1/c_ws/src/install/rm_interfaces:/opt/ros/humble LD_LIBRARY_PATH=/home/liker/Desktop/camera1/c_ws/src/install/rm_interfaces/lib:${LD_LIBRARY_PATH} PYTHONPATH=/home/liker/Desktop/camera1/c_ws/src/install/rm_interfaces/local/lib/python3.10/dist-packages:${PYTHONPATH} /usr/local/bin/cmake --install /home/liker/Desktop/camera1/c_ws/src/build/tf2_node
[10.551s] Level 1:colcon.colcon_core.environment:create_environment_scripts_only(tf2_node)
[10.551s] DEBUG:colcon.colcon_core.event_handler.log_command:Invoked command in '/home/liker/Desktop/camera1/c_ws/src/build/tf2_node' returned '0': AMENT_PREFIX_PATH=/home/liker/Desktop/camera1/c_ws/src/install/rm_interfaces:${AMENT_PREFIX_PATH} CMAKE_PREFIX_PATH=/home/liker/Desktop/camera1/c_ws/src/install/rm_interfaces:/opt/ros/humble LD_LIBRARY_PATH=/home/liker/Desktop/camera1/c_ws/src/install/rm_interfaces/lib:${LD_LIBRARY_PATH} PYTHONPATH=/home/liker/Desktop/camera1/c_ws/src/install/rm_interfaces/local/lib/python3.10/dist-packages:${PYTHONPATH} /usr/local/bin/cmake --install /home/liker/Desktop/camera1/c_ws/src/build/tf2_node
[10.552s] Level 1:colcon.colcon_core.environment:checking '/home/liker/Desktop/camera1/c_ws/src/install/tf2_node' for CMake module files
[10.552s] Level 1:colcon.colcon_core.environment:checking '/home/liker/Desktop/camera1/c_ws/src/install/tf2_node' for CMake config files
[10.553s] Level 1:colcon.colcon_core.shell:create_environment_hook('tf2_node', 'cmake_prefix_path')
[10.553s] INFO:colcon.colcon_core.shell:Creating environment hook '/home/liker/Desktop/camera1/c_ws/src/install/tf2_node/share/tf2_node/hook/cmake_prefix_path.ps1'
[10.553s] INFO:colcon.colcon_core.shell:Creating environment descriptor '/home/liker/Desktop/camera1/c_ws/src/install/tf2_node/share/tf2_node/hook/cmake_prefix_path.dsv'
[10.554s] INFO:colcon.colcon_core.shell:Creating environment hook '/home/liker/Desktop/camera1/c_ws/src/install/tf2_node/share/tf2_node/hook/cmake_prefix_path.sh'
[10.555s] Level 1:colcon.colcon_core.environment:checking '/home/liker/Desktop/camera1/c_ws/src/install/tf2_node/lib'
[10.555s] Level 1:colcon.colcon_core.environment:checking '/home/liker/Desktop/camera1/c_ws/src/install/tf2_node/bin'
[10.555s] Level 1:colcon.colcon_core.environment:checking '/home/liker/Desktop/camera1/c_ws/src/install/tf2_node/lib/pkgconfig/tf2_node.pc'
[10.555s] Level 1:colcon.colcon_core.environment:checking '/home/liker/Desktop/camera1/c_ws/src/install/tf2_node/lib/python3.10/site-packages'
[10.555s] Level 1:colcon.colcon_core.environment:checking '/home/liker/Desktop/camera1/c_ws/src/install/tf2_node/bin'
[10.555s] INFO:colcon.colcon_core.shell:Creating package script '/home/liker/Desktop/camera1/c_ws/src/install/tf2_node/share/tf2_node/package.ps1'
[10.556s] INFO:colcon.colcon_core.shell:Creating package descriptor '/home/liker/Desktop/camera1/c_ws/src/install/tf2_node/share/tf2_node/package.dsv'
[10.556s] INFO:colcon.colcon_core.shell:Creating package script '/home/liker/Desktop/camera1/c_ws/src/install/tf2_node/share/tf2_node/package.sh'
[10.557s] INFO:colcon.colcon_core.shell:Creating package script '/home/liker/Desktop/camera1/c_ws/src/install/tf2_node/share/tf2_node/package.bash'
[10.557s] INFO:colcon.colcon_core.shell:Creating package script '/home/liker/Desktop/camera1/c_ws/src/install/tf2_node/share/tf2_node/package.zsh'
[10.558s] Level 1:colcon.colcon_core.environment:create_file_with_runtime_dependencies(/home/liker/Desktop/camera1/c_ws/src/install/tf2_node/share/colcon-core/packages/tf2_node)
[10.558s] Level 1:colcon.colcon_core.environment:create_environment_scripts_only(tf2_node)
[10.559s] Level 1:colcon.colcon_core.environment:checking '/home/liker/Desktop/camera1/c_ws/src/install/tf2_node' for CMake module files
[10.559s] Level 1:colcon.colcon_core.environment:checking '/home/liker/Desktop/camera1/c_ws/src/install/tf2_node' for CMake config files
[10.559s] Level 1:colcon.colcon_core.shell:create_environment_hook('tf2_node', 'cmake_prefix_path')
[10.559s] INFO:colcon.colcon_core.shell:Creating environment hook '/home/liker/Desktop/camera1/c_ws/src/install/tf2_node/share/tf2_node/hook/cmake_prefix_path.ps1'
[10.560s] INFO:colcon.colcon_core.shell:Creating environment descriptor '/home/liker/Desktop/camera1/c_ws/src/install/tf2_node/share/tf2_node/hook/cmake_prefix_path.dsv'
[10.560s] INFO:colcon.colcon_core.shell:Creating environment hook '/home/liker/Desktop/camera1/c_ws/src/install/tf2_node/share/tf2_node/hook/cmake_prefix_path.sh'
[10.561s] Level 1:colcon.colcon_core.environment:checking '/home/liker/Desktop/camera1/c_ws/src/install/tf2_node/lib'
[10.561s] Level 1:colcon.colcon_core.environment:checking '/home/liker/Desktop/camera1/c_ws/src/install/tf2_node/bin'
[10.561s] Level 1:colcon.colcon_core.environment:checking '/home/liker/Desktop/camera1/c_ws/src/install/tf2_node/lib/pkgconfig/tf2_node.pc'
[10.561s] Level 1:colcon.colcon_core.environment:checking '/home/liker/Desktop/camera1/c_ws/src/install/tf2_node/lib/python3.10/site-packages'
[10.561s] Level 1:colcon.colcon_core.environment:checking '/home/liker/Desktop/camera1/c_ws/src/install/tf2_node/bin'
[10.561s] INFO:colcon.colcon_core.shell:Creating package script '/home/liker/Desktop/camera1/c_ws/src/install/tf2_node/share/tf2_node/package.ps1'
[10.562s] INFO:colcon.colcon_core.shell:Creating package descriptor '/home/liker/Desktop/camera1/c_ws/src/install/tf2_node/share/tf2_node/package.dsv'
[10.563s] INFO:colcon.colcon_core.shell:Creating package script '/home/liker/Desktop/camera1/c_ws/src/install/tf2_node/share/tf2_node/package.sh'
[10.564s] INFO:colcon.colcon_core.shell:Creating package script '/home/liker/Desktop/camera1/c_ws/src/install/tf2_node/share/tf2_node/package.bash'
[10.565s] INFO:colcon.colcon_core.shell:Creating package script '/home/liker/Desktop/camera1/c_ws/src/install/tf2_node/share/tf2_node/package.zsh'
[10.565s] Level 1:colcon.colcon_core.environment:create_file_with_runtime_dependencies(/home/liker/Desktop/camera1/c_ws/src/install/tf2_node/share/colcon-core/packages/tf2_node)
[10.566s] DEBUG:colcon.colcon_parallel_executor.executor.parallel:closing loop
[10.567s] DEBUG:colcon.colcon_parallel_executor.executor.parallel:loop closed
[10.567s] DEBUG:colcon.colcon_parallel_executor.executor.parallel:run_until_complete finished with '0'
[10.567s] DEBUG:colcon.colcon_core.event_reactor:joining thread
[10.582s] INFO:colcon.colcon_core.plugin_system:Skipping extension 'colcon_notification.desktop_notification.terminal_notifier': Not used on non-Darwin systems
[10.582s] INFO:colcon.colcon_core.plugin_system:Skipping extension 'colcon_notification.desktop_notification.win32': Not used on non-Windows systems
[10.582s] INFO:colcon.colcon_notification.desktop_notification:Sending desktop notification using 'notify2'
[10.593s] DEBUG:colcon.colcon_core.event_reactor:joined thread
[10.593s] INFO:colcon.colcon_core.shell:Creating prefix script '/home/liker/Desktop/camera1/c_ws/src/install/local_setup.ps1'
[10.595s] INFO:colcon.colcon_core.shell:Creating prefix util module '/home/liker/Desktop/camera1/c_ws/src/install/_local_setup_util_ps1.py'
[10.597s] INFO:colcon.colcon_core.shell:Creating prefix chain script '/home/liker/Desktop/camera1/c_ws/src/install/setup.ps1'
[10.598s] INFO:colcon.colcon_core.shell:Creating prefix script '/home/liker/Desktop/camera1/c_ws/src/install/local_setup.sh'
[10.599s] INFO:colcon.colcon_core.shell:Creating prefix util module '/home/liker/Desktop/camera1/c_ws/src/install/_local_setup_util_sh.py'
[10.599s] INFO:colcon.colcon_core.shell:Creating prefix chain script '/home/liker/Desktop/camera1/c_ws/src/install/setup.sh'
[10.600s] INFO:colcon.colcon_core.shell:Creating prefix script '/home/liker/Desktop/camera1/c_ws/src/install/local_setup.bash'
[10.601s] INFO:colcon.colcon_core.shell:Creating prefix chain script '/home/liker/Desktop/camera1/c_ws/src/install/setup.bash'
[10.602s] INFO:colcon.colcon_core.shell:Creating prefix script '/home/liker/Desktop/camera1/c_ws/src/install/local_setup.zsh'
[10.603s] INFO:colcon.colcon_core.shell:Creating prefix chain script '/home/liker/Desktop/camera1/c_ws/src/install/setup.zsh'
