[0.011s] Invoking command in '/home/liker/Desktop/camera1/c_ws/src/build/vision_detector': CMAKE_PREFIX_PATH=/opt/ros/humble /usr/local/bin/cmake /home/liker/Desktop/camera1/c_ws/src/vision_detector -DCMAKE_INSTALL_PREFIX=/home/liker/Desktop/camera1/c_ws/src/install/vision_detector
[0.015s] [0mCMake Deprecation Warning at CMakeLists.txt:1 (cmake_minimum_required):
[0.015s]   Compatibility with CMake < 3.10 will be removed from a future version of
[0.015s]   CMake.
[0.015s] 
[0.016s]   Update the VERSION argument <min> value.  Or, use the <min>...<max> syntax
[0.016s]   to tell CMake that the project requires at least <min> but has been updated
[0.016s]   to work with policies introduced by <max> or earlier.
[0.016s] 
[0.016s] [0m
[0.020s] -- Found ament_cmake: 1.3.12 (/opt/ros/humble/share/ament_cmake/cmake)
[0.164s] -- Found rclcpp: 16.0.16 (/opt/ros/humble/share/rclcpp/cmake)
[0.183s] -- Found rosidl_generator_c: 3.1.7 (/opt/ros/humble/share/rosidl_generator_c/cmake)
[0.185s] -- Found rosidl_adapter: 3.1.7 (/opt/ros/humble/share/rosidl_adapter/cmake)
[0.190s] -- Found rosidl_generator_cpp: 3.1.7 (/opt/ros/humble/share/rosidl_generator_cpp/cmake)
[0.197s] -- Using all available rosidl_typesupport_c: rosidl_typesupport_fastrtps_c;rosidl_typesupport_introspection_c
[0.206s] -- Using all available rosidl_typesupport_cpp: rosidl_typesupport_fastrtps_cpp;rosidl_typesupport_introspection_cpp
[0.235s] -- Found rmw_implementation_cmake: 6.1.2 (/opt/ros/humble/share/rmw_implementation_cmake/cmake)
[0.236s] -- Found rmw_fastrtps_cpp: 6.2.9 (/opt/ros/humble/share/rmw_fastrtps_cpp/cmake)
[0.317s] -- Using RMW implementation 'rmw_fastrtps_cpp' as default
[0.364s] -- Found cv_bridge: 3.2.1 (/opt/ros/humble/share/cv_bridge/cmake)
[0.402s] [33mCMake Warning at CMakeLists.txt:14 (find_package):
[0.402s]   By not providing "FindOpenCv.cmake" in CMAKE_MODULE_PATH this project has
[0.402s]   asked CMake to find a package configuration file provided by "OpenCv", but
[0.402s]   CMake did not find one.
[0.402s] 
[0.402s]   Could not find a package configuration file provided by "OpenCv" with any
[0.402s]   of the following names:
[0.402s] 
[0.402s]     OpenCvConfig.cmake
[0.402s]     opencv-config.cmake
[0.402s] 
[0.402s]   Add the installation prefix of "OpenCv" to CMAKE_PREFIX_PATH or set
[0.402s]   "OpenCv_DIR" to a directory containing one of the above files.  If "OpenCv"
[0.402s]   provides a separate development package or SDK, be sure it has been
[0.402s]   installed.
[0.402s] 
[0.403s] [0m
[0.404s] -- Found ament_lint_auto: 0.12.14 (/opt/ros/humble/share/ament_lint_auto/cmake)
[0.482s] [31mCMake Error at /opt/ros/humble/share/ament_cmake_target_dependencies/cmake/ament_target_dependencies.cmake:42 (message):
[0.482s]   ament_target_dependencies() the first argument must be a valid target name
[0.482s] Call Stack (most recent call first):
[0.482s]   CMakeLists.txt:29 (ament_target_dependencies)
[0.483s] 
[0.483s] [0m
[0.483s] -- Configuring incomplete, errors occurred!
[0.492s] Invoked command in '/home/liker/Desktop/camera1/c_ws/src/build/vision_detector' returned '1': CMAKE_PREFIX_PATH=/opt/ros/humble /usr/local/bin/cmake /home/liker/Desktop/camera1/c_ws/src/vision_detector -DCMAKE_INSTALL_PREFIX=/home/liker/Desktop/camera1/c_ws/src/install/vision_detector
