[0.017s] Invoking command in '/home/liker/Desktop/camera1/c_ws/build/my_launch': /usr/local/bin/cmake /home/liker/Desktop/camera1/c_ws/src/my_launch -DCMAKE_INSTALL_PREFIX=/home/liker/Desktop/camera1/c_ws/install/my_launch
[0.019s] [0mCMake Deprecation Warning at CMakeLists.txt:1 (cmake_minimum_required):
[0.019s]   Compatibility with CMake < 3.10 will be removed from a future version of
[0.019s]   CMake.
[0.019s] 
[0.019s]   Update the VERSION argument <min> value.  Or, use the <min>...<max> syntax
[0.019s]   to tell CMake that the project requires at least <min> but has been updated
[0.019s]   to work with policies introduced by <max> or earlier.
[0.019s] 
[0.019s] [0m
[0.040s] -- Configuring incomplete, errors occurred!
[0.040s] [31mCMake Error at CMakeLists.txt:9 (find_package):
[0.040s]   By not providing "Findament_cmake.cmake" in CMAKE_MODULE_PATH this project
[0.040s]   has asked CMake to find a package configuration file provided by
[0.040s]   "ament_cmake", but CMake did not find one.
[0.041s] 
[0.041s]   Could not find a package configuration file provided by "ament_cmake" with
[0.041s]   any of the following names:
[0.041s] 
[0.041s]     ament_cmakeConfig.cmake
[0.041s]     ament_cmake-config.cmake
[0.041s] 
[0.041s]   Add the installation prefix of "ament_cmake" to CMAKE_PREFIX_PATH or set
[0.041s]   "ament_cmake_DIR" to a directory containing one of the above files.  If
[0.041s]   "ament_cmake" provides a separate development package or SDK, be sure it
[0.041s]   has been installed.
[0.041s] 
[0.041s] [0m
[0.041s] Invoked command in '/home/liker/Desktop/camera1/c_ws/build/my_launch' returned '1': /usr/local/bin/cmake /home/liker/Desktop/camera1/c_ws/src/my_launch -DCMAKE_INSTALL_PREFIX=/home/liker/Desktop/camera1/c_ws/install/my_launch
