[0.015s] Invoking command in '/home/liker/Desktop/camera1/c_ws/src/build/vision_detector': CMAKE_PREFIX_PATH=/opt/ros/humble /usr/local/bin/cmake --build /home/liker/Desktop/camera1/c_ws/src/build/vision_detector -- -j32 -l32
[0.070s] [ 33%] [32mBuilding CXX object CMakeFiles/vision_detector.dir/src/detector.cpp.o[0m
[2.451s] [ 66%] [32m[1mLinking CXX executable vision_detector[0m
[2.680s] /usr/bin/ld: warning: libopencv_imgproc.so.4.5d, needed by /opt/ros/humble/lib/libcv_bridge.so, may conflict with libopencv_imgproc.so.405
[2.681s] /usr/bin/ld: warning: libopencv_core.so.4.5d, needed by /opt/ros/humble/lib/libcv_bridge.so, may conflict with libopencv_core.so.405
[3.108s] [100%] Built target vision_detector
[3.114s] Invoked command in '/home/liker/Desktop/camera1/c_ws/src/build/vision_detector' returned '0': CMAKE_PREFIX_PATH=/opt/ros/humble /usr/local/bin/cmake --build /home/liker/Desktop/camera1/c_ws/src/build/vision_detector -- -j32 -l32
[3.121s] Invoking command in '/home/liker/Desktop/camera1/c_ws/src/build/vision_detector': CMAKE_PREFIX_PATH=/opt/ros/humble /usr/local/bin/cmake --install /home/liker/Desktop/camera1/c_ws/src/build/vision_detector
[3.129s] -- Install configuration: ""
[3.130s] -- Installing: /home/liker/Desktop/camera1/c_ws/src/install/vision_detector/lib/vision_detector/vision_detector
[3.161s] -- Set non-toolchain portion of runtime path of "/home/liker/Desktop/camera1/c_ws/src/install/vision_detector/lib/vision_detector/vision_detector" to ""
[3.161s] -- Up-to-date: /home/liker/Desktop/camera1/c_ws/src/install/vision_detector/share/ament_index/resource_index/package_run_dependencies/vision_detector
[3.161s] -- Up-to-date: /home/liker/Desktop/camera1/c_ws/src/install/vision_detector/share/ament_index/resource_index/parent_prefix_path/vision_detector
[3.161s] -- Up-to-date: /home/liker/Desktop/camera1/c_ws/src/install/vision_detector/share/vision_detector/environment/ament_prefix_path.sh
[3.161s] -- Up-to-date: /home/liker/Desktop/camera1/c_ws/src/install/vision_detector/share/vision_detector/environment/ament_prefix_path.dsv
[3.161s] -- Up-to-date: /home/liker/Desktop/camera1/c_ws/src/install/vision_detector/share/vision_detector/environment/path.sh
[3.161s] -- Up-to-date: /home/liker/Desktop/camera1/c_ws/src/install/vision_detector/share/vision_detector/environment/path.dsv
[3.161s] -- Up-to-date: /home/liker/Desktop/camera1/c_ws/src/install/vision_detector/share/vision_detector/local_setup.bash
[3.161s] -- Up-to-date: /home/liker/Desktop/camera1/c_ws/src/install/vision_detector/share/vision_detector/local_setup.sh
[3.162s] -- Up-to-date: /home/liker/Desktop/camera1/c_ws/src/install/vision_detector/share/vision_detector/local_setup.zsh
[3.162s] -- Up-to-date: /home/liker/Desktop/camera1/c_ws/src/install/vision_detector/share/vision_detector/local_setup.dsv
[3.162s] -- Installing: /home/liker/Desktop/camera1/c_ws/src/install/vision_detector/share/vision_detector/package.dsv
[3.162s] -- Up-to-date: /home/liker/Desktop/camera1/c_ws/src/install/vision_detector/share/ament_index/resource_index/packages/vision_detector
[3.162s] -- Up-to-date: /home/liker/Desktop/camera1/c_ws/src/install/vision_detector/share/vision_detector/cmake/vision_detectorConfig.cmake
[3.162s] -- Up-to-date: /home/liker/Desktop/camera1/c_ws/src/install/vision_detector/share/vision_detector/cmake/vision_detectorConfig-version.cmake
[3.162s] -- Up-to-date: /home/liker/Desktop/camera1/c_ws/src/install/vision_detector/share/vision_detector/package.xml
[3.164s] Invoked command in '/home/liker/Desktop/camera1/c_ws/src/build/vision_detector' returned '0': CMAKE_PREFIX_PATH=/opt/ros/humble /usr/local/bin/cmake --install /home/liker/Desktop/camera1/c_ws/src/build/vision_detector
