[0.133s] DEBUG:colcon:Command line arguments: ['/usr/bin/colcon', 'build']
[0.133s] DEBUG:colcon:Parsed command line arguments: Namespace(log_base=None, log_level=None, verb_name='build', build_base='build', install_base='install', merge_install=False, symlink_install=False, test_result_base=None, continue_on_error=False, executor='parallel', parallel_workers=32, event_handlers=None, ignore_user_meta=False, metas=['./colcon.meta'], base_paths=['.'], packages_ignore=None, packages_ignore_regex=None, paths=None, packages_up_to=None, packages_up_to_regex=None, packages_above=None, packages_above_and_dependencies=None, packages_above_depth=None, packages_select_by_dep=None, packages_skip_by_dep=None, packages_skip_up_to=None, packages_select_build_failed=False, packages_skip_build_finished=False, packages_select_test_failures=False, packages_skip_test_passed=False, packages_select=None, packages_skip=None, packages_select_regex=None, packages_skip_regex=None, packages_start=None, packages_end=None, allow_overriding=[], cmake_args=None, cmake_target=None, cmake_target_skip_unavailable=False, cmake_clean_cache=False, cmake_clean_first=False, cmake_force_configure=False, ament_cmake_args=None, catkin_cmake_args=None, catkin_skip_building_tests=False, verb_parser=<colcon_defaults.argument_parser.defaults.DefaultArgumentsDecorator object at 0x7cdf3b2173d0>, verb_extension=<colcon_core.verb.build.BuildVerb object at 0x7cdf3b3d09d0>, main=<bound method BuildVerb.main of <colcon_core.verb.build.BuildVerb object at 0x7cdf3b3d09d0>>)
[0.416s] Level 1:colcon.colcon_core.package_discovery:discover_packages(colcon_meta) check parameters
[0.416s] Level 1:colcon.colcon_core.package_discovery:discover_packages(recursive) check parameters
[0.416s] Level 1:colcon.colcon_core.package_discovery:discover_packages(ignore) check parameters
[0.416s] Level 1:colcon.colcon_core.package_discovery:discover_packages(path) check parameters
[0.416s] Level 1:colcon.colcon_core.package_discovery:discover_packages(colcon_meta) discover
[0.416s] Level 1:colcon.colcon_core.package_discovery:discover_packages(recursive) discover
[0.416s] INFO:colcon.colcon_core.package_discovery:Crawling recursively for packages in '/home/liker/Desktop/camera1/c_ws/src'
[0.416s] Level 1:colcon.colcon_core.package_identification:_identify(.) by extensions ['ignore', 'ignore_ament_install']
[0.416s] Level 1:colcon.colcon_core.package_identification:_identify(.) by extension 'ignore'
[0.416s] Level 1:colcon.colcon_core.package_identification:_identify(.) by extension 'ignore_ament_install'
[0.416s] Level 1:colcon.colcon_core.package_identification:_identify(.) by extensions ['colcon_pkg']
[0.416s] Level 1:colcon.colcon_core.package_identification:_identify(.) by extension 'colcon_pkg'
[0.416s] Level 1:colcon.colcon_core.package_identification:_identify(.) by extensions ['colcon_meta']
[0.416s] Level 1:colcon.colcon_core.package_identification:_identify(.) by extension 'colcon_meta'
[0.416s] Level 1:colcon.colcon_core.package_identification:_identify(.) by extensions ['ros']
[0.416s] Level 1:colcon.colcon_core.package_identification:_identify(.) by extension 'ros'
[0.424s] Level 1:colcon.colcon_core.package_identification:_identify(.) by extensions ['cmake', 'python']
[0.424s] Level 1:colcon.colcon_core.package_identification:_identify(.) by extension 'cmake'
[0.424s] Level 1:colcon.colcon_core.package_identification:_identify(.) by extension 'python'
[0.424s] Level 1:colcon.colcon_core.package_identification:_identify(.) by extensions ['python_setup_py']
[0.424s] Level 1:colcon.colcon_core.package_identification:_identify(.) by extension 'python_setup_py'
[0.424s] Level 1:colcon.colcon_core.package_identification:_identify(build) by extensions ['ignore', 'ignore_ament_install']
[0.424s] Level 1:colcon.colcon_core.package_identification:_identify(build) by extension 'ignore'
[0.425s] Level 1:colcon.colcon_core.package_identification:_identify(build) ignored
[0.425s] Level 1:colcon.colcon_core.package_identification:_identify(camera_publish) by extensions ['ignore', 'ignore_ament_install']
[0.425s] Level 1:colcon.colcon_core.package_identification:_identify(camera_publish) by extension 'ignore'
[0.425s] Level 1:colcon.colcon_core.package_identification:_identify(camera_publish) by extension 'ignore_ament_install'
[0.425s] Level 1:colcon.colcon_core.package_identification:_identify(camera_publish) by extensions ['colcon_pkg']
[0.425s] Level 1:colcon.colcon_core.package_identification:_identify(camera_publish) by extension 'colcon_pkg'
[0.425s] Level 1:colcon.colcon_core.package_identification:_identify(camera_publish) by extensions ['colcon_meta']
[0.425s] Level 1:colcon.colcon_core.package_identification:_identify(camera_publish) by extension 'colcon_meta'
[0.425s] Level 1:colcon.colcon_core.package_identification:_identify(camera_publish) by extensions ['ros']
[0.425s] Level 1:colcon.colcon_core.package_identification:_identify(camera_publish) by extension 'ros'
[0.428s] DEBUG:colcon.colcon_core.package_identification:Package 'camera_publish' with type 'ros.ament_cmake' and name 'camera_publish'
[0.429s] Level 1:colcon.colcon_core.package_identification:_identify(install) by extensions ['ignore', 'ignore_ament_install']
[0.429s] Level 1:colcon.colcon_core.package_identification:_identify(install) by extension 'ignore'
[0.429s] Level 1:colcon.colcon_core.package_identification:_identify(install) ignored
[0.429s] Level 1:colcon.colcon_core.package_identification:_identify(log) by extensions ['ignore', 'ignore_ament_install']
[0.429s] Level 1:colcon.colcon_core.package_identification:_identify(log) by extension 'ignore'
[0.429s] Level 1:colcon.colcon_core.package_identification:_identify(log) ignored
[0.429s] Level 1:colcon.colcon_core.package_identification:_identify(vision_detector) by extensions ['ignore', 'ignore_ament_install']
[0.429s] Level 1:colcon.colcon_core.package_identification:_identify(vision_detector) by extension 'ignore'
[0.429s] Level 1:colcon.colcon_core.package_identification:_identify(vision_detector) by extension 'ignore_ament_install'
[0.429s] Level 1:colcon.colcon_core.package_identification:_identify(vision_detector) by extensions ['colcon_pkg']
[0.429s] Level 1:colcon.colcon_core.package_identification:_identify(vision_detector) by extension 'colcon_pkg'
[0.429s] Level 1:colcon.colcon_core.package_identification:_identify(vision_detector) by extensions ['colcon_meta']
[0.429s] Level 1:colcon.colcon_core.package_identification:_identify(vision_detector) by extension 'colcon_meta'
[0.429s] Level 1:colcon.colcon_core.package_identification:_identify(vision_detector) by extensions ['ros']
[0.429s] Level 1:colcon.colcon_core.package_identification:_identify(vision_detector) by extension 'ros'
[0.430s] DEBUG:colcon.colcon_core.package_identification:Package 'vision_detector' with type 'ros.ament_cmake' and name 'vision_detector'
[0.430s] Level 1:colcon.colcon_core.package_discovery:discover_packages(recursive) using defaults
[0.430s] Level 1:colcon.colcon_core.package_discovery:discover_packages(ignore) discover
[0.430s] Level 1:colcon.colcon_core.package_discovery:discover_packages(ignore) using defaults
[0.430s] Level 1:colcon.colcon_core.package_discovery:discover_packages(path) discover
[0.430s] Level 1:colcon.colcon_core.package_discovery:discover_packages(path) using defaults
[0.451s] Level 1:colcon.colcon_core.package_discovery:discover_packages(prefix_path) check parameters
[0.451s] Level 1:colcon.colcon_core.package_discovery:discover_packages(prefix_path) discover
[0.456s] DEBUG:colcon.colcon_installed_package_information.package_discovery:Found 271 installed packages in /opt/ros/humble
[0.458s] Level 1:colcon.colcon_core.package_discovery:discover_packages(prefix_path) using defaults
[0.569s] Level 5:colcon.colcon_core.verb:set package 'camera_publish' build argument 'cmake_args' from command line to 'None'
[0.569s] Level 5:colcon.colcon_core.verb:set package 'camera_publish' build argument 'cmake_target' from command line to 'None'
[0.569s] Level 5:colcon.colcon_core.verb:set package 'camera_publish' build argument 'cmake_target_skip_unavailable' from command line to 'False'
[0.569s] Level 5:colcon.colcon_core.verb:set package 'camera_publish' build argument 'cmake_clean_cache' from command line to 'False'
[0.569s] Level 5:colcon.colcon_core.verb:set package 'camera_publish' build argument 'cmake_clean_first' from command line to 'False'
[0.569s] Level 5:colcon.colcon_core.verb:set package 'camera_publish' build argument 'cmake_force_configure' from command line to 'False'
[0.569s] Level 5:colcon.colcon_core.verb:set package 'camera_publish' build argument 'ament_cmake_args' from command line to 'None'
[0.569s] Level 5:colcon.colcon_core.verb:set package 'camera_publish' build argument 'catkin_cmake_args' from command line to 'None'
[0.569s] Level 5:colcon.colcon_core.verb:set package 'camera_publish' build argument 'catkin_skip_building_tests' from command line to 'False'
[0.569s] DEBUG:colcon.colcon_core.verb:Building package 'camera_publish' with the following arguments: {'ament_cmake_args': None, 'build_base': '/home/liker/Desktop/camera1/c_ws/src/build/camera_publish', 'catkin_cmake_args': None, 'catkin_skip_building_tests': False, 'cmake_args': None, 'cmake_clean_cache': False, 'cmake_clean_first': False, 'cmake_force_configure': False, 'cmake_target': None, 'cmake_target_skip_unavailable': False, 'install_base': '/home/liker/Desktop/camera1/c_ws/src/install/camera_publish', 'merge_install': False, 'path': '/home/liker/Desktop/camera1/c_ws/src/camera_publish', 'symlink_install': False, 'test_result_base': None}
[0.569s] Level 5:colcon.colcon_core.verb:set package 'vision_detector' build argument 'cmake_args' from command line to 'None'
[0.569s] Level 5:colcon.colcon_core.verb:set package 'vision_detector' build argument 'cmake_target' from command line to 'None'
[0.569s] Level 5:colcon.colcon_core.verb:set package 'vision_detector' build argument 'cmake_target_skip_unavailable' from command line to 'False'
[0.569s] Level 5:colcon.colcon_core.verb:set package 'vision_detector' build argument 'cmake_clean_cache' from command line to 'False'
[0.569s] Level 5:colcon.colcon_core.verb:set package 'vision_detector' build argument 'cmake_clean_first' from command line to 'False'
[0.569s] Level 5:colcon.colcon_core.verb:set package 'vision_detector' build argument 'cmake_force_configure' from command line to 'False'
[0.569s] Level 5:colcon.colcon_core.verb:set package 'vision_detector' build argument 'ament_cmake_args' from command line to 'None'
[0.569s] Level 5:colcon.colcon_core.verb:set package 'vision_detector' build argument 'catkin_cmake_args' from command line to 'None'
[0.569s] Level 5:colcon.colcon_core.verb:set package 'vision_detector' build argument 'catkin_skip_building_tests' from command line to 'False'
[0.569s] DEBUG:colcon.colcon_core.verb:Building package 'vision_detector' with the following arguments: {'ament_cmake_args': None, 'build_base': '/home/liker/Desktop/camera1/c_ws/src/build/vision_detector', 'catkin_cmake_args': None, 'catkin_skip_building_tests': False, 'cmake_args': None, 'cmake_clean_cache': False, 'cmake_clean_first': False, 'cmake_force_configure': False, 'cmake_target': None, 'cmake_target_skip_unavailable': False, 'install_base': '/home/liker/Desktop/camera1/c_ws/src/install/vision_detector', 'merge_install': False, 'path': '/home/liker/Desktop/camera1/c_ws/src/vision_detector', 'symlink_install': False, 'test_result_base': None}
[0.569s] INFO:colcon.colcon_core.executor:Executing jobs using 'parallel' executor
[0.571s] DEBUG:colcon.colcon_parallel_executor.executor.parallel:run_until_complete
[0.571s] INFO:colcon.colcon_ros.task.ament_cmake.build:Building ROS package in '/home/liker/Desktop/camera1/c_ws/src/camera_publish' with build type 'ament_cmake'
[0.571s] INFO:colcon.colcon_cmake.task.cmake.build:Building CMake package in '/home/liker/Desktop/camera1/c_ws/src/camera_publish'
[0.576s] INFO:colcon.colcon_core.plugin_system:Skipping extension 'colcon_core.shell.bat': Not used on non-Windows systems
[0.576s] INFO:colcon.colcon_core.shell:Skip shell extension 'powershell' for command environment: Not usable outside of PowerShell
[0.576s] DEBUG:colcon.colcon_core.shell:Skip shell extension 'dsv' for command environment
[0.580s] INFO:colcon.colcon_ros.task.ament_cmake.build:Building ROS package in '/home/liker/Desktop/camera1/c_ws/src/vision_detector' with build type 'ament_cmake'
[0.580s] INFO:colcon.colcon_cmake.task.cmake.build:Building CMake package in '/home/liker/Desktop/camera1/c_ws/src/vision_detector'
[0.580s] INFO:colcon.colcon_core.shell:Skip shell extension 'powershell' for command environment: Not usable outside of PowerShell
[0.580s] DEBUG:colcon.colcon_core.shell:Skip shell extension 'dsv' for command environment
[0.587s] DEBUG:colcon.colcon_core.event_handler.log_command:Invoking command in '/home/liker/Desktop/camera1/c_ws/src/build/camera_publish': CMAKE_PREFIX_PATH=/opt/ros/humble /usr/local/bin/cmake /home/liker/Desktop/camera1/c_ws/src/camera_publish -DCMAKE_INSTALL_PREFIX=/home/liker/Desktop/camera1/c_ws/src/install/camera_publish
[0.591s] DEBUG:colcon.colcon_core.event_handler.log_command:Invoking command in '/home/liker/Desktop/camera1/c_ws/src/build/vision_detector': CMAKE_PREFIX_PATH=/opt/ros/humble /usr/local/bin/cmake /home/liker/Desktop/camera1/c_ws/src/vision_detector -DCMAKE_INSTALL_PREFIX=/home/liker/Desktop/camera1/c_ws/src/install/vision_detector
[2.163s] DEBUG:colcon.colcon_core.event_handler.log_command:Invoked command in '/home/liker/Desktop/camera1/c_ws/src/build/vision_detector' returned '1': CMAKE_PREFIX_PATH=/opt/ros/humble /usr/local/bin/cmake /home/liker/Desktop/camera1/c_ws/src/vision_detector -DCMAKE_INSTALL_PREFIX=/home/liker/Desktop/camera1/c_ws/src/install/vision_detector
[2.172s] Level 1:colcon.colcon_core.environment:create_environment_scripts_only(vision_detector)
[2.180s] Level 1:colcon.colcon_core.environment:checking '/home/liker/Desktop/camera1/c_ws/src/install/vision_detector' for CMake module files
[2.180s] Level 1:colcon.colcon_core.environment:checking '/home/liker/Desktop/camera1/c_ws/src/install/vision_detector' for CMake config files
[2.180s] Level 1:colcon.colcon_core.environment:checking '/home/liker/Desktop/camera1/c_ws/src/install/vision_detector/bin'
[2.180s] Level 1:colcon.colcon_core.environment:checking '/home/liker/Desktop/camera1/c_ws/src/install/vision_detector/lib/pkgconfig/vision_detector.pc'
[2.180s] Level 1:colcon.colcon_core.environment:checking '/home/liker/Desktop/camera1/c_ws/src/install/vision_detector/lib/python3.10/site-packages'
[2.181s] Level 1:colcon.colcon_core.environment:checking '/home/liker/Desktop/camera1/c_ws/src/install/vision_detector/bin'
[2.181s] INFO:colcon.colcon_core.shell:Creating package script '/home/liker/Desktop/camera1/c_ws/src/install/vision_detector/share/vision_detector/package.ps1'
[2.182s] INFO:colcon.colcon_core.shell:Creating package descriptor '/home/liker/Desktop/camera1/c_ws/src/install/vision_detector/share/vision_detector/package.dsv'
[2.183s] INFO:colcon.colcon_core.shell:Creating package script '/home/liker/Desktop/camera1/c_ws/src/install/vision_detector/share/vision_detector/package.sh'
[2.183s] INFO:colcon.colcon_core.shell:Creating package script '/home/liker/Desktop/camera1/c_ws/src/install/vision_detector/share/vision_detector/package.bash'
[2.188s] INFO:colcon.colcon_core.shell:Creating package script '/home/liker/Desktop/camera1/c_ws/src/install/vision_detector/share/vision_detector/package.zsh'
[2.189s] Level 1:colcon.colcon_core.environment:create_file_with_runtime_dependencies(/home/liker/Desktop/camera1/c_ws/src/install/vision_detector/share/colcon-core/packages/vision_detector)
[2.259s] DEBUG:colcon.colcon_parallel_executor.executor.parallel:closing loop
[2.259s] DEBUG:colcon.colcon_parallel_executor.executor.parallel:loop closed
[2.259s] DEBUG:colcon.colcon_parallel_executor.executor.parallel:run_until_complete finished with '1'
[2.259s] DEBUG:colcon.colcon_core.event_reactor:joining thread
[2.272s] INFO:colcon.colcon_core.plugin_system:Skipping extension 'colcon_notification.desktop_notification.terminal_notifier': Not used on non-Darwin systems
[2.273s] INFO:colcon.colcon_core.plugin_system:Skipping extension 'colcon_notification.desktop_notification.win32': Not used on non-Windows systems
[2.273s] INFO:colcon.colcon_notification.desktop_notification:Sending desktop notification using 'notify2'
[2.341s] DEBUG:colcon.colcon_core.event_reactor:joined thread
[2.341s] INFO:colcon.colcon_core.shell:Creating prefix script '/home/liker/Desktop/camera1/c_ws/src/install/local_setup.ps1'
[2.343s] INFO:colcon.colcon_core.shell:Creating prefix util module '/home/liker/Desktop/camera1/c_ws/src/install/_local_setup_util_ps1.py'
[2.344s] INFO:colcon.colcon_core.shell:Creating prefix chain script '/home/liker/Desktop/camera1/c_ws/src/install/setup.ps1'
[2.346s] INFO:colcon.colcon_core.shell:Creating prefix script '/home/liker/Desktop/camera1/c_ws/src/install/local_setup.sh'
[2.347s] INFO:colcon.colcon_core.shell:Creating prefix util module '/home/liker/Desktop/camera1/c_ws/src/install/_local_setup_util_sh.py'
[2.348s] INFO:colcon.colcon_core.shell:Creating prefix chain script '/home/liker/Desktop/camera1/c_ws/src/install/setup.sh'
[2.350s] INFO:colcon.colcon_core.shell:Creating prefix script '/home/liker/Desktop/camera1/c_ws/src/install/local_setup.bash'
[2.351s] INFO:colcon.colcon_core.shell:Creating prefix chain script '/home/liker/Desktop/camera1/c_ws/src/install/setup.bash'
[2.352s] INFO:colcon.colcon_core.shell:Creating prefix script '/home/liker/Desktop/camera1/c_ws/src/install/local_setup.zsh'
[2.353s] INFO:colcon.colcon_core.shell:Creating prefix chain script '/home/liker/Desktop/camera1/c_ws/src/install/setup.zsh'
