[0.013s] Invoking command in '/home/liker/Desktop/camera1/c_ws/build/camera_publish': /usr/local/bin/cmake /home/liker/Desktop/camera1/c_ws/src/camera_publish -DCMAKE_INSTALL_PREFIX=/home/liker/Desktop/camera1/c_ws/install/camera_publish
[0.014s] [0mCMake Deprecation Warning at CMakeLists.txt:1 (cmake_minimum_required):
[0.014s]   Compatibility with CMake < 3.10 will be removed from a future version of
[0.014s]   CMake.
[0.014s] 
[0.014s]   Update the VERSION argument <min> value.  Or, use the <min>...<max> syntax
[0.014s]   to tell CMake that the project requires at least <min> but has been updated
[0.014s]   to work with policies introduced by <max> or earlier.
[0.014s] 
[0.014s] [0m
[0.112s] -- The C compiler identification is GNU 11.4.0
[0.180s] -- The CXX compiler identification is GNU 11.4.0
[0.199s] -- Detecting C compiler ABI info
[0.271s] -- Detecting C compiler ABI info - done
[0.285s] -- Check for working C compiler: /usr/bin/cc - skipped
[0.286s] -- Detecting C compile features
[0.287s] -- Detecting C compile features - done
[0.304s] -- Detecting CXX compiler ABI info
[0.374s] -- Detecting CXX compiler ABI info - done
[0.386s] -- Check for working CXX compiler: /usr/bin/c++ - skipped
[0.387s] -- Detecting CXX compile features
[0.387s] -- Detecting CXX compile features - done
[0.405s] [31mCMake Error at CMakeLists.txt:9 (find_package):
[0.405s]   By not providing "Findament_cmake.cmake" in CMAKE_MODULE_PATH this project
[0.406s]   has asked CMake to find a package configuration file provided by
[0.406s]   "ament_cmake", but CMake did not find one.
[0.406s] 
[0.406s]   Could not find a package configuration file provided by "ament_cmake" with
[0.406s]   any of the following names:
[0.406s] 
[0.406s]     ament_cmakeConfig.cmake
[0.406s]     ament_cmake-config.cmake
[0.406s] 
[0.406s]   Add the installation prefix of "ament_cmake" to CMAKE_PREFIX_PATH or set
[0.406s]   "ament_cmake_DIR" to a directory containing one of the above files.  If
[0.406s]   "ament_cmake" provides a separate development package or SDK, be sure it
[0.406s]   has been installed.
[0.406s] 
[0.406s] [0m
[0.406s] -- Configuring incomplete, errors occurred!
[0.410s] Invoked command in '/home/liker/Desktop/camera1/c_ws/build/camera_publish' returned '1': /usr/local/bin/cmake /home/liker/Desktop/camera1/c_ws/src/camera_publish -DCMAKE_INSTALL_PREFIX=/home/liker/Desktop/camera1/c_ws/install/camera_publish
