[0.012s] Invoking command in '/home/liker/Desktop/camera1/c_ws/src/build/camera_publish': CMAKE_PREFIX_PATH=/opt/ros/humble /usr/local/bin/cmake /home/liker/Desktop/camera1/c_ws/src/camera_publish -DCMAKE_INSTALL_PREFIX=/home/liker/Desktop/camera1/c_ws/src/install/camera_publish
[0.016s] [0mCMake Deprecation Warning at CMakeLists.txt:1 (cmake_minimum_required):
[0.016s]   Compatibility with CMake < 3.10 will be removed from a future version of
[0.016s]   CMake.
[0.016s] 
[0.016s]   Update the VERSION argument <min> value.  Or, use the <min>...<max> syntax
[0.016s]   to tell CMake that the project requires at least <min> but has been updated
[0.017s]   to work with policies introduced by <max> or earlier.
[0.017s] 
[0.017s] [0m
[0.021s] -- Found ament_cmake: 1.3.12 (/opt/ros/humble/share/ament_cmake/cmake)
[0.190s] -- Found rclcpp: 16.0.16 (/opt/ros/humble/share/rclcpp/cmake)
[0.212s] -- Found rosidl_generator_c: 3.1.7 (/opt/ros/humble/share/rosidl_generator_c/cmake)
[0.214s] -- Found rosidl_adapter: 3.1.7 (/opt/ros/humble/share/rosidl_adapter/cmake)
[0.219s] -- Found rosidl_generator_cpp: 3.1.7 (/opt/ros/humble/share/rosidl_generator_cpp/cmake)
[0.228s] -- Using all available rosidl_typesupport_c: rosidl_typesupport_fastrtps_c;rosidl_typesupport_introspection_c
[0.238s] -- Using all available rosidl_typesupport_cpp: rosidl_typesupport_fastrtps_cpp;rosidl_typesupport_introspection_cpp
[0.263s] -- Found rmw_implementation_cmake: 6.1.2 (/opt/ros/humble/share/rmw_implementation_cmake/cmake)
[0.264s] -- Found rmw_fastrtps_cpp: 6.2.9 (/opt/ros/humble/share/rmw_fastrtps_cpp/cmake)
[0.351s] -- Using RMW implementation 'rmw_fastrtps_cpp' as default
[0.392s] -- Found sensor_msgs: 4.9.0 (/opt/ros/humble/share/sensor_msgs/cmake)
[0.418s] -- Found cv_bridge: 3.2.1 (/opt/ros/humble/share/cv_bridge/cmake)
[0.424s] -- Found ament_lint_auto: 0.12.14 (/opt/ros/humble/share/ament_lint_auto/cmake)
[0.475s] [31mCMake Error at CMakeLists.txt:31 (target_link_libraries):
[0.475s]   Cannot specify link libraries for target "opencv_camera" which is not built
[0.475s]   by this project.
[0.475s] 
[0.475s] [0m
[0.476s] -- Configuring incomplete, errors occurred!
[0.482s] Invoked command in '/home/liker/Desktop/camera1/c_ws/src/build/camera_publish' returned '1': CMAKE_PREFIX_PATH=/opt/ros/humble /usr/local/bin/cmake /home/liker/Desktop/camera1/c_ws/src/camera_publish -DCMAKE_INSTALL_PREFIX=/home/liker/Desktop/camera1/c_ws/src/install/camera_publish
