[0.016s] Invoking command in '/home/liker/Desktop/camera1/c_ws/src/build/camera_publish': CMAKE_PREFIX_PATH=/opt/ros/humble /usr/local/bin/cmake /home/liker/Desktop/camera1/c_ws/src/camera_publish -DCMAKE_INSTALL_PREFIX=/home/liker/Desktop/camera1/c_ws/src/install/camera_publish
[0.023s] [0mCMake Deprecation Warning at CMakeLists.txt:1 (cmake_minimum_required):
[0.023s]   Compatibility with CMake < 3.10 will be removed from a future version of
[0.023s]   CMake.
[0.023s] 
[0.023s]   Update the VERSION argument <min> value.  Or, use the <min>...<max> syntax
[0.024s]   to tell CMake that the project requires at least <min> but has been updated
[0.024s]   to work with policies introduced by <max> or earlier.
[0.024s] 
[0.024s] [0m
[0.181s] -- The C compiler identification is GNU 11.4.0
[0.326s] -- The CXX compiler identification is GNU 11.4.0
[0.348s] -- Detecting C compiler ABI info
[0.444s] -- Detecting C compiler ABI info - done
[0.460s] -- Check for working C compiler: /usr/bin/cc - skipped
[0.462s] -- Detecting C compile features
[0.463s] -- Detecting C compile features - done
[0.485s] -- Detecting CXX compiler ABI info
[0.565s] -- Detecting CXX compiler ABI info - done
[0.579s] -- Check for working CXX compiler: /usr/bin/c++ - skipped
[0.580s] -- Detecting CXX compile features
[0.580s] -- Detecting CXX compile features - done
[0.612s] -- Found ament_cmake: 1.3.12 (/opt/ros/humble/share/ament_cmake/cmake)
[0.733s] -- Found Python3: /usr/bin/python3 (found version "3.10.12") found components: Interpreter
[0.869s] -- Found rclcpp: 16.0.16 (/opt/ros/humble/share/rclcpp/cmake)
[0.961s] -- Found rosidl_generator_c: 3.1.7 (/opt/ros/humble/share/rosidl_generator_c/cmake)
[0.969s] -- Found rosidl_adapter: 3.1.7 (/opt/ros/humble/share/rosidl_adapter/cmake)
[0.988s] -- Found rosidl_generator_cpp: 3.1.7 (/opt/ros/humble/share/rosidl_generator_cpp/cmake)
[1.017s] -- Using all available rosidl_typesupport_c: rosidl_typesupport_fastrtps_c;rosidl_typesupport_introspection_c
[1.046s] -- Using all available rosidl_typesupport_cpp: rosidl_typesupport_fastrtps_cpp;rosidl_typesupport_introspection_cpp
[1.121s] -- Found rmw_implementation_cmake: 6.1.2 (/opt/ros/humble/share/rmw_implementation_cmake/cmake)
[1.127s] -- Found rmw_fastrtps_cpp: 6.2.9 (/opt/ros/humble/share/rmw_fastrtps_cpp/cmake)
[1.246s] -- Found OpenSSL: /usr/lib/x86_64-linux-gnu/libcrypto.so (found version "3.0.2")
[1.273s] -- Found FastRTPS: /opt/ros/humble/include
[1.311s] -- Using RMW implementation 'rmw_fastrtps_cpp' as default
[1.328s] -- Performing Test CMAKE_HAVE_LIBC_PTHREAD
[1.413s] -- Performing Test CMAKE_HAVE_LIBC_PTHREAD - Success
[1.414s] -- Found Threads: TRUE
[1.519s] -- Found sensor_msgs: 4.9.0 (/opt/ros/humble/share/sensor_msgs/cmake)
[1.573s] -- Found cv_bridge: 3.2.1 (/opt/ros/humble/share/cv_bridge/cmake)
[1.580s] -- Found OpenCV: /usr/local (found version "4.5.5")
[1.583s] -- Found ament_lint_auto: 0.12.14 (/opt/ros/humble/share/ament_lint_auto/cmake)
[1.665s] [31mCMake Error at CMakeLists.txt:31 (target_link_libraries):
[1.665s]   Cannot specify link libraries for target "opencv_camera" which is not built
[1.665s]   by this project.
[1.665s] 
[1.665s] [0m
[1.665s] -- Configuring incomplete, errors occurred!
