[0.000000] (-) TimerEvent: {}
[0.000127] (camera_publish) JobQueued: {'identifier': 'camera_publish', 'dependencies': OrderedDict()}
[0.000181] (my_launch) JobQueued: {'identifier': 'my_launch', 'dependencies': OrderedDict()}
[0.000350] (rm_interfaces) JobQueued: {'identifier': 'rm_interfaces', 'dependencies': OrderedDict()}
[0.000385] (tf2_node) JobQueued: {'identifier': 'tf2_node', 'dependencies': OrderedDict([('rm_interfaces', '/home/liker/Desktop/camera1/c_ws/src/install/rm_interfaces')])}
[0.000402] (vision_detector) JobQueued: {'identifier': 'vision_detector', 'dependencies': OrderedDict([('rm_interfaces', '/home/liker/Desktop/camera1/c_ws/src/install/rm_interfaces')])}
[0.000414] (rm_interfaces) JobStarted: {'identifier': 'rm_interfaces'}
[0.004032] (camera_publish) JobStarted: {'identifier': 'camera_publish'}
[0.007045] (my_launch) JobStarted: {'identifier': 'my_launch'}
[0.009829] (rm_interfaces) JobProgress: {'identifier': 'rm_interfaces', 'progress': 'cmake'}
[0.010625] (rm_interfaces) JobProgress: {'identifier': 'rm_interfaces', 'progress': 'build'}
[0.011213] (rm_interfaces) Command: {'cmd': ['/usr/local/bin/cmake', '--build', '/home/liker/Desktop/camera1/c_ws/src/build/rm_interfaces', '--', '-j32', '-l32'], 'cwd': '/home/liker/Desktop/camera1/c_ws/src/build/rm_interfaces', 'env': OrderedDict([('LANGUAGE', 'en_US:'), ('USER', 'liker'), ('LC_TIME', 'zh_CN.UTF-8'), ('SHLVL', '1'), ('LD_LIBRARY_PATH', '/opt/ros/humble/opt/rviz_ogre_vendor/lib:/opt/ros/humble/lib/x86_64-linux-gnu:/opt/ros/humble/lib'), ('HOME', '/home/liker'), ('OLDPWD', '/home/liker/Desktop/camera1/c_ws'), ('ROS_PYTHON_VERSION', '3'), ('LC_MONETARY', 'zh_CN.UTF-8'), ('SYSTEMD_EXEC_PID', '22431'), ('ROS_DISTRO', 'humble'), ('LOGNAME', 'liker'), ('_', '/usr/bin/colcon'), ('ROS_VERSION', '2'), ('ROS_LOCALHOST_ONLY', '0'), ('PATH', '/opt/ros/humble/bin:/usr/local/sbin:/usr/local/bin:/usr/sbin:/usr/bin:/sbin:/bin:/snap/bin'), ('INVOCATION_ID', '8b3e19ea0eab46dc867c465983ec268a'), ('LC_ADDRESS', 'zh_CN.UTF-8'), ('LANG', 'en_US.UTF-8'), ('LC_TELEPHONE', 'zh_CN.UTF-8'), ('AMENT_PREFIX_PATH', '/opt/ros/humble'), ('SHELL', '/bin/bash'), ('LC_NAME', 'zh_CN.UTF-8'), ('LC_MEASUREMENT', 'zh_CN.UTF-8'), ('LC_IDENTIFICATION', 'zh_CN.UTF-8'), ('PWD', '/home/liker/Desktop/camera1/c_ws/src/build/rm_interfaces'), ('PYTHONPATH', '/opt/ros/humble/lib/python3.10/site-packages:/opt/ros/humble/local/lib/python3.10/dist-packages'), ('LC_NUMERIC', 'zh_CN.UTF-8'), ('LC_PAPER', 'zh_CN.UTF-8'), ('COLCON', '1'), ('CMAKE_PREFIX_PATH', '/opt/ros/humble')]), 'shell': False}
[0.012879] (camera_publish) JobProgress: {'identifier': 'camera_publish', 'progress': 'cmake'}
[0.014373] (camera_publish) JobProgress: {'identifier': 'camera_publish', 'progress': 'build'}
[0.014436] (camera_publish) Command: {'cmd': ['/usr/local/bin/cmake', '--build', '/home/liker/Desktop/camera1/c_ws/src/build/camera_publish', '--', '-j32', '-l32'], 'cwd': '/home/liker/Desktop/camera1/c_ws/src/build/camera_publish', 'env': OrderedDict([('LANGUAGE', 'en_US:'), ('USER', 'liker'), ('LC_TIME', 'zh_CN.UTF-8'), ('SHLVL', '1'), ('LD_LIBRARY_PATH', '/opt/ros/humble/opt/rviz_ogre_vendor/lib:/opt/ros/humble/lib/x86_64-linux-gnu:/opt/ros/humble/lib'), ('HOME', '/home/liker'), ('OLDPWD', '/home/liker/Desktop/camera1/c_ws'), ('ROS_PYTHON_VERSION', '3'), ('LC_MONETARY', 'zh_CN.UTF-8'), ('SYSTEMD_EXEC_PID', '22431'), ('ROS_DISTRO', 'humble'), ('LOGNAME', 'liker'), ('_', '/usr/bin/colcon'), ('ROS_VERSION', '2'), ('ROS_LOCALHOST_ONLY', '0'), ('PATH', '/opt/ros/humble/bin:/usr/local/sbin:/usr/local/bin:/usr/sbin:/usr/bin:/sbin:/bin:/snap/bin'), ('INVOCATION_ID', '8b3e19ea0eab46dc867c465983ec268a'), ('LC_ADDRESS', 'zh_CN.UTF-8'), ('LANG', 'en_US.UTF-8'), ('LC_TELEPHONE', 'zh_CN.UTF-8'), ('AMENT_PREFIX_PATH', '/opt/ros/humble'), ('SHELL', '/bin/bash'), ('LC_NAME', 'zh_CN.UTF-8'), ('LC_MEASUREMENT', 'zh_CN.UTF-8'), ('LC_IDENTIFICATION', 'zh_CN.UTF-8'), ('PWD', '/home/liker/Desktop/camera1/c_ws/src/build/camera_publish'), ('PYTHONPATH', '/opt/ros/humble/lib/python3.10/site-packages:/opt/ros/humble/local/lib/python3.10/dist-packages'), ('LC_NUMERIC', 'zh_CN.UTF-8'), ('LC_PAPER', 'zh_CN.UTF-8'), ('COLCON', '1'), ('CMAKE_PREFIX_PATH', '/opt/ros/humble')]), 'shell': False}
[0.015660] (my_launch) JobProgress: {'identifier': 'my_launch', 'progress': 'cmake'}
[0.017872] (my_launch) JobProgress: {'identifier': 'my_launch', 'progress': 'build'}
[0.018021] (my_launch) Command: {'cmd': ['/usr/local/bin/cmake', '--build', '/home/liker/Desktop/camera1/c_ws/src/build/my_launch', '--', '-j32', '-l32'], 'cwd': '/home/liker/Desktop/camera1/c_ws/src/build/my_launch', 'env': OrderedDict([('LANGUAGE', 'en_US:'), ('USER', 'liker'), ('LC_TIME', 'zh_CN.UTF-8'), ('SHLVL', '1'), ('LD_LIBRARY_PATH', '/opt/ros/humble/opt/rviz_ogre_vendor/lib:/opt/ros/humble/lib/x86_64-linux-gnu:/opt/ros/humble/lib'), ('HOME', '/home/liker'), ('OLDPWD', '/home/liker/Desktop/camera1/c_ws'), ('ROS_PYTHON_VERSION', '3'), ('LC_MONETARY', 'zh_CN.UTF-8'), ('SYSTEMD_EXEC_PID', '22431'), ('ROS_DISTRO', 'humble'), ('LOGNAME', 'liker'), ('_', '/usr/bin/colcon'), ('ROS_VERSION', '2'), ('ROS_LOCALHOST_ONLY', '0'), ('PATH', '/opt/ros/humble/bin:/usr/local/sbin:/usr/local/bin:/usr/sbin:/usr/bin:/sbin:/bin:/snap/bin'), ('INVOCATION_ID', '8b3e19ea0eab46dc867c465983ec268a'), ('LC_ADDRESS', 'zh_CN.UTF-8'), ('LANG', 'en_US.UTF-8'), ('LC_TELEPHONE', 'zh_CN.UTF-8'), ('AMENT_PREFIX_PATH', '/opt/ros/humble'), ('SHELL', '/bin/bash'), ('LC_NAME', 'zh_CN.UTF-8'), ('LC_MEASUREMENT', 'zh_CN.UTF-8'), ('LC_IDENTIFICATION', 'zh_CN.UTF-8'), ('PWD', '/home/liker/Desktop/camera1/c_ws/src/build/my_launch'), ('PYTHONPATH', '/opt/ros/humble/lib/python3.10/site-packages:/opt/ros/humble/local/lib/python3.10/dist-packages'), ('LC_NUMERIC', 'zh_CN.UTF-8'), ('LC_PAPER', 'zh_CN.UTF-8'), ('COLCON', '1'), ('CMAKE_PREFIX_PATH', '/opt/ros/humble')]), 'shell': False}
[0.039769] (rm_interfaces) StdoutLine: {'line': b'[  3%] Built target rm_interfaces__cpp\n'}
[0.040699] (my_launch) CommandEnded: {'returncode': 0}
[0.040915] (my_launch) JobProgress: {'identifier': 'my_launch', 'progress': 'install'}
[0.044651] (my_launch) Command: {'cmd': ['/usr/local/bin/cmake', '--install', '/home/liker/Desktop/camera1/c_ws/src/build/my_launch'], 'cwd': '/home/liker/Desktop/camera1/c_ws/src/build/my_launch', 'env': OrderedDict([('LANGUAGE', 'en_US:'), ('USER', 'liker'), ('LC_TIME', 'zh_CN.UTF-8'), ('SHLVL', '1'), ('LD_LIBRARY_PATH', '/opt/ros/humble/opt/rviz_ogre_vendor/lib:/opt/ros/humble/lib/x86_64-linux-gnu:/opt/ros/humble/lib'), ('HOME', '/home/liker'), ('OLDPWD', '/home/liker/Desktop/camera1/c_ws'), ('ROS_PYTHON_VERSION', '3'), ('LC_MONETARY', 'zh_CN.UTF-8'), ('SYSTEMD_EXEC_PID', '22431'), ('ROS_DISTRO', 'humble'), ('LOGNAME', 'liker'), ('_', '/usr/bin/colcon'), ('ROS_VERSION', '2'), ('ROS_LOCALHOST_ONLY', '0'), ('PATH', '/opt/ros/humble/bin:/usr/local/sbin:/usr/local/bin:/usr/sbin:/usr/bin:/sbin:/bin:/snap/bin'), ('INVOCATION_ID', '8b3e19ea0eab46dc867c465983ec268a'), ('LC_ADDRESS', 'zh_CN.UTF-8'), ('LANG', 'en_US.UTF-8'), ('LC_TELEPHONE', 'zh_CN.UTF-8'), ('AMENT_PREFIX_PATH', '/opt/ros/humble'), ('SHELL', '/bin/bash'), ('LC_NAME', 'zh_CN.UTF-8'), ('LC_MEASUREMENT', 'zh_CN.UTF-8'), ('LC_IDENTIFICATION', 'zh_CN.UTF-8'), ('PWD', '/home/liker/Desktop/camera1/c_ws/src/build/my_launch'), ('PYTHONPATH', '/opt/ros/humble/lib/python3.10/site-packages:/opt/ros/humble/local/lib/python3.10/dist-packages'), ('LC_NUMERIC', 'zh_CN.UTF-8'), ('LC_PAPER', 'zh_CN.UTF-8'), ('COLCON', '1'), ('CMAKE_PREFIX_PATH', '/opt/ros/humble')]), 'shell': False}
[0.045463] (rm_interfaces) StdoutLine: {'line': b'[ 12%] Built target rm_interfaces__rosidl_generator_c\n'}
[0.045611] (rm_interfaces) StdoutLine: {'line': b'[ 12%] Built target ament_cmake_python_copy_rm_interfaces\n'}
[0.045652] (camera_publish) StdoutLine: {'line': b'[100%] Built target camera_publish\n'}
[0.047598] (my_launch) StdoutLine: {'line': b'-- Install configuration: ""\n'}
[0.047968] (my_launch) StdoutLine: {'line': b'-- Up-to-date: /home/liker/Desktop/camera1/c_ws/src/install/my_launch/share/my_launch/config\n'}
[0.048023] (my_launch) StdoutLine: {'line': b'-- Up-to-date: /home/liker/Desktop/camera1/c_ws/src/install/my_launch/share/my_launch/config/image_processed.rviz\n'}
[0.048254] (my_launch) StdoutLine: {'line': b'-- Up-to-date: /home/liker/Desktop/camera1/c_ws/src/install/my_launch/share/my_launch/launch\n'}
[0.048315] (my_launch) StdoutLine: {'line': b'-- Up-to-date: /home/liker/Desktop/camera1/c_ws/src/install/my_launch/share/my_launch/launch/camera_detector.launch.py\n'}
[0.048393] (my_launch) StdoutLine: {'line': b'-- Up-to-date: /home/liker/Desktop/camera1/c_ws/src/install/my_launch/share/ament_index/resource_index/package_run_dependencies/my_launch\n'}
[0.048483] (my_launch) StdoutLine: {'line': b'-- Up-to-date: /home/liker/Desktop/camera1/c_ws/src/install/my_launch/share/ament_index/resource_index/parent_prefix_path/my_launch\n'}
[0.048565] (my_launch) StdoutLine: {'line': b'-- Up-to-date: /home/liker/Desktop/camera1/c_ws/src/install/my_launch/share/my_launch/environment/ament_prefix_path.sh\n'}
[0.048768] (my_launch) StdoutLine: {'line': b'-- Up-to-date: /home/liker/Desktop/camera1/c_ws/src/install/my_launch/share/my_launch/environment/ament_prefix_path.dsv\n'}
[0.049311] (my_launch) StdoutLine: {'line': b'-- Up-to-date: /home/liker/Desktop/camera1/c_ws/src/install/my_launch/share/my_launch/environment/path.sh\n'}
[0.049452] (my_launch) StdoutLine: {'line': b'-- Up-to-date: /home/liker/Desktop/camera1/c_ws/src/install/my_launch/share/my_launch/environment/path.dsv\n'}
[0.049490] (my_launch) StdoutLine: {'line': b'-- Up-to-date: /home/liker/Desktop/camera1/c_ws/src/install/my_launch/share/my_launch/local_setup.bash\n'}
[0.049519] (my_launch) StdoutLine: {'line': b'-- Up-to-date: /home/liker/Desktop/camera1/c_ws/src/install/my_launch/share/my_launch/local_setup.sh\n'}
[0.049545] (my_launch) StdoutLine: {'line': b'-- Up-to-date: /home/liker/Desktop/camera1/c_ws/src/install/my_launch/share/my_launch/local_setup.zsh\n'}
[0.049575] (my_launch) StdoutLine: {'line': b'-- Up-to-date: /home/liker/Desktop/camera1/c_ws/src/install/my_launch/share/my_launch/local_setup.dsv\n'}
[0.049600] (my_launch) StdoutLine: {'line': b'-- Installing: /home/liker/Desktop/camera1/c_ws/src/install/my_launch/share/my_launch/package.dsv\n'}
[0.049625] (my_launch) StdoutLine: {'line': b'-- Up-to-date: /home/liker/Desktop/camera1/c_ws/src/install/my_launch/share/ament_index/resource_index/packages/my_launch\n'}
[0.049650] (my_launch) StdoutLine: {'line': b'-- Up-to-date: /home/liker/Desktop/camera1/c_ws/src/install/my_launch/share/my_launch/cmake/my_launchConfig.cmake\n'}
[0.049673] (my_launch) StdoutLine: {'line': b'-- Up-to-date: /home/liker/Desktop/camera1/c_ws/src/install/my_launch/share/my_launch/cmake/my_launchConfig-version.cmake\n'}
[0.049697] (my_launch) StdoutLine: {'line': b'-- Up-to-date: /home/liker/Desktop/camera1/c_ws/src/install/my_launch/share/my_launch/package.xml\n'}
[0.051162] (my_launch) CommandEnded: {'returncode': 0}
[0.067645] (my_launch) JobEnded: {'identifier': 'my_launch', 'rc': 0}
[0.068049] (rm_interfaces) StdoutLine: {'line': b'[ 22%] Built target rm_interfaces__rosidl_typesupport_fastrtps_cpp\n'}
[0.068139] (rm_interfaces) StdoutLine: {'line': b'[ 32%] Built target rm_interfaces__rosidl_typesupport_introspection_cpp\n'}
[0.068259] (rm_interfaces) StdoutLine: {'line': b'[ 41%] Built target rm_interfaces__rosidl_typesupport_fastrtps_c\n'}
[0.068327] (rm_interfaces) StdoutLine: {'line': b'[ 51%] Built target rm_interfaces__rosidl_typesupport_cpp\n'}
[0.068367] (rm_interfaces) StdoutLine: {'line': b'[ 61%] Built target rm_interfaces__rosidl_typesupport_introspection_c\n'}
[0.068399] (rm_interfaces) StdoutLine: {'line': b'[ 70%] Built target rm_interfaces__rosidl_typesupport_c\n'}
[0.068480] (camera_publish) CommandEnded: {'returncode': 0}
[0.068673] (camera_publish) JobProgress: {'identifier': 'camera_publish', 'progress': 'install'}
[0.068697] (camera_publish) Command: {'cmd': ['/usr/local/bin/cmake', '--install', '/home/liker/Desktop/camera1/c_ws/src/build/camera_publish'], 'cwd': '/home/liker/Desktop/camera1/c_ws/src/build/camera_publish', 'env': OrderedDict([('LANGUAGE', 'en_US:'), ('USER', 'liker'), ('LC_TIME', 'zh_CN.UTF-8'), ('SHLVL', '1'), ('LD_LIBRARY_PATH', '/opt/ros/humble/opt/rviz_ogre_vendor/lib:/opt/ros/humble/lib/x86_64-linux-gnu:/opt/ros/humble/lib'), ('HOME', '/home/liker'), ('OLDPWD', '/home/liker/Desktop/camera1/c_ws'), ('ROS_PYTHON_VERSION', '3'), ('LC_MONETARY', 'zh_CN.UTF-8'), ('SYSTEMD_EXEC_PID', '22431'), ('ROS_DISTRO', 'humble'), ('LOGNAME', 'liker'), ('_', '/usr/bin/colcon'), ('ROS_VERSION', '2'), ('ROS_LOCALHOST_ONLY', '0'), ('PATH', '/opt/ros/humble/bin:/usr/local/sbin:/usr/local/bin:/usr/sbin:/usr/bin:/sbin:/bin:/snap/bin'), ('INVOCATION_ID', '8b3e19ea0eab46dc867c465983ec268a'), ('LC_ADDRESS', 'zh_CN.UTF-8'), ('LANG', 'en_US.UTF-8'), ('LC_TELEPHONE', 'zh_CN.UTF-8'), ('AMENT_PREFIX_PATH', '/opt/ros/humble'), ('SHELL', '/bin/bash'), ('LC_NAME', 'zh_CN.UTF-8'), ('LC_MEASUREMENT', 'zh_CN.UTF-8'), ('LC_IDENTIFICATION', 'zh_CN.UTF-8'), ('PWD', '/home/liker/Desktop/camera1/c_ws/src/build/camera_publish'), ('PYTHONPATH', '/opt/ros/humble/lib/python3.10/site-packages:/opt/ros/humble/local/lib/python3.10/dist-packages'), ('LC_NUMERIC', 'zh_CN.UTF-8'), ('LC_PAPER', 'zh_CN.UTF-8'), ('COLCON', '1'), ('CMAKE_PREFIX_PATH', '/opt/ros/humble')]), 'shell': False}
[0.070863] (camera_publish) StdoutLine: {'line': b'-- Install configuration: ""\n'}
[0.071152] (camera_publish) StdoutLine: {'line': b'-- Up-to-date: /home/liker/Desktop/camera1/c_ws/src/install/camera_publish/lib/camera_publish/camera_publish\n'}
[0.071299] (camera_publish) StdoutLine: {'line': b'-- Up-to-date: /home/liker/Desktop/camera1/c_ws/src/install/camera_publish/share/ament_index/resource_index/package_run_dependencies/camera_publish\n'}
[0.071345] (camera_publish) StdoutLine: {'line': b'-- Up-to-date: /home/liker/Desktop/camera1/c_ws/src/install/camera_publish/share/ament_index/resource_index/parent_prefix_path/camera_publish\n'}
[0.071511] (camera_publish) StdoutLine: {'line': b'-- Up-to-date: /home/liker/Desktop/camera1/c_ws/src/install/camera_publish/share/camera_publish/environment/ament_prefix_path.sh\n'}
[0.071679] (camera_publish) StdoutLine: {'line': b'-- Up-to-date: /home/liker/Desktop/camera1/c_ws/src/install/camera_publish/share/camera_publish/environment/ament_prefix_path.dsv\n'}
[0.071719] (camera_publish) StdoutLine: {'line': b'-- Up-to-date: /home/liker/Desktop/camera1/c_ws/src/install/camera_publish/share/camera_publish/environment/path.sh\n'}
[0.072214] (rm_interfaces) StdoutLine: {'line': b'[ 70%] Built target rm_interfaces\n'}
[0.072308] (camera_publish) StdoutLine: {'line': b'-- Up-to-date: /home/liker/Desktop/camera1/c_ws/src/install/camera_publish/share/camera_publish/environment/path.dsv\n'}
[0.072350] (camera_publish) StdoutLine: {'line': b'-- Up-to-date: /home/liker/Desktop/camera1/c_ws/src/install/camera_publish/share/camera_publish/local_setup.bash\n'}
[0.072381] (camera_publish) StdoutLine: {'line': b'-- Up-to-date: /home/liker/Desktop/camera1/c_ws/src/install/camera_publish/share/camera_publish/local_setup.sh\n'}
[0.072412] (camera_publish) StdoutLine: {'line': b'-- Up-to-date: /home/liker/Desktop/camera1/c_ws/src/install/camera_publish/share/camera_publish/local_setup.zsh\n'}
[0.072440] (camera_publish) StdoutLine: {'line': b'-- Up-to-date: /home/liker/Desktop/camera1/c_ws/src/install/camera_publish/share/camera_publish/local_setup.dsv\n'}
[0.072467] (camera_publish) StdoutLine: {'line': b'-- Installing: /home/liker/Desktop/camera1/c_ws/src/install/camera_publish/share/camera_publish/package.dsv\n'}
[0.072535] (camera_publish) StdoutLine: {'line': b'-- Up-to-date: /home/liker/Desktop/camera1/c_ws/src/install/camera_publish/share/ament_index/resource_index/packages/camera_publish\n'}
[0.072575] (camera_publish) StdoutLine: {'line': b'-- Up-to-date: /home/liker/Desktop/camera1/c_ws/src/install/camera_publish/share/camera_publish/cmake/camera_publishConfig.cmake\n'}
[0.072606] (camera_publish) StdoutLine: {'line': b'-- Up-to-date: /home/liker/Desktop/camera1/c_ws/src/install/camera_publish/share/camera_publish/cmake/camera_publishConfig-version.cmake\n'}
[0.072634] (camera_publish) StdoutLine: {'line': b'-- Up-to-date: /home/liker/Desktop/camera1/c_ws/src/install/camera_publish/share/camera_publish/package.xml\n'}
[0.074211] (camera_publish) CommandEnded: {'returncode': 0}
[0.087222] (camera_publish) JobEnded: {'identifier': 'camera_publish', 'rc': 0}
[0.087645] (rm_interfaces) StdoutLine: {'line': b'[ 74%] Built target rm_interfaces__py\n'}
[0.098526] (rm_interfaces) StdoutLine: {'line': b'[ 80%] Built target rm_interfaces__rosidl_generator_py\n'}
[0.098672] (-) TimerEvent: {}
[0.113903] (rm_interfaces) StdoutLine: {'line': b'[ 93%] Built target rm_interfaces__rosidl_typesupport_introspection_c__pyext\n'}
[0.114255] (rm_interfaces) StdoutLine: {'line': b'[ 93%] Built target rm_interfaces__rosidl_typesupport_fastrtps_c__pyext\n'}
[0.114427] (rm_interfaces) StdoutLine: {'line': b'[100%] Built target rm_interfaces__rosidl_typesupport_c__pyext\n'}
[0.186815] (rm_interfaces) StdoutLine: {'line': b'running egg_info\n'}
[0.187082] (rm_interfaces) StdoutLine: {'line': b'writing rm_interfaces.egg-info/PKG-INFO\n'}
[0.187324] (rm_interfaces) StdoutLine: {'line': b'writing dependency_links to rm_interfaces.egg-info/dependency_links.txt\n'}
[0.187801] (rm_interfaces) StdoutLine: {'line': b'writing top-level names to rm_interfaces.egg-info/top_level.txt\n'}
[0.189295] (rm_interfaces) StdoutLine: {'line': b"reading manifest file 'rm_interfaces.egg-info/SOURCES.txt'\n"}
[0.190021] (rm_interfaces) StdoutLine: {'line': b"writing manifest file 'rm_interfaces.egg-info/SOURCES.txt'\n"}
[0.199090] (-) TimerEvent: {}
[0.206751] (rm_interfaces) StdoutLine: {'line': b'[100%] Built target ament_cmake_python_build_rm_interfaces_egg\n'}
[0.214283] (rm_interfaces) CommandEnded: {'returncode': 0}
[0.215198] (rm_interfaces) JobProgress: {'identifier': 'rm_interfaces', 'progress': 'install'}
[0.216536] (rm_interfaces) Command: {'cmd': ['/usr/local/bin/cmake', '--install', '/home/liker/Desktop/camera1/c_ws/src/build/rm_interfaces'], 'cwd': '/home/liker/Desktop/camera1/c_ws/src/build/rm_interfaces', 'env': OrderedDict([('LANGUAGE', 'en_US:'), ('USER', 'liker'), ('LC_TIME', 'zh_CN.UTF-8'), ('SHLVL', '1'), ('LD_LIBRARY_PATH', '/opt/ros/humble/opt/rviz_ogre_vendor/lib:/opt/ros/humble/lib/x86_64-linux-gnu:/opt/ros/humble/lib'), ('HOME', '/home/liker'), ('OLDPWD', '/home/liker/Desktop/camera1/c_ws'), ('ROS_PYTHON_VERSION', '3'), ('LC_MONETARY', 'zh_CN.UTF-8'), ('SYSTEMD_EXEC_PID', '22431'), ('ROS_DISTRO', 'humble'), ('LOGNAME', 'liker'), ('_', '/usr/bin/colcon'), ('ROS_VERSION', '2'), ('ROS_LOCALHOST_ONLY', '0'), ('PATH', '/opt/ros/humble/bin:/usr/local/sbin:/usr/local/bin:/usr/sbin:/usr/bin:/sbin:/bin:/snap/bin'), ('INVOCATION_ID', '8b3e19ea0eab46dc867c465983ec268a'), ('LC_ADDRESS', 'zh_CN.UTF-8'), ('LANG', 'en_US.UTF-8'), ('LC_TELEPHONE', 'zh_CN.UTF-8'), ('AMENT_PREFIX_PATH', '/opt/ros/humble'), ('SHELL', '/bin/bash'), ('LC_NAME', 'zh_CN.UTF-8'), ('LC_MEASUREMENT', 'zh_CN.UTF-8'), ('LC_IDENTIFICATION', 'zh_CN.UTF-8'), ('PWD', '/home/liker/Desktop/camera1/c_ws/src/build/rm_interfaces'), ('PYTHONPATH', '/opt/ros/humble/lib/python3.10/site-packages:/opt/ros/humble/local/lib/python3.10/dist-packages'), ('LC_NUMERIC', 'zh_CN.UTF-8'), ('LC_PAPER', 'zh_CN.UTF-8'), ('COLCON', '1'), ('CMAKE_PREFIX_PATH', '/opt/ros/humble')]), 'shell': False}
[0.220479] (rm_interfaces) StdoutLine: {'line': b'-- Install configuration: ""\n'}
[0.220601] (rm_interfaces) StdoutLine: {'line': b'-- Up-to-date: /home/liker/Desktop/camera1/c_ws/src/install/rm_interfaces/share/ament_index/resource_index/rosidl_interfaces/rm_interfaces\n'}
[0.220806] (rm_interfaces) StdoutLine: {'line': b'-- Up-to-date: /home/liker/Desktop/camera1/c_ws/src/install/rm_interfaces/include/rm_interfaces/rm_interfaces\n'}
[0.220917] (rm_interfaces) StdoutLine: {'line': b'-- Up-to-date: /home/liker/Desktop/camera1/c_ws/src/install/rm_interfaces/include/rm_interfaces/rm_interfaces/msg\n'}
[0.221084] (rm_interfaces) StdoutLine: {'line': b'-- Up-to-date: /home/liker/Desktop/camera1/c_ws/src/install/rm_interfaces/include/rm_interfaces/rm_interfaces/msg/detail\n'}
[0.221127] (rm_interfaces) StdoutLine: {'line': b'-- Up-to-date: /home/liker/Desktop/camera1/c_ws/src/install/rm_interfaces/include/rm_interfaces/rm_interfaces/msg/detail/target_info__struct.h\n'}
[0.221168] (rm_interfaces) StdoutLine: {'line': b'-- Up-to-date: /home/liker/Desktop/camera1/c_ws/src/install/rm_interfaces/include/rm_interfaces/rm_interfaces/msg/detail/target_info__type_support.h\n'}
[0.222014] (rm_interfaces) StdoutLine: {'line': b'-- Up-to-date: /home/liker/Desktop/camera1/c_ws/src/install/rm_interfaces/include/rm_interfaces/rm_interfaces/msg/detail/target_info__functions.h\n'}
[0.222062] (rm_interfaces) StdoutLine: {'line': b'-- Up-to-date: /home/liker/Desktop/camera1/c_ws/src/install/rm_interfaces/include/rm_interfaces/rm_interfaces/msg/detail/target_info__functions.c\n'}
[0.222138] (rm_interfaces) StdoutLine: {'line': b'-- Up-to-date: /home/liker/Desktop/camera1/c_ws/src/install/rm_interfaces/include/rm_interfaces/rm_interfaces/msg/target_info.h\n'}
[0.222187] (rm_interfaces) StdoutLine: {'line': b'-- Up-to-date: /home/liker/Desktop/camera1/c_ws/src/install/rm_interfaces/include/rm_interfaces/rm_interfaces/msg/rosidl_generator_c__visibility_control.h\n'}
[0.222267] (rm_interfaces) StdoutLine: {'line': b'-- Up-to-date: /home/liker/Desktop/camera1/c_ws/src/install/rm_interfaces/share/rm_interfaces/environment/library_path.sh\n'}
[0.222333] (rm_interfaces) StdoutLine: {'line': b'-- Up-to-date: /home/liker/Desktop/camera1/c_ws/src/install/rm_interfaces/share/rm_interfaces/environment/library_path.dsv\n'}
[0.223063] (rm_interfaces) StdoutLine: {'line': b'-- Up-to-date: /home/liker/Desktop/camera1/c_ws/src/install/rm_interfaces/lib/librm_interfaces__rosidl_generator_c.so\n'}
[0.223141] (rm_interfaces) StdoutLine: {'line': b'-- Up-to-date: /home/liker/Desktop/camera1/c_ws/src/install/rm_interfaces/include/rm_interfaces/rm_interfaces\n'}
[0.223597] (rm_interfaces) StdoutLine: {'line': b'-- Up-to-date: /home/liker/Desktop/camera1/c_ws/src/install/rm_interfaces/include/rm_interfaces/rm_interfaces/msg\n'}
[0.223700] (rm_interfaces) StdoutLine: {'line': b'-- Up-to-date: /home/liker/Desktop/camera1/c_ws/src/install/rm_interfaces/include/rm_interfaces/rm_interfaces/msg/detail\n'}
[0.223738] (rm_interfaces) StdoutLine: {'line': b'-- Up-to-date: /home/liker/Desktop/camera1/c_ws/src/install/rm_interfaces/include/rm_interfaces/rm_interfaces/msg/detail/target_info__rosidl_typesupport_fastrtps_c.h\n'}
[0.223770] (rm_interfaces) StdoutLine: {'line': b'-- Up-to-date: /home/liker/Desktop/camera1/c_ws/src/install/rm_interfaces/include/rm_interfaces/rm_interfaces/msg/rosidl_typesupport_fastrtps_c__visibility_control.h\n'}
[0.224120] (rm_interfaces) StdoutLine: {'line': b'-- Up-to-date: /home/liker/Desktop/camera1/c_ws/src/install/rm_interfaces/lib/librm_interfaces__rosidl_typesupport_fastrtps_c.so\n'}
[0.224203] (rm_interfaces) StdoutLine: {'line': b'-- Up-to-date: /home/liker/Desktop/camera1/c_ws/src/install/rm_interfaces/include/rm_interfaces/rm_interfaces\n'}
[0.224410] (rm_interfaces) StdoutLine: {'line': b'-- Up-to-date: /home/liker/Desktop/camera1/c_ws/src/install/rm_interfaces/include/rm_interfaces/rm_interfaces/msg\n'}
[0.224449] (rm_interfaces) StdoutLine: {'line': b'-- Up-to-date: /home/liker/Desktop/camera1/c_ws/src/install/rm_interfaces/include/rm_interfaces/rm_interfaces/msg/detail\n'}
[0.224494] (rm_interfaces) StdoutLine: {'line': b'-- Up-to-date: /home/liker/Desktop/camera1/c_ws/src/install/rm_interfaces/include/rm_interfaces/rm_interfaces/msg/detail/target_info__rosidl_typesupport_introspection_c.h\n'}
[0.224524] (rm_interfaces) StdoutLine: {'line': b'-- Up-to-date: /home/liker/Desktop/camera1/c_ws/src/install/rm_interfaces/include/rm_interfaces/rm_interfaces/msg/detail/target_info__type_support.c\n'}
[0.224551] (rm_interfaces) StdoutLine: {'line': b'-- Up-to-date: /home/liker/Desktop/camera1/c_ws/src/install/rm_interfaces/include/rm_interfaces/rm_interfaces/msg/rosidl_typesupport_introspection_c__visibility_control.h\n'}
[0.224614] (rm_interfaces) StdoutLine: {'line': b'-- Up-to-date: /home/liker/Desktop/camera1/c_ws/src/install/rm_interfaces/lib/librm_interfaces__rosidl_typesupport_introspection_c.so\n'}
[0.224656] (rm_interfaces) StdoutLine: {'line': b'-- Up-to-date: /home/liker/Desktop/camera1/c_ws/src/install/rm_interfaces/lib/librm_interfaces__rosidl_typesupport_c.so\n'}
[0.224721] (rm_interfaces) StdoutLine: {'line': b'-- Up-to-date: /home/liker/Desktop/camera1/c_ws/src/install/rm_interfaces/include/rm_interfaces/rm_interfaces\n'}
[0.225047] (rm_interfaces) StdoutLine: {'line': b'-- Up-to-date: /home/liker/Desktop/camera1/c_ws/src/install/rm_interfaces/include/rm_interfaces/rm_interfaces/msg\n'}
[0.225178] (rm_interfaces) StdoutLine: {'line': b'-- Up-to-date: /home/liker/Desktop/camera1/c_ws/src/install/rm_interfaces/include/rm_interfaces/rm_interfaces/msg/detail\n'}
[0.225252] (rm_interfaces) StdoutLine: {'line': b'-- Up-to-date: /home/liker/Desktop/camera1/c_ws/src/install/rm_interfaces/include/rm_interfaces/rm_interfaces/msg/detail/target_info__struct.hpp\n'}
[0.225290] (rm_interfaces) StdoutLine: {'line': b'-- Up-to-date: /home/liker/Desktop/camera1/c_ws/src/install/rm_interfaces/include/rm_interfaces/rm_interfaces/msg/detail/target_info__traits.hpp\n'}
[0.225441] (rm_interfaces) StdoutLine: {'line': b'-- Up-to-date: /home/liker/Desktop/camera1/c_ws/src/install/rm_interfaces/include/rm_interfaces/rm_interfaces/msg/detail/target_info__builder.hpp\n'}
[0.225493] (rm_interfaces) StdoutLine: {'line': b'-- Up-to-date: /home/liker/Desktop/camera1/c_ws/src/install/rm_interfaces/include/rm_interfaces/rm_interfaces/msg/detail/target_info__type_support.hpp\n'}
[0.225525] (rm_interfaces) StdoutLine: {'line': b'-- Up-to-date: /home/liker/Desktop/camera1/c_ws/src/install/rm_interfaces/include/rm_interfaces/rm_interfaces/msg/target_info.hpp\n'}
[0.225553] (rm_interfaces) StdoutLine: {'line': b'-- Up-to-date: /home/liker/Desktop/camera1/c_ws/src/install/rm_interfaces/include/rm_interfaces/rm_interfaces/msg/rosidl_generator_cpp__visibility_control.hpp\n'}
[0.225580] (rm_interfaces) StdoutLine: {'line': b'-- Up-to-date: /home/liker/Desktop/camera1/c_ws/src/install/rm_interfaces/include/rm_interfaces/rm_interfaces\n'}
[0.225642] (rm_interfaces) StdoutLine: {'line': b'-- Up-to-date: /home/liker/Desktop/camera1/c_ws/src/install/rm_interfaces/include/rm_interfaces/rm_interfaces/msg\n'}
[0.225679] (rm_interfaces) StdoutLine: {'line': b'-- Up-to-date: /home/liker/Desktop/camera1/c_ws/src/install/rm_interfaces/include/rm_interfaces/rm_interfaces/msg/detail\n'}
[0.225711] (rm_interfaces) StdoutLine: {'line': b'-- Up-to-date: /home/liker/Desktop/camera1/c_ws/src/install/rm_interfaces/include/rm_interfaces/rm_interfaces/msg/detail/dds_fastrtps\n'}
[0.225750] (rm_interfaces) StdoutLine: {'line': b'-- Up-to-date: /home/liker/Desktop/camera1/c_ws/src/install/rm_interfaces/include/rm_interfaces/rm_interfaces/msg/detail/target_info__rosidl_typesupport_fastrtps_cpp.hpp\n'}
[0.225845] (rm_interfaces) StdoutLine: {'line': b'-- Up-to-date: /home/liker/Desktop/camera1/c_ws/src/install/rm_interfaces/include/rm_interfaces/rm_interfaces/msg/rosidl_typesupport_fastrtps_cpp__visibility_control.h\n'}
[0.225928] (rm_interfaces) StdoutLine: {'line': b'-- Up-to-date: /home/liker/Desktop/camera1/c_ws/src/install/rm_interfaces/lib/librm_interfaces__rosidl_typesupport_fastrtps_cpp.so\n'}
[0.226167] (rm_interfaces) StdoutLine: {'line': b'-- Up-to-date: /home/liker/Desktop/camera1/c_ws/src/install/rm_interfaces/include/rm_interfaces/rm_interfaces\n'}
[0.226270] (rm_interfaces) StdoutLine: {'line': b'-- Up-to-date: /home/liker/Desktop/camera1/c_ws/src/install/rm_interfaces/include/rm_interfaces/rm_interfaces/msg\n'}
[0.226309] (rm_interfaces) StdoutLine: {'line': b'-- Up-to-date: /home/liker/Desktop/camera1/c_ws/src/install/rm_interfaces/include/rm_interfaces/rm_interfaces/msg/detail\n'}
[0.226429] (rm_interfaces) StdoutLine: {'line': b'-- Up-to-date: /home/liker/Desktop/camera1/c_ws/src/install/rm_interfaces/include/rm_interfaces/rm_interfaces/msg/detail/target_info__type_support.cpp\n'}
[0.226479] (rm_interfaces) StdoutLine: {'line': b'-- Up-to-date: /home/liker/Desktop/camera1/c_ws/src/install/rm_interfaces/include/rm_interfaces/rm_interfaces/msg/detail/target_info__rosidl_typesupport_introspection_cpp.hpp\n'}
[0.226518] (rm_interfaces) StdoutLine: {'line': b'-- Up-to-date: /home/liker/Desktop/camera1/c_ws/src/install/rm_interfaces/lib/librm_interfaces__rosidl_typesupport_introspection_cpp.so\n'}
[0.226548] (rm_interfaces) StdoutLine: {'line': b'-- Up-to-date: /home/liker/Desktop/camera1/c_ws/src/install/rm_interfaces/lib/librm_interfaces__rosidl_typesupport_cpp.so\n'}
[0.226618] (rm_interfaces) StdoutLine: {'line': b'-- Up-to-date: /home/liker/Desktop/camera1/c_ws/src/install/rm_interfaces/share/rm_interfaces/environment/pythonpath.sh\n'}
[0.226653] (rm_interfaces) StdoutLine: {'line': b'-- Up-to-date: /home/liker/Desktop/camera1/c_ws/src/install/rm_interfaces/share/rm_interfaces/environment/pythonpath.dsv\n'}
[0.226777] (rm_interfaces) StdoutLine: {'line': b'-- Up-to-date: /home/liker/Desktop/camera1/c_ws/src/install/rm_interfaces/local/lib/python3.10/dist-packages/rm_interfaces-0.0.0-py3.10.egg-info\n'}
[0.226855] (rm_interfaces) StdoutLine: {'line': b'-- Installing: /home/liker/Desktop/camera1/c_ws/src/install/rm_interfaces/local/lib/python3.10/dist-packages/rm_interfaces-0.0.0-py3.10.egg-info/PKG-INFO\n'}
[0.226922] (rm_interfaces) StdoutLine: {'line': b'-- Installing: /home/liker/Desktop/camera1/c_ws/src/install/rm_interfaces/local/lib/python3.10/dist-packages/rm_interfaces-0.0.0-py3.10.egg-info/SOURCES.txt\n'}
[0.226956] (rm_interfaces) StdoutLine: {'line': b'-- Installing: /home/liker/Desktop/camera1/c_ws/src/install/rm_interfaces/local/lib/python3.10/dist-packages/rm_interfaces-0.0.0-py3.10.egg-info/dependency_links.txt\n'}
[0.226984] (rm_interfaces) StdoutLine: {'line': b'-- Installing: /home/liker/Desktop/camera1/c_ws/src/install/rm_interfaces/local/lib/python3.10/dist-packages/rm_interfaces-0.0.0-py3.10.egg-info/top_level.txt\n'}
[0.227011] (rm_interfaces) StdoutLine: {'line': b'-- Up-to-date: /home/liker/Desktop/camera1/c_ws/src/install/rm_interfaces/local/lib/python3.10/dist-packages/rm_interfaces\n'}
[0.227076] (rm_interfaces) StdoutLine: {'line': b'-- Up-to-date: /home/liker/Desktop/camera1/c_ws/src/install/rm_interfaces/local/lib/python3.10/dist-packages/rm_interfaces/rm_interfaces_s__rosidl_typesupport_fastrtps_c.cpython-310-x86_64-linux-gnu.so\n'}
[0.227173] (rm_interfaces) StdoutLine: {'line': b'-- Up-to-date: /home/liker/Desktop/camera1/c_ws/src/install/rm_interfaces/local/lib/python3.10/dist-packages/rm_interfaces/rm_interfaces_s__rosidl_typesupport_introspection_c.cpython-310-x86_64-linux-gnu.so\n'}
[0.227244] (rm_interfaces) StdoutLine: {'line': b'-- Up-to-date: /home/liker/Desktop/camera1/c_ws/src/install/rm_interfaces/local/lib/python3.10/dist-packages/rm_interfaces/_rm_interfaces_s.ep.rosidl_typesupport_fastrtps_c.c\n'}
[0.227283] (rm_interfaces) StdoutLine: {'line': b'-- Up-to-date: /home/liker/Desktop/camera1/c_ws/src/install/rm_interfaces/local/lib/python3.10/dist-packages/rm_interfaces/rm_interfaces_s__rosidl_typesupport_c.cpython-310-x86_64-linux-gnu.so\n'}
[0.227343] (rm_interfaces) StdoutLine: {'line': b'-- Up-to-date: /home/liker/Desktop/camera1/c_ws/src/install/rm_interfaces/local/lib/python3.10/dist-packages/rm_interfaces/msg\n'}
[0.227801] (rm_interfaces) StdoutLine: {'line': b'-- Up-to-date: /home/liker/Desktop/camera1/c_ws/src/install/rm_interfaces/local/lib/python3.10/dist-packages/rm_interfaces/msg/_target_info.py\n'}
[0.228070] (rm_interfaces) StdoutLine: {'line': b'-- Up-to-date: /home/liker/Desktop/camera1/c_ws/src/install/rm_interfaces/local/lib/python3.10/dist-packages/rm_interfaces/msg/_target_info_s.c\n'}
[0.228170] (rm_interfaces) StdoutLine: {'line': b'-- Up-to-date: /home/liker/Desktop/camera1/c_ws/src/install/rm_interfaces/local/lib/python3.10/dist-packages/rm_interfaces/msg/__init__.py\n'}
[0.228269] (rm_interfaces) StdoutLine: {'line': b'-- Up-to-date: /home/liker/Desktop/camera1/c_ws/src/install/rm_interfaces/local/lib/python3.10/dist-packages/rm_interfaces/librm_interfaces__rosidl_generator_py.so\n'}
[0.228311] (rm_interfaces) StdoutLine: {'line': b'-- Up-to-date: /home/liker/Desktop/camera1/c_ws/src/install/rm_interfaces/local/lib/python3.10/dist-packages/rm_interfaces/__init__.py\n'}
[0.228440] (rm_interfaces) StdoutLine: {'line': b'-- Up-to-date: /home/liker/Desktop/camera1/c_ws/src/install/rm_interfaces/local/lib/python3.10/dist-packages/rm_interfaces/_rm_interfaces_s.ep.rosidl_typesupport_c.c\n'}
[0.228594] (rm_interfaces) StdoutLine: {'line': b'-- Up-to-date: /home/liker/Desktop/camera1/c_ws/src/install/rm_interfaces/local/lib/python3.10/dist-packages/rm_interfaces/_rm_interfaces_s.ep.rosidl_typesupport_introspection_c.c\n'}
[0.247064] (rm_interfaces) StdoutLine: {'line': b"Listing '/home/liker/Desktop/camera1/c_ws/src/install/rm_interfaces/local/lib/python3.10/dist-packages/rm_interfaces'...\n"}
[0.247265] (rm_interfaces) StdoutLine: {'line': b"Listing '/home/liker/Desktop/camera1/c_ws/src/install/rm_interfaces/local/lib/python3.10/dist-packages/rm_interfaces/msg'...\n"}
[0.249458] (rm_interfaces) StdoutLine: {'line': b'-- Up-to-date: /home/liker/Desktop/camera1/c_ws/src/install/rm_interfaces/local/lib/python3.10/dist-packages/rm_interfaces/rm_interfaces_s__rosidl_typesupport_fastrtps_c.cpython-310-x86_64-linux-gnu.so\n'}
[0.250105] (rm_interfaces) StdoutLine: {'line': b'-- Up-to-date: /home/liker/Desktop/camera1/c_ws/src/install/rm_interfaces/local/lib/python3.10/dist-packages/rm_interfaces/rm_interfaces_s__rosidl_typesupport_introspection_c.cpython-310-x86_64-linux-gnu.so\n'}
[0.250212] (rm_interfaces) StdoutLine: {'line': b'-- Up-to-date: /home/liker/Desktop/camera1/c_ws/src/install/rm_interfaces/local/lib/python3.10/dist-packages/rm_interfaces/rm_interfaces_s__rosidl_typesupport_c.cpython-310-x86_64-linux-gnu.so\n'}
[0.250306] (rm_interfaces) StdoutLine: {'line': b'-- Up-to-date: /home/liker/Desktop/camera1/c_ws/src/install/rm_interfaces/lib/librm_interfaces__rosidl_generator_py.so\n'}
[0.251126] (rm_interfaces) StdoutLine: {'line': b'-- Up-to-date: /home/liker/Desktop/camera1/c_ws/src/install/rm_interfaces/share/rm_interfaces/msg/TargetInfo.idl\n'}
[0.251298] (rm_interfaces) StdoutLine: {'line': b'-- Up-to-date: /home/liker/Desktop/camera1/c_ws/src/install/rm_interfaces/share/rm_interfaces/msg/TargetInfo.msg\n'}
[0.251362] (rm_interfaces) StdoutLine: {'line': b'-- Up-to-date: /home/liker/Desktop/camera1/c_ws/src/install/rm_interfaces/share/ament_index/resource_index/package_run_dependencies/rm_interfaces\n'}
[0.251397] (rm_interfaces) StdoutLine: {'line': b'-- Up-to-date: /home/liker/Desktop/camera1/c_ws/src/install/rm_interfaces/share/ament_index/resource_index/parent_prefix_path/rm_interfaces\n'}
[0.251454] (rm_interfaces) StdoutLine: {'line': b'-- Up-to-date: /home/liker/Desktop/camera1/c_ws/src/install/rm_interfaces/share/rm_interfaces/environment/ament_prefix_path.sh\n'}
[0.251527] (rm_interfaces) StdoutLine: {'line': b'-- Up-to-date: /home/liker/Desktop/camera1/c_ws/src/install/rm_interfaces/share/rm_interfaces/environment/ament_prefix_path.dsv\n'}
[0.251604] (rm_interfaces) StdoutLine: {'line': b'-- Up-to-date: /home/liker/Desktop/camera1/c_ws/src/install/rm_interfaces/share/rm_interfaces/environment/path.sh\n'}
[0.251802] (rm_interfaces) StdoutLine: {'line': b'-- Up-to-date: /home/liker/Desktop/camera1/c_ws/src/install/rm_interfaces/share/rm_interfaces/environment/path.dsv\n'}
[0.251917] (rm_interfaces) StdoutLine: {'line': b'-- Up-to-date: /home/liker/Desktop/camera1/c_ws/src/install/rm_interfaces/share/rm_interfaces/local_setup.bash\n'}
[0.251989] (rm_interfaces) StdoutLine: {'line': b'-- Up-to-date: /home/liker/Desktop/camera1/c_ws/src/install/rm_interfaces/share/rm_interfaces/local_setup.sh\n'}
[0.252103] (rm_interfaces) StdoutLine: {'line': b'-- Up-to-date: /home/liker/Desktop/camera1/c_ws/src/install/rm_interfaces/share/rm_interfaces/local_setup.zsh\n'}
[0.252709] (rm_interfaces) StdoutLine: {'line': b'-- Up-to-date: /home/liker/Desktop/camera1/c_ws/src/install/rm_interfaces/share/rm_interfaces/local_setup.dsv\n'}
[0.253190] (rm_interfaces) StdoutLine: {'line': b'-- Installing: /home/liker/Desktop/camera1/c_ws/src/install/rm_interfaces/share/rm_interfaces/package.dsv\n'}
[0.253246] (rm_interfaces) StdoutLine: {'line': b'-- Up-to-date: /home/liker/Desktop/camera1/c_ws/src/install/rm_interfaces/share/ament_index/resource_index/packages/rm_interfaces\n'}
[0.253289] (rm_interfaces) StdoutLine: {'line': b'-- Up-to-date: /home/liker/Desktop/camera1/c_ws/src/install/rm_interfaces/share/rm_interfaces/cmake/export_rm_interfaces__rosidl_generator_cExport.cmake\n'}
[0.253321] (rm_interfaces) StdoutLine: {'line': b'-- Up-to-date: /home/liker/Desktop/camera1/c_ws/src/install/rm_interfaces/share/rm_interfaces/cmake/export_rm_interfaces__rosidl_generator_cExport-noconfig.cmake\n'}
[0.253348] (rm_interfaces) StdoutLine: {'line': b'-- Up-to-date: /home/liker/Desktop/camera1/c_ws/src/install/rm_interfaces/share/rm_interfaces/cmake/export_rm_interfaces__rosidl_typesupport_fastrtps_cExport.cmake\n'}
[0.253486] (rm_interfaces) StdoutLine: {'line': b'-- Up-to-date: /home/liker/Desktop/camera1/c_ws/src/install/rm_interfaces/share/rm_interfaces/cmake/export_rm_interfaces__rosidl_typesupport_fastrtps_cExport-noconfig.cmake\n'}
[0.253525] (rm_interfaces) StdoutLine: {'line': b'-- Up-to-date: /home/liker/Desktop/camera1/c_ws/src/install/rm_interfaces/share/rm_interfaces/cmake/rm_interfaces__rosidl_typesupport_introspection_cExport.cmake\n'}
[0.253557] (rm_interfaces) StdoutLine: {'line': b'-- Up-to-date: /home/liker/Desktop/camera1/c_ws/src/install/rm_interfaces/share/rm_interfaces/cmake/rm_interfaces__rosidl_typesupport_introspection_cExport-noconfig.cmake\n'}
[0.253593] (rm_interfaces) StdoutLine: {'line': b'-- Up-to-date: /home/liker/Desktop/camera1/c_ws/src/install/rm_interfaces/share/rm_interfaces/cmake/rm_interfaces__rosidl_typesupport_cExport.cmake\n'}
[0.253620] (rm_interfaces) StdoutLine: {'line': b'-- Up-to-date: /home/liker/Desktop/camera1/c_ws/src/install/rm_interfaces/share/rm_interfaces/cmake/rm_interfaces__rosidl_typesupport_cExport-noconfig.cmake\n'}
[0.253687] (rm_interfaces) StdoutLine: {'line': b'-- Up-to-date: /home/liker/Desktop/camera1/c_ws/src/install/rm_interfaces/share/rm_interfaces/cmake/export_rm_interfaces__rosidl_generator_cppExport.cmake\n'}
[0.253743] (rm_interfaces) StdoutLine: {'line': b'-- Up-to-date: /home/liker/Desktop/camera1/c_ws/src/install/rm_interfaces/share/rm_interfaces/cmake/export_rm_interfaces__rosidl_typesupport_fastrtps_cppExport.cmake\n'}
[0.253821] (rm_interfaces) StdoutLine: {'line': b'-- Up-to-date: /home/liker/Desktop/camera1/c_ws/src/install/rm_interfaces/share/rm_interfaces/cmake/export_rm_interfaces__rosidl_typesupport_fastrtps_cppExport-noconfig.cmake\n'}
[0.253916] (rm_interfaces) StdoutLine: {'line': b'-- Up-to-date: /home/liker/Desktop/camera1/c_ws/src/install/rm_interfaces/share/rm_interfaces/cmake/rm_interfaces__rosidl_typesupport_introspection_cppExport.cmake\n'}
[0.254007] (rm_interfaces) StdoutLine: {'line': b'-- Up-to-date: /home/liker/Desktop/camera1/c_ws/src/install/rm_interfaces/share/rm_interfaces/cmake/rm_interfaces__rosidl_typesupport_introspection_cppExport-noconfig.cmake\n'}
[0.254087] (rm_interfaces) StdoutLine: {'line': b'-- Up-to-date: /home/liker/Desktop/camera1/c_ws/src/install/rm_interfaces/share/rm_interfaces/cmake/rm_interfaces__rosidl_typesupport_cppExport.cmake\n'}
[0.254158] (rm_interfaces) StdoutLine: {'line': b'-- Up-to-date: /home/liker/Desktop/camera1/c_ws/src/install/rm_interfaces/share/rm_interfaces/cmake/rm_interfaces__rosidl_typesupport_cppExport-noconfig.cmake\n'}
[0.254254] (rm_interfaces) StdoutLine: {'line': b'-- Up-to-date: /home/liker/Desktop/camera1/c_ws/src/install/rm_interfaces/share/rm_interfaces/cmake/export_rm_interfaces__rosidl_generator_pyExport.cmake\n'}
[0.254347] (rm_interfaces) StdoutLine: {'line': b'-- Up-to-date: /home/liker/Desktop/camera1/c_ws/src/install/rm_interfaces/share/rm_interfaces/cmake/export_rm_interfaces__rosidl_generator_pyExport-noconfig.cmake\n'}
[0.254843] (rm_interfaces) StdoutLine: {'line': b'-- Up-to-date: /home/liker/Desktop/camera1/c_ws/src/install/rm_interfaces/share/rm_interfaces/cmake/rosidl_cmake-extras.cmake\n'}
[0.255756] (rm_interfaces) StdoutLine: {'line': b'-- Up-to-date: /home/liker/Desktop/camera1/c_ws/src/install/rm_interfaces/share/rm_interfaces/cmake/ament_cmake_export_include_directories-extras.cmake\n'}
[0.255934] (rm_interfaces) StdoutLine: {'line': b'-- Up-to-date: /home/liker/Desktop/camera1/c_ws/src/install/rm_interfaces/share/rm_interfaces/cmake/ament_cmake_export_libraries-extras.cmake\n'}
[0.256119] (rm_interfaces) StdoutLine: {'line': b'-- Up-to-date: /home/liker/Desktop/camera1/c_ws/src/install/rm_interfaces/share/rm_interfaces/cmake/ament_cmake_export_targets-extras.cmake\n'}
[0.257134] (rm_interfaces) StdoutLine: {'line': b'-- Up-to-date: /home/liker/Desktop/camera1/c_ws/src/install/rm_interfaces/share/rm_interfaces/cmake/rosidl_cmake_export_typesupport_targets-extras.cmake\n'}
[0.257270] (rm_interfaces) StdoutLine: {'line': b'-- Up-to-date: /home/liker/Desktop/camera1/c_ws/src/install/rm_interfaces/share/rm_interfaces/cmake/ament_cmake_export_dependencies-extras.cmake\n'}
[0.257311] (rm_interfaces) StdoutLine: {'line': b'-- Up-to-date: /home/liker/Desktop/camera1/c_ws/src/install/rm_interfaces/share/rm_interfaces/cmake/rosidl_cmake_export_typesupport_libraries-extras.cmake\n'}
[0.257398] (rm_interfaces) StdoutLine: {'line': b'-- Up-to-date: /home/liker/Desktop/camera1/c_ws/src/install/rm_interfaces/share/rm_interfaces/cmake/rm_interfacesConfig.cmake\n'}
[0.257617] (rm_interfaces) StdoutLine: {'line': b'-- Up-to-date: /home/liker/Desktop/camera1/c_ws/src/install/rm_interfaces/share/rm_interfaces/cmake/rm_interfacesConfig-version.cmake\n'}
[0.257709] (rm_interfaces) StdoutLine: {'line': b'-- Up-to-date: /home/liker/Desktop/camera1/c_ws/src/install/rm_interfaces/share/rm_interfaces/package.xml\n'}
[0.257900] (rm_interfaces) CommandEnded: {'returncode': 0}
[0.275052] (rm_interfaces) JobEnded: {'identifier': 'rm_interfaces', 'rc': 0}
[0.276466] (tf2_node) JobStarted: {'identifier': 'tf2_node'}
[0.278927] (vision_detector) JobStarted: {'identifier': 'vision_detector'}
[0.283895] (tf2_node) JobProgress: {'identifier': 'tf2_node', 'progress': 'cmake'}
[0.285762] (tf2_node) JobProgress: {'identifier': 'tf2_node', 'progress': 'build'}
[0.285809] (tf2_node) Command: {'cmd': ['/usr/local/bin/cmake', '--build', '/home/liker/Desktop/camera1/c_ws/src/build/tf2_node', '--', '-j32', '-l32'], 'cwd': '/home/liker/Desktop/camera1/c_ws/src/build/tf2_node', 'env': OrderedDict([('LANGUAGE', 'en_US:'), ('USER', 'liker'), ('LC_TIME', 'zh_CN.UTF-8'), ('SHLVL', '1'), ('LD_LIBRARY_PATH', '/home/liker/Desktop/camera1/c_ws/src/install/rm_interfaces/lib:/opt/ros/humble/opt/rviz_ogre_vendor/lib:/opt/ros/humble/lib/x86_64-linux-gnu:/opt/ros/humble/lib'), ('HOME', '/home/liker'), ('OLDPWD', '/home/liker/Desktop/camera1/c_ws'), ('ROS_PYTHON_VERSION', '3'), ('LC_MONETARY', 'zh_CN.UTF-8'), ('SYSTEMD_EXEC_PID', '22431'), ('ROS_DISTRO', 'humble'), ('LOGNAME', 'liker'), ('_', '/usr/bin/colcon'), ('ROS_VERSION', '2'), ('ROS_LOCALHOST_ONLY', '0'), ('PATH', '/opt/ros/humble/bin:/usr/local/sbin:/usr/local/bin:/usr/sbin:/usr/bin:/sbin:/bin:/snap/bin'), ('INVOCATION_ID', '8b3e19ea0eab46dc867c465983ec268a'), ('LC_ADDRESS', 'zh_CN.UTF-8'), ('LANG', 'en_US.UTF-8'), ('LC_TELEPHONE', 'zh_CN.UTF-8'), ('AMENT_PREFIX_PATH', '/home/liker/Desktop/camera1/c_ws/src/install/rm_interfaces:/opt/ros/humble'), ('SHELL', '/bin/bash'), ('LC_NAME', 'zh_CN.UTF-8'), ('LC_MEASUREMENT', 'zh_CN.UTF-8'), ('LC_IDENTIFICATION', 'zh_CN.UTF-8'), ('PWD', '/home/liker/Desktop/camera1/c_ws/src/build/tf2_node'), ('PYTHONPATH', '/home/liker/Desktop/camera1/c_ws/src/install/rm_interfaces/local/lib/python3.10/dist-packages:/opt/ros/humble/lib/python3.10/site-packages:/opt/ros/humble/local/lib/python3.10/dist-packages'), ('LC_NUMERIC', 'zh_CN.UTF-8'), ('LC_PAPER', 'zh_CN.UTF-8'), ('COLCON', '1'), ('CMAKE_PREFIX_PATH', '/home/liker/Desktop/camera1/c_ws/src/install/rm_interfaces:/opt/ros/humble')]), 'shell': False}
[0.287717] (vision_detector) JobProgress: {'identifier': 'vision_detector', 'progress': 'cmake'}
[0.289251] (vision_detector) JobProgress: {'identifier': 'vision_detector', 'progress': 'build'}
[0.289316] (vision_detector) Command: {'cmd': ['/usr/local/bin/cmake', '--build', '/home/liker/Desktop/camera1/c_ws/src/build/vision_detector', '--', '-j32', '-l32'], 'cwd': '/home/liker/Desktop/camera1/c_ws/src/build/vision_detector', 'env': OrderedDict([('LANGUAGE', 'en_US:'), ('USER', 'liker'), ('LC_TIME', 'zh_CN.UTF-8'), ('SHLVL', '1'), ('LD_LIBRARY_PATH', '/home/liker/Desktop/camera1/c_ws/src/install/rm_interfaces/lib:/opt/ros/humble/opt/rviz_ogre_vendor/lib:/opt/ros/humble/lib/x86_64-linux-gnu:/opt/ros/humble/lib'), ('HOME', '/home/liker'), ('OLDPWD', '/home/liker/Desktop/camera1/c_ws'), ('ROS_PYTHON_VERSION', '3'), ('LC_MONETARY', 'zh_CN.UTF-8'), ('SYSTEMD_EXEC_PID', '22431'), ('ROS_DISTRO', 'humble'), ('LOGNAME', 'liker'), ('_', '/usr/bin/colcon'), ('ROS_VERSION', '2'), ('ROS_LOCALHOST_ONLY', '0'), ('PATH', '/opt/ros/humble/bin:/usr/local/sbin:/usr/local/bin:/usr/sbin:/usr/bin:/sbin:/bin:/snap/bin'), ('INVOCATION_ID', '8b3e19ea0eab46dc867c465983ec268a'), ('LC_ADDRESS', 'zh_CN.UTF-8'), ('LANG', 'en_US.UTF-8'), ('LC_TELEPHONE', 'zh_CN.UTF-8'), ('AMENT_PREFIX_PATH', '/home/liker/Desktop/camera1/c_ws/src/install/rm_interfaces:/opt/ros/humble'), ('SHELL', '/bin/bash'), ('LC_NAME', 'zh_CN.UTF-8'), ('LC_MEASUREMENT', 'zh_CN.UTF-8'), ('LC_IDENTIFICATION', 'zh_CN.UTF-8'), ('PWD', '/home/liker/Desktop/camera1/c_ws/src/build/vision_detector'), ('PYTHONPATH', '/home/liker/Desktop/camera1/c_ws/src/install/rm_interfaces/local/lib/python3.10/dist-packages:/opt/ros/humble/lib/python3.10/site-packages:/opt/ros/humble/local/lib/python3.10/dist-packages'), ('LC_NUMERIC', 'zh_CN.UTF-8'), ('LC_PAPER', 'zh_CN.UTF-8'), ('COLCON', '1'), ('CMAKE_PREFIX_PATH', '/home/liker/Desktop/camera1/c_ws/src/install/rm_interfaces:/opt/ros/humble')]), 'shell': False}
[0.299918] (-) TimerEvent: {}
[0.319177] (tf2_node) StdoutLine: {'line': b'[ 33%] Built target static_tf_publish\n'}
[0.319315] (tf2_node) StdoutLine: {'line': b'[ 66%] Built target qtdispaly\n'}
[0.319385] (tf2_node) StdoutLine: {'line': b'[100%] Built target TFListener\n'}
[0.321048] (vision_detector) StdoutLine: {'line': b'[100%] Built target vision_detector\n'}
[0.324486] (tf2_node) CommandEnded: {'returncode': 0}
[0.325156] (tf2_node) JobProgress: {'identifier': 'tf2_node', 'progress': 'install'}
[0.328292] (tf2_node) Command: {'cmd': ['/usr/local/bin/cmake', '--install', '/home/liker/Desktop/camera1/c_ws/src/build/tf2_node'], 'cwd': '/home/liker/Desktop/camera1/c_ws/src/build/tf2_node', 'env': OrderedDict([('LANGUAGE', 'en_US:'), ('USER', 'liker'), ('LC_TIME', 'zh_CN.UTF-8'), ('SHLVL', '1'), ('LD_LIBRARY_PATH', '/home/liker/Desktop/camera1/c_ws/src/install/rm_interfaces/lib:/opt/ros/humble/opt/rviz_ogre_vendor/lib:/opt/ros/humble/lib/x86_64-linux-gnu:/opt/ros/humble/lib'), ('HOME', '/home/liker'), ('OLDPWD', '/home/liker/Desktop/camera1/c_ws'), ('ROS_PYTHON_VERSION', '3'), ('LC_MONETARY', 'zh_CN.UTF-8'), ('SYSTEMD_EXEC_PID', '22431'), ('ROS_DISTRO', 'humble'), ('LOGNAME', 'liker'), ('_', '/usr/bin/colcon'), ('ROS_VERSION', '2'), ('ROS_LOCALHOST_ONLY', '0'), ('PATH', '/opt/ros/humble/bin:/usr/local/sbin:/usr/local/bin:/usr/sbin:/usr/bin:/sbin:/bin:/snap/bin'), ('INVOCATION_ID', '8b3e19ea0eab46dc867c465983ec268a'), ('LC_ADDRESS', 'zh_CN.UTF-8'), ('LANG', 'en_US.UTF-8'), ('LC_TELEPHONE', 'zh_CN.UTF-8'), ('AMENT_PREFIX_PATH', '/home/liker/Desktop/camera1/c_ws/src/install/rm_interfaces:/opt/ros/humble'), ('SHELL', '/bin/bash'), ('LC_NAME', 'zh_CN.UTF-8'), ('LC_MEASUREMENT', 'zh_CN.UTF-8'), ('LC_IDENTIFICATION', 'zh_CN.UTF-8'), ('PWD', '/home/liker/Desktop/camera1/c_ws/src/build/tf2_node'), ('PYTHONPATH', '/home/liker/Desktop/camera1/c_ws/src/install/rm_interfaces/local/lib/python3.10/dist-packages:/opt/ros/humble/lib/python3.10/site-packages:/opt/ros/humble/local/lib/python3.10/dist-packages'), ('LC_NUMERIC', 'zh_CN.UTF-8'), ('LC_PAPER', 'zh_CN.UTF-8'), ('COLCON', '1'), ('CMAKE_PREFIX_PATH', '/home/liker/Desktop/camera1/c_ws/src/install/rm_interfaces:/opt/ros/humble')]), 'shell': False}
[0.329018] (vision_detector) CommandEnded: {'returncode': 0}
[0.329928] (vision_detector) JobProgress: {'identifier': 'vision_detector', 'progress': 'install'}
[0.329943] (vision_detector) Command: {'cmd': ['/usr/local/bin/cmake', '--install', '/home/liker/Desktop/camera1/c_ws/src/build/vision_detector'], 'cwd': '/home/liker/Desktop/camera1/c_ws/src/build/vision_detector', 'env': OrderedDict([('LANGUAGE', 'en_US:'), ('USER', 'liker'), ('LC_TIME', 'zh_CN.UTF-8'), ('SHLVL', '1'), ('LD_LIBRARY_PATH', '/home/liker/Desktop/camera1/c_ws/src/install/rm_interfaces/lib:/opt/ros/humble/opt/rviz_ogre_vendor/lib:/opt/ros/humble/lib/x86_64-linux-gnu:/opt/ros/humble/lib'), ('HOME', '/home/liker'), ('OLDPWD', '/home/liker/Desktop/camera1/c_ws'), ('ROS_PYTHON_VERSION', '3'), ('LC_MONETARY', 'zh_CN.UTF-8'), ('SYSTEMD_EXEC_PID', '22431'), ('ROS_DISTRO', 'humble'), ('LOGNAME', 'liker'), ('_', '/usr/bin/colcon'), ('ROS_VERSION', '2'), ('ROS_LOCALHOST_ONLY', '0'), ('PATH', '/opt/ros/humble/bin:/usr/local/sbin:/usr/local/bin:/usr/sbin:/usr/bin:/sbin:/bin:/snap/bin'), ('INVOCATION_ID', '8b3e19ea0eab46dc867c465983ec268a'), ('LC_ADDRESS', 'zh_CN.UTF-8'), ('LANG', 'en_US.UTF-8'), ('LC_TELEPHONE', 'zh_CN.UTF-8'), ('AMENT_PREFIX_PATH', '/home/liker/Desktop/camera1/c_ws/src/install/rm_interfaces:/opt/ros/humble'), ('SHELL', '/bin/bash'), ('LC_NAME', 'zh_CN.UTF-8'), ('LC_MEASUREMENT', 'zh_CN.UTF-8'), ('LC_IDENTIFICATION', 'zh_CN.UTF-8'), ('PWD', '/home/liker/Desktop/camera1/c_ws/src/build/vision_detector'), ('PYTHONPATH', '/home/liker/Desktop/camera1/c_ws/src/install/rm_interfaces/local/lib/python3.10/dist-packages:/opt/ros/humble/lib/python3.10/site-packages:/opt/ros/humble/local/lib/python3.10/dist-packages'), ('LC_NUMERIC', 'zh_CN.UTF-8'), ('LC_PAPER', 'zh_CN.UTF-8'), ('COLCON', '1'), ('CMAKE_PREFIX_PATH', '/home/liker/Desktop/camera1/c_ws/src/install/rm_interfaces:/opt/ros/humble')]), 'shell': False}
[0.330529] (tf2_node) StdoutLine: {'line': b'-- Install configuration: ""\n'}
[0.330650] (tf2_node) StdoutLine: {'line': b'-- Up-to-date: /home/liker/Desktop/camera1/c_ws/src/install/tf2_node/lib/tf2_node/static_tf_publish\n'}
[0.330694] (tf2_node) StdoutLine: {'line': b'-- Up-to-date: /home/liker/Desktop/camera1/c_ws/src/install/tf2_node/lib/tf2_node/TFListener\n'}
[0.330727] (tf2_node) StdoutLine: {'line': b'-- Up-to-date: /home/liker/Desktop/camera1/c_ws/src/install/tf2_node/lib/tf2_node/qtdispaly\n'}
[0.330755] (tf2_node) StdoutLine: {'line': b'-- Up-to-date: /home/liker/Desktop/camera1/c_ws/src/install/tf2_node/share/ament_index/resource_index/package_run_dependencies/tf2_node\n'}
[0.330826] (tf2_node) StdoutLine: {'line': b'-- Up-to-date: /home/liker/Desktop/camera1/c_ws/src/install/tf2_node/share/ament_index/resource_index/parent_prefix_path/tf2_node\n'}
[0.330968] (tf2_node) StdoutLine: {'line': b'-- Up-to-date: /home/liker/Desktop/camera1/c_ws/src/install/tf2_node/share/tf2_node/environment/ament_prefix_path.sh\n'}
[0.331073] (tf2_node) StdoutLine: {'line': b'-- Up-to-date: /home/liker/Desktop/camera1/c_ws/src/install/tf2_node/share/tf2_node/environment/ament_prefix_path.dsv\n'}
[0.331113] (tf2_node) StdoutLine: {'line': b'-- Up-to-date: /home/liker/Desktop/camera1/c_ws/src/install/tf2_node/share/tf2_node/environment/path.sh\n'}
[0.331200] (tf2_node) StdoutLine: {'line': b'-- Up-to-date: /home/liker/Desktop/camera1/c_ws/src/install/tf2_node/share/tf2_node/environment/path.dsv\n'}
[0.331278] (tf2_node) StdoutLine: {'line': b'-- Up-to-date: /home/liker/Desktop/camera1/c_ws/src/install/tf2_node/share/tf2_node/local_setup.bash\n'}
[0.331357] (tf2_node) StdoutLine: {'line': b'-- Up-to-date: /home/liker/Desktop/camera1/c_ws/src/install/tf2_node/share/tf2_node/local_setup.sh\n'}
[0.331397] (tf2_node) StdoutLine: {'line': b'-- Up-to-date: /home/liker/Desktop/camera1/c_ws/src/install/tf2_node/share/tf2_node/local_setup.zsh\n'}
[0.331647] (tf2_node) StdoutLine: {'line': b'-- Up-to-date: /home/liker/Desktop/camera1/c_ws/src/install/tf2_node/share/tf2_node/local_setup.dsv\n'}
[0.332314] (tf2_node) StdoutLine: {'line': b'-- Installing: /home/liker/Desktop/camera1/c_ws/src/install/tf2_node/share/tf2_node/package.dsv\n'}
[0.332407] (tf2_node) StdoutLine: {'line': b'-- Up-to-date: /home/liker/Desktop/camera1/c_ws/src/install/tf2_node/share/ament_index/resource_index/packages/tf2_node\n'}
[0.332454] (tf2_node) StdoutLine: {'line': b'-- Up-to-date: /home/liker/Desktop/camera1/c_ws/src/install/tf2_node/share/tf2_node/cmake/tf2_nodeConfig.cmake\n'}
[0.332485] (tf2_node) StdoutLine: {'line': b'-- Up-to-date: /home/liker/Desktop/camera1/c_ws/src/install/tf2_node/share/tf2_node/cmake/tf2_nodeConfig-version.cmake\n'}
[0.332514] (tf2_node) StdoutLine: {'line': b'-- Up-to-date: /home/liker/Desktop/camera1/c_ws/src/install/tf2_node/share/tf2_node/package.xml\n'}
[0.332761] (vision_detector) StdoutLine: {'line': b'-- Install configuration: ""\n'}
[0.332953] (vision_detector) StdoutLine: {'line': b'-- Up-to-date: /home/liker/Desktop/camera1/c_ws/src/install/vision_detector/lib/vision_detector/vision_detector\n'}
[0.333845] (vision_detector) StdoutLine: {'line': b'-- Up-to-date: /home/liker/Desktop/camera1/c_ws/src/install/vision_detector/share/ament_index/resource_index/package_run_dependencies/vision_detector\n'}
[0.334130] (vision_detector) StdoutLine: {'line': b'-- Up-to-date: /home/liker/Desktop/camera1/c_ws/src/install/vision_detector/share/ament_index/resource_index/parent_prefix_path/vision_detector\n'}
[0.334280] (vision_detector) StdoutLine: {'line': b'-- Up-to-date: /home/liker/Desktop/camera1/c_ws/src/install/vision_detector/share/vision_detector/environment/ament_prefix_path.sh\n'}
[0.334832] (vision_detector) StdoutLine: {'line': b'-- Up-to-date: /home/liker/Desktop/camera1/c_ws/src/install/vision_detector/share/vision_detector/environment/ament_prefix_path.dsv\n'}
[0.335113] (vision_detector) StdoutLine: {'line': b'-- Up-to-date: /home/liker/Desktop/camera1/c_ws/src/install/vision_detector/share/vision_detector/environment/path.sh\n'}
[0.335274] (vision_detector) StdoutLine: {'line': b'-- Up-to-date: /home/liker/Desktop/camera1/c_ws/src/install/vision_detector/share/vision_detector/environment/path.dsv\n'}
[0.335476] (vision_detector) StdoutLine: {'line': b'-- Up-to-date: /home/liker/Desktop/camera1/c_ws/src/install/vision_detector/share/vision_detector/local_setup.bash\n'}
[0.335519] (vision_detector) StdoutLine: {'line': b'-- Up-to-date: /home/liker/Desktop/camera1/c_ws/src/install/vision_detector/share/vision_detector/local_setup.sh\n'}
[0.335551] (vision_detector) StdoutLine: {'line': b'-- Up-to-date: /home/liker/Desktop/camera1/c_ws/src/install/vision_detector/share/vision_detector/local_setup.zsh\n'}
[0.335579] (vision_detector) StdoutLine: {'line': b'-- Up-to-date: /home/liker/Desktop/camera1/c_ws/src/install/vision_detector/share/vision_detector/local_setup.dsv\n'}
[0.335606] (tf2_node) CommandEnded: {'returncode': 0}
[0.347498] (tf2_node) JobEnded: {'identifier': 'tf2_node', 'rc': 0}
[0.347909] (vision_detector) StdoutLine: {'line': b'-- Installing: /home/liker/Desktop/camera1/c_ws/src/install/vision_detector/share/vision_detector/package.dsv\n'}
[0.347969] (vision_detector) StdoutLine: {'line': b'-- Up-to-date: /home/liker/Desktop/camera1/c_ws/src/install/vision_detector/share/ament_index/resource_index/packages/vision_detector\n'}
[0.348004] (vision_detector) StdoutLine: {'line': b'-- Up-to-date: /home/liker/Desktop/camera1/c_ws/src/install/vision_detector/share/vision_detector/cmake/vision_detectorConfig.cmake\n'}
[0.348033] (vision_detector) StdoutLine: {'line': b'-- Up-to-date: /home/liker/Desktop/camera1/c_ws/src/install/vision_detector/share/vision_detector/cmake/vision_detectorConfig-version.cmake\n'}
[0.348062] (vision_detector) StdoutLine: {'line': b'-- Up-to-date: /home/liker/Desktop/camera1/c_ws/src/install/vision_detector/share/vision_detector/package.xml\n'}
[0.348089] (vision_detector) CommandEnded: {'returncode': 0}
[0.359468] (vision_detector) JobEnded: {'identifier': 'vision_detector', 'rc': 0}
[0.360603] (-) EventReactorShutdown: {}
